<?xml version="1.0"?>
<records>
<record>
  <num>A1</num>

  <subj>Speculum Romanae Magnificentiae (Title page)</subj>

  <inscrip>Omnia fere quaecunque in Urbe monumenta extant, partim
  iuxta antiquam, partim iuxta hodiernam formam acuratiss.
  delineata repraesentans</inscrip>

  <engrv>[Etienne Duperac]</engrv>

  <city>Rome</city>

  <pub>Antonio Lafreri</pub>

  <date>[1573-1577]</date>

  <size>44 x 29.7 cm</size>

  <ref>L-A v.1, p.315, n.41</ref>
</record>

<record>
  <num>A10</num>

  <subj>Map Of Ancient Rome</subj>

  <inscrip>Vorstellung des alten Rom nach seinen XIV Regionen und
  den dermaligen Gegenden der Stadt</inscrip>

  <size>39 x 44.5 cm</size>
</record>

<record>
  <num>A100</num>

  <subj>Battle Of Amazones</subj>

  <engrv>Nicolas Beatrizet</engrv>

  <city>[Rome]</city>

  <pub>[Antonio Lafreri]</pub>

  <date>1559</date>

  <huref>Hu 50a</huref>

  <ref>L-A v.1, p.90 and v.2, p.352, ad a. 1559</ref>

  <note>These two engravings represent one continuous scene.</note>

  <inscrip>Amazonum pugna adfabre afficta de sarcophago
  vetustissimo quod in Capitolio visitur...</inscrip>

  <size>30.5 x 40 cm</size>
</record>

<record>
  <num>A101</num>

  <subj>Battle Of Amazones</subj>

  <engrv>Nicolas Beatrizet</engrv>

  <city>[Rome]</city>

  <pub>[Antonio Lafreri]</pub>

  <date>1559</date>

  <huref>Hu 50a</huref>

  <ref>L-A v.1, p.90 and v.2, p.352, ad a. 1559</ref>

  <note>These two engravings represent one continuous scene.</note>

  <inscrip>[Amazonum pugna adfabre afficta..]</inscrip>

  <size>31 x 41.5 cm</size>
</record>

<record>
  <num>A102</num>

  <subj>Acanthus Frieze</subj>

  <inscrip>Sic Romae visuntur intercolumniorum folia...quod hodie
  in aedibus Andreae, quondam Card. a Valle, integro marmore
  conspicitur, desumpta....</inscrip>

  <engrv>[Aenea Vico?]</engrv>

  <city>Rome</city>

  <pub>Antonio Lafreri</pub>

  <date>1561</date>

  <size>29 x 43 cm</size>

  <huref>Hu 142a</huref>

  <ref>L-A v.2, p.352, ad a. 1561</ref>
</record>

<record>
  <num>A103</num>

  <subj>The Farnese Hercules</subj>

  <inscrip>Omnium elegantissium Herculis signum Gliconis
  Atheniensis peritissimi artificis manu fabre factum... et in
  domus Farnesianae ad Campum Florae interiori porticum
  locatum</inscrip>

  <engrv>Jacob Bos</engrv>

  <city>[Rome]</city>

  <pub>Antonio Lafreri</pub>

  <date>1562</date>

  <size>44 x 30 cm</size>

  <huref>Hu 55a</huref>

  <ref>A-B p.324, n.3191</ref>

  <ref>L-A v.2, p.352</ref>

  <ref>Hol v.3, p.150, n.15</ref>
</record>

<record>
  <num>A104</num>

  <subj>Mithras Cult Scene</subj>

  <inscrip>Hac vetusta marmorea tabula, quae Romae...extat, hisce
  signis ornata, veteres rerum naturalium periti optimi agricolae
  munus significare volerunt....</inscrip>

  <city>Rome</city>

  <pub>Antonio Lafreri</pub>

  <date>1564</date>

  <size>41 x 27.5 cm</size>

  <huref>Hu 66a</huref>

  <ref>L-A v.2, p.352, ad a. 1564</ref>
</record>

<record>
  <num>A105</num>

  <subj>The Little Angler</subj>

  <inscrip>Pueri piscantis e pario marmore absolutissimum
  simulachrum Romae in Valle Vaticana inventum</inscrip>

  <city>[Rome]</city>

  <pub>Antonio Lafreri</pub>

  <date>1567</date>

  <size>46 x 33 cm</size>

  <huref>Hu 68a</huref>

  <ref>L-A v.2, p.352, ad a. 1567</ref>
</record>

<record>
  <num>A106</num>

  <subj>Warrior And Child</subj>

  <engrv>Cornelis Cort</engrv>

  <city>[Rome]</city>

  <pub>Antonio Lafreri</pub>

  <date>1574</date>

  <size>44 x 30 cm</size>

  <ref>Hullla</ref>

  <ref>L-A v.2, p.352, ad a. 1574</ref>

  <ref>Hol v.5, p.54, n.150</ref>

  <ref>Qu 229</ref>
</record>

<record>
  <num>A107</num>

  <subj>Laocoon</subj>

  <inscrip>Laochoon. Romae in Palatio Pont. in loco qui vulgo
  dicitur Belvedere</inscrip>

  <engrv>[Nicolas Beatrizet]</engrv>

  <city>[Rome]</city>

  <pub>Antonio Lafreri</pub>

  <date>[1544-1565]</date>

  <size>45 x 30 cm</size>

  <huref>Hu 59e</huref>

  <ref>L-A v.1, p.88</ref>

  <ref>Praun, p.176, n.122 (engraved by Cornelis Bos and dated
  1548)</ref>
</record>

<record>
  <num>A108</num>

  <subj>The River God Tiber</subj>

  <inscrip>Ecce tibi candide lector Tiberis fluvi
  simulachrum...quod in Vaticano adhuc extat</inscrip>

  <engrv>[Nicolas Beatrizet]</engrv>

  <city>[Rome]</city>

  <pub>Antonio Lafreri</pub>

  <date>[1544-1577]</date>

  <size>33 x 53.5 cm</size>

  <huref>Hu 60a</huref>

  <ref>A-B p.324, n.3194</ref>

  <ref>L-A v.1, p.90</ref>
</record>

<record>
  <num>A109</num>

  <subj>The River God Nile</subj>

  <inscrip>Veterum monumentorum studiose lector ...Nili Aegyptii
  amnis totius orbis maximi...simulachrum...quod in Vaticano adhuc
  conspicitur exacte effigiata</inscrip>

  <engrv>[Nicolas Beatrizet]</engrv>

  <city>[Rome]</city>

  <pub>Antonio Lafreri</pub>

  <date>[1544-1577]</date>

  <size>32 x 54.5 cm</size>

  <huref>Hu 61a</huref>

  <ref>L-A v.1, p.90</ref>

  <ref>VA 656</ref>
</record>

<record>
  <num>A11</num>

  <subj>Sepulchre Of Lucius Septimius Severus</subj>

  <inscrip>Luci Septimii Severi Caesaris in via Appia...Sepulchrum
  Septizionii titulo ...quod superest memoriam veterum propagantes
  effinximus</inscrip>

  <city>Rome</city>

  <pub>Antonio Lafreri</pub>

  <date>1546</date>

  <size>49 x 33.5 cm</size>

  <huref>Hu 40a</huref>

  <ref>L-A v.2, p.351, ad a.1546</ref>

  <ref>Praun, p.173, n.41</ref>
</record>

<record>
  <num>A110</num>

  <subj>Ancient Ritual Sacrifice</subj>

  <inscrip>Solitauriliorum sacrificiorum ...ex antiqua marmorea
  tabella, Romae, parieti cuidam, in Marci, fica; illustris
  effigies</inscrip>

  <engrv>Attributed to [Nicolas Beatrizet]</engrv>

  <city>[Rome]</city>

  <pub>Antonio Lafreri</pub>

  <date>[1544-1577]</date>

  <size>24 x 38 cm</size>

  <huref>Hu 52f</huref>

  <note>This engraving should not be confused with the one also
  attributed to Nicolas Beatrizet and published in 1553 by Antonio
  Lafreri (Cf. Hu 52a; L-A v.2, p.352, ad a. 1554; Weigel,
  n.41).</note>
</record>

<record>
  <num>A111</num>

  <subj>Farnese Bull</subj>

  <inscrip>Ingentem Dircem quam spectas marmore ab uno sculpsit
  Taurisius quondam et Apollonius deinde aduecta Rhodo est...nunc
  Farnesi patris in aede sita est</inscrip>

  <engrv>Diana Ghisi</engrv>

  <city>Rome</city>

  <pub>Claudio Duchetti</pub>

  <date>1581</date>

  <size>39 x 27 cm</size>

  <huref>Hu 118i</huref>

  <ref>Ba v.15, p.448, n.37</ref>

  <ref>NaKL v.5, p.421</ref>
</record>

<record>
  <num>A112</num>

  <subj>Diomedes</subj>

  <engrv>Pierre Perret (monogram) after [Dominicus Vitus]</engrv>

  <city>Rome</city>

  <pub>Claudio Duchetti</pub>

  <date>1581</date>

  <size>34 x 25 cm</size>

  <huref>Hu 120a</huref>

  <ref>NaKL v.12, p.265, n.18</ref>
</record>

<record>
  <num>A113</num>

  <subj>Marforio</subj>

  <inscrip>Quest' e di Roma un nobil cittadino...Come vedete, et ha
  nome Marfuori</inscrip>

  <city>Rome</city>

  <pub>Claudio Duchetti</pub>

  <date>1581</date>

  <size>30 x 42.5 cm</size>

  <huref>Hu 70h</huref>

  <ref>A-B p.322, n.3179</ref>

  <note>The inscription is a 
  <uln>sonetto caudato</uln>

  . Pas v.6, p.121, n.117, attributes this engraving to Nicolas
  Beatrizet (cf. Hu 70c).</note>
</record>

<record>
  <num>A114</num>

  <subj>The Thornpuller</subj>

  <engrv>Diana Ghisi after [Cornelis Cort]</engrv>

  <city>Rome</city>

  <pub>Claudio Duchetti</pub>

  <date>1581</date>

  <size>44 x 28.5 cm</size>

  <huref>Hu 112c</huref>

  <ref>NaKL v.5, p.421</ref>

  <ref>Hol v.5, p.54, n.151</ref>
</record>

<record>
  <num>A115</num>

  <subj>Sarcophagus Of Constantia</subj>

  <inscrip>Antiqui ex porphirite sarcophagi in Bacchi ad secundum
  ab Urbe via Nomentana lapidem ...ita sepulchri Constantiae
  Constantini Magni filiae fama quamquam incerta vulgo noti
  deformatio</inscrip>

  <engrv>Ambrogio Brambilla</engrv>

  <city>Rome</city>

  <pub>Claudio Duchetti</pub>

  <date>1582</date>

  <size>28 x 40.5 cm</size>

  <huref>Hu 43e</huref>
</record>

<record>
  <num>A116</num>

  <subj>Triumph Of Marcus Aurelius</subj>

  <inscrip>M. Aur. Imp. Triumphi imago, ad haec usque tempora Romae
  in Capitolio pulcherrimo marmore inter tot urbis ruinas
  posteritati servata</inscrip>

  <engrv>Anon. after [Nicolas Beatrizet]</engrv>

  <city>Rome</city>

  <pub>Claudio Duchetti</pub>

  <date>1583</date>

  <size>41.5 x 28 cm</size>

  <huref>Hu 49e</huref>

  <ref>L-A v.1, p.88.</ref>

  <ref>Bartoli, 
  <uln>Admiranda</uln>

  , pl.8</ref>
</record>

<record>
  <num>A117</num>

  <subj>Statues Of The Dioscuri At The Quirinal</subj>

  <inscrip>Opus Praxitelis. Opus Fidiae</inscrip>

  <engrv>Anon. in the manner of Brambilla</engrv>

  <city>Rome</city>

  <pub>Claudio Duchetti</pub>

  <date>1584</date>

  <size>35.5 x 49 cm</size>

  <huref>Hu 53e</huref>
</record>

<record>
  <num>A118</num>

  <subj>Sea Battle Scene</subj>

  <engrv>Anon. after [Master B with the die]</engrv>

  <city>Rome</city>

  <pub>Claudio Duchetti</pub>

  <date>1585</date>

  <size>24.5 x 39 cm</size>

  <huref>Hu 80f</huref>
</record>

<record>
  <num>A119</num>

  <subj>Perseus</subj>

  <engrv>Giacomo Lauro</engrv>

  <city>Rome</city>

  <pub>Claudio Duchetti</pub>

  <date>1585</date>

  <size>46 x 31.5 cm</size>

  <huref>Hu 123a</huref>
</record>

<record>
  <num>A12</num>

  <subj>Arch Of Septimius Severus</subj>

  <city>Rome</city>

  <pub>Antonio Lafreri</pub>

  <date>1547</date>

  <size>44 x 35 cm</size>

  <huref>Hu 13a</huref>

  <ref>Praun, p.172, n.36</ref>

  <ref>Gruter, 
  <uln>Corpus</uln>

  , p.265, n.1</ref>

  <note>Right margin trimmed.</note>
</record>

<record>
  <num>A120</num>

  <subj>Calendarium Maffeinanum</subj>

  <city>Rome</city>

  <pub>Claudio Duchetti</pub>

  <date>[1581-1586]</date>

  <size>26.2 x 40.5 cm</size>

  <huref>Hu 45b</huref>
</record>

<record>
  <num>A121</num>

  <subj>Laocoon</subj>

  <inscrip>Laochoon. Romae in Palatio Pont. in loco qui vulgo
  dicitur Belvedere</inscrip>

  <engrv>Anon. after [Nicolas Beatrizet]</engrv>

  <city>Rome</city>

  <pub>Claudio Duchetti</pub>

  <date>[1581-1586]</date>

  <size>48 x 32 cm</size>

  <huref>Hu 59f</huref>
</record>

<record>
  <num>A122</num>

  <subj>Faun With The Child Bacchus On His Shoulders</subj>

  <engrv>Cornelis Cort</engrv>

  <city>Rome</city>

  <pub>Claudio Duchetti</pub>

  <date>[1581-1586]</date>

  <size>47.5 x 27 cm</size>

  <huref>Hu 124a</huref>

  <ref>NaKL v.3, p.246</ref>

  <ref>Hol v.5, p.54, n.149</ref>
</record>

<record>
  <num>A123</num>

  <subj>Trophies Of Marius</subj>

  <city>Rome</city>

  <pub>Claudio Duchetti</pub>

  <date>[1581-1586]</date>

  <ref>A-B p.360, n.3570</ref>

  <inscrip>Trophaea Marii de bello Cymbr. putat. ad aed. D.
  Euseb</inscrip>

  <size>39 x 25.5 cm</size>

  <huref>Hu 27c</huref>

  <note>The trophies with three 
  <uln>putti</uln>

  .</note>
</record>

<record>
  <num>A124</num>

  <subj>Trophies Of Marius</subj>

  <city>Rome</city>

  <pub>Claudio Duchetti</pub>

  <date>[1581-1586]</date>

  <ref>A-B p.360, n.3570</ref>

  <inscrip>Trophaea Marii de bello Cymbe. putat. ad aed. D.
  Euseb</inscrip>

  <size>39.5 x 28.5 cm</size>

  <huref>Hu 28c</huref>

  <note>The trophies with the captive 
  <uln>Province</uln>

  (or, according to Hu, the goddess Victoria).</note>
</record>

<record>
  <num>A125</num>

  <subj>Oceanus</subj>

  <inscrip>Amice quam tu hic effigiem spectatu raram demiraris
  Oceani est annis superioribus Romae reperta...nunc in aedibus Io.
  Baptistae et Io. Vincentii Fabiorum Romae...</inscrip>

  <engrv>Nicolas Beatrizet</engrv>

  <city>Rome</city>

  <pub>Claudio Duchetti</pub>

  <date>[1581-1586] (though dated 1560)</date>

  <size>31 x 41.5 cm</size>

  <huref>Hu 62b</huref>

  <ref>L-A v.1, p.90f</ref>

  <ref>VA 657</ref>

  <note>Re-impression of the 1560 plate published by Antonio
  Lafreri (cf. Hu 62a).</note>
</record>

<record>
  <num>A126</num>

  <subj>Two Views Of The Canopic Vase</subj>

  <engrv>[Etienne Duperac]</engrv>

  <city>Rome</city>

  <pub>Claudio Duchetti</pub>

  <date>[1581-1586]</date>

  <inscrip>[Front view]</inscrip>

  <size>43 x 31.5 cm</size>

  <huref>Hu 125b</huref>

  <ref>L-A v.1, p.316, n.47</ref>
</record>

<record>
  <num>A127</num>

  <subj>Two Views Of The Canopic Vase</subj>

  <engrv>[Etienne Duperac]</engrv>

  <city>Rome</city>

  <pub>Claudio Duchetti</pub>

  <date>[1581-1586]</date>

  <inscrip>[Back view]</inscrip>

  <size>44 x 31.5 cm</size>

  <huref>Hu 126b</huref>

  <ref>L-A v.1, p.317, n.48</ref>
</record>

<record>
  <num>A128</num>

  <subj>Frieze Of Sacrificial Instruments</subj>

  <inscrip>Lector iucundissime... instrumentorum, quae in hac
  tabella graphice excusa videntur... omnia hodie in Capitolio
  intra Conservatorum Palatium visuntur</inscrip>

  <engrv>[Nicolas Beatrizet]</engrv>

  <city>Rome</city>

  <pub>Claudio Duchetti</pub>

  <date>[1581-1586]</date>

  <size>30.5 x 40 cm</size>

  <huref>Hu 51c</huref>

  <ref>L-A v.1, p.89</ref>

  <ref>VA 655</ref>
</record>

<record>
  <num>A129</num>

  <subj>Vignettes Depicting Animals From Ancient Wall
  Paintings</subj>

  <inscrip>Ex veteri hypocausto reperto prope Vivarium anno 1547 in
  quo elegantissime omnium animalium pictae effigies videbantur.
  Hae tractae sunt et in tres tabellas digestae</inscrip>

  <engrv>[Aenea Vico]</engrv>

  <city>[Rome]</city>

  <pub>Claudio Duchetti</pub>

  <date>[1581-1586]</date>

  <ref>NaKL v.22, p.522, n.233a</ref>

  <inscrip>Ex veteri hypocausto...in quo elegantissime omnium
  animalium pictae effigies videbantur... (Tabula I)</inscrip>

  <size>30 x 42.5 cm</size>

  <huref>Hu 81b</huref>

  <ref>Praun, p.166, n.436</ref>
</record>

<record>
  <num>A13</num>

  <subj>Arch Of Titus Vespasian</subj>

  <city>Rome</city>

  <pub>Antonio Lafreri</pub>

  <date>1548</date>

  <size>49 x 35 cm</size>

  <huref>Hu 12a</huref>

  <ref>A-B p.52, n.488</ref>

  <ref>L-A v.2, p.351, ad a. 1548</ref>

  <ref>Praun, p.173, n.37.</ref>

  <ref>Gruter, 
  <uln>Corpus</uln>

  , p.244, n.3</ref>
</record>

<record>
  <num>A130</num>

  <subj>Vignettes Depicting Animals From Ancient Wall
  Paintings</subj>

  <inscrip>Ex veteri hypocausto reperto prope Vivarium anno 1547 in
  quo elegantissime omnium animalium pictae effigies videbantur.
  Hae tractae sunt et in tres tabellas digestae</inscrip>

  <engrv>[Aenea Vico]</engrv>

  <city>[Rome]</city>

  <pub>Claudio Duchetti</pub>

  <date>[1581-1586]</date>

  <ref>NaKL v.22, p.522, n.233a</ref>

  <inscrip>Animalium ex vetustissimis picturis Romae tractorum
  (Tabula II)</inscrip>

  <size>30 x 42.5 cm</size>

  <huref>Hu 82b</huref>

  <ref>Praun, p.166, n.437</ref>
</record>

<record>
  <num>A131</num>

  <subj>Vignettes Depicting Animals From Ancient Wall
  Paintings</subj>

  <inscrip>Ex veteri hypocausto reperto prope Vivarium anno 1547 in
  quo elegantissime omnium animalium pictae effigies videbantur.
  Hae tractae sunt et in tres tabellas digestae</inscrip>

  <engrv>[Aenea Vico]</engrv>

  <city>[Rome]</city>

  <pub>Claudio Duchetti</pub>

  <date>[1581-1586]</date>

  <ref>NaKL v.22, p.522, n.233a</ref>

  <inscrip>Animalium ex vetustissimis picturis Romae tractorum
  (Tabula III)</inscrip>

  <size>30 x 42.5 cm</size>

  <huref>Hu 83b</huref>
</record>

<record>
  <num>A132</num>

  <subj>Vignettes Depicting Ancient Cameos</subj>

  <engrv>[Aenea Vico after Giovanni Battista Franco]</engrv>

  <city>Rome</city>

  <pub>Claudio Duchetti</pub>

  <date>[1581-1586]</date>

  <ref>Pe p. 126, n.1374</ref>

  <ref>Qu 273-275 (lists a total of 38 vignettes)</ref>

  <ref>VA 1375.</ref>

  <ref>Thomassin-Vico, 
  <uln>Camel</uln>
  </ref>

  <inscrip>[Twelve vignettes]</inscrip>

  <size>30 x 42.5 cm</size>

  <huref>Hu 84b (twelve vignettes)</huref>
</record>

<record>
  <num>A133</num>

  <subj>Vignettes Depicting Ancient Cameos</subj>

  <engrv>[Aenea Vico after Giovanni Battista Franco]</engrv>

  <city>Rome</city>

  <pub>Claudio Duchetti</pub>

  <date>[1581-1586]</date>

  <ref>Pe p. 126, n.1374</ref>

  <ref>Qu 273-275 (lists a total of 38 vignettes)</ref>

  <ref>VA 1375</ref>

  <ref>Thomassin-Vico, 
  <uln>Camel</uln>
  </ref>

  <inscrip>[Twelve vignettes]</inscrip>

  <size>30 x 42.5 cm</size>

  <huref>Hu 85b (eleven vignettes)</huref>
</record>

<record>
  <num>A134</num>

  <subj>Vignettes Depicting Ancient Cameos</subj>

  <engrv>[Aenea Vico after Giovanni Battista Franco]</engrv>

  <city>Rome</city>

  <pub>Claudio Duchetti</pub>

  <date>[1581-1586]</date>

  <ref>Pe p. 126, n.1374</ref>

  <ref>Qu 273-275 (lists a total of 38 vignettes)</ref>

  <ref>VA 1375</ref>

  <ref>Thomassin-Vico, 
  <uln>Camel</uln>
  </ref>

  <inscrip>[Thirteen vignettes]</inscrip>

  <size>30 x 42.5 cm</size>

  <huref>Hu 86b (thirteen vignettes)</huref>
</record>

<record>
  <num>A135</num>

  <subj>Equestrian Statue Of Marcus Aurelius</subj>

  <inscrip>M. Aurelii Antonini Pii equestris statua aenea in area
  Capitolina</inscrip>

  <engrv>Cornelis Bos (monogram) after [Nicolas Beatrizet]</engrv>

  <city>[Rome]</city>

  <pub>[Claudio Duchetti]</pub>

  <date>[1581-1586]?</date>

  <size>45 x 30 cm</size>

  <huref>Hu 48e</huref>

  <ref>A-B p.322, n.3178 (with different dimensions)</ref>

  <ref>Hol v.3, p.126, n.73</ref>
</record>

<record>
  <num>A136</num>

  <subj>Triumph Of Titus</subj>

  <engrv>[Marcantonio Raimondi after Andrea Mantegna?]</engrv>

  <city>Rome</city>

  <pub>Antonio Salamanca</pub>

  <date>[1538-1562]</date>

  <size>34.5 x 48.5 cm</size>

  <ref>NaKL v.13, p.482, n.215</ref>

  <ref>Albertina, p.90, n.113 (with different dimensions)</ref>
</record>

<record>
  <num>A137</num>

  <subj>Trajan Crowned By Victory</subj>

  <engrv>Marcantonio Raimondi (monogram)</engrv>

  <city>s.l.</city>

  <pub>s.n.</pub>

  <date>s.a.</date>

  <size>29 x 44 cm</size>

  <ref>Ba v.14, p.275, n.361</ref>

  <ref>NaKL v.13, p.494, n.301</ref>

  <ref>Qu 236</ref>

  <ref>Praun, p.181, n.174 (these last two with Salamanca's
  address)</ref>

  <ref>Bartoli, 
  <uln>Arcus</uln>

  , pl.42</ref>
</record>

<record>
  <num>A138</num>

  <subj>King Pyrrhus</subj>

  <inscrip>Pyrrhi Molossorum regis...simulachrum quod Romae in
  particu domus Maximi Archiepiscopi Amalphitanorum situm</inscrip>

  <engrv>Jacob Bos</engrv>

  <city>[Rome]</city>

  <pub>Antonio Salamanca</pub>

  <date>1562</date>

  <size>48 x 31.2 cm</size>

  <huref>Hu 67a</huref>

  <ref>A-B p.324, n.3192</ref>

  <ref>Hol v.3, p.150, n.14</ref>
</record>

<record>
  <num>A139</num>

  <subj>Statues Of The Dioscuri At The Quirinal</subj>

  <inscrip>Opus Fidiae. Opus Praxitelis</inscrip>

  <city>Rome</city>

  <pub>Nicolas van Aelst</pub>

  <date>[1594-1602]</date>

  <size>35.5 x 49 cm</size>

  <huref>Hu 53c</huref>

  <note>Re-impression of an engraving published by Antonio Lafreri
  in 1546 (cf. A 89).</note>
</record>

<record>
  <num>A14</num>

  <subj>Porta Maggiore</subj>

  <inscrip>Veteris aquae Claudiae ex Tiburtino forma; via portaque
  Naevia ac Labricana, nunc Maioris appellatione...et eadem in
  anteriore exterioreque parte, uncialium litterarum inscriptione
  repetita; nobilis</inscrip>

  <city>Rome</city>

  <pub>Antonio Lafreri</pub>

  <date>1549</date>

  <size>36 x 48 cm</size>

  <huref>Hu 24a</huref>

  <ref>A-B p.287, no.2863</ref>

  <ref>L-A v.2, p.351, ad a. 1549</ref>

  <ref>Praun, p.172, n.34.</ref>

  <ref>Gruter, 
  <uln>Corpus</uln>

  , p.176, n.1</ref>
</record>

<record>
  <num>A140</num>

  <subj>Pan And Olympus</subj>

  <inscrip>Ab antiquo in hortis Federici Card. Caesii</inscrip>

  <engrv>[Aenea Vico]</engrv>

  <city>Rome</city>

  <pub>s.n.</pub>

  <date>s.a.</date>

  <size>47.6 x 32 cm</size>

  <huref>Hu 160a</huref>

  <ref>NaKl v.22, p.519, n.22</ref>
</record>

<record>
  <num>A141</num>

  <subj>The Farnese Hercules</subj>

  <engrv>Giorgio Ghisi (monogram)</engrv>

  <city>s.l.</city>

  <pub>s.n.</pub>

  <date>s.a.</date>

  <size>46 x 29.5 cm</size>

  <huref>Hu 55e</huref>

  <ref>NaKL v.5, p.414</ref>
</record>

<record>
  <num>A142</num>

  <subj>Moses</subj>

  <inscrip>Moysis ingens ex marmore simulacrum in Julii Secundi
  Pontificis Maximi ad Petri Exquiliis Vincula sepulcro</inscrip>

  <engrv>Anon. after Michelangelo</engrv>

  <city>Rome</city>

  <pub>Nicolas van Aelst</pub>

  <date>[1594-1602]</date>

  <size>41 x 29 cm</size>

  <ref>VA 1438</ref>

  <ref>Praun, p.121, n.15 (engraved by N. Beatrizet)</ref>
</record>

<record>
  <num>A143</num>

  <subj>Tomb Of The Dukes De Medici</subj>

  <engrv>Cornelis Cort after [Andrea Verrocchio and
  Michelangelo]</engrv>

  <city>[Rome]</city>

  <pub>Andrea Vaccaro</pub>

  <date>[ca. 1610]</date>

  <size>42.7 x 28 cm</size>

  <ref>Hol v.5, p.56, n.198-201</ref>

  <ref>L-A v.2, p.137, n.239 (engraving executed by Philippe
  Thomassin in 1599 for which cf. also Bruwaert, p.84, n.239)</ref>

  <ref>Praun, p.173, n.44-46</ref>
</record>

<record>
  <num>A144</num>

  <subj>Aeneas Fleeing Troy</subj>

  <engrv>Giorgio Ghisi after Giovanni Battista Ghisi</engrv>

  <city>Rome</city>

  <pub>Antonio Lafreri</pub>

  <date>[1544-1577]</date>

  <size>38 x 43 cm</size>

  <ref>Ba v.15, p.397, n.29</ref>

  <ref>NaKL v.5, p.414</ref>
</record>

<record>
  <num>A145</num>

  <subj>The Goddess Flora</subj>

  <inscrip>Se rapita lasciai verdure et fiori Regina hor godo, et
  piene anco le mani Lieta ne tengo di piu grati odori</inscrip>

  <engrv>[Aenea Vico]</engrv>

  <city>Rome</city>

  <pub>Claudio Duchetti</pub>

  <date>[1581-1586]</date>

  <size>47 x 32 cm</size>

  <huref>Hu 65b</huref>

  <ref>NaKL v.22, p.519, n.23</ref>

  <note>Re-impression of an engraving published by Ferrant
  Bertelli.</note>
</record>

<record>
  <num>A146</num>

  <subj>Venus And Cupid</subj>

  <inscrip>Ab antiquo repertum</inscrip>

  <engrv>[Aenea Vico]</engrv>

  <city>Rome</city>

  <pub>Ferrante Bertelli</pub>

  <date>1561</date>

  <size>46 x 31 cm</size>

  <huref>Hu 64a</huref>

  <ref>NaKL v.22, p.519, n.24</ref>

  <ref>T-B v.3, p.487</ref>

  <ref>VA 1432</ref>

  <note>Bertelli's signature has been partially erased.</note>
</record>

<record>
  <num>A147</num>

  <subj>Scenes From The Wedding Feast Of Cupid And Psyche</subj>

  <inscrip>Ce festin des Dieux, bains de Mars et Venus faite de
  stuc... au palais du te dans mantoue</inscrip>

  <engrv>Diana Ghisi after Giulio Romano</engrv>

  <city>Rome</city>

  <pub>s.n.</pub>

  <date>1575</date>

  <ref>Ba v.15, p.449f., n.40</ref>

  <ref>NaKL v.5, p.421 and v.12, p.521</ref>

  <ref>VA 1272</ref>

  <note>Ba indicates that these three engravings were originally a
  single composition.</note>

  <inscrip>[Apollo surrounded by Flora, Pomona and other
  deities]</inscrip>

  <size>37.5 x 33.5 cm</size>
</record>

<record>
  <num>A148</num>

  <subj>Scenes From The Wedding Feast Of Cupid And Psyche</subj>

  <inscrip>Ce festin des Dieux, bains de Mars et Venus faite de
  stuc... au palais du te dans mantoue</inscrip>

  <engrv>Diana Ghisi after Giulio Romano</engrv>

  <city>Rome</city>

  <pub>s.n.</pub>

  <date>1575</date>

  <ref>Ba v.15, p.449f., n.40</ref>

  <ref>NaKL v.5, p.421 and v.12, p.521</ref>

  <ref>VA 1272</ref>

  <note>Ba indicates that these three engravings were originally a
  single composition.</note>

  <inscrip>Bacanal des Dieux</inscrip>

  <size>36.5 x 48 cm</size>
</record>

<record>
  <num>A149</num>

  <subj>Scenes From The Wedding Feast Of Cupid And Psyche</subj>

  <inscrip>Ce festin des Dieux, bains de Mars et Venus faite de
  stuc... au palais du te dans mantoue</inscrip>

  <engrv>Diana Ghisi after Giulio Romano</engrv>

  <city>Rome</city>

  <pub>s.n.</pub>

  <date>1575</date>

  <ref>Ba v.15, p.449f., n.40</ref>

  <ref>NaKL v.5, p.421 and v.12, p.521</ref>

  <ref>VA 1272</ref>

  <note>Ba indicates that these three engravings were originally a
  single composition.</note>

  <inscrip>[Cupid and Psyche entering the bath]</inscrip>

  <size>37.5 x 33.5 cm</size>
</record>

<record>
  <num>A15</num>

  <subj>Pantheon</subj>

  <inscrip>Pantheum Romanum nunc Mariae cognomento Rotundae notum
  ad antiquam suam effigiem et formam expressum</inscrip>

  <engrv>[Nicolas Beatrizet]</engrv>

  <city>Rome</city>

  <pub>Antonio Lafreri</pub>

  <date>1549</date>

  <size>38 x 45 cm</size>

  <huref>Hu 5a</huref>

  <ref>A-B p.257, n.2550</ref>

  <ref>L-A v.1, p.91 and v.2, p.351, ad a. 1549</ref>

  <ref>Albertina, p.190, n.32</ref>

  <ref>VA 659</ref>
</record>

<record>
  <num>A150</num>

  <subj>The Three Graces</subj>

  <inscrip>Sic Rome Carites niveo ex marmore sculp</inscrip>

  <engrv>Anon. after [Marco Dente de Ravenna]</engrv>

  <city>s.l.</city>

  <pub>s.n.</pub>

  <date>s.a.</date>

  <size>38.5 x 28 cm</size>

  <huref>Hu 69a</huref>

  <ref>NaKL v.14, p.24, n.75</ref>

  <ref>DeW p.58, n.743</ref>

  <ref>Raphael, pp.493 and 499, n.17</ref>

  <ref>L-A v.1, p.276, n.290 (engraving executed by Etienne
  Delaune)</ref>
</record>

<record>
  <num>A151</num>

  <subj>The Abduction Of Ganymede</subj>

  <inscrip>Ganimedis iuvenis Troianus raptus a Iove</inscrip>

  <engrv>Philippe Thomassin after Michelangelo</engrv>

  <city>Rome</city>

  <pub>Philippe Thomassin (?)</pub>

  <date>[1618]</date>

  <size>41 x 37.5 cm</size>

  <ref>Bruwaert, p.93, n.336</ref>
</record>

<record>
  <num>A152</num>

  <subj>Fall Of Phaeton</subj>

  <engrv>Nicolas Beatrizet after Michelangelo</engrv>

  <city>[Rome]</city>

  <pub>Carlo Losi</pub>

  <date>1773</date>

  <size>42.5 x 29.5 cm</size>

  <ref>L-A v.1, p.82</ref>

  <ref>Albertina, p.189, n.320</ref>

  <ref>DeW p.42, n.15956</ref>

  <ref>NaKL v.1, p.338</ref>

  <ref>Bruwaert, p.93, n.290 (engraving executed by Philippe
  Thomassin in 1618)</ref>

  <ref>Goldscheider, p.205, pl.1</ref>

  <ref>Praun, p.159, n.367</ref>

  <note>This engraving bears the stamp of the 
  <uln>Sammlung J. Kollmann</uln>

  in Dresden.</note>
</record>

<record>
  <num>A153</num>

  <subj>Battle Of Horatii And Curiatii</subj>

  <inscrip>Horatiorum Curiatorumque trigeminorum glorisum pro
  imperio certamen</inscrip>

  <engrv>Anon. after Frans Floris</engrv>

  <city>[Antwerp]</city>

  <pub>Hieronymus Cock</pub>

  <date>[ca. 1550]</date>

  <size>31 x 40.5 cm</size>

  <ref>NaKL v.5, p.47</ref>

  <ref>T-B v.12, p.123 f</ref>

  <ref>VA 558</ref>

  <ref>Praun, p.181, n.173 and p.146, n.249-250</ref>
</record>

<record>
  <num>A154</num>

  <subj>Battle Of Cascina (also known as The Bathers)</subj>

  <engrv>Agostino Veneziano (monogram) after Michelangelo</engrv>

  <city>s.l.</city>

  <pub>s.n.</pub>

  <date>s.a. (though dated 1524)</date>

  <size>32 x 43 cm</size>

  <ref>Ba v.14, p.318 f</ref>

  <ref>NaKL v.11, p.169, n.127</ref>

  <ref>DeW p.70, n.514</ref>

  <ref>Goldscheider, p.205, pl.1</ref>

  <ref>Praun, p.152, n.309</ref>
</record>

<record>
  <num>A155</num>

  <subj>The Lion Hunt</subj>

  <inscrip>Que stabant vix hospitibus spectanda quilibet arbirtio
  iam videt illa suo</inscrip>

  <engrv>Marcantonio Raimondi (mongram)</engrv>

  <city>Rome</city>

  <pub>Antonio Salamanca</pub>

  <date>[1538-1562]</date>

  <size>26.5 x 40.5 cm</size>

  <ref>Ba v.14, p.317, n.422</ref>

  <ref>NaKL v.13, p.499, n.339</ref>

  <note>The engraving described by Ba and by NaKL lacks Salamanca's
  address.</note>
</record>

<record>
  <num>A156</num>

  <subj>Allegory Of Learning</subj>

  <engrv>Giovanni Battista d'Angeli also known as Giovanni or Zoan
  Battista Moro (monogram Z.B.M.)</engrv>

  <city>s.l.</city>

  <pub>Anon. (monogram D.B.)</pub>

  <date>1557</date>

  <size>40.8 x 27.5 cm</size>

  <ref>Mon v.2, p.92, n.244 and v.5, p.415, n.20695</ref>

  <ref>DeW p.34, n.2695</ref>

  <note>Nagler in NaKL v.5, p.412 conjectures that the engraving
  could have been executed by Domenico del Barbiere (monogram D.B.)
  after Giovanni (or Zoan) Battista Ghisi Mantuano (monogram
  Z.B.M.).</note>
</record>

<record>
  <num>A157</num>

  <subj>The Dream</subj>

  <engrv>Anon. after a drawing by Michelangelo</engrv>

  <city>[Rome]</city>

  <pub>Gian Domenico de Rossi</pub>

  <date>[1692-1721]</date>

  <size>43 x 29.5 cm</size>

  <ref>Goldscheider, p.54, n.97</ref>

  <ref>Praun, p.156, n.352 (engraved by N. Beatrizet and published
  by A. Salamanca)</ref>
</record>

<record>
  <num>A158</num>

  <subj>Joseph Recounting His Dreams To His Brothers</subj>

  <engrv>Anon. after Raphael</engrv>

  <size>24 x 36 cm</size>

  <ref>Ba v.15, p.10, n.5</ref>

  <ref>Raphael, p.261, n.118 and p.275, n.141</ref>

  <ref>Chapron, 
  <uln>Sacrae</uln>

  , p.25</ref>

  <ref>Ottaviani, 
  <uln>Loge</uln>

  , pl.7</ref>

  <ref>Borgiani, 
  <uln>[Loggie]</uln>

  , pl.25</ref>

  <note>For copies of the engraving executed by Nicolas Beatrizet
  cf. L-A v.1, p.74, and VA 647</note>

  <ref>Praun, p.121, n.10.</ref>
</record>

<record>
  <num>A159</num>

  <subj>Moses Striking The Rock</subj>

  <engrv>Giovanni Battista Franco (monogram)</engrv>

  <city>[Rome]</city>

  <pub>Giovanni Battista Franco</pub>

  <date>[ca. 1550]</date>

  <size>37 x 51 cm</size>

  <ref>Ba v.16, p.118, n.2</ref>

  <ref>NaKL v.5, p.127</ref>

  <ref>Mon v.1, p.795, n.184</ref>

  <ref>VA 1261</ref>

  <ref>Praun, p.122, n.17 and 22</ref>
</record>

<record>
  <num>A16</num>

  <subj>Obelisk In The Vatican</subj>

  <inscrip>Obelisci Vaticani quem cum alii tum nos ipsi non ita
  exacte alias repraesentavimus verissima effigies iustissimaque
  proportionis dimensio</inscrip>

  <city>Rome</city>

  <pub>Antonio Lafreri</pub>

  <date>1550</date>

  <size>49.5 x 30 cm</size>

  <huref>Hu 32a</huref>

  <ref>A-B p.397, n.3932 (but with different dimensions)</ref>

  <ref>L-A v.2, p.351, ad a. 1550</ref>
</record>

<record>
  <num>A160</num>

  <subj>Judith And Holofernes</subj>

  <engrv>[Giovanni Battista del Moro] after Giulio Romano</engrv>

  <city>s.l.</city>

  <pub>s.n.</pub>

  <date>1540</date>

  <size>35 x 45 cm</size>

  <ref>NaKL v.1, p.117 and v.12, p.523</ref>
</record>

<record>
  <num>A161</num>

  <subj>Death Of Ananias</subj>

  <engrv>Anon. after Raphael or [Agostino Veneziano]</engrv>

  <city>[Rome]</city>

  <pub>Giuseppe de Rossi</pub>

  <date>[1613-1639]</date>

  <size>25.5 x 39.3 cm</size>

  <ref>NaKL v.11, p.157, n.27</ref>

  <ref>Raphael, p.207, n.19</ref>

  <ref>VA 1311</ref>

  <ref>Praun, p.123, n.24</ref>

  <note>The name of Antonio Salamanca, an earlier publisher, also
  appears in the engraving.</note>
</record>

<record>
  <num>A162</num>

  <subj>Coronation Of The Virgin</subj>

  <inscrip>Coronatio Beatae Mariae Virginis</inscrip>

  <engrv>Master B with the Die (monogram) after Raphael</engrv>

  <city>Rome</city>

  <pub>Gio. Domenico de Rossi</pub>

  <date>[1691-1720]</date>

  <size>34.5 x 25 cm</size>

  <ref>Ba v.15, p.189, n.9</ref>

  <ref>NaKL v.1, p.341 f</ref>

  <ref>Mon v.1, p.687, n.1563</ref>

  <ref>Pas v.6, p.99, n.9</ref>

  <ref>Pe p.16, n.913</ref>

  <note>The engraving also bears the signature of the 16th century
  publisher Antonio Lafreri.</note>
</record>

<record>
  <num>A163</num>

  <subj>Portraits Of Roman Emperors</subj>

  <inscrip>Omnium Imperatorum a C. Iul. Caesare usque ad annum
  praesentem icones</inscrip>

  <engrv>Ambrogio Brambilla</engrv>

  <city>Rome</city>

  <pub>Cluadio Duchetti</pub>

  <date>1582</date>

  <size>34.6 x 48.5 cm</size>

  <huref>Hu 134a</huref>

  <ref>Cavalieri, 
  <uln>Effigies</uln>
  </ref>
</record>

<record>
  <num>A164</num>

  <subj>Portraits Of Renowned Jurisconsults</subj>

  <inscrip>Illustrium iureconsultorum imagines quae hactenus
  inveniri potuerunt ad vivam effigiem expressae</inscrip>

  <city>Rome</city>

  <pub>Claudio Duchetti</pub>

  <date>1583</date>

  <size>36 x 58.5 cm</size>

  <huref>Hu 136a</huref>

  <note>Compare with engravings C 665 to 689.</note>
</record>

<record>
  <num>A165</num>

  <subj>Portraits Of The Popes</subj>

  <inscrip>Omnium Pontificum a S. Petro usque ad presentem
  effigies</inscrip>

  <engrv>Ambrogio Brambilla</engrv>

  <city>Rome</city>

  <pub>Claudio Duchetti</pub>

  <date>1585</date>

  <size>39.5 x 51.5 cm</size>

  <huref>Hu 135a</huref>

  <ref>Praun, p.171, n.9</ref>

  <ref>Hill in PBSR</ref>

  <ref>Mann in PBSR</ref>

  <ref>A Chacon, 
  <uln>Vitae</uln>
  </ref>

  <note>The original plate contains 237 portraits terminating with
  the pontificate of Sixtus V (1585-1590). Two new sets of
  portraits were added at a later date. The first, including
  portraits of Urban VIII and Gregory XIV, was published at Rome by
  the heirs of Claudio Duchetti, ca. 1590-1591 (Cf. Hu 135b); the
  second, including the portraits of Innocent IX and Clement VIII,
  was published between 1592 and 1605 (Cf. Hu 135c and d).</note>
</record>

<record>
  <num>A166</num>

  <subj>Portraits Of French Kings</subj>

  <inscrip>Omnium regum Galliae usque ad praesentem
  iccones</inscrip>

  <city>Rome</city>

  <pub>Apud heredes Claudii Duchetti</pub>

  <date>1586</date>

  <size>30 x 45 cm</size>

  <huref>Hu 137a</huref>

  <note>L-A v.2, p.327 lists a set of 63 portraits of French kings
  engraved in 1600 by Jean Leclerc after Leonard Gaultier which
  could be closely related to our plates. For other 16th century
  engravings of this subject cf. the index of L-A v.2, p.437 s.v.
  Rois de France, portraits.</note>
</record>

<record>
  <num>A167</num>

  <subj>Portraits Of Turkish Sultans</subj>

  <inscrip>Hae sunt omnium Turcarum Imperatorem effigies</inscrip>

  <city>Rome</city>

  <pub>Apud heredes Claudii Duchetti</pub>

  <date>1586</date>

  <size>34 x 44 cm</size>

  <huref>Hu 138 a</huref>
</record>

<record>
  <num>A168</num>

  <subj>Portraits Of The Twelve Sibylls</subj>

  <engrv>Anon. in the manner of [Ambrogio Brambilla]</engrv>

  <city>Rome</city>

  <pub>Apud heredes Claudii Duchetti</pub>

  <date>1586</date>

  <size>32.5 x 45.8 cm</size>

  <huref>Hu 139a</huref>

  <note>Each portrait is accompanied by a corresponding oracle in
  Italian.</note>
</record>

<record>
  <num>A169</num>

  <subj>Reception Of Cosimo II By Pope Pius V.</subj>

  <inscrip>Essendo venuto in Roma il...Duca di Toscana...per
  coronarsi a di XVIII di febraro 1570, fece l'intrata
  publica...come nel pres[e]nte disegno si vede</inscrip>

  <engrv>[Etienne Duperac]</engrv>

  <city>[Rome]</city>

  <pub>[Antonio Lafreri]</pub>

  <date>[1570]</date>

  <size>34.5 x 48.5 cm</size>

  <huref>Hu 98a</huref>

  <ref>L-A v.1, p.318, n.53</ref>
</record>

<record>
  <num>A17</num>

  <subj>Sepulchre Of M. Antonius Antius Lupus</subj>

  <inscrip>Antiquum, Ostiensi via sepulchrum marmoreum, amplum,
  quadratum ad tertium ab Urbe lapidem, fascium ac securium et
  aliis ornamentis, insigne</inscrip>

  <city>Rome</city>

  <pub>Antonio Lafreri</pub>

  <date>1551</date>

  <size>41 x 28 cm</size>

  <huref>Hu 41a</huref>

  <ref>A-B p.303, n.3020</ref>

  <ref>L-A v.2, p.351, ad a. 1551.</ref>

  <ref>Gruter, 
  <uln>Corpus</uln>

  , p.356, n.1</ref>
</record>

<record>
  <num>A170</num>

  <subj>Benediction Of The Pope In St. Peter's Square</subj>

  <inscrip>Sisegno dela beneditione del Pontefice nela Piaza de
  Santo Pietro</inscrip>

  <engrv>Ambrogio Brambilla after an engraving published by Antonio
  Lafreri between 1566-1572</engrv>

  <city>[Rome]</city>

  <pub>Claudio Duchetti</pub>

  <date>[1581-1586]</date>

  <size>40 x 55.5 cm</size>

  <huref>Hu 92d</huref>
</record>

<record>
  <num>A171</num>

  <subj>Portraiture Of Diverse Street Vendors</subj>

  <inscrip>Ritratto di quelle che vanno per Roma</inscrip>

  <engrv>[Ambrogio Brambilla?]</engrv>

  <city>Rome</city>

  <pub>Lorenzo Vaccario (Della Vaccaria)</pub>

  <date>[1579]</date>

  <size>41.5 x 51 cm</size>

  <ref>NaKL v.2, p.148</ref>

  <ref>T-B v.34, p.24</ref>

  <note>There are 49 separate scenes in this engraving; each is
  accompanied by its corresponding street-cry in Italian. The date
  of publication appears in a different color ink at the bottom
  left.</note>
</record>

<record>
  <num>A172</num>

  <subj>Portraiture Of Diverse Street Vendors</subj>

  <inscrip>Vero ritratto de quelli che vanno vindendo per Roma
  agionta fatta novament[e]</inscrip>

  <city>s.l.</city>

  <pub>s.n.</pub>

  <date>[probably after 1579]</date>

  <note>Apparently part of a larger set published after the one
  issued by Lorenzo Vaccario (cf. engraving A 171). Numbers A 172
  and A 173 are made up of two separate parts which, however, are
  continuous in their insciptions. Each scene is accompanied by its
  corresponding street-cry in Italian.</note>

  <inscrip>[64 scenes]</inscrip>

  <size>40.5 x 51.5 cm</size>
</record>

<record>
  <num>A173</num>

  <subj>Portraiture Of Diverse Street Vendors</subj>

  <inscrip>Vero ritratto de quelli che vanno vindendo per Roma
  agionta fatta novament[e]</inscrip>

  <city>s.l.</city>

  <pub>s.n.</pub>

  <date>[probably after 1579]</date>

  <note>Apparently part of a larger set published after the one
  issued by Lorenzo Vaccario (cf. engraving A 171). Numbers A 172
  and A 173 are made up of two separate parts which, however, are
  continuous in their insciptions. Each scene is accompanied by its
  corresponding street-cry in Italian.</note>

  <inscrip>[49 scenes]</inscrip>

  <size>40 x 53 cm</size>
</record>

<record>
  <num>A174</num>

  <subj>Portraiture Of Diverse Street Vendors</subj>

  <inscrip>Vero ritratto de quelli che vanno vindendo per Roma
  agionta fatta novament[e]</inscrip>

  <city>s.l.</city>

  <pub>s.n.</pub>

  <date>[probably after 1579]</date>

  <note>Apparently part of a larger set published after the one
  issued by Lorenzo Vaccario (cf. engraving A 171). Numbers A 172
  and A 173 are made up of two separate parts which, however, are
  continuous in their insciptions. Each scene is accompanied by its
  corresponding street-cry in Italian.</note>

  <inscrip>[24 scenes]</inscrip>

  <size>40 x 27 cm</size>
</record>

<record>
  <num>A175</num>

  <subj>Portraiture Of Diverse Street Vendors</subj>

  <size>40 x 28 cm</size>

  <note>30 scenes accompanied by their corresponding street-cries
  in Italian.</note>
</record>

<record>
  <num>A176</num>

  <subj>Portraiture Of Diverse Street Vendors</subj>

  <note>A number of independent vignettes, each accompanied by a
  corresponding street-cry in Italian.</note>

  <inscrip>[25 vignettes]</inscrip>

  <size>Each vignette ca. 7 x 6 cm</size>
</record>

<record>
  <num>A177</num>

  <subj>Portraiture Of Diverse Street Vendors</subj>

  <note>A number of independent vignettes, each accompanied by a
  corresponding street-cry in Italian. [17 vignettes]</note>

  <size>Each vignette ca. 7 x 6 cm</size>
</record>

<record>
  <num>A178</num>

  <subj>Portraiture Of Diverse Street Vendors</subj>

  <note>A number of independent vignettes, each accompanied by a
  corresponding street-cry in Italian.[25 vignettes]Each vignette
  ca. 7 x 6 cm</note>
</record>

<record>
  <num>A179</num>

  <subj>Portraiture Of Diverse Street Vendors</subj>

  <note>A number of independent vignettes, each accompanied by a
  corresponding street-cry in Italian.[25 vignettes]Each vignette
  ca. 7 x 6 cm</note>
</record>

<record>
  <num>A18</num>

  <subj>Sepulchre Of P. Vibius Marianus</subj>

  <inscrip>In Via Cassia; Roma, ad tertium lapidem; monumentum
  marmoreum; huiusmodi forma et ornamentis; exesum prope
  vetustate</inscrip>

  <city>Rome</city>

  <pub>Antonio Lafreri</pub>

  <date>1551</date>

  <size>46 x 31.5 cm</size>

  <huref>Hu 42a</huref>

  <ref>A-B p.311, n.3093 (with different dimensions)</ref>

  <ref>Praun, p.173, n.40.</ref>

  <ref>Gruter, 
  <uln>Corpus</uln>

  , p.487, n.6</ref>
</record>

<record>
  <num>A19</num>

  <subj>Pantheon</subj>

  <inscrip>Panthei fidelissime dimensi exterior et interior pars ex
  antiquo romano suis omnibus numeris absoluta</inscrip>

  <city>Rome</city>

  <pub>Antonio Lafreri</pub>

  <date>1553</date>

  <size>35.5 x 47 cm</size>

  <huref>Hu 6a</huref>

  <ref>A-B p.257, n.2551</ref>

  <ref>L-A v.2, p.351, ad a. 1553</ref>

  <ref>Praun, p.171, n.14.</ref>

  <ref>Gruter, 
  <uln>Corpus</uln>

  , p.1, n.1</ref>
</record>

<record>
  <num>A2</num>

  <subj>Map Of Rome</subj>

  <inscrip>Roma</inscrip>

  <engrv>Sebastiano Re de Chioggia after Gio. Antonio Dosio</engrv>

  <city>Rome</city>

  <pub>Bartolommeo Faleti</pub>

  <date>1561</date>

  <size>36 x 55 cm</size>

  <huref>Hu 3a</huref>

  <ref>Frutaz v.1, p.176 and v.2, pianta 117, tav.229</ref>

  <note>Lower section trimmed.</note>
</record>

<record>
  <num>A20</num>

  <subj>Amphitheatrum Castrense</subj>

  <inscrip>Amphitheatrum quod in Exquiliis non procul a templo S.
  Crucis in Hierusalem lateritium visitur, de vicino Tiberii Caes.
  castro cognomen castrense consecutum</inscrip>

  <city>Rome</city>

  <pub>Antonio Lafreri</pub>

  <date>1560</date>

  <size>32.5 x 45 cm</size>

  <huref>Hu 20a</huref>

  <ref>A-B p.38, n.335</ref>

  <ref>L-A v.2, p.352, ad a. 1560</ref>

  <ref>VA 1425</ref>
</record>

<record>
  <num>A21</num>

  <subj>Amphitheater Of Verona</subj>

  <inscrip>Amphitheatri Veronen[sis] diligens et accurata
  delineatio...unum omnium quae nobis antiquitas
  reliquit...anteriorem enim porticum partem...ingenti terremotu
  quassatam...corruisse annalibus Veronesis proditum est</inscrip>

  <engrv>Anon. probably after [Aenea Vico]</engrv>

  <city>Rome</city>

  <pub>Antonio Lafreri</pub>

  <date>1560</date>

  <size>32.5 x 48 cm</size>

  <huref>Hu 22a</huref>

  <ref>L-A v.2, p.352, ad a. 1560</ref>

  <ref>VA 1439</ref>
</record>

<record>
  <num>A22</num>

  <subj>Temple Of Janus</subj>

  <inscrip>Iani quadrifrontis templum sic Romae ex marmore in Foro
  Boario</inscrip>

  <city>Rome</city>

  <pub>Antonio Lafreri</pub>

  <date>1564</date>

  <size>42 x 33 cm</size>

  <huref>Hu 4a</huref>

  <ref>A-B p.48, n.430</ref>
</record>

<record>
  <num>A23</num>

  <subj>Temple Of Antoninus And Faustina</subj>

  <inscrip>Hoc templum in Foro Romano situm cuius integrim vides
  formam etsi ex parte sit dirutum sic tamen olim fuisse vel ipsae
  ruinae manifestissime ostendunt</inscrip>

  <city>Rome</city>

  <pub>Antonio Lafreri</pub>

  <date>1565</date>

  <size>41 x 33 cm</size>

  <huref>Hu 9a</huref>

  <ref>A-B p.329, n.3249</ref>

  <ref>L-A v.2, p.352, ad a. 1566</ref>

  <ref>Praun, p.171, n.11.</ref>

  <ref>Gruter, 
  <uln>Corpus</uln>

  , p.257, n.5</ref>
</record>

<record>
  <num>A24</num>

  <subj>Porta Di San Lorenzo</subj>

  <inscrip>Aquarum Marciae, Tepulae et Juliae forma, quae nunc S.
  Laurentii porta vulgo appellatur</inscrip>

  <city>Rome</city>

  <pub>Antonio Lafreri</pub>

  <date>1566</date>

  <size>49 x 37 cm</size>

  <huref>Hu 23a</huref>

  <ref>A-B p.292, n.2924</ref>

  <ref>L-A v.2, p.353, ad a. 1566.</ref>

  <ref>Gruter, 
  <uln>Corpus</uln>

  , p.177, n.1</ref>
</record>

<record>
  <num>A25</num>

  <subj>The Columna Rostrata And The Meta Sudans</subj>

  <inscrip>C. Duilius Consul...devictis de navali victoria
  triumphum egit. Ob ea rem ei in foro Rom. positam fuisse
  statum...una cum columna rostrata...ea qua restituta est...typis
  mandavimus. Metae sudantis...vestigia apud ampitheatrum Titi
  extat...</inscrip>

  <city>Rome</city>

  <pub>Antonio Lafreri</pub>

  <date>1575</date>

  <size>48 x 32.5 cm</size>

  <huref>Hu 109a</huref>

  <ref>A-B p.154, n.1542</ref>

  <ref>L-A v.2, p.353, ad a. 1575</ref>

  <ref>Weigel, n.31</ref>

  <ref>VA 1427.</ref>

  <ref>P. Chacon, 
  <uln>Columna</uln>

  , pp.3-36</ref>

  <note>This engraving has two independent inscriptions.</note>
</record>

<record>
  <num>A26</num>

  <subj>Castle Of Sant'Angelo</subj>

  <inscrip>Castello S. Angelo di Roma</inscrip>

  <engrv>Nicolas Beatrizet</engrv>

  <city>[Rome</city>

  <pub>Antonio Lafreri</pub>

  <date>1559-1565]</date>

  <size>33 x 46 cm</size>

  <huref>Hu 89a</huref>

  <ref>L-A v.4, p.92</ref>

  <ref>DeW p.42, n.976</ref>

  <note>Engraved during the pontificate of Pius IV
  (1559-1565).</note>
</record>

<record>
  <num>A27</num>

  <subj>Column Of Antoninus Pius</subj>

  <inscrip>Col. Antonini</inscrip>

  <engrv>Master with the bird's wing monogram (?) after [Aenea
  Vico]</engrv>

  <city>[Rome]</city>

  <pub>Antonio Lafreri</pub>

  <date>[c. 1544-1577]</date>

  <size>47.5 x 34 cm</size>

  <huref>Hu 31f</huref>

  <ref>A-B p.151, n.1519</ref>

  <ref>NaKL v.22, p.126, n.418</ref>
</record>

<record>
  <num>A28</num>

  <subj>Circus Maximus</subj>

  <inscrip>Circi Maximi acuratissima descriptio ...ex veterum et
  classicorum auctorum monumentis ad unguem repraesentata</inscrip>

  <engrv>Ambrogio Brambilla after Pirro Ligorio</engrv>

  <city>Rome</city>

  <pub>Claudio Duchetti</pub>

  <date>1581</date>

  <size>37 x 53 cm</size>

  <huref>Hu 33g</huref>
</record>

<record>
  <num>A29</num>

  <subj>The Colosseum</subj>

  <inscrip>Theatrum sive Coliseum Romanum</inscrip>

  <engrv>Ambrogio Brambilla</engrv>

  <city>Rome</city>

  <pub>Claudio Duchetti</pub>

  <date>1581</date>

  <size>39.5 x 54.5 cm</size>

  <huref>Hu 18f</huref>

  <ref>A-B p.160, n.1589</ref>
</record>

<record>
  <num>A3</num>

  <subj>Map Of Rome</subj>

  <inscrip>Roma</inscrip>

  <engrv>[Franz Hogenberg and/or Simon Novellanus after "Leon
  Pitor" or Giovanni Francesco Camocio]</engrv>

  <city>[Antwerp]</city>

  <pub>[Aegidium Raedum]</pub>

  <date>[1575]</date>

  <size>38 x 48.5 cm</size>

  <ref>Frutaz v.1, p.182 and v.2, pianta 123, tav.235</ref>

  <ref>Braun and Hoggenberg, 
  <uln>Civitates</uln>

  , lib.1, pl.45.</ref>
</record>

<record>
  <num>A30</num>

  <subj>The Praetorian Castle Plan</subj>

  <inscrip>Castrum Praetorium</inscrip>

  <engrv>Ambrogio Brambilla after an engraving published in 1553 by
  [Michele Tramezino]</engrv>

  <city>Rome</city>

  <pub>Claudio Duchetti</pub>

  <date>1581</date>

  <size>32 x 51.5 cm</size>

  <huref>Hu 35d</huref>

  <ref>A-B p.79, n.743</ref>
</record>

<record>
  <num>A31</num>

  <subj>The Aviary Of Marcus Varro</subj>

  <inscrip>Ornithon sive aviarium M. Varronis</inscrip>

  <engrv>Ambrogio Brambilla after Pirro Ligorio</engrv>

  <city>Rome</city>

  <pub>Claudio Duchetti</pub>

  <date>1581</date>

  <size>48 x 36 cm</size>

  <huref>Hu 36c</huref>

  <ref>A-B p.220, n.2189</ref>
</record>

<record>
  <num>A32</num>

  <subj>The Ostian Seaport</subj>

  <inscrip>Claudii et Traiani Impp. admirabilium portuum Ostiensium
  orthographia</inscrip>

  <engrv>Ambrogio Brambilla after Etienne Duperac</engrv>

  <city>Rome</city>

  <pub>Claudio Duchetti</pub>

  <date>1581</date>

  <size>29.5 x 51 cm</size>

  <huref>Hu 25i</huref>
</record>

<record>
  <num>A33</num>

  <subj>Sepulchre Of C. Cestius</subj>

  <inscrip>Sepulchrum C. Cestii Epulonis Ostiensi via et pyramide
  et marmore quadrato nobilissimum atque omnium
  vetustissimum</inscrip>

  <engrv>Ambrogio Brambilla after an engraving published in 1547 by
  Antonio Lafreri</engrv>

  <city>Rome</city>

  <pub>Claudio Duchetti</pub>

  <date>1582</date>

  <size>39 x 29 cm</size>

  <huref>Hu 39k</huref>

  <ref>Praun, p.173, n.43.</ref>

  <ref>Gruter, 
  <uln>Corpus</uln>

  , p.185, n.1-2</ref>
</record>

<record>
  <num>A34</num>

  <subj>Sepulchre Of Lucius Septimius Severus</subj>

  <inscrip>Luci Septimii Severi Caesaris in via Appia...Sepulchrum
  Septizonii titulo ...quod superet memoriam veterum propagantes
  effinximus</inscrip>

  <engrv>Ambrogio Brambilla after an engraving published in 1547 by
  Antonio Lafreri (cf. A 12)</engrv>

  <city>Rome</city>

  <pub>Claudio Duchetti</pub>

  <date>1582</date>

  <size>47.5 x 33 cm</size>

  <huref>Hu 40d</huref>
</record>

<record>
  <num>A35</num>

  <subj>Baths Of Diocletian</subj>

  <inscrip>Thermae Diocletianae et Maximianae inter Quirinalem et
  Viminalem</inscrip>

  <engrv>Ambrogio Brambilla after [Jacob Bos]</engrv>

  <city>Rome</city>

  <pub>Claudio Duchetti</pub>

  <date>1582</date>

  <size>29.7 x 52 cm</size>

  <huref>Hu 37c</huref>

  <ref>Hol v.3, p.150, n.17</ref>
</record>

<record>
  <num>A36</num>

  <subj>Insula Tiberina</subj>

  <inscrip>Essendo scacciato da Roma Tarquinio Superbo, gli
  Romani...il suo formento lo gettorno nel Tevere ...fece massa et
  diviene isola...chiamata...de Giove Licaonio...era di...larghezza
  de cinquanta passi</inscrip>

  <engrv>Ambrogio Brambilla after [Etienne Duperac]</engrv>

  <city>Rome</city>

  <pub>Claudio Duchetti</pub>

  <date>1582</date>

  <size>38 x 48.8 cm</size>

  <huref>Hu 110d</huref>
</record>

<record>
  <num>A37</num>

  <subj>Arch Of Constantine</subj>

  <engrv>Attributed to [Nicolas Beatrizet]</engrv>

  <city>Rome</city>

  <pub>Claudio Duchetti</pub>

  <date>1583</date>

  <size>29 x 42.5 cm</size>

  <huref>Hu 15d.</huref>

  <ref>Gruter, 
  <uln>Corpus</uln>

  , p.282, n.2</ref>
</record>

<record>
  <num>A38</num>

  <subj>Arch Of Septimius Severus</subj>

  <city>Rome</city>

  <pub>Claudio Duchetti</pub>

  <date>1583</date>

  <size>44 x 39 cm</size>

  <huref>Hu 13c.</huref>

  <ref>Gruter, 
  <uln>Corpus</uln>

  , p.265, n.1</ref>
</record>

<record>
  <num>A39</num>

  <subj>Baths Of Agripa</subj>

  <inscrip>Thermae Agrippinae. Exteriorum partium thermarum M.
  Agrippae iuxta antiqua vestigia graphica delineatio studio et
  opera Policleti sculptoris et archit. solertiss</inscrip>

  <city>Rome</city>

  <pub>Claudio Duchetti</pub>

  <date>1585</date>

  <size>34 x 50 cm</size>

  <huref>Hu 116a</huref>

  <ref>A-B p.348, n.3438</ref>
</record>

<record>
  <num>A4</num>

  <subj>Map Of Rome</subj>

  <inscrip>Antiquae Urbis perfecta imago acuratissime delineata,
  iuxta antiqua vertigia</inscrip>

  <engrv>Ambrogio Brambilla after [Etienne Duperac]</engrv>

  <city>Rome</city>

  <pub>Claudio Duchetti</pub>

  <date>1582</date>

  <size>38 x 48 cm</size>

  <huref>Hu 1d</huref>

  <ref>Frutaz v.1, p.70 and v.2, pianta 25, tav.57</ref>
</record>

<record>
  <num>A40</num>

  <subj>Castle Of Sant'Angelo</subj>

  <inscrip>Castello S. Angelo con la Girandola</inscrip>

  <engrv>Ambrogio Brambilla</engrv>

  <city>[Rome]</city>

  <pub>Claudio Duchetti</pub>

  <date>[1581-1586]</date>

  <size>49.7 x 37.8 cm</size>

  <huref>Hu 172a (dated 1579)</huref>

  <note>Duchetti's activity as publisher began in 1581. The date in
  Huelsen's copy probably indicates the date when Brambilla
  executed this engraving.</note>
</record>

<record>
  <num>A41</num>

  <subj>Trajan's Column</subj>

  <engrv>Ambrogio Brambilla</engrv>

  <city>Rome</city>

  <pub>Claudio Duchetti</pub>

  <date>[1581-1586]</date>

  <size>49 x 33 cm</size>

  <huref>Hu 30d.</huref>

  <ref>Gruter, 
  <uln>Corpus</uln>

  , p.247, n.4</ref>
</record>

<record>
  <num>A42</num>

  <subj>Theater Of Marcellus</subj>

  <inscrip>Theatrum Marcelli</inscrip>

  <city>Rome</city>

  <pub>Claudio Duchetti</pub>

  <date>[1581-1586]</date>

  <size>37 x 52.5 cm</size>

  <huref>Hu 21e</huref>

  <ref>A-B p.326, n.3211</ref>
</record>

<record>
  <num>A43</num>

  <subj>Pantheon</subj>

  <inscrip>Pantheum Romanum nunc Mariae cognomento Rotundae notum
  ad antiquam suam effigiem et formam expressum</inscrip>

  <engrv>Probably by [Ambrogio Brambilla]</engrv>

  <city>[Rome</city>

  <pub>Claudio Duchetti</pub>

  <date>1581-1586]?</date>

  <size>32 x 36.5 cm</size>

  <huref>Hu 5e</huref>

  <ref>A-B p.257, n.2557</ref>
</record>

<record>
  <num>A44</num>

  <subj>Naval Battle</subj>

  <inscrip>Naumaohiae idest navalis pugnae ex vetusteis lapidum et
  nummorum monumenteis graphica deformatio</inscrip>

  <engrv>[Etienne Duperac]</engrv>

  <city>Rome</city>

  <pub>Claudio Duchetti</pub>

  <date>[1581-1586]</date>

  <size>38 x 52 cm</size>

  <huref>Hu 26b</huref>

  <ref>L-A v.1, p.316, n.45.</ref>

  <ref>Graevius, 
  <uln>Thes.</uln>

  , v.9, pl. facing cols. 435-436</ref>

  <ref>Poleni, 
  <uln>Thes.</uln>

  , v.3, pl. facing cols. 627-628</ref>
</record>

<record>
  <num>A45</num>

  <subj>Egyptian Obelisk In The Piazza Del Pantheon</subj>

  <inscrip>Obelisci in area Aedis S. Machuti Romae siti
  quadripartita delineatio</inscrip>

  <engrv>[Etienne Duperac]</engrv>

  <city>Rome</city>

  <pub>Claudio Duchetti</pub>

  <date>[1581-1586]</date>

  <size>41 x 28.5 cm</size>

  <huref>Hu 117b</huref>

  <ref>L-A v.1, p.316, n.46</ref>
</record>

<record>
  <num>A46</num>

  <subj>Castle Of Sant'Angelo</subj>

  <inscrip>Castello S. Angelo di Roma</inscrip>

  <engrv>Anon. after Nicolas Beatrizet</engrv>

  <city>[Rome]</city>

  <pub>Apud Eredes Claudio Duchetti</pub>

  <date>[1590-1591]</date>

  <size>33 x 46 cm</size>

  <huref>Hu 89d</huref>

  <ref>L-A v.1, p.92</ref>

  <note>Engraved during the pontificate of Pope Gregory XIV
  (1590-1591).</note>
</record>

<record>
  <num>A47</num>

  <subj>Trajan's Column</subj>

  <engrv>[Aenea Vico?]</engrv>

  <city>Rome</city>

  <pub>Antonio Salamanca</pub>

  <date>[1541-1562]</date>

  <size>53.5 x 28 cm</size>

  <huref>Hu 30f</huref>

  <ref>NaKL v.22, p.526, n.418b</ref>
</record>

<record>
  <num>A48</num>

  <subj>Circus Maximus</subj>

  <inscrip>Antiquitatum studiosis: en vobis... Circi Maximi
  descriptionem...ad unguem repraesentata</inscrip>

  <engrv>Nicolas Beatrizet after Pirro Ligorio</engrv>

  <city>Rome</city>

  <pub>Gian Domenico de Rossi</pub>

  <date>[1691-1720]</date>

  <size>40 x 56 cm</size>

  <ref>A-B p.147, n.1474</ref>

  <ref>L-A v.1, p.94</ref>

  <ref>DeW p.42, n.975</ref>

  <note>Also signed by Michele Tramezino (monogram) who published
  this engraving in 1553 (cf. Hu 33d), and by Paolo Graziani who
  published it in 1582 (cf. Hu 33e).</note>
</record>

<record>
  <num>A49</num>

  <subj>Sepulchre Of Metella</subj>

  <inscrip>Metellae uxoris Crassi sepulchrum ...omnibus admirabile
  prope, videatur</inscrip>

  <city>Rome</city>

  <pub>Henricus van Schoel</pub>

  <date>[ca. 1600]</date>

  <size>42 x 31.5 cm</size>

  <huref>Hu 38c.</huref>

  <ref>Gruter, 
  <uln>Corpus</uln>

  , p.377, n.7</ref>

  <note>Also signed by Antonio Lafreri who had published this
  engraving in 1549 (cf. Hu 38a).</note>
</record>

<record>
  <num>A5</num>

  <subj>Map Of Rome</subj>

  <inscrip>Urbis Romae discriptio</inscrip>

  <engrv>Ambrogio Brambilla</engrv>

  <city>Rome</city>

  <pub>Giovanni Orlandi</pub>

  <date>1602</date>

  <size>40 x 54 cm</size>

  <huref>Hu 2d</huref>

  <ref>HuP, p.71, n.79c</ref>

  <ref>Qu 2</ref>

  <note>The engraving is also signed by Claudio Duchetti and dated
  1590 (cf. Hu 2c).</note>
</record>

<record>
  <num>A50</num>

  <subj>Temple Of Fortuna Virilis</subj>

  <inscrip>Templum Fortunae Virilis nunc S. Mariae
  Aegyptiaca</inscrip>

  <size>38 x 53.5 cm</size>

  <ref>A-B p.334, n.3298 (with different dimensions)</ref>
</record>

<record>
  <num>A51</num>

  <subj>Temple Of Fortuna At Praeneste</subj>

  <inscrip>Orthographia templi Fortunae Praenestae. Sciographia
  templi Fortunae Praenestae</inscrip>

  <size>32.8 x 43.2 cm</size>
</record>

<record>
  <num>A52</num>

  <subj>Circus Maximus (Architectural plan)</subj>

  <inscrip>Circi Maximi et antiqui imperatorum Romanorum palatii
  ichnographia</inscrip>

  <engrv>Anon, after Ononfrio Panvinio?</engrv>

  <city>s.l.</city>

  <pub>s.n.</pub>

  <date>s.a.</date>

  <size>32 x 43.5 cm</size>

  <ref>Graevius, 
  <uln>Thes.</uln>

  , v.9, pl. facing cols. 53-54</ref>

  <note>Page 9 on upper right. The engraving probably comes from a
  Dutch edition of Panvinio's 
  <uln>De ludis circensibus</uln>

  published in the 17th century. Though the plate states 
  <uln>aeneis formeis expressa Onuphrii Panvini</uln>

  , it is difficult to ascertain the degree of his contribution to
  the engraving. The listings concerning him as engraver in NaKL
  v.12, p.276 and Ben v.6, p.507 are unreliable, and he is not
  listed in T-B. For bio-bibliographical information on Panvinio
  cf. EI v.26, p.219 and Zedler, v.26, cols. 602-605.</note>
</record>

<record>
  <num>A53</num>

  <subj>Villa Of Quintilius Varus</subj>

  <inscrip>Villa Quintilii Vari, propinqui Caesaris
  Augusti</inscrip>

  <size>35 x 42 cm</size>
</record>

<record>
  <num>A54</num>

  <subj>Egyptian Obelisk Flanked By Two Equestrian Statues</subj>

  <size>39 x 63 cm</size>
</record>

<record>
  <num>A55</num>

  <subj>Arch Of Titus Vespasian</subj>

  <city>s.l.</city>

  <pub>s.n.</pub>

  <date>[second half of the 17th century]</date>

  <size>38 x 29 cm</size>

  <ref>Gruter, 
  <uln>Corpus</uln>

  , p.244, n.6</ref>
</record>

<record>
  <num>A56</num>

  <subj>Arch Of Septimius Severus</subj>

  <inscrip>Nuovo et essatto prospetto dell'antico Arco Trionfale di
  Settimio Severo posto nel Foro Boario...dalla parte verso il
  Campidoglio</inscrip>

  <engrv>Pietro Paolo Girelli after Giuseppe Tiburtio
  Vergelli</engrv>

  <city>Rome</city>

  <pub>Matteo Gregorio Rossi</pub>

  <date>1692</date>

  <size>41 x 53 cm</size>

  <ref>NaKL v.22, p.395</ref>
</record>

<record>
  <num>A57</num>

  <subj>Views Of Rome</subj>

  <city>Rome</city>

  <pub>Gio. Giacomo de Rossi</pub>

  <date>[1649-1691]</date>

  <note>Probably part of a larger set.</note>

  <inscrip>Veduta dell'Isola di S. Bartolomeo</inscrip>

  <size>35.5 x 50 cm</size>
</record>

<record>
  <num>A58</num>

  <subj>Views Of Rome</subj>

  <city>Rome</city>

  <pub>Gio. Giacomo de Rossi</pub>

  <date>[1649-1691]</date>

  <note>Probably part of a larger set.</note>

  <inscrip>Veduta di Campo Vaccino</inscrip>

  <size>35 x 49 cm</size>
</record>

<record>
  <num>A59</num>

  <subj>Views Of Rome</subj>

  <city>Rome</city>

  <pub>Gio. Giacomo de Rossi</pub>

  <date>[1649-1691]</date>

  <note>Probably part of a larger set.</note>

  <inscrip>Altra veduta di Campo Vaccino</inscrip>

  <size>35 x 49 cm</size>
</record>

<record>
  <num>A6</num>

  <subj>Map Of Ancient Rome</subj>

  <inscrip>Roma antiqua</inscrip>

  <city>[Rome]</city>

  <pub>Goert van Schaych</pub>

  <date>[1620-1635]</date>

  <ref>Frutaz v.1, p.73 and v.2, pianta 28, tav.62</ref>
</record>

<record>
  <num>A60</num>

  <subj>Views Of Rome</subj>

  <city>Rome</city>

  <pub>Gio. Giacomo de Rossi</pub>

  <date>[1649-1691]</date>

  <note>Probably part of a larger set.</note>

  <inscrip>Veduta di Ripa Grande</inscrip>

  <size>35 x 50 cm</size>
</record>

<record>
  <num>A61</num>

  <subj>Views Of Rome</subj>

  <city>Rome</city>

  <pub>Gio. Giacomo de Rossi</pub>

  <date>[1649-1691]</date>

  <note>Probably part of a larger set.</note>

  <inscrip>Altra veduta di Ripa Grande</inscrip>

  <size>35 x 50 cm</size>
</record>

<record>
  <num>A62</num>

  <subj>Views Of Rome</subj>

  <city>Rome</city>

  <pub>Gio. Giacomo de Rossi</pub>

  <date>[1649-1691]</date>

  <note>Probably part of a larger set.</note>

  <inscrip>Veduta del'Ponte Milvio detto Ponte Molle</inscrip>

  <size>34.2 x 48 cm</size>
</record>

<record>
  <num>A63</num>

  <subj>The Farnese Palace</subj>

  <inscrip>Exterior orthographia frontis Farnesianae domus: quam
  Romae, et magnis impensis, et servatis architecturae praeceptis
  Paulus Tertius Pontifex Maximus, a fundamentis memoriae caussa,
  sibi posterisque suis erexit</inscrip>

  <engrv>Nicolas Beatrizet (monogram)</engrv>

  <city>[Rome]</city>

  <pub>Antonio Lafreri</pub>

  <date>1549</date>

  <size>34 x 55 cm</size>

  <huref>Hu 102a</huref>

  <ref>L-A v.1, p.92f. and v.2, p.351, ad a. 1549</ref>

  <ref>DeW p.42, n.974.</ref>

  <ref>Ferrerio, 
  <uln>Palazzi</uln>

  , pl.[2]</ref>
</record>

<record>
  <num>A64</num>

  <subj>Palace Of Raphael</subj>

  <inscrip>Raph. Urbinatis ex lapide coctili Romae,
  exstructum</inscrip>

  <city>Rome</city>

  <pub>Antonio Lafreri</pub>

  <date>1549</date>

  <size>25 x 38 cm</size>

  <huref>Hu 104a</huref>

  <ref>L-A v.2, p.351, ad a. 1549</ref>
</record>

<record>
  <num>A65</num>

  <subj>The Roman Capitol</subj>

  <inscrip>Capitolii et adjacentium sibi aedificiorum dextra,
  sinistraque nuper instauratorum simulque equestris Mar. Aurel. in
  media area, quae occidentem prospicit, aeneae statuae
  imago</inscrip>

  <engrv>[Nicolas Beatrizet]</engrv>

  <city>Rome</city>

  <pub>[Antonio Lafreri]</pub>

  <date>[ca. 1560]</date>

  <size>37 x 54 cm</size>

  <huref>Hu 90a</huref>

  <ref>A-B p.60, n.582</ref>

  <ref>L-A v.1, p.95</ref>
</record>

<record>
  <num>A66</num>

  <subj>St. Peter's Basilica: Vault Scaffolding</subj>

  <inscrip>La presente figura dimostra una armadura o vero
  incavallatura delle volte di San Pietro...e volendo sapere la sua
  misure disotto a detta ve la Canna Romana partito in parte 10
  detti palmi</inscrip>

  <engrv>Jacob Bos</engrv>

  <city>Rome</city>

  <pub>Antonio Lafreri</pub>

  <date>1561</date>

  <size>31.5 x 45 cm</size>

  <huref>Hu 97a</huref>

  <ref>A-B p.393, n.3894</ref>

  <ref>L-A v.2, p.352, ad a. 1561</ref>

  <ref>Hol v.3, p.150, n.20</ref>
</record>

<record>
  <num>A67</num>

  <subj>Tournament At The Teatro Di Belvedere</subj>

  <inscrip>Dissegno del torneamento fatto il lune Carnovale in Roma
  nel Theatro Vaticano</inscrip>

  <engrv>Etienne Duperac</engrv>

  <city>Rome</city>

  <pub>Antonio Lafreri</pub>

  <date>1565</date>

  <size>51 x 37 cm</size>

  <huref>Hu 99a</huref>

  <ref>L-A v.1, p. 323f, n.86 and v.2, p.353, ad a. 1566</ref>
</record>

<record>
  <num>A68</num>

  <subj>Marble Column In The Capella Della Pieta At St.
  Peter's</subj>

  <engrv>[Nicolas Beatrizet]</engrv>

  <city>Rome</city>

  <pub>Antonio Lafreri</pub>

  <date>[1554-1577]</date>

  <size>47 x 29.5 cm</size>

  <huref>Hu 29a</huref>

  <ref>L-A v.2, p.94</ref>
</record>

<record>
  <num>A69</num>

  <subj>Palace And Gardens Of Tivoli</subj>

  <inscrip>Ritratto nel quale si rappresenta il vero sito
  dell'horti et fontane che...si vedone nella villa in Tivoli,
  fatta dalla fe. me. d'Hippolito da Este Card. di
  Ferrara</inscrip>

  <engrv>Ambrogio Brambilla (monogram) after [Etienne
  Duperac]</engrv>

  <city>Rome</city>

  <pub>Claudio Duchetti</pub>

  <date>1581</date>

  <size>37 x 51 cm</size>

  <huref>Hu 113e.</huref>

  <ref>Greuter, 
  <uln>Giardini</uln>

  , pl.[8] (cf. Hu 113c and d)</ref>
</record>

<record>
  <num>A7</num>

  <subj>Map Of Rome</subj>

  <inscrip>Roma</inscrip>

  <city>s.l.</city>

  <pub>s.n.</pub>

  <date>[1624-1633]</date>

  <size>29 x 40 cm</size>

  <note>Engraved during the pontificate of Pope Urban VIII
  (1623-1644).</note>
</record>

<record>
  <num>A70</num>

  <subj>St. Peter's Basilica: Sistine Chapel</subj>

  <inscrip>Maiestatis Pontificiae dum in Cappella Xisti sacra
  peraguntus accurata delineatio</inscrip>

  <engrv>Ambrogio Brambilla after [Etienne Duperac]</engrv>

  <city>Rome</city>

  <pub>Claudio Duchetti</pub>

  <date>1582</date>

  <size>53 x 39 cm</size>

  <huref>Hu 130a</huref>

  <ref>L-A v.1, p.323, n.83</ref>
</record>

<record>
  <num>A71</num>

  <subj>Palace Of The Alberini</subj>

  <inscrip>Alberinorum Romae domus, ob singularem Bramantis
  architecti Florentini...ad posteritatem reservata imago</inscrip>

  <city>Rome</city>

  <pub>Claudio Duchetti</pub>

  <date>[1581-1586]</date>

  <size>31.5 x 46.5 cm</size>

  <huref>Hu 106c.</huref>

  <ref>Ferrerio, 
  <uln>Palazzi</uln>

  , pl. [27]</ref>
</record>

<record>
  <num>A72</num>

  <subj>The Farnese Palace</subj>

  <inscrip>Palatii Farnesii Romae...e solidissimo Tiburtino
  lapide...ab Antonio Sagallo inchoati...per Michaelem Angelum
  omnibus numeris consumati...in intimo eius ambulacro duarum
  Herculis statuarum icones</inscrip>

  <city>Rome</city>

  <pub>Claudio Duchetti</pub>

  <date>1585</date>

  <size>38 x 48 cm</size>

  <huref>Hu 103c.</huref>

  <ref>Ferrerio, 
  <uln>Palazzi</uln>

  , pl. [3]</ref>
</record>

<record>
  <num>A73</num>

  <subj>The Farnese Palace</subj>

  <inscrip>Palatium Farnesiorum in urbe</inscrip>

  <size>41 x 53 cm</size>

  <ref>Ferrerio, 
  <uln>Palazzi</uln>

  , pl.[2]</ref>
</record>

<record>
  <num>A74</num>

  <subj>The Farnese Palace</subj>

  <inscrip>Facies interna Palatii Farnesiorum, quod est in
  urbe</inscrip>

  <size>42 x 49 cm</size>

  <ref>Ferrerio, 
  <uln>Palazzi</uln>

  , pl. [3]</ref>
</record>

<record>
  <num>A75</num>

  <subj>View Of The Tiber</subj>

  <inscrip>Prospectus Tyburtinus</inscrip>

  <city>[Rome?]</city>

  <pub>Hieronymus Cock</pub>

  <date>[ca. 1552]</date>

  <size>31 x 41.5 cm</size>
</record>

<record>
  <num>A76</num>

  <subj>Courtyard With Fountain In The Villa Of Pope Julius
  Iii</subj>

  <engrv>Anon. after [Hieronymus Cock]</engrv>

  <city>s.l.</city>

  <pub>s.n.</pub>

  <date>s.d.</date>

  <size>29.5 x 40 cm</size>

  <huref>Hu 165a</huref>
</record>

<record>
  <num>A77</num>

  <subj>The Roman Capitol</subj>

  <inscrip>Capitolii Romani vera imago ut nunc est</inscrip>

  <city>Rome</city>

  <pub>Nicolaus Van Aelst</pub>

  <date>1600</date>

  <size>36.8 x 53 cm</size>
</record>

<record>
  <num>A78</num>

  <subj>The Roman Capitol</subj>

  <inscrip>Capitolii Romani vera imago ut nunc est</inscrip>

  <city>Rome</city>

  <pub>Gio. Giacomo de Rossi</pub>

  <date>1650</date>

  <size>36.8 x 53 cm</size>
</record>

<record>
  <num>A79</num>

  <subj>View Of An Arch And Of Diverse Roman Edifices</subj>

  <inscrip>Nova racolta di palazzi diversi nel alma Citta di
  Roma</inscrip>

  <city>Rome</city>

  <pub>Gio. Giacomo de Rossi</pub>

  <date>1650</date>

  <size>25 x 37 cm</size>

  <ref>Weigel, 99 (with Van Aelst's address)</ref>

  <note>This engraving seems to be the title page of a set.</note>
</record>

<record>
  <num>A8</num>

  <subj>Map Of Rome</subj>

  <inscrip>Abbildung der Vortrefflichen und Weltberuhmten Statt
  Rom</inscrip>

  <engrv>Anon. after [Antonio Tempesta]</engrv>

  <city>[Augsburg]</city>

  <pub>Johann Philip Steidner</pub>

  <date>[late 17th/early 18th century]</date>

  <size>24.8 x 36.5 cm</size>

  <ref>T-B v.32, p.206 s.v. Steudner</ref>

  <ref>Frutaz v.1, p.195 and v.2, pianta 136, tav.276</ref>

  <note>An earlier version of this map was published by D. Funck in
  the 17th century.</note>
</record>

<record>
  <num>A80</num>

  <subj>St. Peter's Basilica External View</subj>

  <inscrip>Forma partis Templi Divi Petri in Vaticano. Michael
  Angelus Bonarotus Inventor....</inscrip>

  <city>Rome</city>

  <pub>Vincenzo Luchino</pub>

  <date>1563</date>

  <size>37.5 x 53.5 cm</size>

  <huref>Hu 96a</huref>

  <ref>A-B p. 380, n.3775</ref>
</record>

<record>
  <num>A81</num>

  <subj>St. Peter's Basilica And Colonnade</subj>

  <inscrip>Prospectum porticum auspiciis S. D. Alexandri VII
  erectarum ante Basilicam S. Petri in Vaticano</inscrip>

  <engrv>[Joannes Ranzonius] after Joannes Trost</engrv>

  <city>Rome</city>

  <pub>s.n.</pub>

  <date>[1662]</date>

  <size>41 x 50 cm</size>

  <ref>T-B v.33, p.433</ref>

  <ref>NaKL v.21, p.344f</ref>
</record>

<record>
  <num>A82</num>

  <subj>St. Peter's Basilica</subj>

  <inscrip>St. Pierre du Vatican a Rome</inscrip>

  <city>Paris</city>

  <pub>[Etienne] Charpentier</pub>

  <date>[ca.1750]</date>

  <size>33 x 51 cm</size>

  <ref>T-B v.6, p.406</ref>
</record>

<record>
  <num>A83</num>

  <subj>St. Peter's Basilica Floor Plan</subj>

  <inscrip>Pianta della chiesa di S. Pietro in Vaticano. Descritta
  da Carlo Padredio</inscrip>

  <engrv>Giovanni Battista Falda</engrv>

  <city>Rome</city>

  <pub>s.n.</pub>

  <date>[1673?]</date>

  <size>42.5 x 23 cm</size>

  <ref>BM v.178, col.316.</ref>

  <ref>Falda, 
  <uln>Nuova teatro</uln>

  , pt.3, pl. [5]</ref>

  <note>After Falda's name appears the date 1667 (cf. also
  engravings B 189 and C 474).</note>
</record>

<record>
  <num>A84</num>

  <subj>Facade And Architectural Plan Of The Vatican Library</subj>

  <inscrip>Sixtus V. Pont. Max. bibliothecam aedificavit porticus
  conjunxit an. MDLXXXIII Pont. III</inscrip>

  <size>38.5 x 57.5 cm</size>

  <note>Number 86 on upper right and left.</note>
</record>

<record>
  <num>A85</num>

  <subj>Auditorium Of The Pontifical Palace (?) Floor Plan</subj>

  <inscrip>Theatri. Ichnographia</inscrip>

  <size>32 x 44 cm</size>

  <note>Page 300a inscribed in lower right.</note>
</record>

<record>
  <num>A86</num>

  <subj>Edifices Of Modern Rome</subj>

  <inscrip>[Les plus beaux edifices de Rome to moderne]</inscrip>

  <engrv>Freicenet [et al.] after J. Barbault</engrv>

  <city>Rome</city>

  <pub>Bouchard &amp; Gravier</pub>

  <date>[1763]</date>

  <ref>Roux v.2, p.43, n.5</ref>

  <note>Part of a set of 44 engravings plus many vignettes executed
  by Freicenet, Giraud and Montaigu. All of these engravings repeat
  in French the Italian inscription.</note>

  <inscrip>Veduta della Chiesa e Piazza di S. Eustachio</inscrip>

  <size>38.5 x 53 cm</size>

  <note>(Plate n. [3] signed by Barbault, Greicenet and the
  publishers).</note>

  <ref>Roux v.9, p.360, n.9</ref>

  <ref>A-B p.95, n.917</ref>
</record>

<record>
  <num>A87</num>

  <subj>Edifices Of Modern Rome</subj>

  <inscrip>[Les plus beaux edifices de Rome to moderne]</inscrip>

  <engrv>Freicenet [et al.] after J. Barbault</engrv>

  <city>Rome</city>

  <pub>Bouchard &amp; Gravier</pub>

  <date>[1763]</date>

  <ref>Roux v.2, p.43, n.5</ref>

  <note>Part of a set of 44 engravings plus many vignettes executed
  by Freicenet, Giraud and Montaigu. All of these engravings repeat
  in French the Italian inscription.</note>

  <inscrip>Veduta del Collegio Romano</inscrip>

  <size>38.5 x 53 cm</size>

  <note>(Plate n.[17] signed by Freicenet and by the
  publishers).</note>

  <ref>Roux v.9, p.360, n.7</ref>

  <ref>A-B p.95, n.917</ref>
</record>

<record>
  <num>A88</num>

  <subj>Edifices Of Modern Rome</subj>

  <inscrip>[Les plus beaux edifices de Rome to moderne]</inscrip>

  <engrv>Freicenet [et al.] after J. Barbault</engrv>

  <city>Rome</city>

  <pub>Bouchard &amp; Gravier</pub>

  <date>[1763]</date>

  <ref>Roux v.2, p.43, n.5</ref>

  <note>Part of a set of 44 engravings plus many vignettes executed
  by Freicenet, Giraud and Montaigu. All of these engravings repeat
  in French the Italian inscription.</note>

  <inscrip>Chiese e monasteri di S. Domenico e Sis e di S. Caterina
  da Siena della Religiose di S. Domenico</inscrip>

  <size>38.5 x 53 cm</size>

  <note>(Signed by the publishers)</note>

  <note>If this engraving belongs to the same set, it may have been
  engraved by Montaigu, a catalogue of whose work is as yet
  unavailable.</note>
</record>

<record>
  <num>A89</num>

  <subj>Statues Of The Dioscuri At The Quirinal</subj>

  <inscrip>Opus Praxitelis. Opus Fidiae</inscrip>

  <city>Rome</city>

  <pub>Antonio Lafreri</pub>

  <date>1546</date>

  <size>35 x 50.5 cm</size>

  <huref>Hu 53a</huref>

  <ref>A-B p.320, n.3163</ref>

  <ref>L-A v.2, p.351, ad a. 1546</ref>

  <ref>VA 1434</ref>

  <ref>Praun, p.176, n.120</ref>
</record>

<record>
  <num>A9</num>

  <subj>View Of Rome</subj>

  <inscrip>Wahrhafte Abbildung der unvergleichlichen Statt Rome
  welche nicht nur der Welschen Lande sondern fast die Haubt Statt
  ist der ganzen Welt</inscrip>

  <engrv>I. Azelt</engrv>

  <city>Nuremberg</city>

  <pub>Joh. And. von Creuz</pub>

  <date>[1672-1692]</date>

  <size>30.5 x 38.5 cm</size>

  <ref>T-B v.2, p.293 and v.8, p.104</ref>

  <note>No.29 on lower right. Meyer v.2, p.495, n.24 lists an
  engraving by Azelt of Villa Pamphili bearing the number 32 on the
  upper right.</note>
</record>

<record>
  <num>A90</num>

  <subj>Roma Victrix</subj>

  <inscrip>Roma Victrix de Dacia Provincia subacta triumphans.
  Vultu Achabitu barbarorumque spolis inlustris</inscrip>

  <engrv>Attributed to [Nicolas Beatrizet]</engrv>

  <city>Rome</city>

  <pub>Antonio Lafreri</pub>

  <date>1549</date>

  <size>48.5 x 38 cm</size>

  <huref>Hu 72a</huref>

  <ref>L-A v.1, p.88 and v.2, p.351, ad a. 1548</ref>

  <ref>Qu 222</ref>

  <ref>VA 653</ref>

  <ref>Praun, p.177, n.127</ref>
</record>

<record>
  <num>A91</num>

  <subj>Ikarios Relief</subj>

  <inscrip>Triclinarium lectorem tripedis mensae et accumbentium ex
  marmoreis tabulis graphica deformatio</inscrip>

  <city>Rome</city>

  <pub>Antonio Lafreri</pub>

  <date>1549</date>

  <size>33.5 x 49 cm</size>

  <huref>Hu 46a</huref>

  <ref>L-A v.2, p.351, ad a. 1549.</ref>

  <ref>P. Chacon, 
  <uln>Triclinio</uln>
  </ref>
</record>

<record>
  <num>A92</num>

  <subj>Statues Of The Dioscuri At The Quirinal Back View</subj>

  <inscrip>Equitum, in Quirinali, aversa parte, marmorei colossi...
  Praxitelis et Fidiae manu</inscrip>

  <city>Rome</city>

  <pub>Antonio Lafreri</pub>

  <date>1550</date>

  <size>33.4 x 48.5 cm</size>

  <huref>Hu 54a</huref>

  <ref>L-A v.2, p.351, ad a. 1550</ref>

  <ref>VA 1435</ref>

  <ref>Praun, p.176, n.119</ref>
</record>

<record>
  <num>A93</num>

  <subj>Pasquino</subj>

  <inscrip>Io non son (come paio) un Babbuino...Chi terra me' che
  no'1 ridica poi</inscrip>

  <city>Rome</city>

  <pub>Antonio Lafreri</pub>

  <date>1550</date>

  <size>39.5 x 28.5 cm</size>

  <huref>Hu 71a</huref>

  <ref>A-B p.322, n.3185</ref>

  <ref>L-A v.2, p.351, ad a. 1550</ref>

  <note>The inscription is a sonetto caudato. Pas v.6, p.120,
  n.118, attributes this engraving to Nicolas Beatrizet.</note>
</record>

<record>
  <num>A94</num>

  <subj>Statue Of The Emperor Commodus</subj>

  <inscrip>Commodi imp. faciem atque habitum Herculis
  induti...statua insignis ita ut in Belvedere...extat</inscrip>

  <city>Rome</city>

  <pub>Antonio Lafreri</pub>

  <date>1550</date>

  <size>45 x 30 cm</size>

  <huref>Hu 58a</huref>

  <ref>A-B p.324, n.3190</ref>

  <ref>L-A v.2, p.351, ad a. 1550</ref>

  <ref>Hol v.3, p.150, n.16</ref>
</record>

<record>
  <num>A95</num>

  <subj>Hermaphroditus</subj>

  <inscrip>Hermaphroditi statua ex basalte duritatis colorisque
  ferrei Romae in Pallatio Farnesiano collocata</inscrip>

  <engrv>Anon. after [Marcantonio Raimondi]</engrv>

  <city>Rome</city>

  <pub>Antonio Lafreri</pub>

  <date>1552</date>

  <size>45 x 30.5 cm</size>

  <huref>Hu 56a</huref>

  <ref>L-A v.2, p.351, ad a. 1552</ref>

  <ref>NaKL v.13, p.490, n.279</ref>

  <ref>VA 1433</ref>
</record>

<record>
  <num>A96</num>

  <subj>The Apollo Belvedere</subj>

  <inscrip>Sic Romae ex Marmore sculp. in Palatio Pont. qui vulgo
  dicitur Belvedere</inscrip>

  <engrv>Anon. after [Marcantonio Raimondi]</engrv>

  <city>Rome</city>

  <pub>Antonio Lafreri</pub>

  <date>1552</date>

  <size>45.5 x 31 cm</size>

  <huref>Hu 57a</huref>

  <ref>L-A v.2, p.351, ad a. 1552</ref>

  <ref>NaKL v.13, p.490, n.278</ref>
</record>

<record>
  <num>A97</num>

  <subj>Bas Reliefs From The Arch Of Constantine</subj>

  <engrv>Nicolas Beatrizet (monogram)</engrv>

  <city>Rome</city>

  <pub>Antonio Lafreri</pub>

  <date>1553</date>

  <ref>L-A v.2, p.351, ad a. 1553</ref>

  <note>On lower side, wirtten in ink: in casa Maffei.</note>

  <inscrip>Tabula marmorea, pugnae Dacicae; ex diruto Traiani, ut
  putatur, arcu, in Constatini cognomento Magni; qua spectat
  Aventinum; ornatus causa; Romae translata</inscrip>

  <size>29.5 x 45 cm</size>

  <huref>Hu 16a</huref>

  <ref>L-A v.1, p.89.</ref>

  <ref>Bartoli, 
  <uln>Arcus</uln>

  , pl.43</ref>
</record>

<record>
  <num>A98</num>

  <subj>Bas Reliefs From The Arch Of Constantine</subj>

  <engrv>Nicolas Beatrizet (monogram)</engrv>

  <city>Rome</city>

  <pub>Antonio Lafreri</pub>

  <date>1553</date>

  <ref>L-A v.2, p.351, ad a. 1553</ref>

  <note>On lower side, wirtten in ink: in casa Maffei.</note>

  <inscrip>Tabula marmorea, pugnae Dacicae: ex diruto Traiani; ut
  putatur, arcu; in Constantini cognomento Magni; quae spectat
  Aventinum; ornatus causa; Romae, translata</inscrip>

  <size>26 x 36.5 cm</size>

  <huref>Hu 17a</huref>

  <ref>L-A v.1, p.95.</ref>

  <ref>Bartoli, 
  <uln>Arcus</uln>

  , pl.45 (reversed)</ref>
</record>

<record>
  <num>A99</num>

  <subj>Meleager</subj>

  <inscrip>Antiquum ex pario marmore, in aedibus Hadriani Episcopi
  Aquinatis, et numeris omnibus absolutum...simulacrum</inscrip>

  <engrv>Anon. after [Nicolas Beatrizet?]</engrv>

  <city>Rome</city>

  <pub>Antonio Lafreri</pub>

  <date>1555</date>

  <size>45 x 30.5 cm</size>

  <huref>Hu 63a</huref>

  <ref>A-B p.322, n.3183</ref>

  <ref>L-A v.2, p.352, ad a. 1555</ref>
</record>

<record>
  <num>B180</num>

  <subj>Temple Of Fortuna Virilis</subj>

  <inscrip>Templum Fortunae Virilis ad ripas Tiberis in Foro
  Piscario nunc Mariae Aegiptiacae sacratum</inscrip>

  <engrv>Nicolas Beatrizet (monogram)</engrv>

  <city>Rome</city>

  <pub>Tommaso Barlacchi</pub>

  <date>1550</date>

  <size>30 x 36 cm</size>

  <huref>Hu 10a</huref>

  <ref>A-B p.334, n.3295</ref>

  <ref>L-A v.1, p.91</ref>
</record>

<record>
  <num>B181</num>

  <subj>The Colosseum Romanum</subj>

  <inscrip>Theatrum sive Coliseum Romanum</inscrip>

  <city>[Rome]</city>

  <pub>Antonio Lafreri</pub>

  <date>before 1558</date>

  <size>30 x 41 cm</size>

  <huref>Hu 19a (cf. also p.127)</huref>

  <ref>A-B p.160, n.1585 (with different dimensions)</ref>
</record>

<record>
  <num>B182</num>

  <subj>Castle Of Sant'Angelo</subj>

  <inscrip>Castello Angelo di Roma</inscrip>

  <city>[Rome]</city>

  <pub>Antonio Lafreri or Claudio Duchetti</pub>

  <date>1575-1586]</date>

  <size>25 x 36 cm</size>

  <huref>Hu 89b</huref>
</record>

<record>
  <num>B183</num>

  <subj>Temple Of Romulus And Remus</subj>

  <inscrip>Templi (ut putant) Romuli ac Remi quod in Comitio
  cernitur ac nunc Divis Cosmo Damianoque sacrum est porta marmorea
  valveque aeneae formis...ad vivum effigiatae</inscrip>

  <engrv>[Ambrogio Brambilla?]</engrv>

  <city>Rome</city>

  <pub>Claudio Duchetti</pub>

  <date>1582</date>

  <size>42 x 29.5 cm</size>

  <huref>Hu 7d</huref>
</record>

<record>
  <num>B184</num>

  <subj>Temple Of Castor And Pollux</subj>

  <city>Rome</city>

  <pub>Claudio Duchetti</pub>

  <date>[1581-1586]</date>

  <size>39 x 28.5 cm</size>

  <huref>Hu 8d</huref>
</record>

<record>
  <num>B185</num>

  <subj>Views Of Rome</subj>

  <engrv>Willem van Nieulandt</engrv>

  <city>Antwerp</city>

  <pub>Willem van Nieulandt</pub>

  <date>[1610?]</date>

  <ref>Hol v.14, p.163, n.6-9 (with different dimensions)</ref>

  <ref>BM v.172, col.65 s.v. Nieuwlant</ref>

  <note>Complete set consisting of four numbered engravings. W. van
  Nieulandt's signature appears only on engraving n.1 (B
  185).</note>

  <inscrip>L'arco di Settimio, il Tempio di Giove Statore, &amp;
  Campidoglio</inscrip>

  <size>25 x 33 cm</size>

  <note>(Engraving n.1)</note>
</record>

<record>
  <num>B186</num>

  <subj>Views Of Rome</subj>

  <engrv>Willem van Nieulandt</engrv>

  <city>Antwerp</city>

  <pub>Willem van Nieulandt</pub>

  <date>[1610?]</date>

  <ref>Hol v.14, p.163, n.6-9 (with different dimensions)</ref>

  <ref>BM v.172, col.65 s.v. Nieuwlant</ref>

  <note>Complete set consisting of four numbered engravings. W. van
  Nieulandt's signature appears only on engraving n.1 (B
  185).</note>

  <inscrip>Torre di Conti &amp; Santo Maria di Retonde</inscrip>

  <size>25 x 33 cm</size>

  <note>(Engraving n.2)</note>
</record>

<record>
  <num>B187</num>

  <subj>Views Of Rome</subj>

  <engrv>Willem van Nieulandt</engrv>

  <city>Antwerp</city>

  <pub>Willem van Nieulandt</pub>

  <date>[1610?]</date>

  <ref>Hol v.14, p.163, n.6-9 (with different dimensions)</ref>

  <ref>BM v.172, col.65 s.v. Nieuwlant</ref>

  <note>Complete set consisting of four numbered engravings. W. van
  Nieulandt's signature appears only on engraving n.1 (B
  185).</note>

  <inscrip>Tempio di Venere, Tempio di Romolo e Remo, Tempio della
  Pace, torre melitie, e portico del Tempio d'Antonino &amp;
  Faustina</inscrip>

  <size>23.5 x 33 cm</size>

  <note>(Engraving n.3)</note>
</record>

<record>
  <num>B188</num>

  <subj>Views Of Rome</subj>

  <engrv>Willem van Nieulandt</engrv>

  <city>Antwerp</city>

  <pub>Willem van Nieulandt</pub>

  <date>[1610?]</date>

  <ref>Hol v.14, p.163, n.6-9 (with different dimensions)</ref>

  <ref>BM v.172, col.65 s.v. Nieuwlant</ref>

  <note>Complete set consisting of four numbered engravings. W. van
  Nieulandt's signature appears only on engraving n.1 (B
  185).</note>

  <inscrip>Castello di S. Angelo</inscrip>

  <size>24 x 30 cm</size>

  <note>(Engraving n.4)</note>
</record>

<record>
  <num>B189</num>

  <subj>Original Basilica Of St. Peter (inner sectional
  view)</subj>

  <inscrip>Spaccato per traverso del anticho temp.
  Vaticano</inscrip>

  <engrv>Giovanni Battista Falda</engrv>

  <city>[Rome]</city>

  <pub>s.n.</pub>

  <date>[1673?]</date>

  <size>25.5 x 32.5 cm</size>

  <ref>BM v.70, col.624 s.v. Falda</ref>

  <note>See also engraving A 83.</note>
</record>

<record>
  <num>B190</num>

  <subj>Elevations Of Roman Churches</subj>

  <inscrip>[Praecipua Urbis Romanae Templa]</inscrip>

  <engrv>Valerian Regnard</engrv>

  <city>[Rome?]</city>

  <pub>s.n.</pub>

  <date>[1630-1650]</date>

  <ref>T-B v.28, p.85</ref>

  <ref>BM v.200, col.223 s.v. Regnartius and v.207, col.629 s.v.
  Rossi</ref>

  <note>Regnard's name appears in the dedication on engraving n.3
  (B 192). His designs of Roman churches were first published in
  Varie bella inventioni de tempio ... (Paris Michel Vanlochom
  1631); a more complete edition, containing 32 plates, was
  published as Praecipua urbis Romanae templa (Rome, 1650);
  finally, they were also included in Insignium Romae templorum
  prospectus exteriores interioresque ... ([Rome] Io. Iacobo de
  Rubeis 1684), containing 72 numbered plates. A comparison between
  the engravings listed here and those in the de Rossi edition (as
  listed in A-B), shows marked variants both in the text of the
  inscriptions and in the measurements.</note>

  <inscrip>Facies externa Templi Sancta Mariae Transpontem Sancti
  Angeli Ordinis Carmelitarum</inscrip>

  <size>35 x 18 cm</size>

  <note>(Engraving n.1)</note>

  <ref>A-B p.124, n.1238</ref>
</record>

<record>
  <num>B191</num>

  <subj>Elevations Of Roman Churches</subj>

  <inscrip>[Praecipua Urbis Romanae Templa]</inscrip>

  <engrv>Valerian Regnard</engrv>

  <city>[Rome?]</city>

  <pub>s.n.</pub>

  <date>[1630-1650]</date>

  <ref>T-B v.28, p.85</ref>

  <ref>BM v.200, col.223 s.v. Regnartius and v.207, col.629 s.v.
  Rossi</ref>

  <note>Regnard's name appears in the dedication on engraving n.3
  (B 192). His designs of Roman churches were first published in
  Varie bella inventioni de tempio ... (Paris Michel Vanlochom
  1631); a more complete edition, containing 32 plates, was
  published as Praecipua Urbis Romanae templa (Rome, 1650);
  finally, they were also included in Insignium Romae templorum
  prospectus exteriores interioresque ... ([Rome] Io. Iacobo de
  Rubeis 1684), containing 72 numbered plates. A comparison between
  the engravings listed here and those in the de Rossi edition (as
  listed in A-B), shows marked variants both in the text of the
  inscriptions and in the measurements.</note>

  <inscrip>Facies externa Templi S. Athanasii a Gregorio XIII...
  Graecorum Nationi exaedificata</inscrip>

  <size>30 x 17.5 cm</size>

  <note>(Engraving n.2)</note>

  <ref>A-B p.87, n.830</ref>
</record>

<record>
  <num>B192</num>

  <subj>Elevations Of Roman Churches</subj>

  <inscrip>[Praecipua Urbis Romanae Templa]</inscrip>

  <engrv>Valerian Regnard</engrv>

  <city>[Rome?]</city>

  <pub>s.n.</pub>

  <date>[1630-1650]</date>

  <ref>T-B v.28, p.85</ref>

  <ref>BM v.200, col.223 s.v. Regnartius and v.207, col.629 s.v.
  Rossi</ref>

  <note>Regnard's name appears in the dedication on engraving n.3
  (B 192). His designs of Roman churches were first published in
  Varie bella inventioni de tempio ... (Paris Michel Vanlochom
  1631); a more complete edition, containing 32 plates, was
  published as Praecipua Urbis Romanae templa (Rome, 1650);
  finally, they were also included in Insignium Romae templorum
  prospectus exteriores interioresque ... ([Rome] Io. Iacobo de
  Rubeis 1684), containing 72 numbered plates. A comparison between
  the engravings listed here and those in the de Rossi edition (as
  listed in A-B), shows marked variants both in the text of the
  inscriptions and in the measurements.</note>

  <inscrip>Facies externa Templi Sancti Ludovici Regis Gallorum
  nationis Gallicanae</inscrip>

  <size>29.5 x 17 cm</size>

  <note>(Engraving n.3)</note>

  <ref>A-B p.110, n.1088</ref>
</record>

<record>
  <num>B193</num>

  <subj>Elevations Of Roman Churches</subj>

  <inscrip>[Praecipua Urbis Romanae Templa]</inscrip>

  <engrv>Valerian Regnard</engrv>

  <city>[Rome?]</city>

  <pub>s.n.</pub>

  <date>[1630-1650]</date>

  <ref>T-B v.28, p.85</ref>

  <ref>BM v.200, col.223 s.v. Regnartius and v.207, col.629 s.v.
  Rossi</ref>

  <note>Regnard's name appears in the dedication on engraving n.3
  (B 192). His designs of Roman churches were first published in
  Varie bella inventioni de tempio ... (Paris Michel Vanlochom
  1631); a more complete edition, containing 32 plates, was
  published as Praecipua Urbis Romanae templa (Rome, 1650);
  finally, they were also included in Insignium Romae templorum
  prospectus exteriores interioresque ... ([Rome] Io. Iacobo de
  Rubeis 1684), containing 72 numbered plates. A comparison between
  the engravings listed here and those in the de Rossi edition (as
  listed in A-B), shows marked variants both in the text of the
  inscriptions and in the measurements.</note>

  <size>28.5 x 18 cm</size>

  <note>(Engraving n.4)</note>
</record>

<record>
  <num>B194</num>

  <subj>Elevations Of Roman Churches</subj>

  <inscrip>[Praecipua Urbis Romanae Templa]</inscrip>

  <engrv>Valerian Regnard</engrv>

  <city>[Rome?]</city>

  <pub>s.n.</pub>

  <date>[1630-1650]</date>

  <ref>T-B v.28, p.85</ref>

  <ref>BM v.200, col.223 s.v. Regnartius and v.207, col.629 s.v.
  Rossi</ref>

  <note>Regnard's name appears in the dedication on engraving n.3
  (B 192). His designs of Roman churches were first published in
  Varie bella inventioni de tempio ... (Paris Michel Vanlochom
  1631); a more complete edition, containing 32 plates, was
  published as Praecipua Urbis Romanae templa (Rome, 1650);
  finally, they were also included in Insignium Romae templorum
  prospectus exteriores interioresque ... ([Rome] Io. Iacobo de
  Rubeis 1684), containing 72 numbered plates. A comparison between
  the engravings listed here and those in the de Rossi edition (as
  listed in A-B), shows marked variants both in the text of the
  inscriptions and in the measurements.</note>

  <inscrip>Facies externa Templa Sanctae Mariae Laurentanae quod in
  agro Piceno eo loco in quo B. Virgo domum suam per diversas
  regiones transvectam collocari voluit erectum est.</inscrip>

  <size>33 x 18 cm</size>

  <note>(Engraving n.5)</note>
</record>

<record>
  <num>B195</num>

  <subj>Elevations Of Roman Churches</subj>

  <inscrip>[Praecipua Urbis Romanae Templa]</inscrip>

  <engrv>Valerian Regnard</engrv>

  <city>[Rome?]</city>

  <pub>s.n.</pub>

  <date>[1630-1650]</date>

  <ref>T-B v.28, p.85</ref>

  <ref>BM v.200, col.223 s.v. Regnartius and v.207, col.629 s.v.
  Rossi</ref>

  <note>Regnard's name appears in the dedication on engraving n.3
  (B 192). His designs of Roman churches were first published in
  Varie bella inventioni de tempio ... (Paris Michel Vanlochom
  1631); a more complete edition, containing 32 plates, was
  published as Praecipua Urbis Romanae templa (Rome, 1650);
  finally, they were also included in Insignium Romae templorum
  prospectus exteriores interioresque ... ([Rome] Io. Iacobo de
  Rubeis 1684), containing 72 numbered plates. A comparison between
  the engravings listed here and those in the de Rossi edition (as
  listed in A-B), shows marked variants both in the text of the
  inscriptions and in the measurements.</note>

  <inscrip>Facies externa Templi S. Hieronimi nationi Dalmatiae a
  Sixto V. P. M. extructi ad ripam Tiberis</inscrip>

  <size>29.5 x 17 cm</size>

  <note>(Engraving n.6)</note>

  <ref>A-B p.96, n.932</ref>
</record>

<record>
  <num>B196</num>

  <subj>Elevations Of Roman Churches</subj>

  <inscrip>[Praecipua Urbis Romanae Templa]</inscrip>

  <engrv>Valerian Regnard</engrv>

  <city>[Rome?]</city>

  <pub>s.n.</pub>

  <date>[1630-1650]</date>

  <ref>T-B v.28, p.85</ref>

  <ref>BM v.200, col.223 s.v. Regnartius and v.207, col.629 s.v.
  Rossi</ref>

  <note>Regnard's name appears in the dedication on engraving n.3
  (B 192). His designs of Roman churches were first published in
  Varie bella inventioni de tempio ... (Paris Michel Vanlochom
  1631); a more complete edition, containing 32 plates, was
  published as Praecipua Urbis Romanae templa (Rome, 1650);
  finally, they were also included in Insignium Romae templorum
  prospectus exteriores interioresque ... ([Rome] Io. Iacobo de
  Rubeis 1684), containing 72 numbered plates. A comparison between
  the engravings listed here and those in the de Rossi edition (as
  listed in A-B), shows marked variants both in the text of the
  inscriptions and in the measurements.</note>

  <inscrip>Facies externa Sancte Mariae a Vallicella Congregationis
  ab Phillippo Nerio fondate familiae Cesiae magnificentia
  exaedificavit</inscrip>

  <size>34 x 18.5 cm</size>

  <note>(Engraving n.7)</note>

  <ref>A-B p.124, n.1248</ref>
</record>

<record>
  <num>B197</num>

  <subj>Elevations Of Roman Churches</subj>

  <inscrip>[Praecipua Urbis Romanae Templa]</inscrip>

  <engrv>Valerian Regnard</engrv>

  <city>[Rome?]</city>

  <pub>s.n.</pub>

  <date>[1630-1650]</date>

  <ref>T-B v.28, p.85</ref>

  <ref>BM v.200, col.223 s.v. Regnartius and v.207, col.629 s.v.
  Rossi</ref>

  <note>Regnard's name appears in the dedication on engraving n.3
  (B 192). His designs of Roman churches were first published in
  Varie bella inventioni de tempio ... (Paris Michel Vanlochom
  1631); a more complete edition, containing 32 plates, was
  published as Praecipua Urbis Romanae templa (Rome, 1650);
  finally, they were also included in Insignium Romae templorum
  prospectus exteriores interioresque ... ([Rome] Io. Iacobo de
  Rubeis 1684), containing 72 numbered plates. A comparison between
  the engravings listed here and those in the de Rossi edition (as
  listed in A-B), shows marked variants both in the text of the
  inscriptions and in the measurements.</note>

  <inscrip>Facies externa Templi Sanctae Susannae in monte
  Quirinali</inscrip>

  <size>32 x 18 cm</size>

  <note>(Engraving n.8)</note>

  <ref>A-B p.140, n.1399</ref>
</record>

<record>
  <num>B198</num>

  <subj>Elevations Of Roman Churches</subj>

  <inscrip>[Praecipua Urbis Romanae Templa]</inscrip>

  <engrv>Valerian Regnard</engrv>

  <city>[Rome?]</city>

  <pub>s.n.</pub>

  <date>[1630-1650]</date>

  <ref>T-B v.28, p.85</ref>

  <ref>BM v.200, col.223 s.v. Regnartius and v.207, col.629 s.v.
  Rossi</ref>

  <note>Regnard's name appears in the dedication on engraving n.3
  (B 192). His designs of Roman churches were first published in
  Varie bella inventioni de tempio ... (Paris Michel Vanlochom
  1631); a more complete edition, containing 32 plates, was
  published as Praecipua Urbis Romanae templa (Rome, 1650);
  finally, they were also included in Insignium Romae templorum
  prospectus exteriores interioresque ... ([Rome] Io. Iacobo de
  Rubeis 1684), containing 72 numbered plates. A comparison between
  the engravings listed here and those in the de Rossi edition (as
  listed in A-B), shows marked variants both in the text of the
  inscriptions and in the measurements.</note>

  <inscrip>Facies externa Templi S. Jacobi Hospitalis Incurabilium
  in via Flaminia a Cardinali Salvatio erecti</inscrip>

  <size>20 x 17 cm</size>

  <note>(Engraving n.9)</note>

  <ref>A-B p.98, n.957</ref>
</record>

<record>
  <num>B199</num>

  <subj>Fountains Of The Villa Aldobandrina</subj>

  <city>s. l.</city>

  <pub>s.n.</pub>

  <date>[before 1670?]</date>

  <note>Engravings B 200 to B 202 were also included in the 
  <uln>Nuova raccolta di fontane</uln>

  published ca. 1670 by Gio. Giacomo de Rossi. (See also engravings
  C 509 to C 532).</note>

  <inscrip>[Courtyard and fountain]</inscrip>

  <size>21 x 33 cm</size>
</record>

<record>
  <num>B200</num>

  <subj>Fountains Of The Villa Aldobandrina</subj>

  <city>s.l.</city>

  <pub>s.n.</pub>

  <date>[before 1670?]</date>

  <note>Engravings B 200 to B 202 were also included in the 
  <uln>Nuova raccolta di fontane</uln>

  published ca. 1670 by Gio. Giacomo de Rossi. (See also engravings
  C 509 to C 532).</note>

  <inscrip>Fontana nel Giardino di Belvedere in Frascati dove fa la
  prima et superba mostra lacqua condottata per monti altissimi sei
  miglia lontano</inscrip>

  <size>20 x 26 cm</size>

  <ref>
  <uln>Nuova raccolta</uln>

  , pl. [33]</ref>

  <ref>Falda-Venturini, 
  <uln>Fontane</uln>

  , pt.2, pl.11</ref>

  <ref>Falda (Sandrart), 
  <uln>Fontanalia</uln>

  , pl.34</ref>
</record>

<record>
  <num>B201</num>

  <subj>Fountains Of The Villa Aldobandrina</subj>

  <city>s.l.</city>

  <pub>s.n.</pub>

  <date>[before 1670?]</date>

  <note>Engravings B 200 to B 202 were also included in the 
  <uln>Nuova raccolta di fontane</uln>

  published ca. 1670 by Gio. Giacomo de Rossi. (See also engravings
  C 509 to C 532).</note>

  <inscrip>Fontana nel Giardino di Belvedere in Frascati con varii
  giochi d'acque tanto nel piano come nel salire le scale</inscrip>

  <size>20.5 x 30 cm</size>

  <ref>A-B p. 430, n.4222</ref>

  <ref>
  <uln>Nuova raccolta</uln>

  , pl.[34]</ref>

  <ref>Falda-Venturini, 
  <uln>Fontane</uln>

  , pt.2, pl.10</ref>

  <ref>Falda (Sandrart), 
  <uln>Fontanalia</uln>

  , pl.36 (reversed)</ref>
</record>

<record>
  <num>B202</num>

  <subj>Fountains Of The Villa Aldobandrina</subj>

  <city>s.l.</city>

  <pub>s.n.</pub>

  <date>[before 1670?]</date>

  <note>Engravings B 200 to B 202 were also included in the 
  <uln>Nuova raccolta di fontane</uln>

  published ca. 1670 by Gio. Giacomo de Rossi. (See also engravings
  C 509 to C 532).</note>

  <inscrip>Teatro della Fontana Maggiore del giardino del Prencipe
  Lodovisio in Frascati</inscrip>

  <size>21 x 32 cm</size>

  <ref>
  <uln>Nuova raccolta</uln>

  , pl.[35]</ref>

  <ref>Falda-Venturini, 
  <uln>Fontane</uln>

  , pt.2, pl.13-14</ref>

  <ref>Falda (Sandrart), 
  <uln>Fontanalia</uln>

  , pl.29-30</ref>
</record>

<record>
  <num>B203</num>

  <subj>Fountains Of Tivoli Gardens</subj>

  <engrv>Dominique Barriere (monogram)</engrv>

  <city>[Rome]</city>

  <pub>s.n.</pub>

  <date>[before 1670?]</date>

  <ref>Weigert, v.1, p. 284, n.194-196</ref>

  <note>These three engravings were also included in the 
  <uln>Nuova raccolta di fontane</uln>

  (cf. note to engravings B 199 to B 202).</note>

  <inscrip>Fontana nel Giardino di Tivoli inazi la faciata del
  Palazo</inscrip>

  <size>20 x 30 cm</size>

  <ref>
  <uln>Nuova raccolta</uln>

  , pl.[42]</ref>
</record>

<record>
  <num>B204</num>

  <subj>Fountains Of Tivoli Gardens</subj>

  <engrv>Dominique Barriere (monogram)</engrv>

  <city>[Rome]</city>

  <pub>s.n.</pub>

  <date>[before 1670?]</date>

  <ref>Weigert, v.1, p. 284, n.194-196</ref>

  <note>These three engravings were also included in the 
  <uln>Nuova raccolta di fontane</uln>

  (cf. note to engravings B 199 to B 202).</note>

  <inscrip>Fontana Maggiore nel Giardino di Tivoli vicino
  all'Organo</inscrip>

  <size>21 x 31 cm</size>

  <ref>
  <uln>Nuova raccolta</uln>

  , pl.[43]</ref>
</record>

<record>
  <num>B205</num>

  <subj>Fountains Of Tivoli Gardens</subj>

  <engrv>Dominique Barriere (monogram)</engrv>

  <city>[Rome]</city>

  <pub>s.n.</pub>

  <date>[before 1670?]</date>

  <ref>Weigert, v.1, p. 284, n.194-196</ref>

  <note>These three engravings were also included in the 
  <uln>Nuova raccolta di fontane</uln>

  (cf. note to engravings B 199 to B 202).</note>

  <inscrip>La Cascata di Tivoli</inscrip>

  <size>19.5 x 31 cm</size>

  <ref>
  <uln>Nuova raccolta</uln>

  , pl.[44]</ref>

  <ref>Falda-Venturini, 
  <uln>Fontane</uln>

  , pt.4, pl.27</ref>
</record>

<record>
  <num>B206</num>

  <subj>Gardens Of Rome</subj>

  <inscrip>[Vedute e giardini di Roma]</inscrip>

  <engrv>Matthaeus Greuter</engrv>

  <city>[Rome]</city>

  <pub>Goert van Schaych</pub>

  <date>1623</date>

  <ref>T-B v.15, p. 8 s.v. Greuter (with a 1620 publishing
  date)</ref>

  <inscrip>Giardino de gl'Ill. mi Sig. ri Mattei</inscrip>

  <size>23.5 x 34 cm</size>

  <ref>A-B p.370, n.3683</ref>

  <ref>Greuter, 
  <uln>Giardini</uln>

  , pl.[2]</ref>
</record>

<record>
  <num>B207</num>

  <subj>Gardens Of Rome</subj>

  <inscrip>[Vedute e giardini di Roma]</inscrip>

  <engrv>Matthaeus Greuter</engrv>

  <city>[Rome]</city>

  <pub>Goert van Schaych</pub>

  <date>1623</date>

  <ref>T-B v.15, p. 8 s.v. Greuter (with a 1620 publishing
  date)</ref>

  <inscrip>Disegno et sito del sontuoso Giardino et Palazzo del
  Ser. mo Gran Duca di Toscana in Roma</inscrip>

  <size>24 x 34 cm</size>

  <ref>A-B p.370, n.3687</ref>

  <ref>Greuter, 
  <uln>Giardini</uln>

  , pl.[3]</ref>
</record>

<record>
  <num>B208</num>

  <subj>Gardens Of Rome</subj>

  <inscrip>[Vedute e giardini di Roma]</inscrip>

  <engrv>Matthaeus Greuter</engrv>

  <city>[Rome]</city>

  <pub>Goert van Schaych</pub>

  <date>1623</date>

  <ref>T-B v.15, p. 8 s.v. Greuter (with a 1620 publishing
  date)</ref>

  <inscrip>Giardino del Ill. mo Card. Montalto</inscrip>

  <size>24 x 35 cm</size>

  <ref>A-B p. 373, n.3702</ref>

  <ref>Greuter, 
  <uln>Giardini</uln>

  , pl.[4]</ref>
</record>

<record>
  <num>B209</num>

  <subj>Gardens Of Rome</subj>

  <inscrip>[Vedute e giardini di Roma]</inscrip>

  <engrv>Matthaeus Greuter</engrv>

  <city>[Rome]</city>

  <pub>Goert van Schaych</pub>

  <date>1623</date>

  <ref>T-B v.15, p. 8 s.v. Greuter (with a 1620 publishing
  date)</ref>

  <inscrip>Villa Borghesia</inscrip>

  <size>24 x 34 cm</size>

  <ref>A-B p.365, n.3620</ref>

  <ref>Greuter, 
  <uln>Giardini</uln>

  , pl.[5]</ref>
</record>

<record>
  <num>B210</num>

  <subj>Roman Antiquities</subj>

  <inscrip>Praecipua aliquot Romanae antiquitatis ruinarum
  monimenta, vivis prospectibus, ad veri imitationem affabre
  designata</inscrip>

  <city>Antwerp</city>

  <pub>Hieronymus Cock</pub>

  <date>1551</date>

  <ref>BM v.41, col.10 s.v. Cock</ref>

  <ref>Hol v.4, p. 183, n.22-47</ref>

  <note>The complete set consists of 24 numbered and lettered
  engravings plus an engraved title page. In the set recorded here,
  engraving B 225 is a duplicate of B 224. This same set apparently
  was also executed by Jacques Androuet du Cerceau in 1560 (cf. L-A
  v.1, p.53f.) and by Battista Pittoni, published at Venice in 1561
  (cf. NaKL v.13, p.9).</note>

  <inscrip>Praecipua aliquot...affabre designata</inscrip>

  <note>(Title page)</note>

  <size>25 x 34.5 cm</size>
</record>

<record>
  <num>B211</num>

  <subj>Roman Antiquities</subj>

  <inscrip>Praecipua aliquot Romanae antiquitatis ruinarum
  monimenta, vivis prospectibus, ad veri imitationem affabre
  designata</inscrip>

  <city>Antwerp</city>

  <pub>Hieronymus Cock</pub>

  <date>1551</date>

  <ref>BM v.41, col.10 s.v. Cock</ref>

  <ref>Hol v.4, p.183, n.22-47</ref>

  <note>The complete set consists of 24 numbered and lettered
  engravings plus an engraved title page. In the set recorded here,
  engraving B 225 is a duplicate of B 224. This same set apparently
  was also executed by Jacques Androuet du Cerceau in 1560 (cf. L-A
  v.1, p.53f.) and by Battista Pittoni, published at Venice in 1561
  (cf. NaKL v.13, p.9).</note>

  <inscrip>Colossaei Ro. a barbaris diruti, prospectus</inscrip>

  <size>25 x 34.5 cm</size>

  <note>(Engraving n.1.AA)</note>
</record>

<record>
  <num>B212</num>

  <subj>Roman Antiquities</subj>

  <inscrip>Praecipua aliquot Romanae antiquitatis ruinarum
  monimenta, vivis prospectibus, ad veri imitationem affabre
  designata</inscrip>

  <city>Antwerp</city>

  <pub>Hieronymus Cock</pub>

  <date>1551</date>

  <ref>BM v.41, col.10 s.v. Cock</ref>

  <ref>Hol v.4, p.183, n.22-47</ref>

  <note>The complete set consists of 24 numbered and lettered
  engravings plus an engraved title page. In the set recorded here,
  engraving B 225 is a duplicate of B 224. This same set apparently
  was also executed by Jacques Androuet du Cerceau in 1560 (cf. L-A
  v.1, p.53f.) and by Battista Pittoni, published at Venice in 1561
  (cf. NaKL v.13, p.9).</note>

  <inscrip>Colossaei Ro. Alius prospectus</inscrip>

  <size>25 x 34.5 cm</size>

  <note>(Engraving n.2.A.: unsigned)</note>
</record>

<record>
  <num>B213</num>

  <subj>Roman Antiquities</subj>

  <inscrip>Praecipua aliquot Romanae antiquitatis ruinarum
  monimenta, vivis prospectibus, ad veri imitationem affabre
  designata</inscrip>

  <city>Antwerp</city>

  <pub>Hieronymus Cock</pub>

  <date>1551</date>

  <ref>BM v.41, col.10 s.v. Cock</ref>

  <ref>Hol v.4, p.183, n.22-47</ref>

  <note>The complete set consists of 24 numbered and lettered
  engravings plus an engraved title page. In the set recorded here,
  engraving B 225 is a duplicate of B 224. This same set apparently
  was also executed by Jacques Androuet du Cerceau in 1560 (cf. L-A
  v.1, p.53f.) and by Battista Pittoni, published at Venice in 1561
  (cf. NaKL v.13, p.9).</note>

  <inscrip>Coloss aei Ro. Prospectus</inscrip>

  <size>25 x 34.5 cm</size>

  <note>(Engraving n.3.B.: unsigned)</note>
</record>

<record>
  <num>B214</num>

  <subj>Roman Antiquities</subj>

  <inscrip>Praecipua aliquot Romanae antiquitatis ruinarum
  monimenta, vivis prospectibus, ad veri imitationem affabre
  designata</inscrip>

  <city>Antwerp</city>

  <pub>Hieronymus Cock</pub>

  <date>1551</date>

  <ref>BM v.41, col.10 s.v. Cock</ref>

  <ref>Hol v.4, p. 183, n.22-47</ref>

  <note>The complete set consists of 24 numbered and lettered
  engravings plus an engraved title page. In the set recorded here,
  engraving B 225 is a duplicate of B 224. This same set apparently
  was also executed by Jacques Androuet du Cerceau in 1560 (cf. L-A
  v.1, p.53f.) and by Battista Pittoni, published at Venice in 1561
  (cf. NaKL v.13, p.9).</note>

  <inscrip>Colossaei Ro. prospectus</inscrip>

  <size>25 x 34.5 cm</size>

  <note>(Engraving n.4.C.: unsigned)</note>
</record>

<record>
  <num>B215</num>

  <subj>Roman Antiquities</subj>

  <inscrip>Praecipua aliquot Romanae antiquitatis ruinarum
  monimenta, vivis prospectibus, ad veri imitationem affabre
  designata</inscrip>

  <city>Antwerp</city>

  <pub>Hieronymus Cock</pub>

  <date>1551</date>

  <ref>BM v.41, col.10 s.v. Cock</ref>

  <ref>Hol v.4, p.183, n.22-47</ref>

  <note>The complete set consists of 24 numbered and lettered
  engravings plus an engraved title page. In the set recorded here,
  engraving B 225 is a duplicate of B 224. This same set apparently
  was also executed by Jacques Androuet du Cerceau in 1560 (cf. L-A
  v.1, p.53f.) and by Battista Pittoni, published at Venice in 1561
  (cf. NaKL v.13, p.9).</note>

  <inscrip>Colossaei Ro. prospectus</inscrip>

  <size>25 x 34.5 cm</size>

  <note>(Engraving n. 5.D.: dated 1550)</note>
</record>

<record>
  <num>B216</num>

  <subj>Roman Antiquities</subj>

  <inscrip>Praecipua aliquot Romanae antiquitatis ruinarum
  monimenta, vivis prospectibus, ad veri imitationem affabre
  designata</inscrip>

  <city>Antwerp</city>

  <pub>Hieronymus Cock</pub>

  <date>1551</date>

  <ref>BM v.41, col.10 s.v. Cock</ref>

  <ref>Hol v.4, p.183, n.22-47</ref>

  <note>The complete set consists of 24 numbered and lettered
  engravings plus an engraved title page. In the set recorded here,
  engraving B 225 is a duplicate of B 224. This same set apparently
  was also executed by Jacques Androuet du Cerceau in 1560 (cf. L-A
  v.1, p.53f.) and by Battista Pittoni, published at Venice in 1561
  (cf. NaKL v.13, p.9).</note>

  <inscrip>Colossaei Ro. prospectus</inscrip>

  <size>25 x 34.5 cm</size>

  <note>(Engraving n.6.E.: unsigned)</note>
</record>

<record>
  <num>B217</num>

  <subj>Roman Antiquities</subj>

  <inscrip>Praecipua aliquot Romanae antiquitatis ruinarum
  monimenta, vivis prospectibus, ad veri imitationem affabre
  designata</inscrip>

  <city>Antwerp</city>

  <pub>Hieronymus Cock</pub>

  <date>1551</date>

  <ref>BM v.41, col.10 s.v. Cock</ref>

  <ref>Hol v.4, p.183, n.22-47</ref>

  <note>The complete set consists of 24 numbered and lettered
  engravings plus an engraved title page. In the set recorded here,
  engraving B 225 is a duplicate of B 224. This same set apparently
  was also executed by Jacques Androuet du Cerceau in 1560 (cf. L-A
  v.1, p.53f.) and by Battista Pittoni, published at Venice in 1561
  (cf. NaKL v.13, p.9).</note>

  <inscrip>Colossaei Ro. prospectus</inscrip>

  <size>25 x 34.5 cm</size>

  <note>(Engraving n.7.F.: unsigned)</note>
</record>

<record>
  <num>B218</num>

  <subj>Roman Antiquities</subj>

  <inscrip>Praecipua aliquot Romanae antiquitatis ruinarum
  monimenta, vivis prospectibus, ad veri imitationem affabre
  designata</inscrip>

  <city>Antwerp</city>

  <pub>Hieronymus Cock</pub>

  <date>1551</date>

  <ref>BM v.41, col.10 s.v. Cock</ref>

  <ref>Hol v.4, p.183, n.22-47</ref>

  <note>The complete set consists of 24 numbered and lettered
  engravings plus an engraved title page. In the set recorded here,
  engraving B 225 is a duplicate of B 224. This same set apparently
  was also executed by Jacques Androuet du Cerceau in 1560 (cf. L-A
  v.1, p.53f.) and by Battista Pittoni, published at Venice in 1561
  (cf. NaKL v.13, p.9).</note>

  <inscrip>Colossaei Ro. prospectus</inscrip>

  <size>25 x 34.5 cm</size>

  <note>(Engraving n.8.G.: dated 1550)</note>
</record>

<record>
  <num>B219</num>

  <subj>Roman Antiquities</subj>

  <inscrip>Praecipua aliquot Romanae antiquitatis ruinarum
  monimenta, vivis prospectibus, ad veri imitationem affabre
  designata</inscrip>

  <city>Antwerp</city>

  <pub>Hieronymus Cock</pub>

  <date>1551</date>

  <ref>BM v.41, col.10 s.v. Cock</ref>

  <ref>Hol v.4, p.183, n.22-47</ref>

  <note>The complete set consists of 24 numbered and lettered
  engravings plus an engraved title page. In the set recorded here,
  engraving B 225 is a duplicate of B 224. This same set apparently
  was also executed by Jacques Androuet du Cerceau in 1560 (cf. L-A
  v.1, p.53f.) and by Battista Pittoni, published at Venice in 1561
  (cf. NaKL v.13, p.9).</note>

  <inscrip>Prospectus Colossaei cum aedibus et variis ruinis illi
  contiguis</inscrip>

  <size>25 x 34.5 cm</size>

  <note>(Engraving n.H.)</note>
</record>

<record>
  <num>B220</num>

  <subj>Roman Antiquities</subj>

  <inscrip>Praecipua aliquot Romanae antiquitatis ruinarum
  monimenta, vivis prospectibus, ad veri imitationem affabre
  designata</inscrip>

  <city>Antwerp</city>

  <pub>Hieronymus Cock</pub>

  <date>1551</date>

  <ref>BM v.41, col.10 s.v. Cock</ref>

  <ref>Hol v.4, p.183, n.22-47</ref>

  <note>The complete set consists of 24 numbered and lettered
  engravings plus an engraved title page. In the set recorded here,
  engraving B 225 is a duplicate of B 224. This same set apparently
  was also executed by Jacques Androuet du Cerceau in 1560 (cf. L-A
  v.1, p.53f.) and by Battista Pittoni, published at Venice in 1561
  (cf. NaKL v.13, p.9).</note>

  <inscrip>Ruinarum Palatii Maioris, prospectus</inscrip>

  <size>25 x 34.5 cm</size>

  <note>(Engraving n.1.I.)</note>
</record>

<record>
  <num>B221</num>

  <subj>Roman Antiquities</subj>

  <inscrip>Praecipua aliquot Romanae antiquitatis ruinarum
  monimenta, vivis prospectibus, ad veri imitationem affabre
  designata</inscrip>

  <city>Antwerp</city>

  <pub>Hieronymus Cock</pub>

  <date>1551</date>

  <ref>BM v.41, col.10 s.v. Cock</ref>

  <ref>Hol v.4, p.183, n.22-47</ref>

  <note>The complete set consists of 24 numbered and lettered
  engravings plus an engraved title page. In the set recorded here,
  engraving B 225 is a duplicate of B 224. This same set apparently
  was also executed by Jacques Androuet du Cerceau in 1560 (cf. L-A
  v.1, p.53f.) and by Battista Pittoni, published at Venice in 1561
  (cf. NaKL v.13, p.9).</note>

  <inscrip>Ruinarum Palatii Maioris, cum contiguo Septizonio
  prospectus</inscrip>

  <size>25 x 34.5 cm</size>

  <note>(Engraving n.2.K.: dated 1550)</note>
</record>

<record>
  <num>B222</num>

  <subj>Roman Antiquities</subj>

  <inscrip>Praecipua aliquot Romanae antiquitatis ruinarum
  monimenta, vivis prospectibus, ad veri imitationem affabre
  designata</inscrip>

  <city>Antwerp</city>

  <pub>Hieronymus Cock</pub>

  <date>1551</date>

  <ref>BM v.41, col.10 s.v. Cock</ref>

  <ref>Hol v.4, p.183, n.22-47</ref>

  <note>The complete set consists of 24 numbered and lettered
  engravings plus an engraved title page. In the set recorded here,
  engraving B 225 is a duplicate of B 224. This same set apparently
  was also executed by Jacques Androuet du Cerceau in 1560 (cf. L-A
  v.1, p.53f.) and by Battista Pittoni, published at Venice in 1561
  (cf. NaKL v.13, p.9).</note>

  <inscrip>Ruinarum Palatii Maioris cum part Septizonii
  prospectus</inscrip>

  <size>25 x 34.5 cm</size>

  <note>(Engraving n.3.L.: dated 1550)</note>
</record>

<record>
  <num>B223</num>

  <subj>Roman Antiquities</subj>

  <inscrip>Praecipua aliquot Romanae antiquitatis ruinarum
  monimenta, vivis prospectibus, ad veri imitationem affabre
  designata</inscrip>

  <city>Antwerp</city>

  <pub>Hieronymus Cock</pub>

  <date>1551</date>

  <ref>BM v.41, col.10 s.v. Cock</ref>

  <ref>Hol v.4, p.183, n.22-47</ref>

  <note>The complete set consists of 24 numbered and lettered
  engravings plus an engraved title page. In the set recorded here,
  engraving B 225 is a duplicate of B 224. This same set apparently
  was also executed by Jacques Androuet du Cerceau in 1560 (cf. L-A
  v.1, p.53f.) and by Battista Pittoni, published at Venice in 1561
  (cf. NaKL v.13, p.9).</note>

  <inscrip>Ruinarum Palatii Maioris Prospectus</inscrip>

  <size>25 x 34.5 cm</size>

  <note>(Engraving n.4.M.: unsigned)</note>
</record>

<record>
  <num>B224</num>

  <subj>Roman Antiquities</subj>

  <inscrip>Praecipua aliquot Romanae antiquitatis ruinarum
  monimenta, vivis prospectibus, ad veri imitationem affabre
  designata</inscrip>

  <city>Antwerp</city>

  <pub>Hieronymus Cock</pub>

  <date>1551</date>

  <ref>BM v.41, col.10 s.v. Cock</ref>

  <ref>Hol v.4, p. 183, n.22-47</ref>

  <note>The complete set consists of 24 numbered and lettered
  engravings plus an engraved title page. In the set recorded here,
  engraving B 225 is a duplicate of B 224. This same set apparently
  was also executed by Jacques Androuet du Cerceau in 1560 (cf. L-A
  v.1, p.53f.) and by Battista Pittoni, published at Venice in 1561
  (cf. NaKL v.13, p.9).</note>

  <inscrip>Ruinarum Templi Pacis prospectus</inscrip>

  <size>25 x 34.5 cm</size>

  <note>(Engraving n.1.N.: unsigned)</note>
</record>

<record>
  <num>B225</num>

  <subj>Roman Antiquities</subj>

  <inscrip>Praecipua aliquot Romanae antiquitatis ruinarum
  monimenta, vivis prospectibus, ad veri imitationem affabre
  designata</inscrip>

  <city>Antwerp</city>

  <pub>Hieronymus Cock</pub>

  <date>1551</date>

  <ref>BM v.41, col.10 s.v. Cock</ref>

  <ref>Hol v.4, p.183, n.22-47</ref>

  <note>The complete set consists of 24 numbered and lettered
  engravings plus an engraved title page. In the set recorded here,
  engraving B 225 is a duplicate of B 224. This same set apparently
  was also executed by Jacques Androuet du Cerceau in 1560 (cf. L-A
  v.1, p.53f.) and by Battista Pittoni, published at Venice in 1561
  (cf. NaKL v.13, p.9).</note>

  <inscrip>Ruinarum Templi Pacis, prospectus</inscrip>

  <size>25 x 34.5 cm</size>

  <note>(Engraving n.1.N.: unsigned)</note>
</record>

<record>
  <num>B226</num>

  <subj>Roman Antiquities</subj>

  <inscrip>Praecipua aliquot Romanae antiquitatis ruinarum
  monimenta, vivis prospectibus, ad veri imitationem affabre
  designata</inscrip>

  <city>Antwerp</city>

  <pub>Hieronymus Cock</pub>

  <date>1551</date>

  <ref>BM v.41, col.10 s.v. Cock</ref>

  <ref>Hol v.4, p.183, n.22-47</ref>

  <note>The complete set consists of 24 numbered and lettered
  engravings plus an engraved title page. In the set recorded here,
  engraving B 225 is a duplicate of B 224. This same set apparently
  was also executed by Jacques Androuet du Cerceau in 1560 (cf. L-A
  v.1, p.53f.) and by Battista Pittoni, published at Venice in 1561
  (cf. NaKL v.13, p.9).</note>

  <inscrip>Ruinarum Templi Pacis, prospectus</inscrip>

  <size>25 x 34.5 cm</size>

  <note>(Engraving n.2.0.)</note>
</record>

<record>
  <num>B227</num>

  <subj>Roman Antiquities</subj>

  <inscrip>Praecipua aliquot Romanae antiquitatis ruinarum
  monimenta, vivis prospectibus, ad veri imitationem affabre
  designata</inscrip>

  <city>Antwerp</city>

  <pub>Hieronymus Cock</pub>

  <date>1551</date>

  <ref>BM v.41, col.10 s.v. Cock</ref>

  <ref>Hol v.4, p.183, n.22-47</ref>

  <note>The complete set consists of 24 numbered and lettered
  engravings plus an engraved title page. In the set recorded here,
  engraving B 225 is a duplicate of B 224. This same set apparently
  was also executed by Jacques Androuet du Cerceau in 1560 (cf. L-A
  v.1, p.53f.) and by Battista Pittoni, published at Venice in 1561
  (cf. NaKL v.13, p.9).</note>

  <inscrip>Septizonii Severi Imp. cum contiguis ruinis, prospectus
  unus</inscrip>

  <size>25 x 34.5 cm</size>

  <note>(Engraving n.P.)</note>
</record>

<record>
  <num>B228</num>

  <subj>Roman Antiquities</subj>

  <inscrip>Praecipua aliquot Romanae antiquitatis ruinarum
  monimenta, vivis prospectibus, ad veri imitationem affabre
  designata</inscrip>

  <city>Antwerp</city>

  <pub>Hieronymus Cock</pub>

  <date>1551</date>

  <ref>BM v.41, col.10 s.v. Cock</ref>

  <ref>Hol v.4, p.183, n.22-47</ref>

  <note>The complete set consists of 24 numbered and lettered
  engravings plus an engraved title page. In the set recorded here,
  engraving B 225 is a duplicate of B 224. This same set apparently
  was also executed by Jacques Androuet du Cerceau in 1560 (cf. L-A
  v.1, p.53f.) and by Battista Pittoni, published at Venice in 1561
  (cf. NaKL v.13, p.9).</note>

  <inscrip>Ex ruinis Thermarum Imp. Diocletiani, prospectus
  unus</inscrip>

  <size>25 x 34.5 cm</size>

  <note>(Engraving n. Q.: dated 1550)</note>
</record>

<record>
  <num>B229</num>

  <subj>Roman Antiquities</subj>

  <inscrip>Praecipua aliquot Romanae antiquitatis ruinarum
  monimenta, vivis prospectibus, ad veri imitationem affabre
  designata</inscrip>

  <city>Antwerp</city>

  <pub>Hieronymus Cock</pub>

  <date>1551</date>

  <ref>BM v.41, col.10 s.v. Cock</ref>

  <ref>Hol v.4, p.183, n.22-47</ref>

  <note>The complete set consists of 24 numbered and lettered
  engravings plus an engraved title page. In the set recorded here,
  engraving B 225 is a duplicate of B 224. This same set apparently
  was also executed by Jacques Androuet du Cerceau in 1560 (cf. L-A
  v.1, p.53f.) and by Battista Pittoni, published at Venice in 1561
  (cf. NaKL v.13, p.9).</note>

  <inscrip>Ex ruinis thermarum Antonini Pii, prospectus</inscrip>

  <size>25 x 34.5 cm</size>

  <note>(Engraving n.2.R.: dated 1550)</note>
</record>

<record>
  <num>B230</num>

  <subj>Roman Antiquities</subj>

  <inscrip>Praecipua aliquot Romanae antiquitatis ruinarum
  monimenta, vivis prospectibus, ad veri imitationem affabre
  designata</inscrip>

  <city>Antwerp</city>

  <pub>Hieronymus Cock</pub>

  <date>1551</date>

  <ref>BM v.41, col.10 s.v. Cock</ref>

  <ref>Hol v.4, p.183, n.22-47</ref>

  <note>The complete set consists of 24 numbered and lettered
  engravings plus an engraved title page. In the set recorded here,
  engraving B 225 is a duplicate of B 224. This same set apparently
  was also executed by Jacques Androuet du Cerceau in 1560 (cf. L-A
  v.1, p.53f.) and by Battista Pittoni, published at Venice in 1561
  (cf. NaKL v.13, p.9).</note>

  <inscrip>Ex ruinis thermarum Antonini Pii, prospectus</inscrip>

  <size>25 x 34.5 cm</size>

  <note>(Engraving n.1.S.: unsigned)</note>
</record>

<record>
  <num>B231</num>

  <subj>Roman Antiquities</subj>

  <inscrip>Praecipua aliquot Romanae antiquitatis ruinarum
  monimenta, vivis prospectibus, ad veri imitationem affabre
  designata</inscrip>

  <city>Antwerp</city>

  <pub>Hieronymus Cock</pub>

  <date>1551</date>

  <ref>BM v.41, col.10 s.v. Cock</ref>

  <ref>Hol v.4, p.183, n.22-47</ref>

  <note>The complete set consists of 24 numbered and lettered
  engravings plus an engraved title page. In the set recorded here,
  engraving B 225 is a duplicate of B 224. This same set apparently
  was also executed by Jacques Androuet du Cerceau in 1560 (cf. L-A
  v.1, p.53f.) and by Battista Pittoni, published at Venice in 1561
  (cf. NaKL v.13, p.9).</note>

  <inscrip>Ex variis, apud Capitolium ruinis, prospectus
  unus</inscrip>

  <size>25 x 34.5 cm</size>

  <note>(Engraving n.T.: unsigned)</note>
</record>

<record>
  <num>B232</num>

  <subj>Roman Antiquities</subj>

  <inscrip>Praecipua aliquot Romanae antiquitatis ruinarum
  monimenta, vivis prospectibus, ad veri imitationem affabre
  designata</inscrip>

  <city>Antwerp</city>

  <pub>Hieronymus Cock</pub>

  <date>1551</date>

  <ref>BM v.41, col.10 s.v. Cock</ref>

  <ref>Hol v.4, p. 183, n.22-47</ref>

  <note>The complete set consists of 24 numbered and lettered
  engravings plus an engraved title page. In the set recorded here,
  engraving B 225 is a duplicate of B 224. This same set apparently
  was also executed by Jacques Androuet du Cerceau in 1560 (cf. L-A
  v.1, p.53f.) and by Battista Pittoni, published at Venice in 1561
  (cf. NaKL v.13, p.9).</note>

  <inscrip>Ex incertis quibusdam Ro. antiquitatis ruinis
  prospectus</inscrip>

  <size>25 x 34.5 cm</size>

  <note>(Engraving n.1.V.: unsigned)</note>
</record>

<record>
  <num>B233</num>

  <subj>Roman Antiquities</subj>

  <inscrip>Praecipua aliquot Romanae antiquitatis ruinarum
  monimenta, vivis prospectibus, ad veri imitationem affabre
  designata</inscrip>

  <city>Antwerp</city>

  <pub>Hieronymus Cock</pub>

  <date>1551</date>

  <ref>BM v.41, col.10 s.v. Cock</ref>

  <ref>Hol v.4, p.183, n.22-47</ref>

  <note>The complete set consists of 24 numbered and lettered
  engravings plus an engraved title page. In the set recorded here,
  engraving B 225 is a duplicate of B 224. This same set apparently
  was also executed by Jacques Androuet du Cerceau in 1560 (cf. L-A
  v.1, p.53f.) and by Battista Pittoni, published at Venice in 1561
  (cf. NaKL v.13, p.9).</note>

  <inscrip>Ex incertis quibusdam Ro. antiquitatis ruinis,
  prospectus alter</inscrip>

  <size>25 x 34.5 cm</size>

  <note>(Engraving n.X.)</note>
</record>

<record>
  <num>B234</num>

  <subj>Roman Antiquities</subj>

  <inscrip>Praecipua aliquot Romanae antiquitatis ruinarum
  monimenta, vivis prospectibus, ad veri imitationem affabre
  designata</inscrip>

  <city>Antwerp</city>

  <pub>Hieronymus Cock</pub>

  <date>1551</date>

  <ref>BM v.41, col.10 s.v. Cock</ref>

  <ref>Hol v.4, p.183, n.22-47</ref>

  <note>The complete set consists of 24 numbered and lettered
  engravings plus an engraved title page. In the set recorded here,
  engraving B 225 is a duplicate of B 224. This same set apparently
  was also executed by Jacques Androuet du Cerceau in 1560 (cf. L-A
  v.1, p.53f.) and by Battista Pittoni, published at Venice in 1561
  (cf. NaKL v.13, p.9).</note>

  <inscrip>Incerte cuiusdam ruine prospectus</inscrip>

  <size>25 x 34.5 cm</size>

  <note>(Engraving n.Y.)</note>
</record>

<record>
  <num>B235</num>

  <subj>Roman Antiquities</subj>

  <inscrip>Praecipua aliquot Romanae antiquitatis ruinarum
  monimenta, vivis prospectibus, ad veri imitationem affabre
  designata</inscrip>

  <city>Antwerp</city>

  <pub>Hieronymus Cock</pub>

  <date>1551</date>

  <ref>BM v.41, col.10 s.v. Cock</ref>

  <ref>Hol v.4, p.183, n.22-47</ref>

  <note>The complete set consists of 24 numbered and lettered
  engravings plus an engraved title page. In the set recorded here,
  engraving B 225 is a duplicate of B 224. This same set apparently
  was also executed by Jacques Androuet du Cerceau in 1560 (cf. L-A
  v.1, p.53f.) and by Battista Pittoni, published at Venice in 1561
  (cf. NaKL v.13, p.9).</note>

  <inscrip>Pontis, nunc Quatuor Capitum, olin Fabrici,
  prospectus</inscrip>

  <size>25 x 34.5 cm</size>

  <note>(Engraving n.Z.: dated 1550)</note>
</record>

<record>
  <num>B236</num>

  <subj>Roman Antiquities</subj>

  <inscrip>[Praecipua aliquot Romanae antiquitatis ruinarum
  monimenta?]</inscrip>

  <engrv>Hieronymus Cock</engrv>

  <city>[Antwerp?]</city>

  <pub>Hieronymus Cock?</pub>

  <date>[1551-1561?]</date>

  <note>These engravings apparently belong to a new and enlarged
  edition of the 
  <uln>Praecipua</uln>

  (cf. engravings B 210 to B 235); this, however, seems to be a
  different edition than the one which, according to Hol v.4,
  p.183, was the second, edited by Carel Allaert, and published
  towards the end of the seventeenth century, with 59 plates. It
  should be noted here that, according to Brunet, v.2, col.114,
  there was a 1551 edition of the 
  <uln>Praecipua</uln>

  which contained 37 plates plus the title page. Variations in
  details, especially in the representation of human figures,
  differentiates these five plates from those of the 1551 edition
  listed above. Cf. also engravings B 241 to B 247 and C 582 and C
  583.</note>

  <inscrip>Prospectus Colossaei cum aedirus et variis ruinis illi
  contiguis</inscrip>

  <size>25 x 34.5 cm</size>
</record>

<record>
  <num>B237</num>

  <subj>Roman Antiquities</subj>

  <inscrip>[Praecipua aliquot Romanae antiquitatis ruinarum
  monimenta?]</inscrip>

  <engrv>Hieronymus Cock</engrv>

  <city>[Antwerp?]</city>

  <pub>Hieronymus Cock?</pub>

  <date>[1551-1561?]</date>

  <note>These engravings apparently belong to a new and enlarged
  edition of the 
  <uln>Praecipua</uln>

  (cf. engravings B 210 to B 235); this, however, seems to be a
  different edition than the one which, according to Hol v.4,
  p.183, was the second, edited by Carel Allaert, and published
  towards the end of the seventeenth century, with 59 plates. It
  should be noted here that, according to Brunet, v.2, col.114,
  there was a 1551 edition of the 
  <uln>Praecipua</uln>

  which contained 37 plates plus the title page. Variations in
  details, especially in the representation of human figures,
  differentiates these five plates from those of the 1551 edition
  listed above. Cf. also engravings B 241 to B 247 and C 582 and C
  583.</note>

  <inscrip>Ruinarum Palatii Maioris prospectus. 1</inscrip>

  <size>25 x 34.5 cm</size>
</record>

<record>
  <num>B238</num>

  <subj>Roman Antiquities</subj>

  <inscrip>[Praecipua aliquot Romanae antiquitatis ruinarum
  monimenta?]</inscrip>

  <engrv>Hieronymus Cock</engrv>

  <city>[Antwerp?]</city>

  <pub>Hieronymus Cock?</pub>

  <date>[1551-1561?]</date>

  <note>These engravings apparently belong to a new and enlarged
  edition of the 
  <uln>Praecipua</uln>

  (cf. engravings B 210 to B 235); this, however, seems to be a
  different edition than the one which, according to Hol v.4,
  p.183, was the second, edited by Carel Allaert, and published
  towards the end of the seventeenth century, with 59 plates. It
  should be noted here that, according to Brunet, v.2, col.114,
  there was a 1551 edition of the 
  <uln>Praecipua</uln>

  which contained 37 plates plus the title page. Variations in
  details, especially in the representation of human figures,
  differentiates these five plates from those of the 1551 edition
  listed above. Cf. also engravings B 241 to B 247 and C 582 and C
  583.</note>

  <inscrip>Ruinarum Palatii Maioris prospectus. 2</inscrip>

  <size>25 x 34.5 cm</size>
</record>

<record>
  <num>B239</num>

  <subj>Roman Antiquities</subj>

  <inscrip>[Praecipua aliquot Romanae antiquitatis ruinarum
  monimenta?]</inscrip>

  <engrv>Hieronymus Cock</engrv>

  <city>[Antwerp?]</city>

  <pub>Hieronymus Cock?</pub>

  <date>[1551-1561?]</date>

  <note>These engravings apparently belong to a new and enlarged
  edition of the 
  <uln>Praecipua</uln>

  (cf. engravings B 210 to B 235); this, however, seems to be a
  different edition than the one which, according to Hol v.4,
  p.183, was the second, edited by Carel Allaert, and published
  towards the end of the seventeenth century, with 59 plates. It
  should be noted here that, according to Brunet, v.2, col.114,
  there was a 1551 edition of the 
  <uln>Praecipua</uln>

  which contained 37 plates plus the title page. Variations in
  details, especially in the representation of human figures,
  differentiates these five plates from those of the 1551 edition
  listed above. Cf. also engravings B 241 to B 247 and C 582 and C
  583.</note>

  <inscrip>Ex ruinis thermarum Imp. Diocletiani prospectus
  unus</inscrip>

  <size>25 x 33.5 cm</size>
</record>

<record>
  <num>B240</num>

  <subj>Roman Antiquities</subj>

  <inscrip>[Praecipua aliquot Romanae antiquitatis ruinarum
  monimenta?]</inscrip>

  <engrv>Hieronymus Cock</engrv>

  <city>[Antwerp?]</city>

  <pub>Hieronymus Cock?</pub>

  <date>[1551-1561?]</date>

  <note>These engravings apparently belong to a new and enlarged
  edition of the 
  <uln>Praecipua</uln>

  (cf. engravings B 210 to B 235); this, however, seems to be a
  different edition than the one which, according to Hol v.4,
  p.183, was the second, edited by Carel Allaert, and published
  towards the end of the seventeenth century, with 59 plates. It
  should be noted here that, according to Brunet, v.2, col.114,
  there was a 1551 edition of the 
  <uln>Praecipua</uln>

  which contained 37 plates plus the title page. Variations in
  details, especially in the representation of human figures,
  differentiates these five plates from those of the 1551 edition
  listed above. Cf. also engravings B 241 to B 247 and C 582 and C
  583.</note>

  <inscrip>Nonuularum antiquarum statuarum Romae in horto cuiusdam
  nobilis Romam</inscrip>

  <size>25 x 34 cm</size>
</record>

<record>
  <num>B241</num>

  <subj>Roman Antiquities</subj>

  <inscrip>[Praecipua aliquot Romanae antiquitatis ruinarum
  monimenta?]</inscrip>

  <engrv>Hieronymus Cock</engrv>

  <city>[Antwerp?]</city>

  <pub>Hieronymus Cock</pub>

  <date>1561</date>

  <note>Engraving B 243 is the only one that bears a date. See note
  to engravings B 236 to B 240.</note>

  <inscrip>Amphitheatri Romani typus</inscrip>

  <size>25 x 33 cm</size>
</record>

<record>
  <num>B242</num>

  <subj>Roman Antiquities</subj>

  <inscrip>[Praecipua aliquot Romanae antiquitatis ruinarum
  monimenta?]</inscrip>

  <engrv>Hieronymus Cock</engrv>

  <city>[Antwerp?]</city>

  <pub>Hieronymus Cock</pub>

  <date>1561</date>

  <note>Engraving B 243 is the only one that bears a date. See note
  to engravings B 236 to B 240.</note>

  <inscrip>Palatii Maioris ruinae</inscrip>

  <size>25 x 34 cm</size>
</record>

<record>
  <num>B243</num>

  <subj>Roman Antiquities</subj>

  <inscrip>[Praecipua aliquot Romanae antiquitatis ruinarum
  monimenta?]</inscrip>

  <engrv>Hieronymus Cock</engrv>

  <city>[Antwerp?]</city>

  <pub>Hieronymus Cock</pub>

  <date>1561</date>

  <note>Engraving B 243 is the only one that bears a date. See note
  to engravings B 236 to B 240.</note>

  <inscrip>Ruinarum Palatini montis effigies</inscrip>

  <size>25 x 34.5 cm</size>
</record>

<record>
  <num>B244</num>

  <subj>Roman Antiquities</subj>

  <inscrip>[Praecipua aliquot Romanae antiquitatis ruinarum
  monimenta?]</inscrip>

  <engrv>Hieronymus Cock</engrv>

  <city>[Antwerp?]</city>

  <pub>Hieronymus Cock</pub>

  <date>1561</date>

  <note>Engraving B 243 is the only one that bears a date. See note
  to engravings B 236 to B 240.</note>

  <inscrip>Effigiatio partis thermarum Diocletiani</inscrip>

  <size>25 x 33.5 cm</size>
</record>

<record>
  <num>B245</num>

  <subj>Roman Antiquities</subj>

  <inscrip>[Praecipua aliquot Romanae antiquitatis ruinarum
  monimenta?]</inscrip>

  <engrv>Hieronymus Cock</engrv>

  <city>[Antwerp?]</city>

  <pub>Hieronymus Cock</pub>

  <date>1561</date>

  <note>Engraving B 243 is the only one that bears a date. See note
  to engravings B 236 to B 240.</note>

  <inscrip>Thermarum Diocletiani ruinae</inscrip>

  <size>25 x 34 cm</size>
</record>

<record>
  <num>B246</num>

  <subj>Roman Antiquities</subj>

  <inscrip>[Praecipua aliquot Romanae antiquitatis ruinarum
  monimenta?]</inscrip>

  <engrv>Hieronymus Cock</engrv>

  <city>[Antwerp?]</city>

  <pub>Hieronymus Cock</pub>

  <date>1561</date>

  <note>Engraving B 243 is the only one that bears a date. See note
  to engravings B 236 to B 240.</note>

  <inscrip>Aedis D. Petri Romanae deformatio</inscrip>

  <size>25 x 34 cm</size>
</record>

<record>
  <num>B247</num>

  <subj>Roman Antiquities</subj>

  <inscrip>[Praecipua aliquot Romanae antiquitatis ruinarum
  monimenta?]</inscrip>

  <engrv>Hieronymus Cock</engrv>

  <city>[Antwerp?]</city>

  <pub>Hieronymus Cock</pub>

  <date>1561</date>

  <note>Engraving B 243 is the only one that bears a date. See note
  to engravings B 236 to B 240.</note>

  <inscrip>Antiquitatum incognitarum scenographia</inscrip>

  <size>25 x 33.5 cm</size>
</record>

<record>
  <num>B248</num>

  <subj>Roman Antiquities</subj>

  <inscrip>[I vestigi dell'antichita di Roma]</inscrip>

  <engrv>[Etienne Duperac]</engrv>

  <city>[Rome]</city>

  <pub>[Goert van Schaych]</pub>

  <date>[1621]</date>

  <ref>L-A v.1, p309f., n.1-40</ref>

  <ref>Ashby in Bi (cf. especially p.417f.)</ref>

  <ref>Duperac, 
  <uln>Vestigi</uln>
  </ref>

  <ref>Sadeler, 
  <uln>Vestigi</uln>
  </ref>

  <note>Part of a numbered set of 40 engravings; missing are the
  title page and engraving n.40. The portrait of Jacob Schletzer,
  to whom this particular edition was dedicated, appears on
  engraving n.2 of the set (B 248).</note>

  <inscrip>Vestigii d'una parte del Campidoglio che guarda verso il
  foro Romano che oggi si dice campo vaccina</inscrip>

  <size>22.5 x 38 cm</size>

  <note>(Engraving n.2)</note>

  <ref>A-B p.60, n.584</ref>
</record>

<record>
  <num>B249</num>

  <subj>Roman Antiquities</subj>

  <inscrip>[I vestigi dell'antichita di Roma]</inscrip>

  <engrv>[Etienne Duperac]</engrv>

  <city>[Rome]</city>

  <pub>[Goert van Schaych]</pub>

  <date>[1621]</date>

  <ref>L-A v.1, p309f., n.1-40</ref>

  <ref>Ashby in Bi (cf. especially p.417f.)</ref>

  <ref>Duperac, 
  <uln>Vestigi</uln>
  </ref>

  <ref>Sadeler, 
  <uln>Vestigi</uln>
  </ref>

  <note>Part of a numbered set of 40 engravings; missing are the
  title page and engraving n.40. The portrait of Jacob Schletzer,
  to whom this particular edition was dedicated, appears on
  engraving n.2 of the set (B 248).</note>

  <inscrip>Vestigii dell'arco di Settimio Severo ... Nel segno B si
  vede il tempio de Saturno ...</inscrip>

  <size>25 x 39 cm</size>

  <note>(Engraving n.3)</note>

  <ref>A-B p.50, n.463</ref>
</record>

<record>
  <num>B250</num>

  <subj>Roman Antiquities</subj>

  <inscrip>[I vestigi dell'antichita di Roma]</inscrip>

  <engrv>[Etienne Duperac]</engrv>

  <city>[Rome]</city>

  <pub>[Goert van Schaych]</pub>

  <date>[1621]</date>

  <ref>L-A v.1, p309f., n.1-40</ref>

  <ref>Ashby in Bi (cf. especially p.417f.)</ref>

  <ref>Duperac, 
  <uln>Vestigi</uln>
  </ref>

  <ref>Sadeler, 
  <uln>Vestigi</uln>
  </ref>

  <note>Part of a numbered set of 40 engravings; missing are the
  title page and engraving n.40. The portrait of Jacob Schletzer,
  to whom this particular edition was dedicated, appears on
  engraving n.2 of the set (B 248).</note>

  <inscrip>Vestigii del Tempio di Faustina... Nel segno A si vede
  il tempio di Romolo et Remo ...</inscrip>

  <size>21 x 37 cm</size>

  <note>(Engraving n.4)</note>

  <ref>A-B p.329, n.3251</ref>
</record>

<record>
  <num>B251</num>

  <subj>Roman Antiquities</subj>

  <inscrip>[I vestigi dell'antichita di Roma]</inscrip>

  <engrv>[Etienne Duperac]</engrv>

  <city>[Rome]</city>

  <pub>[Goert van Schaych]</pub>

  <date>[1621]</date>

  <ref>L-A v.1, p309f., n.1-40</ref>

  <ref>Ashby in Bi (cf. especially p.417f.)</ref>

  <ref>Duperac, 
  <uln>Vestigi</uln>
  </ref>

  <ref>Sadeler, 
  <uln>Vestigi</uln>
  </ref>

  <note>Part of a numbered set of 40 engravings; missing are the
  title page and engraving n.40. The portrait of Jacob Schletzer,
  to whom this particular edition was dedicated, appears on
  engraving n.2 of the set (B 248).</note>

  <inscrip>Vestigii del Tempio della Pace edificato da Vespasiano
  Imperatore ...</inscrip>

  <size>21.5 x 37 cm</size>

  <note>(Engraving n.5)</note>

  <ref>A-B p.56, n.535</ref>
</record>

<record>
  <num>B252</num>

  <subj>Roman Antiquities</subj>

  <inscrip>[I vestigi dell'antichita di Roma]</inscrip>

  <engrv>[Etienne Duperac]</engrv>

  <city>[Rome]</city>

  <pub>[Goert van Schaych]</pub>

  <date>[1621]</date>

  <ref>L-A v.1, p309f., n.1-40</ref>

  <ref>Ashby in Bi (cf. especially p.417f.)</ref>

  <ref>Duperac, 
  <uln>Vestigi</uln>
  </ref>

  <ref>Sadeler, 
  <uln>Vestigi</uln>
  </ref>

  <note>Part of a numbered set of 40 engravings; missing are the
  title page and engraving n.40. The portrait of Jacob Schletzer,
  to whom this particular edition was dedicated, appears on
  engraving n.2 of the set (B 248).</note>

  <inscrip>Vestigii del foro di Nerva Imperatore ...</inscrip>

  <size>21.5 x 38 cm</size>

  <note>(Engraving n.6)</note>

  <ref>A-B p.187, n.1854</ref>
</record>

<record>
  <num>B253</num>

  <subj>Roman Antiquities</subj>

  <inscrip>[I vestigi dell'antichita di Roma]</inscrip>

  <engrv>[Etienne Duperac]</engrv>

  <city>[Rome]</city>

  <pub>[Goert van Schaych]</pub>

  <date>[1621]</date>

  <ref>L-A v.1, p309f., n.1-40</ref>

  <ref>Ashby in Bi (cf. especially p.417f.)</ref>

  <ref>Duperac, 
  <uln>Vestigi</uln>
  </ref>

  <ref>Sadeler, 
  <uln>Vestigi</uln>
  </ref>

  <note>Part of a numbered set of 40 engravings; missing are the
  title page and engraving n.40. The portrait of Jacob Schletzer,
  to whom this particular edition was dedicated, appears on
  engraving n.2 of the set (B 248).</note>

  <inscrip>Parte del Monte Palatino verso il foro Romano.
  ...</inscrip>

  <size>21.5 x 38 cm</size>

  <note>(Engraving n.7)</note>

  <ref>A-B p.205, n.2072</ref>
</record>

<record>
  <num>B254</num>

  <subj>Roman Antiquities</subj>

  <inscrip>[I vestigi dell'antichita di Roma]</inscrip>

  <engrv>[Etienne Duperac]</engrv>

  <city>[Rome]</city>

  <pub>[Goert van Schaych]</pub>

  <date>[1621]</date>

  <ref>L-A v.1, p309f., n.1-40</ref>

  <ref>Ashby in Bi (cf. especially p.417f.)</ref>

  <ref>Duperac, 
  <uln>Vestigi</uln>
  </ref>

  <ref>Sadeler, 
  <uln>Vestigi</uln>
  </ref>

  <note>Part of a numbered set of 40 engravings; missing are the
  title page and engraving n.40. The portrait of Jacob Schletzer,
  to whom this particular edition was dedicated, appears on
  engraving n.2 of the set (B 248).</note>

  <inscrip>Vestigii et parte del Monte Palatino verso mezzogiorno
  che risguarda il Circo Massimo et l' Aventino ...</inscrip>

  <size>21.5 x 38 cm</size>

  <note>(Engraving n. 8)</note>

  <ref>A-B p.205, n.2072</ref>
</record>

<record>
  <num>B255</num>

  <subj>Roman Antiquities</subj>

  <inscrip>[I vestigi dell'antichita di Roma]</inscrip>

  <engrv>[Etienne Duperac]</engrv>

  <city>[Rome]</city>

  <pub>[Goert van Schaych]</pub>

  <date>[1621]</date>

  <ref>L-A v.1, p309f., n.1-40</ref>

  <ref>Ashby in Bi (cf. especially p.417f.)</ref>

  <ref>Duperac, 
  <uln>Vestigi</uln>
  </ref>

  <ref>Sadeler, 
  <uln>Vestigi</uln>
  </ref>

  <note>Part of a numbered set of 40 engravings; missing are the
  title page and engraving n.40. The portrait of Jacob Schletzer,
  to whom this particular edition was dedicated, appears on
  engraving n.2 of the set (B 248).</note>

  <inscrip>Vestigii et parte del monte Palatino verso mezzogiorno
  che risguarda il circo Massimo et l'Aventino</inscrip>

  <size>21.5 x 38 cm</size>

  <note>(Engraving n.9)</note>

  <ref>A-B p.205, n.2072</ref>
</record>

<record>
  <num>B256</num>

  <subj>Roman Antiquities</subj>

  <inscrip>[I vestigi dell'antichita di Roma]</inscrip>

  <engrv>[Etienne Duperac]</engrv>

  <city>[Rome]</city>

  <pub>[Goert van Schaych]</pub>

  <date>[1621]</date>

  <ref>L-A v.1, p309f., n.1-40</ref>

  <ref>Ashby in Bi (cf. especially p.417f.)</ref>

  <ref>Duperac, 
  <uln>Vestigi</uln>
  </ref>

  <ref>Sadeler, 
  <uln>Vestigi</uln>
  </ref>

  <note>Part of a numbered set of 40 engravings; missing are the
  title page and engraving n.40. The portrait of Jacob Schletzer,
  to whom this particular edition was dedicated, appears on
  engraving n.2 of the set (B 248).</note>

  <inscrip>Vestigii et parte del monte Palatino della parte verso
  levamente che risguarda il monte Coelio ...</inscrip>

  <size>21 x 38 cm</size>

  <note>(Engraving n.10)</note>

  <ref>A-B p.205, n.2072</ref>
</record>

<record>
  <num>B257</num>

  <subj>Roman Antiquities</subj>

  <inscrip>[I vestigi dell'antichita di Roma]</inscrip>

  <engrv>[Etienne Duperac]</engrv>

  <city>[Rome]</city>

  <pub>[Goert van Schaych]</pub>

  <date>[1621]</date>

  <ref>L-A v.1, p309f., n.1-40</ref>

  <ref>Ashby in Bi (cf. especially p.417f.)</ref>

  <ref>Duperac, 
  <uln>Vestigi</uln>
  </ref>

  <ref>Sadeler, 
  <uln>Vestigi</uln>
  </ref>

  <note>Part of a numbered set of 40 engravings; missing are the
  title page and engraving n.40. The portrait of Jacob Schletzer,
  to whom this particular edition was dedicated, appears on
  engraving n.2 of the set (B 248).</note>

  <inscrip>Vestigii del Circo Massimo che fu cosi cognominato dalla
  sua grandezza, perche era maggiore de altro, che fussero in Roma
  ...</inscrip>

  <size>21.5 x 37.5 cm</size>

  <note>(Engraving n.11)</note>

  <ref>A-B p.147, n.1477</ref>
</record>

<record>
  <num>B258</num>

  <subj>Roman Antiquities</subj>

  <inscrip>[I vestigi dell'antichita di Roma]</inscrip>

  <engrv>[Etienne Duperac]</engrv>

  <city>[Rome]</city>

  <pub>[Goert van Schaych]</pub>

  <date>[1621]</date>

  <ref>L-A v.1, p309f., n.1-40</ref>

  <ref>Ashby in Bi (cf. especially p.417f.)</ref>

  <ref>Duperac, 
  <uln>Vestigi</uln>
  </ref>

  <ref>Sadeler, 
  <uln>Vestigi</uln>
  </ref>

  <note>Part of a numbered set of 40 engravings; missing are the
  title page and engraving n.40. The portrait of Jacob Schletzer,
  to whom this particular edition was dedicated, appears on
  engraving n.2 of the set (B 248).</note>

  <inscrip>I vestigi del tempio di Jano quadrifonte quale
  anticam[en]te fu posto nel foro Boario ...</inscrip>

  <size>22 x 37.5 cm</size>

  <note>(Engraving n. 12)</note>

  <ref>A-B p.48, n.432</ref>
</record>

<record>
  <num>B259</num>

  <subj>Roman Antiquities</subj>

  <inscrip>[I vestigi dell'antichita di Roma]</inscrip>

  <engrv>[Etienne Duperac]</engrv>

  <city>[Rome]</city>

  <pub>[Goert van Schaych]</pub>

  <date>[1621]</date>

  <ref>L-A v.1, p309f., n.1-40</ref>

  <ref>Ashby in Bi (cf. especially p.417f.)</ref>

  <ref>Duperac, 
  <uln>Vestigi</uln>
  </ref>

  <ref>Sadeler, 
  <uln>Vestigi</uln>
  </ref>

  <note>Part of a numbered set of 40 engravings; missing are the
  title page and engraving n.40. The portrait of Jacob Schletzer,
  to whom this particular edition was dedicated, appears on
  engraving n.2 of the set (B 248).</note>

  <inscrip>Vestigii del settizonio di Severo Imperatore...fu
  chiamato anco settizonio da sette solari che aveva... Il vulgo lo
  chiamo la, Scola di Virgilio</inscrip>

  <size>21.5 x 37.5 cm</size>

  <note>(Engraving n.13)</note>

  <ref>A-B p.316, n.3138</ref>
</record>

<record>
  <num>B260</num>

  <subj>Roman Antiquities</subj>

  <inscrip>[I vestigi dell'antichita di Roma]</inscrip>

  <engrv>[Etienne Duperac]</engrv>

  <city>[Rome]</city>

  <pub>[Goert van Schaych]</pub>

  <date>[1621]</date>

  <ref>L-A v.1, p309f., n.1-40</ref>

  <ref>Ashby in Bi (cf. especially p.417f.)</ref>

  <ref>Duperac, 
  <uln>Vestigi</uln>
  </ref>

  <ref>Sadeler, 
  <uln>Vestigi</uln>
  </ref>

  <note>Part of a numbered set of 40 engravings; missing are the
  title page and engraving n.40. The portrait of Jacob Schletzer,
  to whom this particular edition was dedicated, appears on
  engraving n.2 of the set (B 248).</note>

  <inscrip>Vestigii et parti del monte Celio, che guarda verso
  Ponente ...</inscrip>

  <size>22 x 38 cm</size>

  <note>(Engraving n.14)</note>

  <ref>A-B p.205, n.2061</ref>
</record>

<record>
  <num>B261</num>

  <subj>Roman Antiquities</subj>

  <inscrip>[I vestigi dell'antichita di Roma]</inscrip>

  <engrv>[Etienne Duperac]</engrv>

  <city>[Rome]</city>

  <pub>[Goert van Schaych]</pub>

  <date>[1621]</date>

  <ref>L-A v.1, p309f., n.1-40</ref>

  <ref>Ashby in Bi (cf. especially p.417f.)</ref>

  <ref>Duperac, 
  <uln>Vestigi</uln>
  </ref>

  <ref>Sadeler, 
  <uln>Vestigi</uln>
  </ref>

  <note>Part of a numbered set of 40 engravings; missing are the
  title page and engraving n.40. The portrait of Jacob Schletzer,
  to whom this particular edition was dedicated, appears on
  engraving n.2 of the set (B 248).</note>

  <inscrip>Vestigii dell'arco di Constantino quale oggi di tutti
  l'altri e il piu intiero... Nel segno A si vede un pezzo di
  muro... in forma di una meta...detta...sudans... Nel segno B si
  vedono li vertigii dell'Arco di Tito ...</inscrip>

  <size>21 x 37 cm</size>

  <note>(Engraving n.15)</note>

  <ref>A-B p. 40, n.366</ref>
</record>

<record>
  <num>B262</num>

  <subj>Roman Antiquities</subj>

  <inscrip>[I vestigi dell'antichita di Rome]</inscrip>

  <engrv>[Etienne Duperac]</engrv>

  <city>[Rome]</city>

  <pub>[Goert van Schaych]</pub>

  <date>[1621]</date>

  <ref>L-A v.1, p309f., n.1-40</ref>

  <ref>Ashby in Bi (cf. especially p.417f.)</ref>

  <ref>Duperac, 
  <uln>Vestigi</uln>
  </ref>

  <ref>Sadeler, 
  <uln>Vestigi</uln>
  </ref>

  <note>Part of a numbered set of 40 engravings; missing are the
  title page and engraving n.40. The portrait of Jacob Schletzer,
  to whom this particular edition was dedicated, appears on
  engraving n.2 of the set (B 248).</note>

  <inscrip>Vestigii della parte di fuora dell'Anfiteatro di Tito,
  qual fu primo edificato da Vespasiano ...</inscrip>

  <size>22 x 38 cm</size>

  <note>(Engraving n.16)</note>

  <ref>A-B p.160, n.1587</ref>
</record>

<record>
  <num>B263</num>

  <subj>Roman Antiquities</subj>

  <inscrip>[I vestigi dell'antichita di Roma]</inscrip>

  <engrv>[Etienne Duperac]</engrv>

  <city>[Rome]</city>

  <pub>[Goert van Schaych]</pub>

  <date>[1621]</date>

  <ref>L-A v.1, p309f., n.1-40</ref>

  <ref>Ashby in Bi (cf. especially p.417f.)</ref>

  <ref>Duperac, 
  <uln>Vestigi</uln>
  </ref>

  <ref>Sadeler, 
  <uln>Vestigi</uln>
  </ref>

  <note>Part of a numbered set of 40 engravings; missing are the
  title page and engraving n.40. The portrait of Jacob Schletzer,
  to whom this particular edition was dedicated, appears on
  engraving n.2 of the set (B 248).</note>

  <inscrip>Vastigii delle Therme di Tito dalla parte che riguardano
  il Mezzogiorno et sirocco, donde e il monte Celio...</inscrip>

  <size>22 x 38 cm</size>

  <note>(Engraving n.17)</note>

  <ref>A-B p.356, n.3525</ref>

  <note>The text of the inscription of this engraving is completed
  by that of the one following.</note>
</record>

<record>
  <num>B264</num>

  <subj>Roman Antiquities</subj>

  <inscrip>[I vestigi dell'antichita di Roma]</inscrip>

  <engrv>[Etienne Duperac]</engrv>

  <city>[Rome]</city>

  <pub>[Goert van Schaych]</pub>

  <date>[1621]</date>

  <ref>L-A v.1, p309f., n.1-40</ref>

  <ref>Ashby in Bi (cf. especially p.417f.)</ref>

  <ref>Duperac, 
  <uln>Vestigi</uln>
  </ref>

  <ref>Sadeler, 
  <uln>Vestigi</uln>
  </ref>

  <note>Part of a numbered set of 40 engravings; missing are the
  title page and engraving n.40. The portrait of Jacob Schletzer,
  to whom this particular edition was dedicated, appears on
  engraving n.2 of the set (B 248).</note>

  <inscrip>...vogliono alcuni che a dette terne ui fussero
  congionte quelle di Traiano, del che non se ne puo far giuditio
  quale fussero per essere dette fabriche molto ruinate
  ...</inscrip>

  <size>21.5 x 38 cm</size>

  <note>(Engraving n.18)</note>

  <ref>A-B p.356, n.3525</ref>
</record>

<record>
  <num>B265</num>

  <subj>Roman Antiquities</subj>

  <inscrip>[I vestigi dell'antichita di Roma]</inscrip>

  <engrv>[Etienne Duperac]</engrv>

  <city>[Rome]</city>

  <pub>[Goert van Schaych]</pub>

  <date>[1621]</date>

  <ref>L-A v.1, p309f., n.1-40</ref>

  <ref>Ashby in Bi (cf. especially p.417f.)</ref>

  <ref>Duperac, 
  <uln>Vestigi</uln>
  </ref>

  <ref>Sadeler, 
  <uln>Vestigi</uln>
  </ref>

  <note>Part of a numbered set of 40 engravings; missing are the
  title page and engraving n.40. The portrait of Jacob Schletzer,
  to whom this particular edition was dedicated, appears on
  engraving n.2 of the set (B 248).</note>

  <inscrip>Vestigii delle Terme di Antonino Caracalla, dalla parte
  di fuora, che guarda verso mezzogiorno ...</inscrip>

  <size>21.5 x 38 cm</size>

  <note>(Engraving n.19)</note>

  <ref>A-B p.350, n.3447</ref>

  <note>The text of the inscription of this engraving is completed
  by that of the one following.</note>
</record>

<record>
  <num>B266</num>

  <subj>Roman Antiquities</subj>

  <inscrip>[I vestigi dell'antichita di Roma]</inscrip>

  <engrv>[Etienne Duperac]</engrv>

  <city>[Rome]</city>

  <pub>[Goert van Schaych]</pub>

  <date>[1621]</date>

  <ref>L-A v.1, p309f., n.1-40</ref>

  <ref>Ashby in Bi (cf. especially p.417f.)</ref>

  <ref>Duperac, 
  <uln>Vestigi</uln>
  </ref>

  <ref>Sadeler, 
  <uln>Vestigi</uln>
  </ref>

  <note>Part of a numbered set of 40 engravings; missing are the
  title page and engraving n.40. The portrait of Jacob Schletzer,
  to whom this particular edition was dedicated, appears on
  engraving n.2 of the set (B 248).</note>

  <inscrip>... oggidi questo luoco e spogliato...et non vi si vede
  altro che mura di matone...il vulgo lo chiamo oggi
  L'antoniana</inscrip>

  <size>22 x 37.5 cm</size>

  <note>(Engraving n.20)</note>

  <ref>A-B p.350, n.3447</ref>
</record>

<record>
  <num>B267</num>

  <subj>Roman Antiquities</subj>

  <inscrip>[I vestigi dell'antichita di Roma]</inscrip>

  <engrv>[Etienne Duperac]</engrv>

  <city>[Rome]</city>

  <pub>[Goert van Schaych]</pub>

  <date>[1621]</date>

  <ref>L-A v.1, p309f., n.1-40</ref>

  <ref>Ashby in Bi (cf. especially p.417f.)</ref>

  <ref>Duperac, 
  <uln>Vestigi</uln>
  </ref>

  <ref>Sadeler, 
  <uln>Vestigi</uln>
  </ref>

  <note>Part of a numbered set of 40 engravings; missing are the
  title page and engraving n.40. The portrait of Jacob Schletzer,
  to whom this particular edition was dedicated, appears on
  engraving n.2 of the set (B 248).</note>

  <inscrip>Vestigii d'una parte di dentro dell'terme d'Antonino
  Caracala ...</inscrip>

  <size>21.5 x 37.5 cm</size>

  <note>(Engraving n.21)</note>

  <ref>A-B p.350, n. 3447</ref>
</record>

<record>
  <num>B268</num>

  <subj>Roman Antiquities</subj>

  <inscrip>[I vestigi dell'antichita di Roma]</inscrip>

  <engrv>[Etienne Duperac]</engrv>

  <city>[Rome]</city>

  <pub>[Goert van Schaych]</pub>

  <date>[1621]</date>

  <ref>L-A v.1, p309f., n.1-40</ref>

  <ref>Ashby in Bi (cf. especially p.417f.)</ref>

  <ref>Duperac, 
  <uln>Vestigi</uln>
  </ref>

  <ref>Sadeler, 
  <uln>Vestigi</uln>
  </ref>

  <note>Part of a numbered set of 40 engravings; missing are the
  title page and engraving n.40. The portrait of Jacob Schletzer,
  to whom this particular edition was dedicated, appears on
  engraving n.2 of the set (B 248).</note>

  <inscrip>Vestigii delle Terme di Antonino Caracalla, della parte
  dentro ...</inscrip>

  <size>22 x 38 cm</size>

  <note>(Engraving n.22)</note>

  <ref>A-B p.350, n.3447</ref>
</record>

<record>
  <num>B269</num>

  <subj>Roman Antiquities</subj>

  <inscrip>[I vestigi dell'antichita di Roma]</inscrip>

  <engrv>[Etienne Duperac]</engrv>

  <city>[Rome]</city>

  <pub>[Goert van Schaych]</pub>

  <date>[1621]</date>

  <ref>L-A v.1, p309f., n.1-40</ref>

  <ref>Ashby in Bi (cf. especially p.417f.)</ref>

  <ref>Duperac, 
  <uln>Vestigi</uln>
  </ref>

  <ref>Sadeler, 
  <uln>Vestigi</uln>
  </ref>

  <note>Part of a numbered set of 40 engravings; missing are the
  title page and engraving n.40. The portrait of Jacob Schletzer,
  to whom this particular edition was dedicated, appears on
  engraving n.2 of the set (B 248).</note>

  <inscrip>Vestigii d'una parte del monte Aventino che guarda verso
  Ponente et il Tevere ...</inscrip>

  <size>22 x 37.5 cm</size>

  <note>(Engraving n.23)</note>

  <ref>A-B p.204, n.2049</ref>
</record>

<record>
  <num>B270</num>

  <subj>Roman Antiquities</subj>

  <inscrip>[I vestigi dell'antichita di Roma]</inscrip>

  <engrv>[Etienne Duperac]</engrv>

  <city>[Rome]</city>

  <pub>[Goert van Schaych]</pub>

  <date>[1621]</date>

  <ref>L-A v.1, p309f., n.1-40</ref>

  <ref>Ashby in Bi (cf. especially p.417f.)</ref>

  <ref>Duperac, 
  <uln>Vestigi</uln>
  </ref>

  <ref>Sadeler, 
  <uln>Vestigi</uln>
  </ref>

  <note>Part of a numbered set of 40 engravings; missing are the
  title page and engraving n.40. The portrait of Jacob Schletzer,
  to whom this particular edition was dedicated, appears on
  engraving n.2 of the set (B 248).</note>

  <inscrip>Vestigii d'una piramide di marmoro, che fu un sepolcro
  di C. Cestio Settenviro degli Epuloni ...</inscrip>

  <size>22 x 38 cm</size>

  <note>(Engraving n.24)</note>

  <ref>A-B p.304, n.3029</ref>
</record>

<record>
  <num>B271</num>

  <subj>Roman Antiquities</subj>

  <inscrip>[I vestigi dell'antichita di Roma]</inscrip>

  <engrv>[Etienne Duperac]</engrv>

  <city>[Rome]</city>

  <pub>[Goert van Schaych]</pub>

  <date>[1621]</date>

  <ref>L-A v.1, p309f., n.1-40</ref>

  <ref>Ashby in Bi (cf. especially p.417f.)</ref>

  <ref>Duperac, 
  <uln>Vestigi</uln>
  </ref>

  <ref>Sadeler, 
  <uln>Vestigi</uln>
  </ref>

  <note>Part of a numbered set of 40 engravings; missing are the
  title page and engraving n.40. The portrait of Jacob Schletzer,
  to whom this particular edition was dedicated, appears on
  engraving n.2 of the set (B 248).</note>

  <inscrip>Vestigii d'una porta de la Citta, chiamata antichamente
  porta Nevia, hora detta Porta maggiore ...</inscrip>

  <size>25 x 38 cm</size>

  <note>(Engraving n.25)</note>

  <ref>A-B p.288, n.2865</ref>
</record>

<record>
  <num>B272</num>

  <subj>Roman Antiquities</subj>

  <inscrip>[I vestigi dell'antichita di Roma]</inscrip>

  <engrv>[Etienne Duperac]</engrv>

  <city>[Rome]</city>

  <pub>[Goert van Schaych]</pub>

  <date>[1621]</date>

  <ref>L-A v.1, p309f., n.1-40</ref>

  <ref>Ashby in Bi (cf. especially p.417f.)</ref>

  <ref>Duperac, 
  <uln>Vestigi</uln>
  </ref>

  <ref>Sadeler, 
  <uln>Vestigi</uln>
  </ref>

  <note>Part of a numbered set of 40 engravings; missing are the
  title page and engraving n.40. The portrait of Jacob Schletzer,
  to whom this particular edition was dedicated, appears on
  engraving n.2 of the set (B 248).</note>

  <inscrip>Vestigii d'uno Amphiteatro, nominato da gli Antichi
  Castrense qual e congiunto con le mura de la citta, et dentro il
  monasterio di S. Croce in Hierusalem</inscrip>

  <size>22 x 38.5 cm</size>

  <note>(Engraving n.26)</note>

  <ref>A-B p.38, n.337</ref>
</record>

<record>
  <num>B273</num>

  <subj>Roman Antiquities</subj>

  <inscrip>[I vestigi dell'antichita di Roma]</inscrip>

  <engrv>[Etienne Duperac]</engrv>

  <city>[Rome]</city>

  <pub>[Goert van Schaych]</pub>

  <date>[1621]</date>

  <ref>L-A v.1, p309f., n.1-40</ref>

  <ref>Ashby in Bi (cf. especially p.417f.)</ref>

  <ref>Duperac, 
  <uln>Vestigi</uln>
  </ref>

  <ref>Sadeler, 
  <uln>Vestigi</uln>
  </ref>

  <note>Part of a numbered set of 40 engravings; missing are the
  title page and engraving n.40. The portrait of Jacob Schletzer,
  to whom this particular edition was dedicated, appears on
  engraving n.2 of the set (B 248).</note>

  <inscrip>Vestigii del Castello dell'acqua Martia overo Iulia, che
  cosi e detto il luogho dove si radunavano l'acque delli
  acquedotti ...</inscrip>

  <size>22.5 x 38 cm</size>

  <note>(Engraving n.27)</note>

  <ref>A-B p.73, n.681</ref>
</record>

<record>
  <num>B274</num>

  <subj>Roman Antiquities</subj>

  <inscrip>[I vestigi dell'antichita di Roma]</inscrip>

  <engrv>[Etienne Duperac]</engrv>

  <city>[Rome]</city>

  <pub>[Goert van Schaych]</pub>

  <date>[1621]</date>

  <ref>L-A v.1, p309f., n.1-40</ref>

  <ref>Ashby in Bi (cf. especially p.417f.)</ref>

  <ref>Duperac, 
  <uln>Vestigi</uln>
  </ref>

  <ref>Sadeler, 
  <uln>Vestigi</uln>
  </ref>

  <note>Part of a numbered set of 40 engravings; missing are the
  title page and engraving n.40. The portrait of Jacob Schletzer,
  to whom this particular edition was dedicated, appears on
  engraving n.2 of the set (B 248).</note>

  <inscrip>Vestigii delle Therme di Diocletiano, dalla parte di
  fuori qual risguarda verso Libecchio et Roma ...</inscrip>

  <size>21.5 x 37.5 cm</size>

  <note>(Engraving n.28)</note>

  <ref>A-B p.353, n.3482</ref>

  <note>The text of the inscription of this engraving is completed
  by that of the one following*.</note>
</record>

<record>
  <num>B275</num>

  <subj>Roman Antiquities</subj>

  <inscrip>[I vestigi dell'antichita di Roma]</inscrip>

  <engrv>[Etienne Duperac]</engrv>

  <city>[Rome]</city>

  <pub>[Goert van Schaych]</pub>

  <date>[1621]</date>

  <ref>L-A v.1, p309f., n.1-40</ref>

  <ref>Ashby in Bi (cf. especially p.417f.)</ref>

  <ref>Duperac, 
  <uln>Vestigi</uln>
  </ref>

  <ref>Sadeler, 
  <uln>Vestigi</uln>
  </ref>

  <note>Part of a numbered set of 40 engravings; missing are the
  title page and engraving n.40. The portrait of Jacob Schletzer,
  to whom this particular edition was dedicated, appears on
  engraving n.2 of the set (B 248).</note>

  <inscrip>... Queste sono rimaste in buona parte intiere et piu di
  tutti l'atre che siano in Roma, et hoggi di ui si fabrica il
  monasterio delli monaci della Certosa dedicato da Papa Pio IIII a
  Sta. Maria dell'Angeli</inscrip>

  <size>21.5 x 37.5 cm</size>

  <note>(Engraving n.29)</note>

  <ref>A-B p.353, n.3482</ref>
</record>

<record>
  <num>B276</num>

  <subj>Roman Antiquities</subj>

  <inscrip>[I vestigi dell'antichita di Roma]</inscrip>

  <engrv>[Etienne Duperac]</engrv>

  <city>[Rome]</city>

  <pub>[Goert van Schaych]</pub>

  <date>[1621]</date>

  <ref>L-A v.1, p309f., n.1-40</ref>

  <ref>Ashby in Bi (cf. especially p.417f.)</ref>

  <ref>Duperac, 
  <uln>Vestigi</uln>
  </ref>

  <ref>Sadeler, 
  <uln>Vestigi</uln>
  </ref>

  <note>Part of a numbered set of 40 engravings; missing are the
  title page and engraving n.40. The portrait of Jacob Schletzer,
  to whom this particular edition was dedicated, appears on
  engraving n.2 of the set (B 248).</note>

  <inscrip>Vestigii delle Terme di Diocletiano dalla parte di
  dentro che guarda verso scirocco ...</inscrip>

  <size>21.5 x 37.5 cm</size>

  <note>(Engraving n.30)</note>

  <ref>A-B p.353, n.3482</ref>
</record>

<record>
  <num>B277</num>

  <subj>Roman Antiquities</subj>

  <inscrip>[I vestigi dell'antichita di Roma]</inscrip>

  <engrv>[Etienne Duperac]</engrv>

  <city>[Rome]</city>

  <pub>[Goert van Schaych]</pub>

  <date>[1621]</date>

  <ref>L-A v.1, p309f., n.1-40</ref>

  <ref>Ashby in Bi (cf. especially p.417f.)</ref>

  <ref>Duperac, 
  <uln>Vestigi</uln>
  </ref>

  <ref>Sadeler, 
  <uln>Vestigi</uln>
  </ref>

  <note>Part of a numbered set of 40 engravings; missing are the
  title page and engraving n.40. The portrait of Jacob Schletzer,
  to whom this particular edition was dedicated, appears on
  engraving n.2 of the set (B 248).</note>

  <inscrip>Parte del monte Quirinale che guarda verso Ponente
  ...</inscrip>

  <size>22 x 37.5 cm</size>

  <note>(Engraving n.31)</note>

  <ref>A-B p.208, n.2092</ref>
</record>

<record>
  <num>B278</num>

  <subj>Roman Antiquities</subj>

  <inscrip>[I vestigi dell'antichita di Roma]</inscrip>

  <engrv>[Etienne Duperac]</engrv>

  <city>[Rome]</city>

  <pub>[Goert van Schaych]</pub>

  <date>[1621]</date>

  <ref>L-A v.1, p309f., n.1-40</ref>

  <ref>Ashby in Bi (cf. especially p.417f.)</ref>

  <ref>Duperac, 
  <uln>Vestigi</uln>
  </ref>

  <ref>Sadeler, 
  <uln>Vestigi</uln>
  </ref>

  <note>Part of a numbered set of 40 engravings; missing are the
  title page and engraving n.40. The portrait of Jacob Schletzer,
  to whom this particular edition was dedicated, appears on
  engraving n.2 of the set (B 248).</note>

  <inscrip>Vestigii delle Terme di Constantino nel monte Quirinale
  dalla parte che guarda verso Libecchio...et dapoi che io disegnai
  questa parte vi si sono fabricate chase e granarii di modo che al
  di doggi non si puol piu vedere ...</inscrip>

  <size>21.5 x 37.5 cm</size>

  <note>(Engraving n.32)</note>

  <ref>A-B p.352, n.3472</ref>
</record>

<record>
  <num>B279</num>

  <subj>Roman Antiquities</subj>

  <inscrip>[I vestigi dell'antichita di Roma]</inscrip>

  <engrv>[Etienne Duperac]</engrv>

  <city>[Rome]</city>

  <pub>[Goert van Schaych]</pub>

  <date>[1621]</date>

  <ref>L-A v.1, p309f., n.1-40</ref>

  <ref>Ashby in Bi (cf. especially p.417f.)</ref>

  <ref>Duperac, 
  <uln>Vestigi</uln>
  </ref>

  <ref>Sadeler, 
  <uln>Vestigi</uln>
  </ref>

  <note>Part of a numbered set of 40 engravings; missing are the
  title page and engraving n.40. The portrait of Jacob Schletzer,
  to whom this particular edition was dedicated, appears on
  engraving n.2 of the set (B 248).</note>

  <inscrip>Disegno della colonna Traiana, che fu da lui drizzata,
  in mezzo al suo foro ...</inscrip>

  <size>23 x 38 cm</size>

  <note>(Engraving n.33)</note>

  <ref>A-B p.156, n.1551</ref>
</record>

<record>
  <num>B280</num>

  <subj>Roman Antiquities</subj>

  <inscrip>[I vestigi dell'antichita di Roma]</inscrip>

  <engrv>[Etienne Duperac]</engrv>

  <city>[Rome]</city>

  <pub>[Goert van Schaych]</pub>

  <date>[1621]</date>

  <ref>L-A v.1, p309f., n.1-40</ref>

  <ref>Ashby in Bi (cf. especially p.417f.)</ref>

  <ref>Duperac, 
  <uln>Vestigi</uln>
  </ref>

  <ref>Sadeler, 
  <uln>Vestigi</uln>
  </ref>

  <note>Part of a numbered set of 40 engravings; missing are the
  title page and engraving n.40. The portrait of Jacob Schletzer,
  to whom this particular edition was dedicated, appears on
  engraving n.2 of the set (B 248).</note>

  <inscrip>Disegno della colonna Antonina, che e alta CLXXV piedi
  ...</inscrip>

  <size>22.5 x 38 cm</size>

  <note>(Engraving n.34)</note>

  <ref>A-B p.151, n.1521</ref>
</record>

<record>
  <num>B281</num>

  <subj>Roman Antiquities</subj>

  <inscrip>[I vestigi dell'antichita di Roma]</inscrip>

  <engrv>[Etienne Duperac]</engrv>

  <city>[Rome]</city>

  <pub>[Goert van Schaych]</pub>

  <date>[1621]</date>

  <ref>L-A v.1, p309f., n.1-40</ref>

  <ref>Ashby in Bi (cf. especially p.417f.)</ref>

  <ref>Duperac, 
  <uln>Vestigi</uln>
  </ref>

  <ref>Sadeler, 
  <uln>Vestigi</uln>
  </ref>

  <note>Part of a numbered set of 40 engravings; missing are the
  title page and engraving n.40. The portrait of Jacob Schletzer,
  to whom this particular edition was dedicated, appears on
  engraving n.2 of the set (B 248).</note>

  <inscrip>Vestigii del Panteone di M. Agrippa...oggidi si ritrova
  questo edificio solo intiero, de quanti tempii antichi vi eranno
  in Roma, e si chiama volgarmente Sa. Maria Rotonda</inscrip>

  <size>21.5 x 37.5 cm</size>

  <note>(Engraving n.35)</note>

  <ref>A-B p.257, n.2553</ref>
</record>

<record>
  <num>B282</num>

  <subj>Roman Antiquities</subj>

  <inscrip>[I vestigi dell'antichita di Roma]</inscrip>

  <engrv>[Etienne Duperac]</engrv>

  <city>[Rome]</city>

  <pub>[Goert van Schaych]</pub>

  <date>[1621]</date>

  <ref>L-A v.1, p309f., n.1-40</ref>

  <ref>Ashby in Bi (cf. especially p.417f.)</ref>

  <ref>Duperac, 
  <uln>Vestigi</uln>
  </ref>

  <ref>Sadeler, 
  <uln>Vestigi</uln>
  </ref>

  <note>Part of a numbered set of 40 engravings; missing are the
  title page and engraving n.40. The portrait of Jacob Schletzer,
  to whom this particular edition was dedicated, appears on
  engraving n.2 of the set (B 248).</note>

  <inscrip>Vestigii del Mausoleo d'Augusto ...</inscrip>

  <size>21.5 x 37.5 cm</size>

  <note>(Engraving n.36)</note>

  <ref>A-B p.201, n.2013</ref>
</record>

<record>
  <num>B283</num>

  <subj>Roman Antiquities</subj>

  <inscrip>[I vestigi dell'antichita di Roma]</inscrip>

  <engrv>[Etienne Duperac]</engrv>

  <city>[Rome]</city>

  <pub>[Goert van Schaych]</pub>

  <date>[1621]</date>

  <ref>L-A v.1, p309f., n.1-40</ref>

  <ref>Ashby in Bi (cf. especially p.417f.)</ref>

  <ref>Duperac, 
  <uln>Vestigi</uln>
  </ref>

  <ref>Sadeler, 
  <uln>Vestigi</uln>
  </ref>

  <note>Part of a numbered set of 40 engravings; missing are the
  title page and engraving n.40. The portrait of Jacob Schletzer,
  to whom this particular edition was dedicated, appears on
  engraving n.2 of the set (B 248).</note>

  <inscrip>Vestigii del monumento overo mole d'Adriano... Oggi li
  chiamano castello e ponte Sant'Angelo</inscrip>

  <size>22 x 38 cm</size>

  <note>(Engraving n.37)</note>

  <ref>A-B p.75, n.702</ref>
</record>

<record>
  <num>B284</num>

  <subj>Roman Antiquities</subj>

  <inscrip>[I vestigi dell'antichita di Roma]</inscrip>

  <engrv>[Etienne Duperac]</engrv>

  <city>[Rome]</city>

  <pub>[Goert van Schaych]</pub>

  <date>[1621]</date>

  <ref>L-A v.1, p309f., n.1-40</ref>

  <ref>Ashby in Bi (cf. especially p.417f.)</ref>

  <ref>Duperac, 
  <uln>Vestigi</uln>
  </ref>

  <ref>Sadeler, 
  <uln>Vestigi</uln>
  </ref>

  <note>Part of a numbered set of 40 engravings; missing are the
  title page and engraving n.40. The portrait of Jacob Schletzer,
  to whom this particular edition was dedicated, appears on
  engraving n.2 of the set (B 248).</note>

  <inscrip>Vestigii del Theatro che fu edificato da Augusto...
  Sopra le sue rovine e edificato il palazzo de Signori Savelli, e
  oggidi si chiama volgarmente quella contrada Piazza Montanara
  etc.</inscrip>

  <size>20.5 x 37.5 cm</size>

  <note>(Engraving n.38)</note>

  <ref>A-B p.326, n.3209</ref>
</record>

<record>
  <num>B285</num>

  <subj>Roman Antiquities</subj>

  <inscrip>[I vestigi dell'antichita di Roma]</inscrip>

  <engrv>[Etienne Duperac]</engrv>

  <city>[Rome]</city>

  <pub>[Goert van Schaych]</pub>

  <date>[1621]</date>

  <ref>L-A v.1, p309f., n.1-40</ref>

  <ref>Ashby in Bi (cf. especially p.417f.)</ref>

  <ref>Duperac, 
  <uln>Vestigi</uln>
  </ref>

  <ref>Sadeler, 
  <uln>Vestigi</uln>
  </ref>

  <note>Part of a numbered set of 40 engravings; missing are the
  title page and engraving n.40. The portrait of Jacob Schletzer,
  to whom this particular edition was dedicated, appears on
  engraving n.2 of the set (B 248).</note>

  <inscrip>Vestigii della Isola di Sto. Bartholomeo, gia
  anticamente detta L'isola di Giove Licaonio... Hora il chiamono
  di Sto. Bartholomeo per esser la chiesa di questo santo posta in
  detta isola</inscrip>

  <size>21.5 x 37 cm</size>

  <note>(Engraving n.39)</note>

  <ref>A-B p.198, n.1987</ref>
</record>

<record>
  <num>B286</num>

  <subj>Map Of Rome</subj>

  <inscrip>Descriptio urbis Romae quadratae et postea ab oriens
  regibus aliisque successu temporis amplificatae</inscrip>

  <engrv>Paulus Merula after [Pirro Ligorio]</engrv>

  <city>[Rome?]</city>

  <pub>s.n.</pub>

  <date>1600</date>

  <size>26 x 33 cm</size>

  <ref>HuP p.44, n.16a</ref>
</record>

<record>
  <num>B287</num>

  <subj>Map Of Rome</subj>

  <inscrip>Novissima urbis Romae descriptio</inscrip>

  <engrv>Theodor de Bry after [Ambrogio Brambilla]</engrv>

  <city>[Francofort on the Main]</city>

  <pub>Theodor de Bry</pub>

  <date>1597</date>

  <size>26.5 x 38.5 cm</size>

  <ref>Frutaz, v.1, p.197 and v.2, pianta 138, tav.278</ref>

  <ref>Boissard, 
  <uln>Topographia</uln>

  (1681), pl. proceeding p.1</ref>
</record>

<record>
  <num>B288</num>

  <subj>Map Of Rome</subj>

  <inscrip>Der Stadt Rom boden und circkel sampt thor und porten
  wie sie gestanden ist vor zeiten do sie noch in ihrer
  herrlichkeit was</inscrip>

  <engrv>Heinrich Holtzm&#195;&#188;ller (monogram)</engrv>

  <city>[Basel]</city>

  <pub>[Henricum Petri]</pub>

  <date>[s.d.]</date>

  <size>28 x 34 cm</size>

  <ref>Frutaz, v.1, p.58f and v.2, pianta 14, tav.23</ref>

  <ref>Munster, 
  <uln>Cosmographia</uln>

  (1550), pp.178-79 and (1575), pp.166-67</ref>
</record>

<record>
  <num>B289</num>

  <subj>Map Of Rome</subj>

  <inscrip>La figure de la place, ou fut iadiz la cite de Rome,
  avec ses portes, quand elle estoit en sa grand'fleur</inscrip>

  <engrv>[Heinrich Holtzm&#195;&#188;ller (monogram)]</engrv>

  <city>[Paris]</city>

  <pub>[Sonius or Nic. Chesneau]</pub>

  <date>[1575]</date>

  <size>25.5 x 23 cm</size>

  <ref>Brunet, v.3, col.1945 s.v. Munster. (Cf. also the references
  to engraving B 288)</ref>

  <note>This is the same woodcut as the one listed above. It was
  removed from the 1575 edition of the French translation of
  Munster's 
  <uln>Cosmographia</uln>

  , where it appeared on columns 547-548; in the earlier edition of
  the French translation (Basel, 1552), according to A-B p.7, n.62,
  this map appeared on p.154.</note>
</record>

<record>
  <num>B290</num>

  <subj>Portrait Of Pope Julius III</subj>

  <inscrip>Iulius III. Pont. Opt. Max</inscrip>

  <city>[Rome]</city>

  <pub>Antonio Salamanca</pub>

  <date>[1550-1555]</date>

  <size>29 x 20.5 cm</size>
</record>

<record>
  <num>B291</num>

  <subj>Portrait Of Pope Marcellus II</subj>

  <inscrip>Marcellus .II. Pont. Opt. Max</inscrip>

  <engrv>[Giulio Bonasone]</engrv>

  <city>[Rome]</city>

  <pub>s.n.</pub>

  <date>[1555]</date>

  <size>35 x 20.5 cm</size>

  <ref>Ba v.15, p.172, n.349</ref>
</record>

<record>
  <num>B292</num>

  <subj>Portrait Of Cardinal Niccolo Ardinghelli</subj>

  <inscrip>Nicolao Ardinghello Cardinalis annum agens XLIIII
  maiorum memoriae nepotumque imitationi</inscrip>

  <engrv>[Giulio Bonasone]</engrv>

  <city>[Rome(?)]</city>

  <pub>s.n.</pub>

  <date>[probably 1547-1548]</date>

  <size>32 x 18 cm</size>

  <ref>Ba v.15, p.172, n.348</ref>

  <ref>NaKL v.2, p.67</ref>
</record>

<record>
  <num>B293</num>

  <subj>Military Insignia And Instruments Of War From A Marble
  Tablet</subj>

  <inscrip>In aedib....Card. de Caesis...tabula marm. cohortium
  signis duobus, aquilaque legionaria atque aliis cum instrumentis
  bellicis tum cavea pullaria inscriptionibusque perelegantibus
  insignis</inscrip>

  <engrv>[Nicolas Beatrizet]</engrv>

  <city>Rome</city>

  <pub>Antonio Lafreri</pub>

  <date>1551</date>

  <size>29 x 35 cm</size>

  <huref>Hu 44a</huref>

  <ref>L-A v.1, p.89 and v.2, p.351, ad a. 1551</ref>

  <ref>Qu 297</ref>
</record>

<record>
  <num>B294</num>

  <subj>Relic Of The Inscription Of Christ'S Cross</subj>

  <inscrip>Imago triumphalis tituli vivifuae Crucis D.N. Jesu
  Christi qualis hodie Romae apud Cartusianos intra Basilicam S.
  Crucis in Ierusalem...conspicitur...</inscrip>

  <size>19.5 x 27.5 cm</size>

  <note>The story of the discovery of this relic is told in Duret, 
  <uln>Histoire</uln>

  , p.799: "R. Volaterran livr. 22. Anthropolog. escrit que du
  temps du Pape Innocent VIII. en l'an 1492 le titre de la Croix de
  nostre Seignr. Iesus Christ fut trouve en la Basilique de S.
  Croix au milieu du temple, cache dans une muraille escrit aux 3.
  langues susdictes Hebraique, Grecque &amp; Latine en ces mots
  seuls: 
  <uln>Iesus Nazarenus Re.</uln>

  Le reste des mots, estant rongez, ou effacez." For the reference
  to Volaterranus see his 
  <uln>Comm.</uln>

  , fol.3166.</note>
</record>

<record>
  <num>B295</num>

  <subj>Martyrdom Scenes Of Four Female Saints</subj>

  <note>The plate contains 4 separate engravings, each measuring 7
  x 12 cm., representing the martyrdom of the following saints: S.
  Plautilla, S. Agata, S. Bonosa and S. Theodora.</note>
</record>

<record>
  <num>B296</num>

  <subj>Sacrifice To Priapos</subj>

  <inscrip>Quanto honorato sei benigno bacco:/.../ festegia ognun
  dele tue fronde adorno</inscrip>

  <engrv>Master B with the Die (monogram) after [Giulio
  Romano]</engrv>

  <city>Rome</city>

  <pub>Claudii Duchetti</pub>

  <date>[1581-1586]</date>

  <size>15.5 x 28.5 cm</size>

  <huref>Hu 75b</huref>

  <ref>NaKL v.12, p.522</ref>

  <ref>Bruwaert, p.93, n.343</ref>

  <ref>VA 1228</ref>

  <note>The inscription is an 
  <uln>ottava</uln>

  .</note>
</record>

<record>
  <num>B297</num>

  <subj>Sacrifice To The God Silvanus</subj>

  <engrv>[School of Marcantonio Raimondi]</engrv>

  <city>s.l.</city>

  <pub>s.n.</pub>

  <date>s.d.</date>

  <size>24 x 29.5 cm</size>

  <huref>Hu 161</huref>

  <ref>Qu 241</ref>

  <ref>Pas v.6, p.90, n.133</ref>

  <ref>Bartoli, 
  <uln>Arcus</uln>

  , pl. 33</ref>
</record>

<record>
  <num>B298</num>

  <subj>Fish (Dorado)</subj>

  <inscrip>Orata</inscrip>

  <city>[Rome]</city>

  <pub>[Antonio Lafreri]</pub>

  <date>[1559]?</date>

  <size>15.5 x 28 cm</size>

  <ref>Brunet, v.5, cols.101-102 s.v. Salvianus</ref>

  <note>The plate is numbered P 62. It comes from Ippolito
  Salviani's 
  <uln>Aquatilium animalium historiae</uln>

  , published at Rome in 1558(?) (the frontispiece is dated 1554);
  the 90 plates of this book were published separately by Antonio
  Lafreri. The name of the fish is also given in Greek and in
  Latin.</note>
</record>

<record>
  <num>B299</num>

  <subj>Cartouches</subj>

  <engrv>Crispin van Paase, the Younger</engrv>

  <city>[Amsterdam</city>

  <pub>Plantin</pub>

  <date>1642]</date>

  <size>29 x 19.2 cm</size>

  <ref>Ysendyck, Litt. C, pl.9</ref>

  <note>There are 5 cartouches on this plate which is lettered
  T.</note>
</record>

<record>
  <num>B300</num>

  <subj>The Goddess Ceres</subj>

  <inscrip>Mentr'el tuo Padre in quella, in questa parte/ ... /che
  gia tenesti'l mondo sotto'l piede</inscrip>

  <engrv>Master B with the Die after [Giulio Romano]</engrv>

  <city>[Rome]</city>

  <pub>Antonio Salamanca</pub>

  <date>[1530-1562]</date>

  <size>25.5 x 19 cm</size>

  <ref>Ba v.15, p. 195, n.18</ref>

  <ref>Bruwaert, p. 93, n.344</ref>

  <ref>DeW p. 65, n.1020</ref>
</record>

<record>
  <num>B301</num>

  <subj>Apollo Slaying The Snake Python</subj>

  <inscrip>Uccide Phebo il gran Phiton. Serpente/ ... /Tal che per
  Daphne poi si strugge e muore/</inscrip>

  <engrv>Master B with the Die after [Giulio Romano]</engrv>

  <city>s.l.</city>

  <pub>s.n.</pub>

  <date>s.a.</date>

  <size>25 x 18.5 cm</size>

  <ref>Ba v.15, p.197, n.19, 1</ref>

  <ref>DeW p.65, n.1023</ref>

  <ref>VA 1230</ref>

  <note>This is the first in a series of four engravings describing
  the story of Daphne and Apollo. The inscription is an 
  <uln>ottava.</uln>

  .</note>
</record>

<record>
  <num>B302</num>

  <subj>Mercury Handing A Reed Pipe To Minerva</subj>

  <engrv>I. Bonasone probably after [Parmigiano]</engrv>

  <city>s.l.</city>

  <pub>s.n.</pub>

  <date>s.a.</date>

  <size>26.5 x 21 cm</size>

  <ref>Ba v.15, p.153, n.168</ref>
</record>

<record>
  <num>B303</num>

  <subj>Cupid And Psyche</subj>

  <engrv>Giorgio Ghisi (monogram) after Giulio Romano</engrv>

  <city>[Rome]</city>

  <pub>Nicolas van Aelst</pub>

  <date>[1589-1602] (though dated 1574)</date>

  <size>31 x 23 cm</size>

  <ref>Ba v.15, p.403, n.45</ref>

  <ref>NaKL v.5, p.415</ref>

  <ref>Pas v.6, p.139, n.45</ref>

  <note>Cf. Hu p.137f. for dating of van Aelst's activity as
  publisher.</note>
</record>

<record>
  <num>B304</num>

  <subj>Two Caryatides Carrying A Censer</subj>

  <engrv>Marco Dente da Ravenna (monogram) after [Marcantonio
  Raimondi]</engrv>

  <city>[Rome]</city>

  <pub>Nicolas van Aelst</pub>

  <date>[1589-1602]</date>

  <size>31 x 15 cm</size>

  <ref>NaKL v.13, p.504, n.372 and v.14, p.26, n.86</ref>

  <ref>DeW p.58, n.744</ref>

  <ref>Pe p.53, n.931</ref>

  <ref>VA 1256</ref>

  <note>The address of the former publisher Antonio Salamanca has
  been erased from this engraving.</note>
</record>

<record>
  <num>B305</num>

  <subj>The Triumph Of Scipio</subj>

  <inscrip>Sumptum ex fragmentis antiquitatum Romae</inscrip>

  <engrv>Master B with the Die after [Raphael?]</engrv>

  <city>[Rome]</city>

  <pub>Antonio Lafreri</pub>

  <date>[1544-1577]</date>

  <size>21 x 24.5 cm</size>

  <huref>Hu 79a</huref>

  <ref>Qu 248</ref>

  <ref>Pe p. 16, n.925</ref>

  <ref>VA 1234</ref>

  <note>The companion plate (cf. Hu 78a; Qu 247; Pe p.16, n.924) is
  no included in this collection. (For a later impression of the
  same cf. B 306.).</note>
</record>

<record>
  <num>B306</num>

  <subj>Scenes From The Campaign Of Scipio Africanus Against Syphax
  Of Numidia</subj>

  <engrv>Master B with the Die after Raphael</engrv>

  <city>[Rome]</city>

  <pub>Philippe Thomassin</pub>

  <date>[1618]</date>

  <ref>Bruwaert, p.93, n.332-33</ref>

  <inscrip>Vittoria havuta da Scipione contro Siface Re de Numidia
  ...per la qualvittoria torno in Roma trionfante</inscrip>

  <size>20.5 x 25 cm</size>

  <huref>Hu 78d</huref>
</record>

<record>
  <num>B307</num>

  <subj>Scenes From The Campaign Of Scipio Africanus Against Syphax
  Of Numidia</subj>

  <engrv>Master B with the Die after Raphael</engrv>

  <city>[Rome]</city>

  <pub>Philippe Thomassin</pub>

  <date>[1618]</date>

  <ref>Bruwaert, p.93, n.332-33</ref>

  <inscrip>Trionfo di Scipione tornando vittorioso d'Africa, contro
  Siface Re di Numidia ...</inscrip>

  <size>21 x 24.5 cm</size>

  <huref>Hu 79d</huref>
</record>

<record>
  <num>B308</num>

  <subj>Sea Battle</subj>

  <engrv>Michele Crecchi (monogram) after [Polidoro da
  Caravaggio]</engrv>

  <city>[Rome]</city>

  <pub>Pietro de' Nobili</pub>

  <date>[ca. 1584]</date>

  <size>23 x 35.5 cm</size>

  <huref>Hu 154b</huref>

  <ref>NaKL v.9, p.77, n.7</ref>

  <ref>Pe p.46, n.223</ref>
</record>

<record>
  <num>B309</num>

  <subj>Infant Hercules Strangling The Serpents</subj>

  <engrv>Agostino Veneziano (monogram) after [Giulio
  Romano]</engrv>

  <city>[Rome or Milan]</city>

  <pub>Antonio Salamanca</pub>

  <date>1533</date>

  <size>36.5 x 25.5 cm</size>

  <ref>Ba v.14, p.326, n.315</ref>

  <ref>NaKL v.11, p.163, n.81</ref>
</record>

<record>
  <num>B310</num>

  <subj>Two Muses And Zodiacal Signs Of Libra And Scorpio</subj>

  <engrv>Marcantonio Raimondi (monogram) after [Raphael]</engrv>

  <city>s.l.</city>

  <pub>s.n.</pub>

  <date>s.a.</date>

  <size>27.5 x 19.5 cm</size>

  <ref>Ba v.14, p.299, n.397</ref>

  <ref>NaKL v.13, p.498, n.334</ref>

  <ref>Raphael, p.510, pl.31</ref>
</record>

<record>
  <num>B311</num>

  <subj>Juno, Ceres, And Psyche</subj>

  <engrv>Marco Dente (monogram) after [Raphael]</engrv>

  <city>s.l.</city>

  <pub>s.n.</pub>

  <date>s.a.</date>

  <size>24 x 19cm</size>

  <ref>Bav.14, p.247, n.327</ref>

  <ref>NaKL v.14, p.23, n.72</ref>

  <ref>DeW p.57, n.697</ref>

  <note>Left margin damaged.</note>
</record>

<record>
  <num>B312</num>

  <subj>Hercules, Bacchus, And And A Fourth Male Figure</subj>

  <engrv>Giorgio Ghisi (monogram) after Francesco Primaticcio da
  Bologna</engrv>

  <city>s.l.</city>

  <pub>s.n.</pub>

  <date>s.a.</date>

  <size>18 x 24 cm</size>

  <ref>Ba b.15, p.404, n.48</ref>

  <ref>NaKL v.5, p.415</ref>

  <ref>Pe p.66, n.687</ref>

  <note>This is the first of a series of four engravings of
  mythological deities after oval ceiling frescoes by
  Primaticcio.</note>
</record>

<record>
  <num>B313</num>

  <subj>The Injured Scipio Returning From The Battleffeld</subj>

  <engrv>Giulio Bonasone after [Polidoro da Caravaggio]</engrv>

  <city>[Rome?]</city>

  <pub>Antonio Salamanca (monogram)</pub>

  <date>[1539-1562]</date>

  <size>23.5 x 28 cm</size>

  <ref>Ba v.15, p.133, n.81</ref>

  <ref>NaKL v.2, p.66</ref>

  <ref>Praun, p.146, n.260 (engraving by Leon Daven dated
  1540)</ref>
</record>

<record>
  <num>B314</num>

  <subj>Soldier With Flag</subj>

  <engrv>Agostino Veneziano (monogram) after [Marcantonio
  Raimondi]</engrv>

  <city>s.l.</city>

  <pub>s.n.</pub>

  <date>s.a.</date>

  <size>25 x 18 cm</size>

  <ref>Ba v.14, p.357, n.482</ref>

  <ref>NaKL v.11, p.170, n.135</ref>

  <ref>DeW p.70, n.517</ref>

  <ref>Pas v.6, p.62, n.115</ref>
</record>

<record>
  <num>B315</num>

  <subj>The Virgin Of The Seven Sorrows</subj>

  <inscrip>Non doluere meo mihi fixa in pectore tela,/Tela dolent,
  nato quae doluere meo</inscrip>

  <engrv>Anon, after Guido Reni</engrv>

  <city>Rome</city>

  <pub>s.n.</pub>

  <date>s.a.</date>

  <size>35 x 25 cm</size>

  <ref>Pe p.166, n.1544</ref>
</record>

<record>
  <num>B316</num>

  <subj>The Holy Family And St. John The Baptist</subj>

  <inscrip>Ecce ag[nus] Dei</inscrip>

  <engrv>Diana Ghisi after [Raffaelino da Reggio]</engrv>

  <city>Rome</city>

  <pub>s.n.</pub>

  <date>1575</date>

  <size>30 x 23 cm</size>

  <ref>Ba v.15, p.440</ref>

  <ref>NaKL v.5, p.420</ref>

  <note>The signature of Raffaelino da Reggio appeared in some
  engravings at the left hand corner. In our engraving it was
  replaced by another name (perhaps that of Calisto Ferranti) which
  afterwards was also erased.</note>
</record>

<record>
  <num>B317</num>

  <subj>The Fable Of Cupid And Psyche</subj>

  <engrv>[Master B with the Die and Agostino Veneziano after
  Raphael or Michiel Coxie]</engrv>

  <city>[Rome?]</city>

  <pub>Antonio Salamanca or [Francesco Villmena]</pub>

  <date>[1538-1562 or ca. 1590-1624]</date>

  <ref>Ba v.15, p.211f., n.37-90</ref>

  <ref>Pas v.6, p.100, n.39-70</ref>

  <ref>Hol v.5, p.62, n.21-52</ref>

  <ref>Vienna, p.54, n.579-610</ref>

  <ref>DeW p.66, n.95918-95949</ref>

  <ref>VA 1231</ref>

  <ref>[Raphaele, Cupid]</ref>

  <note>Part of a set of 32 numbered engravings. Those missing,
  with the exception of numbers 7 and 9 of the set, can be found in
  the [Raphael] volume listed above. Twenty-nine of these
  engravings were executed by Master B with the Die, though his
  monogram only appears on numbers 6 and 9; the remaining three,
  numbers 4, 7, and 13, bear the monogram of Agostino Veneziano.
  Most of the engravings listed here bear the signature of the
  publisher Antonio Salamanca; they probably belong to the category
  of those engravings which were retouched by Francesco Villamena
  (cf. Ba v.15, p.212); numbers 2, 5, 12, and 15 of the set were
  left unsigned by the publisher. The inscription of each engraving
  consists of an 
  <uln>Ottava</uln>

  composed by an unknown poet probably before 1550, not mentioned
  in Ugo de Maria's study of the fable (cf. 
  <uln>La favola de Cupido e Psiche nella letteratura e nell' arte
  italiana</uln>

  , [Bologna, 1899], p.79f.). Numbers 2 and 5 of this set lack the 
  <uln>ottave</uln>

  altogether and apparently belong to an earlier stage (cf. Ba
  v.15, p.212 and Vienna, p.54). This set was also engraved by
  Jacques Androuet du Cerceau (cf. L-A v.l, p.39f., n.1-32).</note>

  <inscrip>[Venus points out Psyche to Cupid]</inscrip>

  <size>17 x 22 cm</size>

  <note>([Engraving n.2])This print is the reverse of the one
  described by Ba v.15, p.213, n.40.</note>
</record>

<record>
  <num>B318</num>

  <subj>The Fable Of Cupid And Psyche</subj>

  <engrv>[Master B with the Die and Agostino Veneziano after
  Raphael or Michiel Coxie]</engrv>

  <city>[Rome?]</city>

  <pub>Antonio Salamanca or [Francesco Villmena]</pub>

  <date>[1538-1562 or ca. 1590-1624]</date>

  <ref>Ba v.15, p.211f., n.37-90</ref>

  <ref>Pas v.6, p.100, n.39-70</ref>

  <ref>Hol v.5, p.62, n.21-52</ref>

  <ref>Vienna, p.54, n.579-610</ref>

  <ref>DeW p.66, n.95918-95949</ref>

  <ref>VA 1231</ref>

  <ref>[Raphaele, Cupid]</ref>

  <note>Part of a set of 32 numbered engravings. Those missing,
  with the exception of numbers 7 and 9 of the set, can be found in
  the [Raphael] volume listed above. Twenty-nine of these
  engravings were executed by Master B with the Die, though his
  monogram only appears on numbers 6 and 9; the remaining three,
  numbers 4, 7, and 13, bear the monogram of Agostino Veneziano.
  Most of the engravings listed here bear the signature of the
  publisher Antonio Salamanca; they probably belong to the category
  of those engravings which were retouched by Francesco Villamena
  (cf. Ba v.15, p.212); numbers 2, 5, 12, and 15 of the set were
  left unsigned by the publisher. The inscription of each engraving
  consists of an 
  <uln>Ottava</uln>

  composed by an unknown poet probably before 1550, not mentioned
  in Ugo de Maria's study of the fable (cf. 
  <uln>La favola de Cupido e Psiche nella letteratura e nell' arte
  italiana</uln>

  , [Bologna, 1899], p.79f.). Numbers 2 and 5 of this set lack the 
  <uln>ottave</uln>

  altogether and apparently belong to an earlier stage (cf. Ba
  v.15, p.212 and Vienna, p.54). This set was also engraved by
  Jacques Androuet du Cerceau (cf. L-A v.l, p.39f., n.1-32).</note>

  <inscrip>Gia da dui Re le sorelle maggiori/ ... /in matrimonio
  dimandarla ardiva</inscrip>

  <size>20 x 23 cm</size>

  <note>(Engraving n.3)</note>
</record>

<record>
  <num>B319</num>

  <subj>The Fable Of Cupid And Psyche</subj>

  <engrv>[Master B with the Die and Agostino Veneziano after
  Raphael or Michiel Coxie]</engrv>

  <city>[Rome?]</city>

  <pub>Antonio Salamanca or [Francesco Villmena]</pub>

  <date>[1538-1562 or ca. 1590-1624]</date>

  <ref>Ba v.15, p.211f., n.37-90</ref>

  <ref>Pas v.6, p.100, n.39-70</ref>

  <ref>Hol v.5, p.62, n.21-52</ref>

  <ref>Vienna, p.54, n.579-610</ref>

  <ref>DeW p.66, n.95918-95949</ref>

  <ref>VA 1231</ref>

  <ref>[Raphaele, Cupid]</ref>

  <note>Part of a set of 32 numbered engravings. Those missing,
  with the exception of numbers 7 and 9 of the set, can be found in
  the [Raphael] volume listed above. Twenty-nine of these
  engravings were executed by Master B with the Die, though his
  monogram only appears on numbers 6 and 9; the remaining three,
  numbers 4, 7, and 13, bear the monogram of Agostino Veneziano.
  Most of the engravings listed here bear the signature of the
  publisher Antonio Salamanca; they probably belong to the category
  of those engravings which were retouched by Francesco Villamena
  (cf. Ba v.15, p.212); numbers 2, 5, 12, and 15 of the set were
  left unsigned by the publisher. The inscription of each engraving
  consists of an 
  <uln>Ottava</uln>

  composed by an unknown poet probably before 1550, not mentioned
  in Ugo de Maria's study of the fable (cf. 
  <uln>La favola de Cupido e Psiche nella letteratura e nell' arte
  italiana</uln>

  , [Bologna, 1899], p.79f.). Numbers 2 and 5 of this set lack the 
  <uln>ottave</uln>

  altogether and apparently belong to an earlier stage (cf. Ba
  v.15, p.212 and Vienna, p.54). This set was also engraved by
  Jacques Androuet du Cerceau (cf. L-A v.l, p.39f., n.1-32).</note>

  <note>[Psyche being carried up to a deserted mountain]</note>

  <size>16.5 x 22.5 cm</size>

  <note>([Engraving n.5])</note>
</record>

<record>
  <num>B320</num>

  <subj>The Fable Of Cupid And Psyche</subj>

  <engrv>[Master B with the Die and Agostino Veneziano after
  Raphael or Michiel Coxie]</engrv>

  <city>[Rome?]</city>

  <pub>Antonio Salamanca or [Francesco Villmena]</pub>

  <date>[1538-1562 or ca. 1590-1624]</date>

  <ref>Ba v.15, p.211f., n.37-90</ref>

  <ref>Pas v.6, p.100, n.39-70</ref>

  <ref>Hol v.5, p.62, n.21-52</ref>

  <ref>Vienna, p.54, n.579-610</ref>

  <ref>DeW p.66, n.95918-95949</ref>

  <ref>VA 1231</ref>

  <ref>[Raphaele, Cupid]</ref>

  <note>Part of a set of 32 numbered engravings. Those missing,
  with the exception of numbers 7 and 9 of the set, can be found in
  the [Raphael] volume listed above. Twenty-nine of these
  engravings were executed by Master B with the Die, though his
  monogram only appears on numbers 6 and 9; the remaining three,
  numbers 4, 7, and 13, bear the monogram of Agostino Veneziano.
  Most of the engravings listed here bear the signature of the
  publisher Antonio Salamanca; they probably belong to the category
  of those engravings which were retouched by Francesco Villamena
  (cf. Ba v.15, p.212); numbers 2, 5, 12, and 15 of the set were
  left unsigned by the publisher. The inscription of each engraving
  consists of an 
  <uln>Ottava</uln>

  composed by an unknown poet probably before 1550, not mentioned
  in Ugo de Maria's study of the fable (cf. 
  <uln>La favola de Cupido e Psiche nella letteratura e nell' arte
  italiana</uln>

  , [Bologna, 1899], p.79f.). Numbers 2 and 5 of this set lack the 
  <uln>ottave</uln>

  altogether and apparently belong to an earlier stage (cf. Ba
  v.15, p.212 and Vienna, p.54). This set was also engraved by
  Jacques Androuet du Cerceau (cf. L-A v.l, p.39f., n.1-32).</note>

  <inscrip>Indi a poco levata, et rivestita/ ... /Vn e di piu voci
  un grato, et belcontento</inscrip>

  <size>19.5 x 22.5 cm</size>

  <note>(Engraving n.8)</note>
</record>

<record>
  <num>B321</num>

  <subj>The Fable Of Cupid And Psyche</subj>

  <engrv>[Master B with the Die and Agostino Veneziano after
  Raphael or Michiel Coxie]</engrv>

  <city>[Rome?]</city>

  <pub>Antonio Salamanca or [Francesco Villmena]</pub>

  <date>[1538-1562 or ca. 1590-1624]</date>

  <ref>Ba v.15, p.211f., n.37-90</ref>

  <ref>Pas v.6, p.100, n.39-70</ref>

  <ref>Hol v.5, p.62, n.21-52</ref>

  <ref>Vienna, p.54, n.579-610</ref>

  <ref>DeW p.66, n.95918-95949</ref>

  <ref>VA 1231</ref>

  <ref>[Raphaele, Cupid]</ref>

  <note>Part of a set of 32 numbered engravings. Those missing,
  with the exception of numbers 7 and 9 of the set, can be found in
  the [Raphael] volume listed above. Twenty-nine of these
  engravings were executed by Master B with the Die, though his
  monogram only appears on numbers 6 and 9; the remaining three,
  numbers 4, 7, and 13, bear the monogram of Agostino Veneziano.
  Most of the engravings listed here bear the signature of the
  publisher Antonio Salamanca; they probably belong to the category
  of those engravings which were retouched by Francesco Villamena
  (cf. Ba v.15, p.212); numbers 2, 5, 12, and 15 of the set were
  left unsigned by the publisher. The inscription of each engraving
  consists of an 
  <uln>Ottava</uln>

  composed by an unknown poet probably before 1550, not mentioned
  in Ugo de Maria's study of the fable (cf. 
  <uln>La favola de Cupido e Psiche nella letteratura e nell' arte
  italiana</uln>

  , [Bologna, 1899], p.79f.). Numbers 2 and 5 of this set lack the 
  <uln>ottave</uln>

  altogether and apparently belong to an earlier stage (cf. Ba
  v.15, p.212 and Vienna, p.54). This set was also engraved by
  Jacques Androuet du Cerceau (cf. L-A v.l, p.39f., n.1-32).</note>

  <inscrip>Levata la donzella al novo giorno/ ... /Psiche chi vive
  piu di te felice</inscrip>

  <size>19 x 22.5 cm</size>

  <note>(Engraving n.10)</note>
</record>

<record>
  <num>B322</num>

  <subj>The Fable Of Cupid And Psyche</subj>

  <engrv>[Master B with the Die and Agostino Veneziano after
  Raphael or Michiel Coxie]</engrv>

  <city>[Rome?]</city>

  <pub>Antonio Salamanca or [Francesco Villmena]</pub>

  <date>[1538-1562 or ca. 1590-1624]</date>

  <ref>Ba v.15, p.211f., n.37-90</ref>

  <ref>Pas v.6, p.100, n.39-70</ref>

  <ref>Hol v.5, p.62, n.21-52</ref>

  <ref>Vienna, p.54, n.579-610</ref>

  <ref>DeW p.66, n.95918-95949</ref>

  <ref>VA 1231</ref>

  <ref>[Raphaele, Cupid]</ref>

  <note>Part of a set of 32 numbered engravings. Those missing,
  with the exception of numbers 7 and 9 of the set, can be found in
  the [Raphael] volume listed above. Twenty-nine of these
  engravings were executed by Master B with the Die, though his
  monogram only appears on numbers 6 and 9; the remaining three,
  numbers 4, 7, and 13, bear the monogram of Agostino Veneziano.
  Most of the engravings listed here bear the signature of the
  publisher Antonio Salamanca; they probably belong to the category
  of those engravings which were retouched by Francesco Villamena
  (cf. Ba v.15, p.212); numbers 2, 5, 12, and 15 of the set were
  left unsigned by the publisher. The inscription of each engraving
  consists of an 
  <uln>Ottava</uln>

  composed by an unknown poet probably before 1550, not mentioned
  in Ugo de Maria's study of the fable (cf. 
  <uln>La favola de Cupido e Psiche nella letteratura e nell' arte
  italiana</uln>

  , [Bologna, 1899], p.79f.). Numbers 2 and 5 of this set lack the 
  <uln>ottave</uln>

  altogether and apparently belong to an earlier stage (cf. Ba
  v.15, p.212 and Vienna, p.54). This set was also engraved by
  Jacques Androuet du Cerceau (cf. L-A v.l, p.39f., n.1-32).</note>

  <inscrip>Le sorelle'l dur caso udito havendo,/ ... /Riportar
  falle al dirupaio speco</inscrip>

  <size>20 x 22.5 cm</size>

  <note>(Engraving n.11)</note>
</record>

<record>
  <num>B323</num>

  <subj>The Fable Of Cupid And Psyche</subj>

  <engrv>[Master B with the Die and Agostino Veneziano after
  Raphael or Michiel Coxie]</engrv>

  <city>[Rome?]</city>

  <pub>Antonio Salamanca or [Francesco Villmena]</pub>

  <date>[1538-1562 or ca. 1590-1624]</date>

  <ref>Ba v.15, p.211f., n.37-90</ref>

  <ref>Pas v.6, p.100, n.39-70</ref>

  <ref>Hol v.5, p.62, n.21-52</ref>

  <ref>Vienna, p.54, n.579-610</ref>

  <ref>DeW p.66, n.95918-95949</ref>

  <ref>VA 1231</ref>

  <ref>[Raphaele, Cupid]</ref>

  <note>Part of a set of 32 numbered engravings. Those missing,
  with the exception of numbers 7 and 9 of the set, can be found in
  the [Raphael] volume listed above. Twenty-nine of these
  engravings were executed by Master B with the Die, though his
  monogram only appears on numbers 6 and 9; the remaining three,
  numbers 4, 7, and 13, bear the monogram of Agostino Veneziano.
  Most of the engravings listed here bear the signature of the
  publisher Antonio Salamanca; they probably belong to the category
  of those engravings which were retouched by Francesco Villamena
  (cf. Ba v.15, p.212); numbers 2, 5, 12, and 15 of the set were
  left unsigned by the publisher. The inscription of each engraving
  consists of an 
  <uln>Ottava</uln>

  composed by an unknown poet probably before 1550, not mentioned
  in Ugo de Maria's study of the fable (cf. 
  <uln>La favola de Cupido e Psiche nella letteratura e nell' arte
  italiana</uln>

  , [Bologna, 1899], p.79f.). Numbers 2 and 5 of this set lack the 
  <uln>ottave</uln>

  altogether and apparently belong to an earlier stage (cf. Ba
  v.15, p.212 and Vienna, p.54). This set was also engraved by
  Jacques Androuet du Cerceau (cf. L-A v.l, p.39f., n.1-32).</note>

  <inscrip>L'invidiose del gran ben di Psiche/ ... /Giurando essere
  un serpe uelenoso</inscrip>

  <size>19.5 x 23 cm</size>

  <note>(Engraving n.12)</note>
</record>

<record>
  <num>B324</num>

  <subj>The Fable Of Cupid And Psyche</subj>

  <engrv>[Master B with the Die and Agostino Veneziano after
  Raphael or Michiel Coxie]</engrv>

  <city>[Rome?]</city>

  <pub>Antonio Salamanca or [Francesco Villmena]</pub>

  <date>[1538-1562 or ca. 1590-1624]</date>

  <ref>Ba v.15, p.211f., n.37-90</ref>

  <ref>Pas v.6, p.100, n.39-70</ref>

  <ref>Hol v.5, p.62, n.21-52</ref>

  <ref>Vienna, p.54, n.579-610</ref>

  <ref>DeW p.66, n.95918-95949</ref>

  <ref>VA 1231</ref>

  <ref>[Raphaele, 
  <uln>Cupid</uln>

  ]</ref>

  <note>Part of a set of 32 numbered engravings. Those missing,
  with the exception of numbers 7 and 9 of the set, can be found in
  the [Raphael] volume listed above. Twenty-nine of these
  engravings were executed by Master B with the Die, though his
  monogram only appears on numbers 6 and 9; the remaining three,
  numbers 4, 7, and 13, bear the monogram of Agostino Veneziano.
  Most of the engravings listed here bear the signature of the
  publisher Antonio Salamanca; they probably belong to the category
  of those engravings which were retouched by Francesco Villamena
  (cf. Ba v.15, p.212); numbers 2, 5, 12, and 15 of the set were
  left unsigned by the publisher. The inscription of each engraving
  consists of an 
  <uln>Ottava</uln>

  composed by an unknown poet probably before 1550, not mentioned
  in Ugo de Maria's study of the fable (cf. 
  <uln>La favola de Cupido e Psiche nella letteratura e nell' arte
  italiana</uln>

  , [Bologna, 1899], p.79f.). Numbers 2 and 5 of this set lack the 
  <uln>ottave</uln>

  altogether and apparently belong to an earlier stage (cf. Ba
  v.15, p.212 and Vienna, p.54). This set was also engraved by
  Jacques Androuet du Cerceau (cf. L-A v.l, p.39f., n.1-32).</note>

  <inscrip>Ma poi che non si puote piu tenere/ ... /Le da speranza
  anchor di miglior sorte</inscrip>

  <size>19.5 x 23 cm</size>

  <note>(Engraving n.14)</note>
</record>

<record>
  <num>B325</num>

  <subj>The Fable Of Cupid And Psyche</subj>

  <engrv>[Master B with the Die and Agostino Veneziano after
  Raphael or Michiel Coxie]</engrv>

  <city>[Rome?]</city>

  <pub>Antonio Salamanca or [Francesco Villmena]</pub>

  <date>[1538-1562 or ca. 1590-1624]</date>

  <ref>Ba v.15, p.211f., n.37-90</ref>

  <ref>Pas v.6, p.100, n.39-70</ref>

  <ref>Hol v.5, p.62, n.21-52</ref>

  <ref>Vienna, p.54, n.579-610</ref>

  <ref>DeW p.66, n.95918-95949</ref>

  <ref>VA 1231</ref>

  <ref>[Raphaele, 
  <uln>Cupid</uln>

  ]</ref>

  <note>Part of a set of 32 numbered engravings. Those missing,
  with the exception of numbers 7 and 9 of the set, can be found in
  the [Raphael] volume listed above. Twenty-nine of these
  engravings were executed by Master B with the Die, though his
  monogram only appears on numbers 6 and 9; the remaining three,
  numbers 4, 7, and 13, bear the monogram of Agostino Veneziano.
  Most of the engravings listed here bear the signature of the
  publisher Antonio Salamanca; they probably belong to the category
  of those engravings which were retouched by Francesco Villamena
  (cf. Ba v.15, p.212); numbers 2, 5, 12, and 15 of the set were
  left unsigned by the publisher. The inscription of each engraving
  consists of an 
  <uln>Ottava</uln>

  composed by an unknown poet probably before 1550, not mentioned
  in Ugo de Maria's study of the fable (cf. 
  <uln>La favola de Cupido e Psiche nella letteratura e nell' arte
  italiana</uln>

  , [Bologna, 1899], p.79f.). Numbers 2 and 5 of this set lack the 
  <uln>ottave</uln>

  altogether and apparently belong to an earlier stage (cf. Ba
  v.15, p.212 and Vienna, p.54). This set was also engraved by
  Jacques Androuet du Cerceau (cf. L-A v.l, p.39f., n.1-32).</note>

  <inscrip>Arriva Psiche ai regni dele suore/ ... /Gettano, et
  pasto son di fere al basso</inscrip>

  <size>19.5 x 22.5 cm</size>

  <note>(Engraving n.15)</note>

  <note>The engraving is damaged.</note>
</record>

<record>
  <num>B326</num>

  <subj>The Fable Of Cupid And Psyche</subj>

  <engrv>[Master B with the Die and Agostino Veneziano after
  Raphael or Michiel Coxie]</engrv>

  <city>[Rome?]</city>

  <pub>Antonio Salamanca or [Francesco Villmena]</pub>

  <date>[1538-1562 or ca. 1590-1624]</date>

  <ref>Ba v.15, p.211f., n.37-90</ref>

  <ref>Pas v.6, p.100, n.39-70</ref>

  <ref>Hol v.5, p.62, n.21-52</ref>

  <ref>Vienna, p.54, n.579-610</ref>

  <ref>DeW p.66, n.95918-95949</ref>

  <ref>VA 1231</ref>

  <ref>[Raphaele, 
  <uln>Cupid]</uln>
  </ref>

  <note>Part of a set of 32 numbered engravings. Those missing,
  with the exception of numbers 7 and 9 of the set, can be found in
  the [Raphael] volume listed above. Twenty-nine of these
  engravings were executed by Master B with the Die, though his
  monogram only appears on numbers 6 and 9; the remaining three,
  numbers 4, 7, and 13, bear the monogram of Agostino Veneziano.
  Most of the engravings listed here bear the signature of the
  publisher Antonio Salamanca; they probably belong to the category
  of those engravings which were retouched by Francesco Villamena
  (cf. Ba v.15, p.212); numbers 2, 5, 12, and 15 of the set were
  left unsigned by the publisher. The inscription of each engraving
  consists of an 
  <uln>Ottava</uln>

  composed by an unknown poet probably before 1550, not mentioned
  in Ugo de Maria's study of the fable (cf. 
  <uln>La favola de Cupido e Psiche nella letteratura e nell' arte
  italiana</uln>

  , [Bologna, 1899], p.79f.). Numbers 2 and 5 of this set lack the 
  <uln>ottave</uln>

  altogether and apparently belong to an earlier stage (cf. Ba
  v.15, p.212 and Vienna, p.54). This set was also engraved by
  Jacques Androuet du Cerceau (cf. L-A v.l, p.39f., n.1-32).</note>

  <inscrip>Con le colombe al ciel Vener correggia/ ... /Che setti
  baci havra da Vener bella</inscrip>

  <size>19 x 23 cm</size>

  <note>(Engraving n.18)</note>
</record>

<record>
  <num>B327</num>

  <subj>The Fable Of Cupid And Psyche</subj>

  <engrv>[Master B with the Die and Agostino Veneziano after
  Raphael or Michiel Coxie]</engrv>

  <city>[Rome?]</city>

  <pub>Antonio Salamanca or [Francesco Villmena]</pub>

  <date>[1538-1562 or ca. 1590-1624]</date>

  <ref>Ba v.15, p.211f., n.37-90</ref>

  <ref>Pas v.6, p.100, n.39-70</ref>

  <ref>Hol v.5, p.62, n.21-52</ref>

  <ref>Vienna, p.54, n.579-610</ref>

  <ref>DeW p.66, n.95918-95949</ref>

  <ref>VA 1231</ref>

  <ref>[Raphaele, 
  <uln>Cupid]</uln>
  </ref>

  <note>Part of a set of 32 numbered engravings. Those missing,
  with the exception of numbers 7 and 9 of the set, can be found in
  the [Raphael] volume listed above. Twenty-nine of these
  engravings were executed by Master B with the Die, though his
  monogram only appears on numbers 6 and 9; the remaining three,
  numbers 4, 7, and 13, bear the monogram of Agostino Veneziano.
  Most of the engravings listed here bear the signature of the
  publisher Antonio Salamanca; they probably belong to the category
  of those engravings which were retouched by Francesco Villamena
  (cf. Ba v.15, p.212); numbers 2, 5, 12, and 15 of the set were
  left unsigned by the publisher. The inscription of each engraving
  consists of an 
  <uln>Ottava</uln>

  composed by an unknown poet probably before 1550, not mentioned
  in Ugo de Maria's study of the fable (cf. 
  <uln>La favola de Cupido e Psiche nella letteratura e nell' arte
  italiana</uln>

  , [Bologna, 1899], p.79f.). Numbers 2 and 5 of this set lack the 
  <uln>ottave</uln>

  altogether and apparently belong to an earlier stage (cf. Ba
  v.15, p.212 and Vienna, p.54). This set was also engraved by
  Jacques Androuet du Cerceau (cf. L-A v.l, p.39f., n.1-32).</note>

  <inscrip>Psiche cercando del marito l'orme/ ... /Quivi lo star,
  si, ch'invan parla, et priega</inscrip>

  <size>19.5 x 23 cm</size>

  <note>(Engraving n.19)</note>
</record>

<record>
  <num>B328</num>

  <subj>The Fable Of Cupid And Psyche</subj>

  <engrv>[Master B with the Die and Agostino Veneziano after
  Raphael or Michiel Coxie]</engrv>

  <city>[Rome?]</city>

  <pub>Antonio Salamanca or [Francesco Villmena]</pub>

  <date>[1538-1562 or ca. 1590-1624]</date>

  <ref>Ba v.15, p.211f., n.37-90</ref>

  <ref>Pas v.6, p.100, n.39-70</ref>

  <ref>Hol v.5, p.62, n.21-52</ref>

  <ref>Vienna, p.54, n.579-610</ref>

  <ref>DeW p.66, n.95918-95949</ref>

  <ref>VA 1231</ref>

  <ref>[Raphaele, 
  <uln>Cupid]</uln>
  </ref>

  <note>Part of a set of 32 numbered engravings. Those missing,
  with the exception of numbers 7 and 9 of the set, can be found in
  the [Raphael] volume listed above. Twenty-nine of these
  engravings were executed by Master B with the Die, though his
  monogram only appears on numbers 6 and 9; the remaining three,
  numbers 4, 7, and 13, bear the monogram of Agostino Veneziano.
  Most of the engravings listed here bear the signature of the
  publisher Antonio Salamanca; they probably belong to the category
  of those engravings which were retouched by Francesco Villamena
  (cf. Ba v.15, p.212); numbers 2, 5, 12, and 15 of the set were
  left unsigned by the publisher. The inscription of each engraving
  consists of an 
  <uln>Ottava</uln>

  composed by an unknown poet probably before 1550, not mentioned
  in Ugo de Maria's study of the fable (cf. 
  <uln>La favola de Cupido e Psiche nella letteratura e nell' arte
  italiana</uln>

  , [Bologna, 1899], p.79f.). Numbers 2 and 5 of this set lack the 
  <uln>ottave</uln>

  altogether and apparently belong to an earlier stage (cf. Ba
  v.15, p.212 and Vienna, p.54). This set was also engraved by
  Jacques Androuet du Cerceau (cf. L-A v.l, p.39f., n.1-32).</note>

  <inscrip>Dunque arrivata al tempio di Giunone/ ... /Quindi la fa
  partir senza dimora</inscrip>

  <size>20 x 23.5 cm</size>

  <note>(Engraving n.20)</note>
</record>

<record>
  <num>B329</num>

  <subj>The Fable Of Cupid And Psyche</subj>

  <engrv>[Master B with the Die and Agostino Veneziano after
  Raphael or Michiel Coxie]</engrv>

  <city>[Rome?]</city>

  <pub>Antonio Salamanca or [Francesco Villmena]</pub>

  <date>[1538-1562 or ca. 1590-1624]</date>

  <ref>Ba v.15, p.211f., n.37-90</ref>

  <ref>Pas v.6, p.100, n.39-70</ref>

  <ref>Hol v.5, p.62, n.21-52</ref>

  <ref>Vienna, p.54, n.579-610</ref>

  <ref>DeW p.66, n.95918-95949</ref>

  <ref>VA 1231</ref>

  <ref>[Raphaele, 
  <uln>Cupid]</uln>
  </ref>

  <note>Part of a set of 32 numbered engravings. Those missing,
  with the exception of numbers 7 and 9 of the set, can be found in
  the [Raphael] volume listed above. Twenty-nine of these
  engravings were executed by Master B with the Die, though his
  monogram only appears on numbers 6 and 9; the remaining three,
  numbers 4, 7, and 13, bear the monogram of Agostino Veneziano.
  Most of the engravings listed here bear the signature of the
  publisher Antonio Salamanca; they probably belong to the category
  of those engravings which were retouched by Francesco Villamena
  (cf. Ba v.15, p.212); numbers 2, 5, 12, and 15 of the set were
  left unsigned by the publisher. The inscription of each engraving
  consists of an 
  <uln>Ottava</uln>

  composed by an unknown poet probably before 1550, not mentioned
  in Ugo de Maria's study of the fable (cf. 
  <uln>La favola de Cupido e Psiche nella letteratura e nell' arte
  italiana</uln>

  , [Bologna, 1899], p.79f.). Numbers 2 and 5 of this set lack the 
  <uln>ottave</uln>

  altogether and apparently belong to an earlier stage (cf. Ba
  v.15, p.212 and Vienna, p.54). This set was also engraved by
  Jacques Androuet du Cerceau (cf. L-A v.l, p.39f., n.1-32).</note>

  <inscrip>Indi meschiate varie biade, et poi/ ... /Chi opra sia
  stata quella di formica</inscrip>

  <size>19.5 x 23 cm</size>

  <note>(Engraving n.22)</note>
</record>

<record>
  <num>B330</num>

  <subj>The Fable Of Cupid And Psyche</subj>

  <engrv>[Master B with the Die and Agostino Veneziano after
  Raphael or Michiel Coxie]</engrv>

  <city>[Rome?]</city>

  <pub>Antonio Salamanca or [Francesco Villmena]</pub>

  <date>[1538-1562 or ca. 1590-1624]</date>

  <ref>Ba v.15, p.211f., n.37-90</ref>

  <ref>Pas v.6, p.100, n.39-70</ref>

  <ref>Hol v.5, p.62, n.21-52</ref>

  <ref>Vienna, p.54, n.579-610</ref>

  <ref>DeW p.66, n.95918-95949</ref>

  <ref>VA 1231</ref>

  <ref>[Raphaele, 
  <uln>Cupid]</uln>
  </ref>

  <note>Part of a set of 32 numbered engravings. Those missing,
  with the exception of numbers 7 and 9 of the set, can be found in
  the [Raphael] volume listed above. Twenty-nine of these
  engravings were executed by Master B with the Die, though his
  monogram only appears on numbers 6 and 9; the remaining three,
  numbers 4, 7, and 13, bear the monogram of Agostino Veneziano.
  Most of the engravings listed here bear the signature of the
  publisher Antonio Salamanca; they probably belong to the category
  of those engravings which were retouched by Francesco Villamena
  (cf. Ba v.15, p.212); numbers 2, 5, 12, and 15 of the set were
  left unsigned by the publisher. The inscription of each engraving
  consists of an 
  <uln>Ottava</uln>

  composed by an unknown poet probably before 1550, not mentioned
  in Ugo de Maria's study of the fable (cf. 
  <uln>La favola de Cupido e Psiche nella letteratura e nell' arte
  italiana</uln>

  , [Bologna, 1899], p.79f.). Numbers 2 and 5 of this set lack the 
  <uln>ottave</uln>

  altogether and apparently belong to an earlier stage (cf. Ba
  v.15, p.212 and Vienna, p.54). This set was also engraved by
  Jacques Androuet du Cerceau (cf. L-A v.l, p.39f., n.1-32).</note>

  <inscrip>Oltra quel fiume, a quel gran bosco ombroso/ ... /Cosi
  l'oro coglie ella ai spin lasciato</inscrip>

  <size>19.5 x 23 cm</size>

  <note>(Engraving n.23)</note>
</record>

<record>
  <num>B331</num>

  <subj>The Fable Of Cupid And Psyche</subj>

  <engrv>[Master B with the Die and Agostino Veneziano after
  Raphael or Michiel Coxie]</engrv>

  <city>[Rome?]</city>

  <pub>Antonio Salamanca or [Francesco Villmena]</pub>

  <date>[1538-1562 or ca. 1590-1624]</date>

  <ref>Ba v.15, p.211f., n.37-90</ref>

  <ref>Pas v.6, p.100, n.39-70</ref>

  <ref>Hol v.5, p.62, n.21-52</ref>

  <ref>Vienna, p.54, n.579-610</ref>

  <ref>DeW p.66, n.95918-95949</ref>

  <ref>VA 1231</ref>

  <ref>[Raphaele, 
  <uln>Cupid]</uln>
  </ref>

  <note>Part of a set of 32 numbered engravings. Those missing,
  with the exception of numbers 7 and 9 of the set, can be found in
  the [Raphael] volume listed above. Twenty-nine of these
  engravings were executed by Master B with the Die, though his
  monogram only appears on numbers 6 and 9; the remaining three,
  numbers 4, 7, and 13, bear the monogram of Agostino Veneziano.
  Most of the engravings listed here bear the signature of the
  publisher Antonio Salamanca; they probably belong to the category
  of those engravings which were retouched by Francesco Villamena
  (cf. Ba v.15, p.212); numbers 2, 5, 12, and 15 of the set were
  left unsigned by the publisher. The inscription of each engraving
  consists of an 
  <uln>Ottava</uln>

  composed by an unknown poet probably before 1550, not mentioned
  in Ugo de Maria's study of the fable (cf. 
  <uln>La favola de Cupido e Psiche nella letteratura e nell' arte
  italiana</uln>

  , [Bologna, 1899], p.79f.). Numbers 2 and 5 of this set lack the 
  <uln>ottave</uln>

  altogether and apparently belong to an earlier stage (cf. Ba
  v.15, p.212 and Vienna, p.54). This set was also engraved by
  Jacques Androuet du Cerceau (cf. L-A v.l, p.39f., n.1-32).</note>

  <inscrip>Dalle una bossola hor, che al negro inpero/ ... /Con
  quanto debbia fare, onde camina</inscrip>

  <size>19.5 x 23 cm</size>

  <note>(Engraving n.24)</note>
</record>

<record>
  <num>B332</num>

  <subj>The Fable Of Cupid And Psyche</subj>

  <engrv>[Master B with the Die and Agostino Veneziano after
  Raphael or Michiel Coxie]</engrv>

  <city>[Rome?]</city>

  <pub>Antonio Salamanca or [Francesco Villmena]</pub>

  <date>[1538-1562 or ca. 1590-1624]</date>

  <ref>Ba v.15, p.211f., n.37-90</ref>

  <ref>Pas v.6, p.100, n.39-70</ref>

  <ref>Hol v.5, p.62, n.21-52</ref>

  <ref>Vienna, p.54, n.579-610</ref>

  <ref>DeW p.66, n.95918-95949</ref>

  <ref>VA 1231</ref>

  <ref>[Raphaele, 
  <uln>Cupid]</uln>
  </ref>

  <note>Part of a set of 32 numbered engravings. Those missing,
  with the exception of numbers 7 and 9 of the set, can be found in
  the [Raphael] volume listed above. Twenty-nine of these
  engravings were executed by Master B with the Die, though his
  monogram only appears on numbers 6 and 9; the remaining three,
  numbers 4, 7, and 13, bear the monogram of Agostino Veneziano.
  Most of the engravings listed here bear the signature of the
  publisher Antonio Salamanca; they probably belong to the category
  of those engravings which were retouched by Francesco Villamena
  (cf. Ba v.15, p.212); numbers 2, 5, 12, and 15 of the set were
  left unsigned by the publisher. The inscription of each engraving
  consists of an 
  <uln>Ottava</uln>

  composed by an unknown poet probably before 1550, not mentioned
  in Ugo de Maria's study of the fable (cf. 
  <uln>La favola de Cupido e Psiche nella letteratura e nell' arte
  italiana</uln>

  , [Bologna, 1899], p.79f.). Numbers 2 and 5 of this set lack the 
  <uln>ottave</uln>

  altogether and apparently belong to an earlier stage (cf. Ba
  v.15, p.212 and Vienna, p.54). This set was also engraved by
  Jacques Androuet du Cerceau (cf. L-A v.l, p.39f., n.1-32).</note>

  <inscrip>Et ben provista passa l'asinaro/ ... /Ch'entro lo tiri,
  essa non l'ode, o cura</inscrip>

  <size>19.5 x 23 cm</size>

  <note>(Engraving n.25)</note>
</record>

<record>
  <num>B333</num>

  <subj>The Fable Of Cupid And Psyche</subj>

  <engrv>[Master B with the Die and Agostino Veneziano after
  Raphael or Michiel Coxie]</engrv>

  <city>[Rome?]</city>

  <pub>Antonio Salamanca or [Francesco Villmena]</pub>

  <date>[1538-1562 or ca. 1590-1624]</date>

  <ref>Ba v.15, p.211f., n.37-90</ref>

  <ref>Pas v.6, p.100, n.39-70</ref>

  <ref>Hol v.5, p.62, n.21-52</ref>

  <ref>Vienna, p.54, n.579-610</ref>

  <ref>DeW p.66, n.95918-95949</ref>

  <ref>VA 1231</ref>

  <ref>[Raphaele, 
  <uln>Cupid]</uln>
  </ref>

  <note>Part of a set of 32 numbered engravings. Those missing,
  with the exception of numbers 7 and 9 of the set, can be found in
  the [Raphael] volume listed above. Twenty-nine of these
  engravings were executed by Master B with the Die, though his
  monogram only appears on numbers 6 and 9; the remaining three,
  numbers 4, 7, and 13, bear the monogram of Agostino Veneziano.
  Most of the engravings listed here bear the signature of the
  publisher Antonio Salamanca; they probably belong to the category
  of those engravings which were retouched by Francesco Villamena
  (cf. Ba v.15, p.212); numbers 2, 5, 12, and 15 of the set were
  left unsigned by the publisher. The inscription of each engraving
  consists of an 
  <uln>Ottava</uln>

  composed by an unknown poet probably before 1550, not mentioned
  in Ugo de Maria's study of the fable (cf. 
  <uln>La favola de Cupido e Psiche nella letteratura e nell' arte
  italiana</uln>

  , [Bologna, 1899], p.79f.). Numbers 2 and 5 of this set lack the 
  <uln>ottave</uln>

  altogether and apparently belong to an earlier stage (cf. Ba
  v.15, p.212 and Vienna, p.54). This set was also engraved by
  Jacques Androuet du Cerceau (cf. L-A v.l, p.39f., n.1-32).</note>

  <inscrip>Et volato in cielo, al gran Tonante/ ... / Et chiama
  tutti i dei a consistoro</inscrip>

  <size>19.5 x 23 cm</size>

  <note>(Engraving n.29)</note>
</record>

<record>
  <num>B334</num>

  <subj>Marcus Aurelius Crowned By Victory</subj>

  <size>26.5 x 38 cm</size>
</record>

<record>
  <num>B335</num>

  <subj>Archers Shooting At A Herm</subj>

  <engrv>Anon. after Michelangelo</engrv>

  <city>Rome</city>

  <pub>Gio. Giacomo de Rossi</pub>

  <date>1649</date>

  <size>24 x 33.5 cm</size>

  <ref>Goldscheider, p.48, n.74</ref>

  <ref>Praun, p.166, n.440 (engraved by N. Beatrizet)</ref>
</record>

<record>
  <num>B336</num>

  <subj>Roman Triumphal Procession</subj>

  <inscrip>[Amplissimi...triumphi...ex antiquissimis...monumentis
  accuratissima descriptio]</inscrip>

  <engrv>[Gerard de Jode? after Maarten van Heemskerk or Onofrio
  Panvinio]</engrv>

  <city>[Antwerp]</city>

  <pub>[Gerard de Jode]</pub>

  <date>[1560]?</date>

  <ref>Hol v.9, p.202, n.403-14</ref>

  <ref>Pe p.71, n.592. Panvinio, Triumphi</ref>

  <note>The set consists of an engraved title page (missing in this
  collection) and eleven numbered engravings. It comes from the
  Veterum Rom. Ornatissimi...triumphi ... which was first published
  at Amsterdam [1560] (cf. BM v.179, col.461); it was later
  published at Amsterdam in 1598; at Rome in 1618 (cf. Brunet v.4,
  col.350), and at Rome by Gio. Giacomo de Rossi (cf. Frutaz, v.l,
  P.67f. and v.2, pianta n.22, n.9-12, tav.46-49). The inscriptions
  in this set constitute one continuous text. For a discussion on
  Panvinio's activity as engraver cf. the note to engraving A 52; a
  related engraving is catalogued under D 993.</note>

  <inscrip>Triumphi maioris, i[n urbe Romana ob victoriam celebrati
  typus]</inscrip>

  <size>16.5 x 10 cm</size>

  <note>([Engraving n.1])</note>

  <note>This engraving is badly mutilated (approximately one fourth
  of the original has been preserved).</note>
</record>

<record>
  <num>B337</num>

  <subj>Roman Triumphal Procession</subj>

  <inscrip>[Amplissimi...triumphi...ex antiquissimis...monumentis
  accuratissima descriptio]</inscrip>

  <engrv>[Gerard de Jode? after Maarten van Heemskerk or Onofrio
  Panvinio]</engrv>

  <city>[Antwerp]</city>

  <pub>[Gerard de Jode]</pub>

  <date>[1560]?</date>

  <ref>Hol v.9, p.202, n.403-14</ref>

  <ref>Pe p.71, n.592. Panvinio, Triumphi</ref>

  <note>The set consists of an engraved title page (missing in this
  collection) and eleven numbered engravings. It comes from the
  Veterum Rom. Ornatissimi...triumphi ... which was first published
  at Amsterdam [1560] (cf. BM v.179, col.461); it was later
  published at Amsterdam in 1598; at Rome in 1618 (cf. Brunet v.4,
  col.350) and at Rome by Gio. Giacomo de Rossi (cf. Frutaz, v.l,
  P.67f. and v.2, pianta n.22, n.9-12, tav.46-49). The inscriptions
  in this set constitute one continuous text. For a discussion on
  Panvinio's activity as engraver cf. the note to engraving A 52; a
  related engraving is catalogued under D 993.</note>

  <inscrip>Ne quis picturae huius veritatem requirat existimetve
  fictam esse</inscrip>

  <size>19.5 x 36.5 cm</size>

  <note>(Engraving n.2)</note>
</record>

<record>
  <num>B338</num>

  <subj>Roman Triumphal Procession</subj>

  <inscrip>[Amplissimi...triumphi...ex antiquissimis...monumentis
  accuratissima descriptio]</inscrip>

  <engrv>[Gerard de Jode? after Maarten van Heemskerk or Onofrio
  Panvinio]</engrv>

  <city>[Antwerp]</city>

  <pub>[Gerard de Jode]</pub>

  <date>[1560]?</date>

  <ref>Hol v.9, p.202, n.403-14</ref>

  <ref>Pe p.71, n.592. Panvinio, 
  <uln>Triumphi</uln>
  </ref>

  <note>The set consists of an engraved title page (missing in this
  collection) and eleven numbered engravings. It comes from the 
  <uln>Veterum Rom. Ornatissimi...triumphi...</uln>

  which was first published at Amsterdam [1560] (cf. BM v.179,
  col.461); it was later published at Amsterdam in 1598; at Rome in
  1618 (cf. Brunet v.4, col.350), and at Rome, by Gio. Giacomo de
  Rossi (cf. Frutaz, v.l, p.67f. and v.2, pianta n.22, n.9-12, tav.
  46-49). The inscriptions in this set constitute one continuous
  text. For a discussion on Panvinio's activity as engraver cf. the
  note to engraving A 52; a related engraving is catalogued under D
  993.</note>

  <inscrip>vel ingenio alicuius excogitatem operae precium duxi hic
  subicere scriptorum</inscrip>

  <size>19.5 x 37 cm</size>

  <note>(Engraving n.3)</note>
</record>

<record>
  <num>B339</num>

  <subj>Roman Triumphal Procession</subj>

  <inscrip>[Amplissimi...triumphi...ex antiquissimis...monumentis
  accuratissima descriptio]</inscrip>

  <engrv>[Gerard de Jode? after Maarten van Heemskerk or Onofrio
  Panvinio]</engrv>

  <city>[Antwerp]</city>

  <pub>[Gerard de Jode]</pub>

  <date>[1560]?</date>

  <ref>Hol v.9, p.202, n.403-14</ref>

  <ref>Pe p.71, n.592. Panvinio, 
  <uln>Triumphi</uln>
  </ref>

  <note>The set consists of an engraved title page (missing in this
  collection) and eleven numbered engravings. It comes from the 
  <uln>Veterum Rom. Ornatissimi...triumphi...</uln>

  which was first published at Amsterdam [1560] (cf. BM v.179,
  col.461); it was later published at Amsterdam in 1598; at Rome in
  1618 (cf. Brunet v.4, col.350), and at Rome, by Gio. Giacomo de
  Rossi (cf. Frutaz, v.l, p.67f. and v.2, pianta n.22, n.9-12, tav.
  46-49). The inscriptions in this set constitute one continuous
  text. For a discussion on Panvinio's activity as engraver cf. the
  note to engraving A 52; a related engraving is catalogued under D
  993.</note>

  <inscrip>nomina ex quibus ea desumpta est Dionisius libro
  quinto</inscrip>

  <size>19.5 x 37 cm</size>

  <note>(Engraving n.4)</note>
</record>

<record>
  <num>B340</num>

  <subj>Roman Triumphal Procession</subj>

  <inscrip>[Amplissimi...triumphi...ex antiquissimis...monumentis
  accuratissima descriptio]</inscrip>

  <engrv>[Gerard de Jode? after Maarten van Heemskerk or Onofrio
  Panvinio]</engrv>

  <city>[Antwerp]</city>

  <pub>[Gerard de Jode]</pub>

  <date>[1560]?</date>

  <ref>Hol v.9, p.202, n.403-14</ref>

  <ref>Pe p.71, n.592. Panvinio, 
  <uln>Triumphi</uln>
  </ref>

  <note>The set consists of an engraved title page (missing in this
  collection) and eleven numbered engravings. It comes from the 
  <uln>Veterum Rom. Ornatissimi...triumphi...</uln>

  which was first published at Amsterdam [1560] (cf. BM v.179,
  col.461); it was later published at Amsterdam in 1598; at Rome in
  1618 (cf. Brunet v.4, col.350), and at Rome, by Gio. Giacomo de
  Rossi (cf. Frutaz, v.l, p.67f. and v.2, pianta n.22, n.9-12, tav.
  46-49). The inscriptions in this set constitute one continuous
  text. For a discussion on Panvinio's activity as engraver cf. the
  note to engraving A 52; a related engraving is catalogued under D
  993.</note>

  <inscrip>in triumpho Poplicolae Iosephus libro septimo cap.
  23</inscrip>

  <size>19.5 x 37 cm</size>

  <note>(Engraving n.5)</note>
</record>

<record>
  <num>B341</num>

  <subj>Roman Triumphal Procession</subj>

  <inscrip>[Amplissimi...triumphi...ex antiquissimis...monumentis
  accuratissima descriptio]</inscrip>

  <engrv>[Gerard de Jode? after Maarten van Heemskerk or Onofrio
  Panvinio]</engrv>

  <city>[Antwerp]</city>

  <pub>[Gerard de Jode]</pub>

  <date>[1560]?</date>

  <ref>Hol v.9, p.202, n.403-14</ref>

  <ref>Pe p.71, n.592. Panvinio, 
  <uln>Triumphi</uln>
  </ref>

  <note>The set consists of an engraved title page (missing in this
  collection) and eleven numbered engravings. It comes from the 
  <uln>Veterum Rom. Ornatissimi...triumphi...</uln>

  which was first published at Amsterdam [1560] (cf. BM v.179,
  col.461); it was later published at Amsterdam in 1598; at Rome in
  1618 (cf. Brunet v.4, col.350), and at Rome, by Gio. Giacomo de
  Rossi (cf. Frutaz, v.l, p.67f. and v.2, pianta n.22, n.9-12, tav.
  46-49). The inscriptions in this set constitute one continuous
  text. For a discussion on Panvinio's activity as engraver cf. the
  note to engraving A 52; a related engraving is catalogued under D
  993.</note>

  <inscrip>de bello Iudaico Valerius Maximus libro .2.
  cap.3</inscrip>

  <size>19.5 x 37 cm</size>

  <note>(Engraving n.6)</note>
</record>

<record>
  <num>B342</num>

  <subj>Roman Triumphal Procession</subj>

  <inscrip>[Amplissimi...triumphi...ex antiquissimis...monumentis
  accuratissima descriptio]</inscrip>

  <engrv>[Gerard de Jode? after Maarten van Heemskerk or Onofrio
  Panvinio]</engrv>

  <city>[Antwerp]</city>

  <pub>[Gerard de Jode]</pub>

  <date>[1560]?</date>

  <ref>Hol v.9, p.202, n.403-14</ref>

  <ref>Pe p.71, n.592. Panvinio, 
  <uln>Triumphi</uln>
  </ref>

  <note>The set consists of an engraved title page (missing in this
  collection) and eleven numbered engravings. It comes from the 
  <uln>Veterum Rom. Ornatissimi...triumphi...</uln>

  which was first published at Amsterdam [1560] (cf. BM v.179,
  col.461); it was later published at Amsterdam in 1598; at Rome in
  1618 (cf. Brunet v.4, col.350), and at Rome, by Gio. Giacomo de
  Rossi (cf. Frutaz, v.l, p.67f. and v.2, pianta n.22, n.9-12, tav.
  46-49). The inscriptions in this set constitute one continuous
  text. For a discussion on Panvinio's activity as engraver cf. the
  note to engraving A 52; a related engraving is catalogued under D
  993.</note>

  <inscrip>de iure triumphali Ioannes Zonara historiarum tomo .2.
  Plutarchus</inscrip>

  <size>19 x 37 cm</size>

  <note>(Engraving n.7)</note>
</record>

<record>
  <num>B343</num>

  <subj>Roman Triumphal Procession</subj>

  <inscrip>[Amplissimi...triumphi...ex antiquissimis...monumentis
  accuratissima descriptio]</inscrip>

  <engrv>[Gerard de Jode? after Maarten van Heemskerk or Onofrio
  Panvinio]</engrv>

  <city>[Antwerp]</city>

  <pub>[Gerard de Jode]</pub>

  <date>[1560]?</date>

  <ref>Hol v.9, p.202, n.403-14</ref>

  <ref>Pe p.71, n.592. Panvinio, 
  <uln>Triumphi</uln>
  </ref>

  <note>The set consists of an engraved title page (missing in this
  collection) and eleven numbered engravings. It comes from the 
  <uln>Veterum Rom. Ornatissimi...triumphi...</uln>

  which was first published at Amsterdam [1560] (cf. BM v.179,
  col.461); it was later published at Amsterdam in 1598; at Rome in
  1618 (cf. Brunet v.4, col.350), and at Rome, by Gio. Giacomo de
  Rossi (cf. Frutaz, v.l, p.67f. and v.2, pianta n.22, n.9-12, tav.
  46-49). The inscriptions in this set constitute one continuous
  text. For a discussion on Panvinio's activity as engraver cf. the
  note to engraving A 52; a related engraving is catalogued under D
  993.</note>

  <inscrip>in Vita Pauli Aemilii Appianus Alexandrinus in
  Lybico</inscrip>

  <size>19 x 37 cm</size>

  <note>(Engraving n.8)</note>
</record>

<record>
  <num>B344</num>

  <subj>Roman Triumphal Procession</subj>

  <inscrip>[Amplissimi...triumphi...ex antiquissimis...monumentis
  accuratissima descriptio]</inscrip>

  <engrv>[Gerard de Jode? after Maarten van Heemskerk or Onofrio
  Panvinio]</engrv>

  <city>[Antwerp]</city>

  <pub>[Gerard de Jode]</pub>

  <date>[1560]?</date>

  <ref>Hol v.9, p.202, n.403-14</ref>

  <ref>Pe p.71, n.592. Panvinio, 
  <uln>Triumphi</uln>
  </ref>

  <note>The set consists of an engraved title page (missing in this
  collection) and eleven numbered engravings. It comes from the 
  <uln>Veterum Rom. Ornatissimi...triumphi...</uln>

  which was first published at Amsterdam [1560] (cf. BM v.179,
  col.461); it was later published at Amsterdam in 1598; at Rome in
  1618 (cf. Brunet v.4, col.350), and at Rome, by Gio. Giacomo de
  Rossi (cf. Frutaz, v.l, p.67f. and v.2, pianta n.22, n.9-12, tav.
  46-49). The inscriptions in this set constitute one continuous
  text. For a discussion on Panvinio's activity as engraver cf. the
  note to engraving A 52; a related engraving is catalogued under D
  993.</note>

  <inscrip>Servius Super Vergilium, et postremo, Marcus Tul.
  Cicero</inscrip>

  <size>19 x 37 cm</size>

  <note>(Engraving n.9)</note>
</record>

<record>
  <num>B345</num>

  <subj>Roman Triumphal Procession</subj>

  <inscrip>[Amplissimi...triumphi...ex antiquissimis...monumentis
  accuratissima descriptio]</inscrip>

  <engrv>[Gerard de Jode? after Maarten van Heemskerk or Onofrio
  Panvinio]</engrv>

  <city>[Antwerp]</city>

  <pub>[Gerard de Jode]</pub>

  <date>[1560]?</date>

  <ref>Hol v.9, p.202, n.403-14</ref>

  <ref>Pe p.71, n.592. Panvinio, 
  <uln>Triumphi</uln>
  </ref>

  <note>The set consists of an engraved title page (missing in this
  collection) and eleven numbered engravings. It comes from the 
  <uln>Veterum Rom. Ornatissimi...triumphi...</uln>

  which was first published at Amsterdam [1560] (cf. BM v.179,
  col.461); it was later published at Amsterdam in 1598; at Rome in
  1618 (cf. Brunet v.4, col.350), and at Rome, by Gio. Giacomo de
  Rossi (cf. Frutaz, v.l, p.67f. and v.2, pianta n.22, n.9-12, tav.
  46-49). The inscriptions in this set constitute one continuous
  text. For a discussion on Panvinio's activity as engraver cf. the
  note to engraving A 52; a related engraving is catalogued under D
  993.</note>

  <inscrip>de triumphali pompa in Lucium Pisonem</inscrip>

  <size>19 x 37 cm</size>

  <note>(Engraving n.10)</note>
</record>

<record>
  <num>B346</num>

  <subj>Roman Triumphal Procession</subj>

  <inscrip>[Amplissimi...triumphi...ex antiquissimis...monumentis
  accuratissima descriptio]</inscrip>

  <engrv>[Gerard de Jode? after Maarten van Heemskerk or Onofrio
  Panvinio]</engrv>

  <city>[Antwerp]</city>

  <pub>[Gerard de Jode]</pub>

  <date>[1560]?</date>

  <ref>Hol v.9, p.202, n.403-14</ref>

  <ref>Pe p.71, n.592. Panvinio, 
  <uln>Triumphi</uln>
  </ref>

  <note>The set consists of an engraved title page (missing in this
  collection) and eleven numbered engravings. It comes from the 
  <uln>Veterum Rom. Ornatissimi...triumphi...</uln>

  which was first published at Amsterdam [1560] (cf. BM v.179,
  col.461); it was later published at Amsterdam in 1598; at Rome in
  1618 (cf. Brunet v.4, col.350), and at Rome, by Gio. Giacomo de
  Rossi (cf. Frutaz, v.l, p.67f. and v.2, pianta n.22, n.9-12, tav.
  46-49). The inscriptions in this set constitute one continuous
  text. For a discussion on Panvinio's activity as engraver cf. the
  note to engraving A 52; a related engraving is catalogued under D
  993.</note>

  <inscrip>Triumphi maioris usus permansisse constat ad Iustiniani
  tempora</inscrip>

  <size>19 x 37 cm</size>

  <note>(Engraving n.11)</note>
</record>

<record>
  <num>B347</num>

  <subj>Lupa Capitolium</subj>

  <inscrip>Lupae Romulum et Remum Urbis conditores lactantis
  antiquum ac aeneum in Capitolio signum</inscrip>

  <city>Rome</city>

  <pub>Antonio Lafreri</pub>

  <date>1552</date>

  <size>25.5 x 33.5 cm</size>

  <huref>Hu 47a</huref>

  <ref>L-A v.2, p.351, ad. a 1552</ref>

  <ref>A-B p.322, n.3175</ref>

  <ref>Praun, p.171, n.1</ref>
</record>

<record>
  <num>B348</num>

  <subj>Equestrian Statue Of Marcus Aurelius</subj>

  <size>32.5 x 21.5 cm</size>

  <note>For a related engraving see A 135.</note>
</record>

<record>
  <num>B349</num>

  <subj>Statue Of Marforio</subj>

  <inscrip>[Quest' e di Rom]a un nobil cittadino/ ... /[Come
  v]edete, et ha nome Marfuori</inscrip>

  <engrv>Attributed to [Nicolas Beatrizet]</engrv>

  <city>[Rome]</city>

  <pub>[Antonio Lafreri]</pub>

  <date>1550]</date>

  <size>32 x 25 cm</size>

  <huref>Hu 70a</huref>

  <ref>L-A v.2, p.351</ref>

  <note>Left margin mutilated. The inscription is a 
  <uln>sonetto caudato.</uln>

  .</note>
</record>

<record>
  <num>B350</num>

  <subj>The Belvedere Torso</subj>

  <inscrip>Il torso di Belvedere negli orti Vaticani mostrato in
  due vedute opera di Apollonio di Nestore scultore
  Ateniense</inscrip>

  <engrv>Francesco Aquila</engrv>

  <city>Rome</city>

  <pub>Domenico de Rossi</pub>

  <date>[ca. 1700]</date>

  <size>40 x 31 cm</size>

  <ref>NaKL v.1, p.144f</ref>
</record>

<record>
  <num>B351</num>

  <subj>Trophies Of Marius</subj>

  <inscrip>Trophaea Marii de bello Cymbr. putat. ad aed. D.
  Euseb</inscrip>

  <city>[Rome?]</city>

  <pub>s.n.</pub>

  <date>[before 1581-1586]?</date>

  <note>The upper margin of both engravings as well as the left
  margin of B 352 trimmed. Compare with engravings A 123 and A
  124.</note>

  <inscrip>[The trophies with three putti]</inscrip>

  <size>34.5 x 22.5 cm</size>

  <huref>Hu 27a</huref>

  <ref>Qu 290</ref>
</record>

<record>
  <num>B352</num>

  <subj>Trophies Of Marius</subj>

  <inscrip>Trophaea Marii de bello Cymbr. putat. ad aed. D.
  Euseb</inscrip>

  <city>[Rome?]</city>

  <pub>s.n.</pub>

  <date>[before 1581-1586]?</date>

  <note>The upper margin of both engravings as well as the left
  margin of B 352 trimmed. Compare with engravings A 123 and A
  124.</note>

  <inscrip>[The trophies with a captive woman]</inscrip>

  <size>34.5 x 24 cm</size>

  <huref>Hu 28a</huref>

  <ref>Qu 291</ref>
</record>

<record>
  <num>B353</num>

  <subj>Bas-Relief With Three Amorini</subj>

  <inscrip>Opus hoc antiquum sculpt. reperitur Ravennae in Aed.
  Divi Vitalis MDXVIIII</inscrip>

  <engrv>Anon. after [Marco Dente da Ravenna]</engrv>

  <city>Rome</city>

  <pub>Cluadio Duchetti</pub>

  <date>[1581-1586]</date>

  <size>19.5 x 35 cm</size>

  <huref>Hu 73e</huref>

  <ref>NaKL v.14, p.20, n.58</ref>
</record>

<record>
  <num>B354</num>

  <subj>Architectural Designs</subj>

  <inscrip>[Li cinque ordini con le loro regole et ornamenti cavati
  dall'antico]</inscrip>

  <engrv>([Jerome David or Camillo Cungi)]? after Giovanni Battista
  Montano]</engrv>

  <city>[Rome]</city>

  <pub>[Calisto Ferrante]</pub>

  <date>[1636]</date>

  <ref>BM v.163, col.66 s.v. Montano</ref>

  <ref>BN v.177, col.1074</ref>

  <ref>Brunet, v.3, col.1846</ref>

  <ref>T-B v.25, p.82.</ref>

  <ref>Montano, 
  <uln>Archit.</uln>

  (1636), lib.1, pl.[41 and 42] and Montano, 
  <uln>Archit.</uln>

  (1691), lib.1, pl.41 and 42</ref>

  <note>These two engravings appear at the end of Gio. Battista
  Montano's 
  <uln>Archit.</uln>

  where they follow a numbered plate bearing number 40 at the upper
  right corner. Apparently they were not included in the first
  edition published in 1624 which contains 40 plates only. They
  already appear in the 1636 edition (BM and Brunet list only 40
  plates for this edition). In the Ferrante edition, engraving B
  354 bears a number two at the lower right while B 355 bears there
  a number 4; both engravings are unnumbered at the upper right. In
  the 1691 edition, B 354 bears a number 42 at the upper right; B
  355, a number 41; at the lower right they bear the same numbering
  as the 1636 edition. For other plates of Montano's 
  <uln>libro primo</uln>

  see engravings C 441 to C 469.</note>

  <inscrip>[Three caryatides]</inscrip>

  <size>27.5 x 18 cm</size>

  <note>(Engraving n.[41];number 2 at lower right)</note>

  <note>
  <uln>Libro primo</uln>

  at head of engraving.</note>
</record>

<record>
  <num>B355</num>

  <subj>Architectural Designs</subj>

  <inscrip>[Li cinque ordini con le loro regole et ornamenti cavati
  dall'antico]</inscrip>

  <engrv>([Jerome David or Camillo Cungi)]? after Giovanni Battista
  Montano]</engrv>

  <city>[Rome]</city>

  <pub>[Calisto Ferrante]</pub>

  <date>[1636]</date>

  <ref>BM v.163, col.66 s.v. Montano</ref>

  <ref>BN v.177, col.1074</ref>

  <ref>Brunet, v.3, col.1846</ref>

  <ref>T-B v.25, p.82.</ref>

  <ref>Montano, 
  <uln>Archit.</uln>

  (1636), lib.1, pl.[41 and 42] and Montano, 
  <uln>Archit.</uln>

  (1691), lib.1, pl.41 and 42</ref>

  <note>These two engravings appear at the end of Gio. Battista
  Montano's 
  <uln>Archit.</uln>

  where they follow a numbered plate bearing number 40 at the upper
  right corner. Apparently they were not included in the first
  edition published in 1624 which contains 40 plates only. They
  already appear in the 1636 edition (BM and Brunet list only 40
  plates for this edition). In the Ferrante edition, engraving B
  354 bears a number two at the lower right while B 355 bears there
  a number 4; both engravings are unnumbered at the upper right. In
  the 1691 edition, B 354 bears a number 42 at the upper right; B
  355, a number 41; at the lower right they bear the same numbering
  as the 1636 edition. For other plates of Montano's 
  <uln>libro primo</uln>

  see engravings C 441 to C 469.</note>

  <inscrip>[Four herms]</inscrip>

  <size>28 x 18.5 cm</size>

  <note>(Engraving n.[42]</note>

  <note>number 4 at lower right)</note>
</record>

<record>
  <num>B356</num>

  <subj>Sepulchral Designs</subj>

  <inscrip>[Raccolta de tempii e sepolchri disegnati
  dall'antico]</inscrip>

  <engrv>[(Jerome David or Camillo Cungi)? after Giovanni Battista
  Montano]</engrv>

  <city>[Rome]</city>

  <pub>[B. de Rossi or Callisto Ferrante]</pub>

  <date>[1638]?</date>

  <ref>BM v.163, col.66 s.v. Montano</ref>

  <ref>BN v.117, col.1074</ref>

  <ref>NaKL v.3, p.434 s.v. David and v.10, p.487 s.v.
  Montano</ref>

  <ref>Montano, 
  <uln>Archit.</uln>

  (1691), lib.3, pl.46 and 49</ref>

  <note>These two plates come from what came to be known as the
  third book of Montano's 
  <uln>Archit.</uln>

  This book was published separately, apparently for the first
  time, in 1638, two years after Calisto Ferrante's edition of
  Montano's 
  <uln>Archit.</uln>

  in four books. Unfortunately neither BM nor BN indicate how many
  plates the 1638 edition contains. NaKL's entry refers to a 1708
  edition of 42 plates which seems to include material from books
  two through five of the 
  <uln>Archit.</uln>

  For another plate from Montano's third book see engraving C
  473.</note>

  <inscrip>[Sepolcro di porfido nel Tempio detto di
  Bacco...]</inscrip>

  <size>27.5 x 18 cm</size>

  <note>(Engraving n.[46])</note>
</record>

<record>
  <num>B357</num>

  <subj>Sepulchral Designs</subj>

  <inscrip>[Raccolta de tempii e sepolchri disegnati
  dall'antico]</inscrip>

  <engrv>[(Jerome David or Camillo Cungi)? after Giovanni Battista
  Montano]</engrv>

  <city>[Rome</city>

  <pub>B. de Rossi or Callisto Ferrante</pub>

  <date>1638]?</date>

  <ref>BM v.163, col.66 s.v. Montano</ref>

  <ref>BN v.117, col.1074</ref>

  <ref>NaKL v.3, p.434 s.v. David and v.10, p.487 s.v.
  Montano</ref>

  <ref>Montano, 
  <uln>Archit.</uln>

  (1691), lib.3, pl.46 and 49</ref>

  <note>These two plates come from what came to be known as the
  third book of Montano's 
  <uln>Archit.</uln>

  This book was published separately, apparently for the first
  time, in 1638, two years after Calisto Ferrante's edition of
  Montano's 
  <uln>Archit.</uln>

  in four books. Unfortunately neither BM nor BN indicate how many
  plates the 1638 edition contains. NaKL's entry refers to a 1708
  edition of 42 plates which seems to include material from books
  two through five of the 
  <uln>Archit.</uln>

  For another plate from Montano's third book see engraving C
  473.</note>

  <inscrip>[Four friezes from ancient sarcophagi]</inscrip>

  <size>27.5 x 17.5 cm</size>

  <note>(Engraving n.[49])</note>
</record>

<record>
  <num>B358</num>

  <subj>Friezes And Bas-Reliefs Of Roman Antiquity</subj>

  <inscrip>[Admiranda Romanarum antiquitatum ac veteris sculpturae
  vestigia anaglyphico opere elaborata ex marmoreis exemplaribus
  quae Romae adhuc extant...]</inscrip>

  <engrv>Pietro Santi Bartoli in part after [Francois
  Perrier]</engrv>

  <city>Rome</city>

  <pub>Domenico de Rossi</pub>

  <date>[1693]</date>

  <ref>BM v.213, col.2 s.v. Santi Bartoli</ref>

  <ref>BN v.8, col.339 s.v. Bartoli</ref>

  <ref>Bartoli, 
  <uln>Admiranda.</uln>
  </ref>

  <note>Part of a set of 83 numbered plates including the title
  page and the dedicatory page (BN lists 84 plates) published for
  the first time in 1685(?) by Gio. Giacomo de Rossi, and then
  again in 1693 by Domenico de Rossi. Bartoli apparently
  re-engraved and enlarged Francois Perrier's 
  <uln>Icones et segmenta illustrium e marmore tabularum</uln>

  first published at Rome (and/or Paris?) in 1645 (or 1650?)
  containing 53 plates (cf. BM v.187, col.194 and BN v.133,
  col.1018). Engravings 53 and 54 of the 1693 edition (this last
  one, B 372 in our collection) still bear Perrier's
  monogram.</note>

  <inscrip>[Ara, seu basis quadrata lateribus singulis anablyphice
  sculpta, et a quodam Tiberio Claudio Faventino dicata...eademque
  imaginibus decorata, originem, ac primordia Urbis Romae a Paridis
  pomo ad lupam lactantem pueros, quasi ab ovo
  repraesentat...]</inscrip>

  <size>29 x 33 cm</size>

  <note>(Engraving n.4:unsigned)</note>

  <note>This engraving, the second of three within the set, shows
  six scenes of the Trojan War; numbers 3 and 5, the companion
  plates, are not in our collection.</note>
</record>

<record>
  <num>B359</num>

  <subj>Friezes And Bas-Reliefs Of Roman Antiquity</subj>

  <inscrip>[Admiranda Romanarum antiquitatum ac veteris sculpturae
  vestigia anaglyphico opere elaborata ex marmoreis exemplaribus
  quae Romae adhuc extant...]</inscrip>

  <engrv>Pietro Santi Bartoli in part after [Francois
  Perrier]</engrv>

  <city>Rome</city>

  <pub>Domenico de Rossi</pub>

  <date>[1693]</date>

  <ref>BM v.213, col.2 s.v. Santi Bartoli</ref>

  <ref>BN v.8, col.339 s.v. Bartoli</ref>

  <ref>Bartoli, 
  <uln>Admiranda.</uln>
  </ref>

  <note>Part of a set of 83 numbered plates including the title
  page and the dedicatory page (BN lists 84 plates) published for
  the first time in 1685(?) by Gio. Giacomo de Rossi, and then
  again in 1693 by Domenico de Rossi. Bartoli apparently
  re-engraved and enlarged Francois Perrier's 
  <uln>Icones et segmenta illustrium e marmore tabularum</uln>

  first published at Rome (and/or Paris?) in 1645 (or 1650?)
  containing 53 plates (cf. BM v.187, col.194 and BN v.133,
  col.1018). Engravings 53 and 54 of the 1693 edition (this last
  one, B 372 in our collection) still bear Perrier's
  monogram.</note>

  <inscrip>Isidis pompa. In aedibus Matthaeiorum...</inscrip>

  <size>23 x 40 cm</size>

  <note>(Engraving n.16: unsigned)</note>
</record>

<record>
  <num>B360</num>

  <subj>Friezes And Bas-Reliefs Of Roman Antiquity</subj>

  <inscrip>[Admiranda Romanarum antiquitatum ac veteris sculpturae
  vestigia anaglyphico opere elaborata ex marmoreis exemplaribus
  quae Romae adhuc extant...]</inscrip>

  <engrv>Pietro Santi Bartoli in part after [Francois
  Perrier]</engrv>

  <city>Rome</city>

  <pub>Domenico de Rossi</pub>

  <date>[1693]</date>

  <ref>BM v.213, col.2 s.v. Santi Bartoli</ref>

  <ref>BN v.8, col.339 s.v. Bartoli</ref>

  <ref>Bartoli, 
  <uln>Admiranda.</uln>
  </ref>

  <note>Part of a set of 83 numbered plates including the title
  page and the dedicatory page (BN lists 84 plates) published for
  the first time in 1685(?) by Gio. Giacomo de Rossi, and then
  again in 1693 by Domenico de Rossi. Bartoli apparently
  re-engraved and enlarged Francois Perrier's 
  <uln>Icones et segmenta illustrium e marmore tabularum</uln>

  first published at Rome (and/or Paris?) in 1645 (or 1650?)
  containing 53 plates (cf. BM v.187, col.194 and BN v.133,
  col.1018). Engravings 53 and 54 of the 1693 edition (this last
  one, B 372 in our collection) still bear Perrier's
  monogram.</note>

  <inscrip>Amalthea Iovem recens natum nutrit... In aedibus
  Iustinianis</inscrip>

  <size>35 x 26 cm</size>

  <note>(Engraving n.26: signed by Domenico de Rossi)</note>

  <ref>NaKL v.1, p.288</ref>

  <note>Engraving executed by Bartoli after Giulio Romano.</note>
</record>

<record>
  <num>B361</num>

  <subj>Friezes And Bas-Reliefs Of Roman Antiquity</subj>

  <inscrip>[Admiranda Romanarum antiquitatum ac veteris sculpturae
  vestigia anaglyphico opere elaborata ex marmoreis exemplaribus
  quae Romae adhuc extant...]</inscrip>

  <engrv>Pietro Santi Bartoli in part after [Francois
  Perrier]</engrv>

  <city>Rome</city>

  <pub>Domenico de Rossi</pub>

  <date>[1693]</date>

  <ref>BM v.213, col.2 s.v. Santi Bartoli</ref>

  <ref>BN v.8, col.339 s.v. Bartoli</ref>

  <ref>Bartoli, 
  <uln>Admiranda.</uln>
  </ref>

  <note>Part of a set of 83 numbered plates including the title
  page and the dedicatory page (BN lists 84 plates) published for
  the first time in 1685(?) by Gio. Giacomo de Rossi, and then
  again in 1693 by Domenico de Rossi. Bartoli apparently
  re-engraved and enlarged Francois Perrier's 
  <uln>Icones et segmenta illustrium e marmore tabularum</uln>

  first published at Rome (and/or Paris?) in 1645 (or 1650?)
  containing 53 plates (cf. BM v.187, col.194 and BN v.133,
  col.1018). Engravings 53 and 54 of the 1693 edition (this last
  one, B 372 in our collection) still bear Perrier's
  monogram.</note>

  <inscrip>Forum Palladium sive Nervae in regione viae
  Sacrae...</inscrip>

  <size>23 x 45 cm</size>

  <note>(Engraving n.35: signed by Bartoli)</note>

  <note>Numbers 35 to 41 (B 361 to B 366) are related plates within
  the set. Number 36 is not in our collection.</note>
</record>

<record>
  <num>B362</num>

  <subj>Friezes And Bas-Reliefs Of Roman Antiquity</subj>

  <inscrip>[Admiranda Romanarum antiquitatum ac veteris sculpturae
  vestigia anaglyphico opere elaborata ex marmoreis exemplaribus
  quae Romae adhuc extant...]</inscrip>

  <engrv>Pietro Santi Bartoli in part after [Francois
  Perrier]</engrv>

  <city>Rome</city>

  <pub>Domenico de Rossi</pub>

  <date>[1693]</date>

  <ref>BM v.213, col.2 s.v. Santi Bartoli</ref>

  <ref>BN v.8, col.339 s.v. Bartoli</ref>

  <ref>Bartoli, 
  <uln>Admiranda.</uln>
  </ref>

  <note>Part of a set of 83 numbered plates including the title
  page and the dedicatory page (BN lists 84 plates) published for
  the first time in 1685(?) by Gio. Giacomo de Rossi, and then
  again in 1693 by Domenico de Rossi. Bartoli apparently
  re-engraved and enlarged Francois Perrier's 
  <uln>Icones et segmenta illustrium e marmore tabularum</uln>

  first published at Rome (and/or Paris?) in 1645 (or 1650?)
  containing 53 plates (cf. BM v.187, col.194 and BN v.133,
  col.1018). Engravings 53 and 54 of the 1693 edition (this last
  one, B 372 in our collection) still bear Perrier's
  monogram.</note>

  <inscrip>Palladis artes in foro Palladio... In foro
  Nervae</inscrip>

  <size>23 x 46 cm</size>

  <note>(Engraving n.37: signed by Bartoli)</note>
</record>

<record>
  <num>B363</num>

  <subj>Friezes And Bas-Reliefs Of Roman Antiquity</subj>

  <inscrip>[Admiranda Romanarum antiquitatum ac veteris sculpturae
  vestigia anaglyphico opere elaborata ex marmoreis exemplaribus
  quae Romae adhuc extant...]</inscrip>

  <engrv>Pietro Santi Bartoli in part after [Francois
  Perrier]</engrv>

  <city>Rome</city>

  <pub>Domenico de Rossi</pub>

  <date>[1693]</date>

  <ref>BM v.213, col.2 s.v. Santi Bartoli</ref>

  <ref>BN v.8, col.339 s.v. Bartoli</ref>

  <ref>Bartoli, 
  <uln>Admiranda.</uln>
  </ref>

  <note>Part of a set of 83 numbered plates including the title
  page and the dedicatory page (BN lists 84 plates) published for
  the first time in 1685(?) by Gio. Giacomo de Rossi, and then
  again in 1693 by Domenico de Rossi. Bartoli apparently
  re-engraved and enlarged Francois Perrier's 
  <uln>Icones et segmenta illustrium e marmore tabularum</uln>

  first published at Rome (and/or Paris?) in 1645 (or 1650?)
  containing 53 plates (cf. BM v.187, col.194 and BN v.133,
  col.1018). Engravings 53 and 54 of the 1693 edition (this last
  one, B 372 in our collection) still bear Perrier's
  monogram.</note>

  <inscrip>Paladis artes... In foro Nervae</inscrip>

  <size>23 x 46 cm</size>

  <note>(Engraving n.38: signed by Bartoli)</note>
</record>

<record>
  <num>B364</num>

  <subj>Friezes And Bas-Reliefs Of Roman Antiquity</subj>

  <inscrip>[Admiranda Romanarum antiquitatum ac veteris sculpturae
  vestigia anaglyphico opere elaborata ex marmoreis exemplaribus
  quae Romae adhuc extant...]</inscrip>

  <engrv>Pietro Santi Bartoli in part after [Francois
  Perrier]</engrv>

  <city>Rome</city>

  <pub>Domenico de Rossi</pub>

  <date>[1693]</date>

  <ref>BM v.213, col.2 s.v. Santi Bartoli</ref>

  <ref>BN v.8, col.339 s.v. Bartoli</ref>

  <ref>Bartoli, 
  <uln>Admiranda.</uln>
  </ref>

  <note>Part of a set of 83 numbered plates including the title
  page and the dedicatory page (BN lists 84 plates) published for
  the first time in 1685(?) by Gio. Giacomo de Rossi, and then
  again in 1693 by Domenico de Rossi. Bartoli apparently
  re-engraved and enlarged Francois Perrier's 
  <uln>Icones et segmenta illustrium e marmore tabularum</uln>

  first published at Rome (and/or Paris?) in 1645 (or 1650?)
  containing 53 plates (cf. BM v.187, col.194 and BN v.133,
  col.1018). Engravings 53 and 54 of the 1693 edition (this last
  one, B 372 in our collection) still bear Perrier's
  monogram.</note>

  <inscrip>Palladis artes... In foro Nervae</inscrip>

  <size>23 x 46 cm</size>

  <note>(Engraving n.39: signed by Bartoli)</note>
</record>

<record>
  <num>B365</num>

  <subj>Friezes And Bas-Reliefs Of Roman Antiquity</subj>

  <inscrip>[Admiranda Romanarum antiquitatum ac veteris sculpturae
  vestigia anaglyphico opere elaborata ex marmoreis exemplaribus
  quae Romae adhuc extant...]</inscrip>

  <engrv>Pietro Santi Bartoli in part after [Francois
  Perrier]</engrv>

  <city>Rome</city>

  <pub>Domenico de Rossi</pub>

  <date>[1693]</date>

  <ref>BM v.213, col.2 s.v. Santi Bartoli</ref>

  <ref>BN v.8, col.339 s.v. Bartoli</ref>

  <ref>Bartoli, 
  <uln>Admiranda.</uln>
  </ref>

  <note>Part of a set of 83 numbered plates including the title
  page and the dedicatory page (BN lists 84 plates) published for
  the first time in 1685(?) by Gio. Giacomo de Rossi, and then
  again in 1693 by Domenico de Rossi. Bartoli apparently
  re-engraved and enlarged Francois Perrier's 
  <uln>Icones et segmenta illustrium e marmore tabularum</uln>

  first published at Rome (and/or Paris?) in 1645 (or 1650?)
  containing 53 plates (cf. BM v.187, col.194 and BN v.133,
  col.1018). Engravings 53 and 54 of the 1693 edition (this last
  one, B 372 in our collection) still bear Perrier's
  monogram.</note>

  <inscrip>Palladis artes... In foro Nervae</inscrip>

  <size>23 x 46 cm</size>

  <note>(Engraving n.40: signed by Bartoli and Gio. Giacomo de
  Rossi)</note>
</record>

<record>
  <num>B366</num>

  <subj>Friezes And Bas-Reliefs Of Roman Antiquity</subj>

  <inscrip>[Admiranda Romanarum antiquitatum ac veteris sculpturae
  vestigia anaglyphico opere elaborata ex marmoreis exemplaribus
  quae Romae adhuc extant...]</inscrip>

  <engrv>Pietro Santi Bartoli in part after [Francois
  Perrier]</engrv>

  <city>Rome</city>

  <pub>Domenico de Rossi</pub>

  <date>[1693]</date>

  <ref>BM v.213, col.2 s.v. Santi Bartoli</ref>

  <ref>BN v.8, col.339 s.v. Bartoli</ref>

  <ref>Bartoli, 
  <uln>Admiranda.</uln>
  </ref>

  <note>Part of a set of 83 numbered plates including the title
  page and the dedicatory page (BN lists 84 plates) published for
  the first time in 1685(?) by Gio. Giacomo de Rossi, and then
  again in 1693 by Domenico de Rossi. Bartoli apparently
  re-engraved and enlarged Francois Perrier's 
  <uln>Icones et segmenta illustrium e marmore tabularum</uln>

  first published at Rome (and/or Paris?) in 1645 (or 1650?)
  containing 53 plates (cf. BM v.187, col.194 and BN v.133,
  col.1018). Engravings 53 and 54 of the 1693 edition (this last
  one, B 372 in our collection) still bear Perrier's
  monogram.</note>

  <inscrip>Palladis artes... In foro Nervae</inscrip>

  <size>23 x 45.5 cm</size>

  <note>(Engraving n.41: signed by Bartoli and Gio. Giacomo de
  Rossi)</note>
</record>

<record>
  <num>B367</num>

  <subj>Friezes And Bas-Reliefs Of Roman Antiquity</subj>

  <inscrip>[Admiranda Romanarum antiquitatum ac veteris sculpturae
  vestigia anaglyphico opere elaborata ex marmoreis exemplaribus
  quae Romae adhuc extant...]</inscrip>

  <engrv>Pietro Santi Bartoli in part after [Francois
  Perrier]</engrv>

  <city>Rome</city>

  <pub>Domenico de Rossi</pub>

  <date>[1693]</date>

  <ref>BM v.213, col.2 s.v. Santi Bartoli</ref>

  <ref>BN v.8, col.339 s.v. Bartoli</ref>

  <ref>Bartoli, 
  <uln>Admiranda.</uln>
  </ref>

  <note>Part of a set of 83 numbered plates including the title
  page and the dedicatory page (BN lists 84 plates) published for
  the first time in 1685(?) by Gio. Giacomo de Rossi, and then
  again in 1693 by Domenico de Rossi. Bartoli apparently
  re-engraved and enlarged Francois Perrier's 
  <uln>Icones et segmenta illustrium e marmore tabularum</uln>

  first published at Rome (and/or Paris?) in 1645 (or 1650?)
  containing 53 plates (cf. BM v.187, col.194 and BN v.133,
  col.1018). Engravings 53 and 54 of the 1693 edition (this last
  one, B 372 in our collection) still bear Perrier's
  monogram.</note>

  <inscrip>Tabula haec non ad Domitianum, at potius ad Nervam
  spectare videtur, qui Forum Palladium...perfecit...</inscrip>

  <size>23 x 45 cm</size>

  <note>(Engraving n.42: signed by Bartoli)</note>
</record>

<record>
  <num>B368</num>

  <subj>Friezes And Bas-Reliefs Of Roman Antiquity</subj>

  <inscrip>[Admiranda Romanarum antiquitatum ac veteris sculpturae
  vestigia anaglyphico opere elaborata ex marmoreis exemplaribus
  quae Romae adhuc extant...]</inscrip>

  <engrv>Pietro Santi Bartoli in part after [Francois
  Perrier]</engrv>

  <city>Rome</city>

  <pub>Domenico de Rossi</pub>

  <date>[1693]</date>

  <ref>BM v.213, col.2 s.v. Santi Bartoli</ref>

  <ref>BN v.8, col.339 s.v. Bartoli</ref>

  <ref>Bartoli, 
  <uln>Admiranda.</uln>
  </ref>

  <note>Part of a set of 83 numbered plates including the title
  page and the dedicatory page (BN lists 84 plates) published for
  the first time in 1685(?) by Gio. Giacomo de Rossi, and then
  again in 1693 by Domenico de Rossi. Bartoli apparently
  re-engraved and enlarged Francois Perrier's 
  <uln>Icones et segmenta illustrium e marmore tabularum</uln>

  first published at Rome (and/or Paris?) in 1645 (or 1650?)
  containing 53 plates (cf. BM v.187, col.194 and BN v.133,
  col.1018). Engravings 53 and 54 of the 1693 edition (this last
  one, B 372 in our collection) still bear Perrier's
  monogram.</note>

  <inscrip>Triclinium sive biclinium... In hortis
  Montaltis</inscrip>

  <size>29 x 42 cm</size>

  <note>(Engraving n.43: signed by Bartoli and Gio. Giacomo de
  Rossi)</note>
</record>

<record>
  <num>B369</num>

  <subj>Friezes And Bas-Reliefs Of Roman Antiquity</subj>

  <inscrip>[Admiranda Romanarum antiquitatum ac veteris sculpturae
  vestigia anaglyphico opere elaborata ex marmoreis exemplaribus
  quae Romae adhuc extant...]</inscrip>

  <engrv>Pietro Santi Bartoli in part after [Francois
  Perrier]</engrv>

  <city>Rome</city>

  <pub>Domenico de Rossi</pub>

  <date>[1693]</date>

  <ref>BM v.213, col.2 s.v. Santi Bartoli</ref>

  <ref>BN v.8, col.339 s.v. Bartoli</ref>

  <ref>Bartoli, 
  <uln>Admiranda.</uln>
  </ref>

  <note>Part of a set of 83 numbered plates including the title
  page and the dedicatory page (BN lists 84 plates) published for
  the first time in 1685(?) by Gio. Giacomo de Rossi, and then
  again in 1693 by Domenico de Rossi. Bartoli apparently
  re-engraved and enlarged Francois Perrier's 
  <uln>Icones et segmenta illustrium e marmore tabularum</uln>

  first published at Rome (and/or Paris?) in 1645 (or 1650?)
  containing 53 plates (cf. BM v.187, col.194 and BN v.133,
  col.1018). Engravings 53 and 54 of the 1693 edition (this last
  one, B 372 in our collection) still bear Perrier's
  monogram.</note>

  <inscrip>Satyrica Bacchi scena et chorus</inscrip>

  <size>30 x 46.5 cm</size>

  <note>(Engraving n.44: signed by Domenico de Rossi)</note>

  <note>This engraving is the first of two related plates; missing
  from our collection is number 45.</note>
</record>

<record>
  <num>B370</num>

  <subj>Friezes And Bas-Reliefs Of Roman Antiquity</subj>

  <inscrip>[Admiranda Romanarum antiquitatum ac veteris sculpturae
  vestigia anaglyphico opere elaborata ex marmoreis exemplaribus
  quae Romae adhuc extant...]</inscrip>

  <engrv>Pietro Santi Bartoli in part after [Francois
  Perrier]</engrv>

  <city>Rome</city>

  <pub>Domenico de Rossi</pub>

  <date>[1693]</date>

  <ref>BM v.213, col.2 s.v. Santi Bartoli</ref>

  <ref>BN v.8, col.339 s.v. Bartoli</ref>

  <ref>Bartoli, 
  <uln>Admiranda.</uln>
  </ref>

  <note>Part of a set of 83 numbered plates including the title
  page and the dedicatory page (BN lists 84 plates) published for
  the first time in 1685(?) by Gio. Giacomo de Rossi, and then
  again in 1693 by Domenico de Rossi. Bartoli apparently
  re-engraved and enlarged Francois Perrier's 
  <uln>Icones et segmenta illustrium e marmore tabularum</uln>

  first published at Rome (and/or Paris?) in 1645 (or 1650?)
  containing 53 plates (cf. BM v.187, col.194 and BN v.133,
  col.1018). Engravings 53 and 54 of the 1693 edition (this last
  one, B 372 in our collection) still bear Perrier's
  monogram.</note>

  <inscrip>Silenorum chorus unde Silli. In hortis
  Burghesiis...</inscrip>

  <size>26 x 43 cm</size>

  <note>(Engraving n.50: signed by Gio. Giacomo de Rossi)</note>
</record>

<record>
  <num>B371</num>

  <subj>Friezes And Bas-Reliefs Of Roman Antiquity</subj>

  <inscrip>[Admiranda Romanarum antiquitatum ac veteris sculpturae
  vestigia anaglyphico opere elaborata ex marmoreis exemplaribus
  quae Romae adhuc extant...]</inscrip>

  <engrv>Pietro Santi Bartoli in part after [Francois
  Perrier]</engrv>

  <city>Rome</city>

  <pub>Domenico de Rossi</pub>

  <date>[1693]</date>

  <ref>BM v.213, col.2 s.v. Santi Bartoli</ref>

  <ref>BN v.8, col.339 s.v. Bartoli</ref>

  <ref>Bartoli, 
  <uln>Admiranda.</uln>
  </ref>

  <note>Part of a set of 83 numbered plates including the title
  page and the dedicatory page (BN lists 84 plates) published for
  the first time in 1685(?) by Gio. Giacomo de Rossi, and then
  again in 1693 by Domenico de Rossi. Bartoli apparently
  re-engraved and enlarged Francois Perrier's 
  <uln>Icones et segmenta illustrium e marmore tabularum</uln>

  first published at Rome (and/or Paris?) in 1645 (or 1650?)
  containing 53 plates (cf. BM v.187, col.194 and BN v.133,
  col.1018). Engravings 53 and 54 of the 1693 edition (this last
  one, B 372 in our collection) still bear Perrier's
  monogram.</note>

  <inscrip>Saevum, atque atrox facinus...huius ignoti facinoris
  duplex extat exemplar in marmore, unum in Barberinis, alterum in
  Iustinianis aedibus, a quo similitudinem duximus. In aedibus
  Iustinianis</inscrip>

  <size>22 x 46 cm</size>

  <note>(Engraving n.52: signed by Domenico de Rossi)</note>
</record>

<record>
  <num>B372</num>

  <subj>Friezes And Bas-Reliefs Of Roman Antiquity</subj>

  <inscrip>[Admiranda Romanarum antiquitatum ac veteris sculpturae
  vestigia anaglyphico opere elaborata ex marmoreis exemplaribus
  quae Romae adhuc extant...]</inscrip>

  <engrv>Pietro Santi Bartoli in part after [Francois
  Perrier]</engrv>

  <city>Rome</city>

  <pub>Domenico de Rossi</pub>

  <date>[1693]</date>

  <ref>BM v.213, col.2 s.v. Santi Bartoli</ref>

  <ref>BN v.8, col.339 s.v. Bartoli</ref>

  <ref>Bartoli, 
  <uln>Admiranda.</uln>
  </ref>

  <note>Part of a set of 83 numbered plates including the title
  page and the dedicatory page (BN lists 84 plates) published for
  the first time in 1685(?) by Gio. Giacomo de Rossi, and then
  again in 1693 by Domenico de Rossi. Bartoli apparently
  re-engraved and enlarged Francois Perrier's 
  <uln>Icones et segmenta illustrium e marmore tabularum</uln>

  first published at Rome (and/or Paris?) in 1645 (or 1650?)
  containing 53 plates (cf. BM v.187, col.194 and BN v.133,
  col.1018). Engravings 53 and 54 of the 1693 edition (this last
  one, B 372 in our collection) still bear Perrier's
  monogram.</note>

  <inscrip>Sequitur Proserpinae raptus... In aedibus
  Mazarinis</inscrip>

  <size>22.5 x 46 cm</size>

  <note>(Engraving n.54: signed by Francois Perrier
  [monogram])</note>

  <ref>Mon v.2, p.840, n.2326</ref>

  <note>This is the second of three related plates; missing from
  our collection are numbers 53 and 55.</note>
</record>

<record>
  <num>B373</num>

  <subj>Friezes And Bas-Reliefs Of Roman Antiquity</subj>

  <inscrip>[Admiranda Romanarum antiquitatum ac veteris sculpturae
  vestigia anaglyphico opere elaborata ex marmoreis exemplaribus
  quae Romae adhuc extant...]</inscrip>

  <engrv>Pietro Santi Bartoli in part after [Francois
  Perrier]</engrv>

  <city>Rome</city>

  <pub>Domenico de Rossi</pub>

  <date>[1693]</date>

  <ref>BM v.213, col.2 s.v. Santi Bartoli</ref>

  <ref>BN v.8, col.339 s.v. Bartoli</ref>

  <ref>Bartoli, 
  <uln>Admiranda.</uln>
  </ref>

  <note>Part of a set of 83 numbered plates including the title
  page and the dedicatory page (BN lists 84 plates) published for
  the first time in 1685(?) by Gio. Giacomo de Rossi, and then
  again in 1693 by Domenico de Rossi. Bartoli apparently
  re-engraved and enlarged Francois Perrier's 
  <uln>Icones et segmenta illustrium e marmore tabularum</uln>

  first published at Rome (and/or Paris?) in 1645 (or 1650?)
  containing 53 plates (cf. BM v.187, col.194 and BN v.133,
  col.1018). Engravings 53 and 54 of the 1693 edition (this last
  one, B 372 in our collection) still bear Perrier's
  monogram.</note>

  <inscrip>Meleagri interitus... In aedibus D.D. de Valle</inscrip>

  <size>23 x 46 cm</size>

  <note>(Engraving n.69: signed by Bartoli and Gio. Giacomo de
  Rossi)</note>
</record>

<record>
  <num>B374</num>

  <subj>Friezes And Bas-Reliefs Of Roman Antiquity</subj>

  <inscrip>[Admiranda Romanarum antiquitatum ac veteris sculpturae
  vestigia anaglyphico opere elaborata ex marmoreis exemplaribus
  quae Romae adhuc extant...]</inscrip>

  <engrv>Pietro Santi Bartoli in part after [Francois
  Perrier]</engrv>

  <city>Rome</city>

  <pub>Domenico de Rossi</pub>

  <date>[1693]</date>

  <ref>BM v.213, col.2 s.v. Santi Bartoli</ref>

  <ref>BN v.8, col.339 s.v. Bartoli</ref>

  <ref>Bartoli, 
  <uln>Admiranda.</uln>
  </ref>

  <note>Part of a set of 83 numbered plates including the title
  page and the dedicatory page (BN lists 84 plates) published for
  the first time in 1685(?) by Gio. Giacomo de Rossi, and then
  again in 1693 by Domenico de Rossi. Bartoli apparently
  re-engraved and enlarged Francois Perrier's 
  <uln>Icones et segmenta illustrium e marmore tabularum</uln>

  first published at Rome (and/or Paris?) in 1645 (or 1650?)
  containing 53 plates (cf. BM v.187, col.194 and BN v.133,
  col.1018). Engravings 53 and 54 of the 1693 edition (this last
  one, B 372 in our collection) still bear Perrier's
  monogram.</note>

  <inscrip>Domesticus luctus mulieris defunctae... In aedibus
  Capranicen: olim de Valle</inscrip>

  <size>23.5 x 47 cm</size>

  <note>(Engraving n.72; signed by Domenico de Rossi)</note>
</record>

<record>
  <num>B375</num>

  <subj>Friezes And Bas-Reliefs Of Roman Antiquity</subj>

  <inscrip>[Admiranda Romanarum antiquitatum ac veteris sculpturae
  vestigia anaglyphico opere elaborata ex marmoreis exemplaribus
  quae Romae adhuc extant...]</inscrip>

  <engrv>Pietro Santi Bartoli in part after [Francois
  Perrier]</engrv>

  <city>Rome</city>

  <pub>Domenico de Rossi</pub>

  <date>[1693]</date>

  <ref>BM v.213, col.2 s.v. Santi Bartoli</ref>

  <ref>BN v.8, col.339 s.v. Bartoli</ref>

  <ref>Bartoli, 
  <uln>Admiranda.</uln>
  </ref>

  <note>Part of a set of 83 numbered plates including the title
  page and the dedicatory page (BN lists 84 plates) published for
  the first time in 1685(?) by Gio. Giacomo de Rossi, and then
  again in 1693 by Domenico de Rossi. Bartoli apparently
  re-engraved and enlarged Francois Perrier's 
  <uln>Icones et segmenta illustrium e marmore tabularum</uln>

  first published at Rome (and/or Paris?) in 1645 (or 1650?)
  containing 53 plates (cf. BM v.187, col.194 and BN v.133,
  col.1018). Engravings 53 and 54 of the 1693 edition (this last
  one, B 372 in our collection) still bear Perrier's
  monogram.</note>

  <inscrip>Luctus funebris... In aedibus Barberinis</inscrip>

  <size>29 x 31 cm</size>

  <note>(Engraving n.73; signed by Domenico de Rossi)</note>
</record>

<record>
  <num>B376</num>

  <subj>Friezes And Bas-Reliefs Of Roman Antiquity</subj>

  <inscrip>[Admiranda Romanarum antiquitatum ac veteris sculpturae
  vestigia anaglyphico opere elaborata ex marmoreis exemplaribus
  quae Romae adhuc extant...]</inscrip>

  <engrv>Pietro Santi Bartoli in part after [Francois
  Perrier]</engrv>

  <city>Rome</city>

  <pub>Domenico de Rossi</pub>

  <date>[1693]</date>

  <ref>BM v.213, col.2 s.v. Santi Bartoli</ref>

  <ref>BN v.8, col.339 s.v. Bartoli</ref>

  <ref>Bartoli, 
  <uln>Admiranda.</uln>
  </ref>

  <note>Part of a set of 83 numbered plates including the title
  page and the dedicatory page (BN lists 84 plates) published for
  the first time in 1685(?) by Gio. Giacomo de Rossi, and then
  again in 1693 by Domenico de Rossi. Bartoli apparently
  re-engraved and enlarged Francois Perrier's 
  <uln>Icones et segmenta illustrium e marmore tabularum</uln>

  first published at Rome (and/or Paris?) in 1645 (or 1650?)
  containing 53 plates (cf. BM v.187, col.194 and BN v.133,
  col.1018). Engravings 53 and 54 of the 1693 edition (this last
  one, B 372 in our collection) still bear Perrier's
  monogram.</note>

  <inscrip>Temporum felicitatem...significabant etiam per quatuor
  anni partes...quas iuvenem seu puerorum specie effingere
  solebant, ut in hoc monumento... In aedibus...Cardinalis
  Carpinei</inscrip>

  <size>26 x 44 cm</size>

  <note>(Engraving n.79: signed by Domenico de Rossi)</note>
</record>

<record>
  <num>B377</num>

  <subj>Friezes From The Arch Of Trajan At Beneventum</subj>

  <ref>Wickhoff, p.105f</ref>

  <ref>Nolli, Arco, tav.2</ref>

  <inscrip>[Frieze from the elevation of the arch]</inscrip>

  <size>26.5 x 21.5 cm</size>
</record>

<record>
  <num>B378</num>

  <subj>Friezes From The Arch Of Trajan At Beneventum</subj>

  <ref>Wickhoff, p.105f</ref>

  <ref>Nolli, Arco, tav.2</ref>

  <inscrip>[Frieze from the elevation of the arch]</inscrip>

  <size>26.5 x 26 cm</size>
</record>

<record>
  <num>B379</num>

  <subj>Friezes From The Arch Of Trajan At Beneventum</subj>

  <ref>Wickhoff, p.105f</ref>

  <ref>Nolli, Arco, tav.2</ref>

  <inscrip>[Frieze from the elevation of the arch]</inscrip>

  <size>27 x 26 cm</size>
</record>

<record>
  <num>B380</num>

  <subj>Friezes From The Arch Of Trajan At Beneventum</subj>

  <ref>Wickhoff, p.105f</ref>

  <ref>Nolli, Arco, tav.2</ref>

  <inscrip>[Frieze from the elevation of the arch]</inscrip>

  <size>27 x 26 cm</size>
</record>

<record>
  <num>B381</num>

  <subj>Friezes From The Arch Of Trajan At Beneventum</subj>

  <ref>Wickhoff, p.105f</ref>

  <ref>Nolli, Arco, tav.2</ref>

  <inscrip>[Frieze from the elevation of the arch]</inscrip>

  <size>26.5 x 26 cm</size>
</record>

<record>
  <num>B382</num>

  <subj>Friezes From The Arch Of Trajan At Beneventum</subj>

  <ref>Wickhoff, p.105f</ref>

  <ref>Nolli, Arco, tav.2</ref>

  <inscrip>[Frieze from an unspecified location on the
  arch]</inscrip>

  <size>26.5 x 25 cm</size>
</record>

<record>
  <num>B383</num>

  <subj>Friezes From The Arch Of Trajan At Beneventum</subj>

  <ref>Wickhoff, p.105f</ref>

  <ref>Nolli, Arco, tav.2</ref>

  <inscrip>[Frieze from an unspecified location on the
  arch]</inscrip>

  <size>27 x 25.5 cm</size>
</record>

<record>
  <num>C384</num>

  <subj>Views Of Ancient Rome</subj>

  <inscrip>[Urbis Romae aedificorum illustriumque supersunt
  reliquae]</inscrip>

  <engrv>[Giovanni Battista Cavalieri after Giovanni Antonio
  Dosio]</engrv>

  <city>[Rome or Florence]</city>

  <pub>[s.n.]</pub>

  <date>[1569]</date>

  <ref>BM v.54, col.944 s.v. Dosio</ref>

  <ref>DeW p.54, n.1613-1662</ref>

  <ref>Lowry in AB, p.48</ref>

  <ref>Cavalieri-Dosio, 
  <uln>Aedificia</uln>
  </ref>

  <note>Part of a set of 50 numbered engravings including the title
  page. Missing in our collection is the engraved title page
  (number 1 of the set), the only plate which bears Cavalieri's
  name.</note>

  <inscrip>Jani templum marmoreum in Foro Boario, prope Sanctum
  Georgium in Velabro...</inscrip>

  <size>17 x 22 cm</size>

  <note>(Engraving n.2)</note>

  <ref>A-B p.48, n.431</ref>
</record>

<record>
  <num>C385</num>

  <subj>Views Of Ancient Rome</subj>

  <inscrip>[Urbis Romae aedificorum illustriumque supersunt
  reliquae]</inscrip>

  <engrv>[Giovanni Battista Cavalieri after Giovanni Antonio
  Dosio]</engrv>

  <city>[Rome or Florence]</city>

  <pub>[s.n.]</pub>

  <date>[1569]</date>

  <ref>BM v.54, col.944 s.v. Dosio</ref>

  <ref>DeW p.54, n.1613-1662</ref>

  <ref>Lowry in AB, p.48</ref>

  <ref>Cavalieri-Dosio, 
  <uln>Aedificia</uln>
  </ref>

  <note>Part of a set of 50 numbered engravings including the title
  page. Missing in our collection is the engraved title page
  (number 1 of the set), the only plate which bears Cavalieri's
  name.</note>

  <inscrip>Templum olim Vestae in ripa Tiberis...nunc D. Stephano
  dicatum</inscrip>

  <size>17.5 x 23.5 cm</size>

  <note>(Engraving n.3)</note>

  <ref>A-B p.346, n.3413</ref>
</record>

<record>
  <num>C386</num>

  <subj>Views Of Ancient Rome</subj>

  <inscrip>[Urbis Romae aedificorum illustriumque supersunt
  reliquae]</inscrip>

  <engrv>[Giovanni Battista Cavalieri after Giovanni Antonio
  Dosio]</engrv>

  <city>[Rome or Florence]</city>

  <pub>[s.n.]</pub>

  <date>[1569]</date>

  <ref>BM v.54, col.944 s.v. Dosio</ref>

  <ref>DeW p.54, n.1613-1662</ref>

  <ref>Lowry in AB, p.48</ref>

  <ref>Cavalieri-Dosio, 
  <uln>Aedificia</uln>
  </ref>

  <note>Part of a set of 50 numbered engravings including the title
  page. Missing in our collection is the engraved title page
  (number 1 of the set), the only plate which bears Cavalieri's
  name.</note>

  <inscrip>Fortunae Virilis olim templum iuxta Tiberim, nunc
  Sanctae Mariae Aegyptiacae...</inscrip>

  <size>16.5 x 24 cm</size>

  <note>(Engraving n.4)</note>

  <ref>A-B p.334, n.3296</ref>
</record>

<record>
  <num>C387</num>

  <subj>Views Of Ancient Rome</subj>

  <inscrip>[Urbis Romae aedificorum illustriumque supersunt
  reliquae]</inscrip>

  <engrv>[Giovanni Battista Cavalieri after Giovanni Antonio
  Dosio]</engrv>

  <city>[Rome or Florence]</city>

  <pub>[s.n.]</pub>

  <date>[1569]</date>

  <ref>BM v.54, col.944 s.v. Dosio</ref>

  <ref>DeW p.54, n.1613-1662</ref>

  <ref>Lowry in AB, p.48</ref>

  <ref>Cavalieri-Dosio, 
  <uln>Aedificia</uln>
  </ref>

  <note>Part of a set of 50 numbered engravings including the title
  page. Missing in our collection is the engraved title page
  (number 1 of the set), the only plate which bears Cavalieri's
  name.</note>

  <inscrip>Junonis Templum, sive, Mercurii ut quidam scripserunt...
  cuius pro foribus proticus variis columnis ornata hodie
  cernitur</inscrip>

  <size>17.5 x 23 cm</size>

  <note>(Engraving n.5)</note>

  <ref>A-B p.337, n.3320</ref>
</record>

<record>
  <num>C388</num>

  <subj>Views Of Ancient Rome</subj>

  <inscrip>[Urbis Romae aedificorum illustriumque supersunt
  reliquae]</inscrip>

  <engrv>[Giovanni Battista Cavalieri after Giovanni Antonio
  Dosio]</engrv>

  <city>[Rome or Florence]</city>

  <pub>[s.n.]</pub>

  <date>[1569]</date>

  <ref>BM v.54, col.944 s.v. Dosio</ref>

  <ref>DeW p.54, n.1613-1662</ref>

  <ref>Lowry in AB, p.48</ref>

  <ref>Cavalieri-Dosio, 
  <uln>Aedificia</uln>
  </ref>

  <note>Part of a set of 50 numbered engravings including the title
  page. Missing in our collection is the engraved title page
  (number 1 of the set), the only plate which bears Cavalieri's
  name.</note>

  <inscrip>Templi Veneris Genitricis, cui atrium Caesar dictator in
  eius Foro circumduxit, tres superstiles columnae</inscrip>

  <size>22.5 x 15.5 cm</size>

  <note>(Engraving n.6)</note>

  <ref>A-B p.332, n.3279</ref>
</record>

<record>
  <num>C389</num>

  <subj>Views Of Ancient Rome</subj>

  <inscrip>[Urbis Romae aedificorum illustriumque supersunt
  reliquae]</inscrip>

  <engrv>[Giovanni Battista Cavalieri after Giovanni Antonio
  Dosio]</engrv>

  <city>[Rome or Florence]</city>

  <pub>[s.n.]</pub>

  <date>[1569]</date>

  <ref>BM v.54, col.944 s.v. Dosio</ref>

  <ref>DeW p.54, n.1613-1662</ref>

  <ref>Lowry in AB, p.48</ref>

  <ref>Cavalieri-Dosio, 
  <uln>Aedificia</uln>
  </ref>

  <note>Part of a set of 50 numbered engravings including the title
  page. Missing in our collection is the engraved title page
  (number 1 of the set), the only plate which bears Cavalieri's
  name.</note>

  <inscrip>Templum...Pantheon vocatum...hodie la Ciambella, dicatum
  sphaerica forma vulgo S. Maria Rotonda vocant</inscrip>

  <size>18.5 x 23 cm</size>

  <note>(Engraving n.7)</note>

  <ref>A-B p.257, n.2552</ref>
</record>

<record>
  <num>C390</num>

  <subj>Views Of Ancient Rome</subj>

  <inscrip>[Urbis Romae aedificorum illustriumque supersunt
  reliquae]</inscrip>

  <engrv>[Giovanni Battista Cavalieri after Giovanni Antonio
  Dosio]</engrv>

  <city>[Rome or Florence]</city>

  <pub>[s.n.]</pub>

  <date>[1569]</date>

  <ref>BM v.54, col.944 s.v. Dosio</ref>

  <ref>DeW p.54, n.1613-1662</ref>

  <ref>Lowry in AB, p.48</ref>

  <ref>Cavalieri-Dosio, 
  <uln>Aedificia</uln>
  </ref>

  <note>Part of a set of 50 numbered engravings including the title
  page. Missing in our collection is the engraved title page
  (number 1 of the set), the only plate which bears Cavalieri's
  name.</note>

  <inscrip>Templi Pacis...quae supersunt ruinae...</inscrip>

  <size>15.5 x 22 cm</size>

  <note>(Engraving n.8)</note>

  <ref>A-B p.56, n.534</ref>
</record>

<record>
  <num>C391</num>

  <subj>Views Of Ancient Rome</subj>

  <inscrip>[Urbis Romae aedificorum illustriumque supersunt
  reliquae]</inscrip>

  <engrv>[Giovanni Battista Cavalieri after Giovanni Antonio
  Dosio]</engrv>

  <city>[Rome or Florence]</city>

  <pub>[s.n.]</pub>

  <date>[1569]</date>

  <ref>BM v.54, col.944 s.v. Dosio</ref>

  <ref>DeW p.54, n.1613-1662</ref>

  <ref>Lowry in AB, p.48</ref>

  <ref>Cavalieri-Dosio, 
  <uln>Aedificia</uln>
  </ref>

  <note>Part of a set of 50 numbered engravings including the title
  page. Missing in our collection is the engraved title page
  (number 1 of the set), the only plate which bears Cavalieri's
  name.</note>

  <inscrip>Pars interior Templi Baccho olim dicati, nunc Sanctae
  Agneti, extra portam Viminalem, nunc Piam</inscrip>

  <size>16.5 x 23 cm</size>

  <note>(Engraving n.9)</note>

  <ref>A-B p.91, n.875</ref>
</record>

<record>
  <num>C392</num>

  <subj>Views Of Ancient Rome</subj>

  <inscrip>[Urbis Romae aedificorum illustriumque supersunt
  reliquae]</inscrip>

  <engrv>[Giovanni Battista Cavalieri after Giovanni Antonio
  Dosio]</engrv>

  <city>[Rome or Florence]</city>

  <pub>[s.n.]</pub>

  <date>[1569]</date>

  <ref>BM v.54, col.944 s.v. Dosio</ref>

  <ref>DeW p.54, n.1613-1662</ref>

  <ref>Lowry in AB, p.48</ref>

  <ref>Cavalieri-Dosio, 
  <uln>Aedificia</uln>
  </ref>

  <note>Part of a set of 50 numbered engravings including the title
  page. Missing in our collection is the engraved title page
  (number 1 of the set), the only plate which bears Cavalieri's
  name.</note>

  <inscrip>Pars anterior Templi, quod Soli Deo Aurelianus Imp.
  dedicavit, in supercilio Quirinalis montis...e regione thermarum
  Constantini Imp</inscrip>

  <size>23 x 17 cm</size>

  <note>(Engraving n.10)</note>

  <ref>A-B p. 342, n.3367</ref>
</record>

<record>
  <num>C393</num>

  <subj>Views Of Ancient Rome</subj>

  <inscrip>[Urbis Romae aedificorum illustriumque supersunt
  reliquae]</inscrip>

  <engrv>[Giovanni Battista Cavalieri after Giovanni Antonio
  Dosio]</engrv>

  <city>[Rome or Florence]</city>

  <pub>[s.n.]</pub>

  <date>[1569]</date>

  <ref>BM v.54, col.944 s.v. Dosio</ref>

  <ref>DeW p.54, n.1613-1662</ref>

  <ref>Lowry in AB, p.48</ref>

  <ref>Cavalieri-Dosio, 
  <uln>Aedificia</uln>
  </ref>

  <note>Part of a set of 50 numbered engravings including the title
  page. Missing in our collection is the engraved title page
  (number 1 of the set), the only plate which bears Cavalieri's
  name.</note>

  <inscrip>Templum olim Fortunae, ut creditur...nunc balneum
  Constantini Imp. S. Ioanni in Fontibus ad Basilicam Lateranensem
  dicatum</inscrip>

  <size>16.5 x 22 cm</size>

  <note>(Engraving n.11)</note>

  <ref>A-B p.100, n.977</ref>
</record>

<record>
  <num>C394</num>

  <subj>Views Of Ancient Rome</subj>

  <inscrip>[Urbis Romae aedificorum illustriumque supersunt
  reliquae]</inscrip>

  <engrv>[Giovanni Battista Cavalieri after Giovanni Antonio
  Dosio]</engrv>

  <city>[Rome or Florence]</city>

  <pub>[s.n.]</pub>

  <date>[1569]</date>

  <ref>BM v.54, col.944 s.v. Dosio</ref>

  <ref>DeW p.54, n.1613-1662</ref>

  <ref>Lowry in AB, p.48</ref>

  <ref>Cavalieri-Dosio, 
  <uln>Aedificia</uln>
  </ref>

  <note>Part of a set of 50 numbered engravings including the title
  page. Missing in our collection is the engraved title page
  (number 1 of the set), the only plate which bears Cavalieri's
  name.</note>

  <inscrip>Porticus Antonini et Faustinae...ubi hodie divi
  Laurentii templum in Miranda prope viam Sacram...</inscrip>

  <size>17.5 x 23 cm</size>

  <note>(Engraving n.12)</note>

  <ref>A-B p.329, n.3250</ref>
</record>

<record>
  <num>C395</num>

  <subj>Views Of Ancient Rome</subj>

  <inscrip>[Urbis Romae aedificorum illustriumque supersunt
  reliquae]</inscrip>

  <engrv>[Giovanni Battista Cavalieri after Giovanni Antonio
  Dosio]</engrv>

  <city>[Rome or Florence]</city>

  <pub>[s.n.]</pub>

  <date>[1569]</date>

  <ref>BM v.54, col.944 s.v. Dosio</ref>

  <ref>DeW p.54, n.1613-1662</ref>

  <ref>Lowry in AB, p.48</ref>

  <ref>Cavalieri-Dosio, 
  <uln>Aedificia</uln>
  </ref>

  <note>Part of a set of 50 numbered engravings including the title
  page. Missing in our collection is the engraved title page
  (number 1 of the set), the only plate which bears Cavalieri's
  name.</note>

  <inscrip>Pars Fori Traiani quod inter Nervae Forum, Capitolium,
  et collem Quirinalem...extructum fuit...</inscrip>

  <size>16.5 x 23 cm</size>

  <note>(Engraving n.13)</note>

  <ref>A-B p.186, n.1853</ref>
</record>

<record>
  <num>C396</num>

  <subj>Views Of Ancient Rome</subj>

  <inscrip>[Urbis Romae aedificorum illustriumque supersunt
  reliquae]</inscrip>

  <engrv>[Giovanni Battista Cavalieri after Giovanni Antonio
  Dosio]</engrv>

  <city>[Rome or Florence]</city>

  <pub>[s.n.]</pub>

  <date>[1569]</date>

  <ref>BM v.54, col.944 s.v. Dosio</ref>

  <ref>DeW p.54, n.1613-1662</ref>

  <ref>Lowry in AB, p.48</ref>

  <ref>Cavalieri-Dosio, 
  <uln>Aedificia</uln>
  </ref>

  <note>Part of a set of 50 numbered engravings including the title
  page. Missing in our collection is the engraved title page
  (number 1 of the set), the only plate which bears Cavalieri's
  name.</note>

  <inscrip>Pars alia eiusdem Fori Traiani Imp</inscrip>

  <size>16.5 x 22 cm</size>

  <note>(Engraving n.14)</note>

  <ref>A-B p.186, n.1853</ref>
</record>

<record>
  <num>C397</num>

  <subj>Views Of Ancient Rome</subj>

  <inscrip>[Urbis Romae aedificorum illustriumque supersunt
  reliquae]</inscrip>

  <engrv>[Giovanni Battista Cavalieri after Giovanni Antonio
  Dosio]</engrv>

  <city>[Rome or Florence]</city>

  <pub>[s.n.]</pub>

  <date>[1569]</date>

  <ref>BM v.54, col.944 s.v. Dosio</ref>

  <ref>DeW p.54, n.1613-1662</ref>

  <ref>Lowry in AB, p.48</ref>

  <ref>Cavalieri-Dosio, 
  <uln>Aedificia</uln>
  </ref>

  <note>Part of a set of 50 numbered engravings including the title
  page. Missing in our collection is the engraved title page
  (number 1 of the set), the only plate which bears Cavalieri's
  name.</note>

  <inscrip>Pars alis eiusdem Fori Traiani Imp</inscrip>

  <size>17.5 x 23 cm</size>

  <note>(Engraving n.15)</note>

  <ref>A-B p.186, n.1853</ref>
</record>

<record>
  <num>C398</num>

  <subj>Views Of Ancient Rome</subj>

  <inscrip>[Urbis Romae aedificorum illustriumque supersunt
  reliquae]</inscrip>

  <engrv>[Giovanni Battista Cavalieri after Giovanni Antonio
  Dosio]</engrv>

  <city>[Rome or Florence]</city>

  <pub>[s.n.]</pub>

  <date>[1569]</date>

  <ref>BM v.54, col.944 s.v. Dosio</ref>

  <ref>DeW p.54, n.1613-1662</ref>

  <ref>Lowry in AB, p.48</ref>

  <ref>Cavalieri-Dosio, 
  <uln>Aedificia</uln>
  </ref>

  <note>Part of a set of 50 numbered engravings including the title
  page. Missing in our collection is the engraved title page
  (number 1 of the set), the only plate which bears Cavalieri's
  name.</note>

  <inscrip>Pars alia eiusdem Fori Traiani Imp</inscrip>

  <size>17.5 x 23 cm</size>

  <note>(Engraving n.16)</note>

  <ref>A-B p.186, n.1853</ref>
</record>

<record>
  <num>C399</num>

  <subj>Views Of Ancient Rome</subj>

  <inscrip>[Urbis Romae aedificorum illustriumque supersunt
  reliquae]</inscrip>

  <engrv>[Giovanni Battista Cavalieri after Giovanni Antonio
  Dosio]</engrv>

  <city>[Rome or Florence]</city>

  <pub>[s.n.]</pub>

  <date>[1569]</date>

  <ref>BM v.54, col.944 s.v. Dosio</ref>

  <ref>DeW p.54, n.1613-1662</ref>

  <ref>Lowry in AB, p.48</ref>

  <ref>Cavalieri-Dosio, 
  <uln>Aedificia</uln>
  </ref>

  <note>Part of a set of 50 numbered engravings including the title
  page. Missing in our collection is the engraved title page
  (number 1 of the set), the only plate which bears Cavalieri's
  name.</note>

  <inscrip>Porticus Antonini Pii Imp. inter Sciarrae Pantheonisque
  plateas, iuxta Sancti Stephani templum in Trullo</inscrip>

  <size>18.5 x 24 cm</size>

  <note>(Engraving n.17)</note>

  <ref>A-B p.277, n.2252</ref>
</record>

<record>
  <num>C400</num>

  <subj>Views Of Ancient Rome</subj>

  <inscrip>[Urbis Romae aedificorum illustriumque supersunt
  reliquae]</inscrip>

  <engrv>[Giovanni Battista Cavalieri after Giovanni Antonio
  Dosio]</engrv>

  <city>[Rome or Florence]</city>

  <pub>[s.n.]</pub>

  <date>[1569]</date>

  <ref>BM v.54, col.944 s.v. Dosio</ref>

  <ref>DeW p.54, n.1613-1662</ref>

  <ref>Lowry in AB, p.48</ref>

  <ref>Cavalieri-Dosio, 
  <uln>Aedificia</uln>
  </ref>

  <note>Part of a set of 50 numbered engravings including the title
  page. Missing in our collection is the engraved title page
  (number 1 of the set), the only plate which bears Cavalieri's
  name.</note>

  <inscrip>Insulae Tiberinae pars, quae pontem Cestium, nunc Sancti
  Bartholomei, respicit, Aesculapio olim-sacra...</inscrip>

  <size>17.5 x 23 cm</size>

  <note>(Engraving n.18)</note>

  <ref>A-B p.198, n.1985</ref>
</record>

<record>
  <num>C401</num>

  <subj>Views Of Ancient Rome</subj>

  <inscrip>[Urbis Romae aedificorum illustriumque supersunt
  reliquae]</inscrip>

  <engrv>[Giovanni Battista Cavalieri after Giovanni Antonio
  Dosio]</engrv>

  <city>[Rome or Florence]</city>

  <pub>[s.n.]</pub>

  <date>[1569]</date>

  <ref>BM v.54, col.944 s.v. Dosio</ref>

  <ref>DeW p.54, n.1613-1662</ref>

  <ref>Lowry in AB, p.48</ref>

  <ref>Cavalieri-Dosio, 
  <uln>Aedificia</uln>
  </ref>

  <note>Part of a set of 50 numbered engravings including the title
  page. Missing in our collection is the engraved title page
  (number 1 of the set), the only plate which bears Cavalieri's
  name.</note>

  <inscrip>Hoc quid sit, ignoratur. Quidam tamen putant esse partem
  Curiae Hostiliae...ubi nunc Sanctorum Joannis et Pauli templum
  est constitutum in Coelio monte</inscrip>

  <size>17 x 23 cm</size>

  <note>(Engraving n.19)</note>

  <ref>A-B p.171, n.1687</ref>
</record>

<record>
  <num>C402</num>

  <subj>Views Of Ancient Rome</subj>

  <inscrip>[Urbis Romae aedificorum illustriumque supersunt
  reliquae]</inscrip>

  <engrv>[Giovanni Battista Cavalieri after Giovanni Antonio
  Dosio]</engrv>

  <city>[Rome or Florence]</city>

  <pub>[s.n.]</pub>

  <date>[1569]</date>

  <ref>BM v.54, col.944 s.v. Dosio</ref>

  <ref>DeW p.54, n.1613-1662</ref>

  <ref>Lowry in AB, p.48</ref>

  <ref>Cavalieri-Dosio, 
  <uln>Aedificia</uln>
  </ref>

  <note>Part of a set of 50 numbered engravings including the title
  page. Missing in our collection is the engraved title page
  (number 1 of the set), the only plate which bears Cavalieri's
  name.</note>

  <inscrip>Palatini montis aedificorum...hodie Palatium Maius
  dicitur...</inscrip>

  <size>18.5 x 24.5 cm</size>

  <note>(Engraving n.20)</note>

  <ref>A-B p.205, n.2071</ref>
</record>

<record>
  <num>C403</num>

  <subj>Views Of Ancient Rome</subj>

  <inscrip>[Urbis Romae aedificorum illustriumque supersunt
  reliquae]</inscrip>

  <engrv>[Giovanni Battista Cavalieri after Giovanni Antonio
  Dosio]</engrv>

  <city>[Rome or Florence]</city>

  <pub>[s.n.]</pub>

  <date>[1569]</date>

  <ref>BM v.54, col.944 s.v. Dosio</ref>

  <ref>DeW p.54, n.1613-1662</ref>

  <ref>Lowry in AB, p.48</ref>

  <ref>Cavalieri-Dosio, 
  <uln>Aedificia</uln>
  </ref>

  <note>Part of a set of 50 numbered engravings including the title
  page. Missing in our collection is the engraved title page
  (number 1 of the set), the only plate which bears Cavalieri's
  name.</note>

  <inscrip>Fori Romani pars, quae respicit Capitolium, ad cuius
  radices templi Concordiae cernuntur ruinae, et porticus</inscrip>

  <size>18 x 23.5 cm</size>

  <note>(Engraving n.21)</note>

  <ref>A-B p.189, n.1882</ref>
</record>

<record>
  <num>C404</num>

  <subj>Views Of Ancient Rome</subj>

  <inscrip>[Urbis Romae aedificorum illustriumque supersunt
  reliquae]</inscrip>

  <engrv>[Giovanni Battista Cavalieri after Giovanni Antonio
  Dosio]</engrv>

  <city>[Rome or Florence]</city>

  <pub>[s.n.]</pub>

  <date>[1569]</date>

  <ref>BM v.54, col.944 s.v. Dosio</ref>

  <ref>DeW p.54, n.1613-1662</ref>

  <ref>Lowry in AB, p.48</ref>

  <ref>Cavalieri-Dosio, 
  <uln>Aedificia</uln>
  </ref>

  <note>Part of a set of 50 numbered engravings including the title
  page. Missing in our collection is the engraved title page
  (number 1 of the set), the only plate which bears Cavalieri's
  name.</note>

  <inscrip>Arcus Septimi Imp. ad clivum Capitolinum, in quo
  incissae sunt...simulacra, omnium integerrimus hodie
  extat</inscrip>

  <size>19 x 25.5 cm</size>

  <note>(Engraving n.22)</note>

  <ref>A-B p.50, n.462</ref>
</record>

<record>
  <num>C405</num>

  <subj>Views Of Ancient Rome</subj>

  <inscrip>[Urbis Romae aedificorum illustriumque supersunt
  reliquae]</inscrip>

  <engrv>[Giovanni Battista Cavalieri after Giovanni Antonio
  Dosio]</engrv>

  <city>[Rome or Florence]</city>

  <pub>[s.n.]</pub>

  <date>[1569]</date>

  <ref>BM v.54, col.944 s.v. Dosio</ref>

  <ref>DeW p.54, n.1613-1662</ref>

  <ref>Lowry in AB, p.48</ref>

  <ref>Cavalieri-Dosio, 
  <uln>Aedificia</uln>
  </ref>

  <note>Part of a set of 50 numbered engravings including the title
  page. Missing in our collection is the engraved title page
  (number 1 of the set), the only plate which bears Cavalieri's
  name.</note>

  <inscrip>Via Sacra, quae a Curia veteri prope arcum Constantini
  Imp. incipiens, ad Capitolii radices pertingebat</inscrip>

  <size>18 x 25 cm</size>

  <note>(Engraving n.23)</note>

  <ref>A-B p.363, n.3603</ref>
</record>

<record>
  <num>C406</num>

  <subj>Views Of Ancient Rome</subj>

  <inscrip>[Urbis Romae aedificorum illustriumque supersunt
  reliquae]</inscrip>

  <engrv>[Giovanni Battista Cavalieri after Giovanni Antonio
  Dosio]</engrv>

  <city>[Rome or Florence]</city>

  <pub>[s.n.]</pub>

  <date>[1569]</date>

  <ref>BM v.54, col.944 s.v. Dosio</ref>

  <ref>DeW p.54, n.1613-1662</ref>

  <ref>Lowry in AB, p.48</ref>

  <ref>Cavalieri-Dosio, 
  <uln>Aedificia</uln>
  </ref>

  <note>Part of a set of 50 numbered engravings including the title
  page. Missing in our collection is the engraved title page
  (number 1 of the set), the only plate which bears Cavalieri's
  name.</note>

  <inscrip>Septizonii, quod Septimius Severus Imp. in via Appia
  extruxit, e regione templi Divi Gregorii, tres veluti zonae, quae
  hodie supersunt...</inscrip>

  <size>22.5 x 16 cm</size>

  <note>(Engraving n.24)</note>

  <ref>A-B p.316, n.3137</ref>
</record>

<record>
  <num>C407</num>

  <subj>Views Of Ancient Rome</subj>

  <inscrip>[Urbis Romae aedificorum illustriumque supersunt
  reliquae]</inscrip>

  <engrv>[Giovanni Battista Cavalieri after Giovanni Antonio
  Dosio]</engrv>

  <city>[Rome or Florence]</city>

  <pub>[s.n.]</pub>

  <date>[1569]</date>

  <ref>BM v.54, col.944 s.v. Dosio</ref>

  <ref>DeW p.54, n.1613-1662</ref>

  <ref>Lowry in AB, p.48</ref>

  <ref>Cavalieri-Dosio, 
  <uln>Aedificia</uln>
  </ref>

  <note>Part of a set of 50 numbered engravings including the title
  page. Missing in our collection is the engraved title page
  (number 1 of the set), the only plate which bears Cavalieri's
  name.</note>

  <inscrip>Moles lateritia semidiruta in via Praenestina, prope
  templum nunc S. Eusebii in qua duo trophaea marmorea erecta...
  cernuntur. Haec a C. Mario Cimbrico triumpho erecta fuisse
  dicuntur</inscrip>

  <size>18 x 24 cm</size>

  <note>(Engraving n.25)</note>

  <ref>A-B p.73, n.680</ref>
</record>

<record>
  <num>C408</num>

  <subj>Views Of Ancient Rome</subj>

  <inscrip>[Urbis Romae aedificorum illustriumque supersunt
  reliquae]</inscrip>

  <engrv>[Giovanni Battista Cavalieri after Giovanni Antonio
  Dosio]</engrv>

  <city>[Rome or Florence]</city>

  <pub>[s.n.]</pub>

  <date>[1569]</date>

  <ref>BM v.54, col.944 s.v. Dosio</ref>

  <ref>DeW p.54, n.1613-1662</ref>

  <ref>Lowry in AB, p.48</ref>

  <ref>Cavalieri-Dosio, 
  <uln>Aedificia</uln>
  </ref>

  <note>Part of a set of 50 numbered engravings including the title
  page. Missing in our collection is the engraved title page
  (number 1 of the set), the only plate which bears Cavalieri's
  name.</note>

  <inscrip>Ductus aquae fontium Caerulei et Curtii...hodie porta
  Maior appellatur</inscrip>

  <size>19 x 26 cm</size>

  <note>(Engraving n.26)</note>

  <ref>A-B p.288, n.2864</ref>
</record>

<record>
  <num>C409</num>

  <subj>Views Of Ancient Rome</subj>

  <inscrip>[Urbis Romae aedificorum illustriumque supersunt
  reliquae]</inscrip>

  <engrv>[Giovanni Battista Cavalieri after Giovanni Antonio
  Dosio]</engrv>

  <city>[Rome or Florence]</city>

  <pub>[s.n.]</pub>

  <date>[1569]</date>

  <ref>BM v.54, col.944 s.v. Dosio</ref>

  <ref>DeW p.54, n.1613-1662</ref>

  <ref>Lowry in AB, p.48</ref>

  <ref>Cavalieri-Dosio, 
  <uln>Aedificia</uln>
  </ref>

  <note>Part of a set of 50 numbered engravings including the title
  page. Missing in our collection is the engraved title page
  (number 1 of the set), the only plate which bears Cavalieri's
  name.</note>

  <inscrip>Arcus marmoreus...a Tito Vespasiano devictis
  Hierosolymis prope viam Sacram extructus...</inscrip>

  <size>24.5 x 18.5 cm</size>

  <note>(Engraving n.27)</note>

  <ref>A-B p.52, n.489</ref>
</record>

<record>
  <num>C410</num>

  <subj>Views Of Ancient Rome</subj>

  <inscrip>[Urbis Romae aedificorum illustriumque supersunt
  reliquae]</inscrip>

  <engrv>[Giovanni Battista Cavalieri after Giovanni Antonio
  Dosio]</engrv>

  <city>[Rome or Florence]</city>

  <pub>[s.n.]</pub>

  <date>[1569]</date>

  <ref>BM v.54, col.944 s.v. Dosio</ref>

  <ref>DeW p.54, n.1613-1662</ref>

  <ref>Lowry in AB, p.48</ref>

  <ref>Cavalieri-Dosio, 
  <uln>Aedificia</uln>
  </ref>

  <note>Part of a set of 50 numbered engravings including the title
  page. Missing in our collection is the engraved title page
  (number 1 of the set), the only plate which bears Cavalieri's
  name.</note>

  <inscrip>Arcus triumphalis marmoreus in via Flaminia, Domitiano
  Imp. dicatus, ut vulgo putant...nulla tamen in eo inscriptio
  apparet cernitur hodie inter-sacras aedes Sanctorum Silvestri, et
  Laurentii et Lucina</inscrip>

  <size>26.5 x 18.5 cm</size>

  <note>(Engraving n.28)</note>

  <ref>A-B p.45, n.409</ref>
</record>

<record>
  <num>C411</num>

  <subj>Views Of Ancient Rome</subj>

  <inscrip>[Urbis Romae aedificorum illustriumque supersunt
  reliquae]</inscrip>

  <engrv>[Giovanni Battista Cavalieri after Giovanni Antonio
  Dosio]</engrv>

  <city>[Rome or Florence]</city>

  <pub>[s.n.]</pub>

  <date>[1569]</date>

  <ref>BM v.54, col.944 s.v. Dosio</ref>

  <ref>DeW p.54, n.1613-1662</ref>

  <ref>Lowry in AB, p.48</ref>

  <ref>Cavalieri-Dosio, 
  <uln>Aedificia</uln>
  </ref>

  <note>Part of a set of 50 numbered engravings including the title
  page. Missing in our collection is the engraved title page
  (number 1 of the set), the only plate which bears Cavalieri's
  name.</note>

  <inscrip>Arcus marmoreus in Foro Boario, prope Sanctum Georgium
  in Velabro, a mercatoribus Septimio Severo Imp. erectus</inscrip>

  <size>19.5 x 26.5 cm</size>

  <note>(Engraving n.29)</note>

  <ref>A-B p.39, n.353</ref>
</record>

<record>
  <num>C412</num>

  <subj>Views Of Ancient Rome</subj>

  <inscrip>[Urbis Romae aedificorum illustriumque supersunt
  reliquae]</inscrip>

  <engrv>[Giovanni Battista Cavalieri after Giovanni Antonio
  Dosio]</engrv>

  <city>[Rome or Florence]</city>

  <pub>[s.n.]</pub>

  <date>[1569]</date>

  <ref>BM v.54, col.944 s.v. Dosio</ref>

  <ref>DeW p.54, n.1613-1662</ref>

  <ref>Lowry in AB, p.48</ref>

  <ref>Cavalieri-Dosio, 
  <uln>Aedificia</uln>
  </ref>

  <note>Part of a set of 50 numbered engravings including the title
  page. Missing in our collection is the engraved title page
  (number 1 of the set), the only plate which bears Cavalieri's
  name.</note>

  <inscrip>Constantini Imp. arcus ad angulum Palatini montis prope
  Amphitheatrum omnium, qui supersunt integerrimus...</inscrip>

  <size>16.5 x 21.5 cm</size>

  <note>(Engraving n.30)</note>

  <ref>A-B p.40, n.364</ref>
</record>

<record>
  <num>C413</num>

  <subj>Views Of Ancient Rome</subj>

  <inscrip>[Urbis Romae aedificorum illustriumque supersunt
  reliquae]</inscrip>

  <engrv>[Giovanni Battista Cavalieri after Giovanni Antonio
  Dosio]</engrv>

  <city>[Rome or Florence]</city>

  <pub>[s.n.]</pub>

  <date>[1569]</date>

  <ref>BM v.54, col.944 s.v. Dosio</ref>

  <ref>DeW p.54, n.1613-1662</ref>

  <ref>Lowry in AB, p.48</ref>

  <ref>Cavalieri-Dosio, 
  <uln>Aedificia</uln>
  </ref>

  <note>Part of a set of 50 numbered engravings including the title
  page. Missing in our collection is the engraved title page
  (number 1 of the set), the only plate which bears Cavalieri's
  name.</note>

  <inscrip>Pars Theatri Marcelli inter Capitolium et Tiberim, ubi
  nunc aedes Sabellorum...</inscrip>

  <size>17.5 x 23.5 cm</size>

  <note>(Engraving n.31)</note>

  <ref>A-B p.325, n.3208</ref>
</record>

<record>
  <num>C414</num>

  <subj>Views Of Ancient Rome</subj>

  <inscrip>[Urbis Romae aedificorum illustriumque supersunt
  reliquae]</inscrip>

  <engrv>[Giovanni Battista Cavalieri after Giovanni Antonio
  Dosio]</engrv>

  <city>[Rome or Florence]</city>

  <pub>[s.n.]</pub>

  <date>[1569]</date>

  <ref>BM v.54, col.944 s.v. Dosio</ref>

  <ref>DeW p.54, n.1613-1662</ref>

  <ref>Lowry in AB, p.48</ref>

  <ref>Cavalieri-Dosio, 
  <uln>Aedificia</uln>
  </ref>

  <note>Part of a set of 50 numbered engravings including the title
  page. Missing in our collection is the engraved title page
  (number 1 of the set), the only plate which bears Cavalieri's
  name.</note>

  <inscrip>Statilii Tauri Amphitheatrum, quod magna ex parte adhuc
  extat ad Sanctae Crucis in Hierusalem prope moenia
  Urbis</inscrip>

  <size>16.5 x 24.5 cm</size>

  <note>(Engraving n.32)</note>

  <ref>A-B p.38, n.336</ref>
</record>

<record>
  <num>C415</num>

  <subj>Views Of Ancient Rome</subj>

  <inscrip>[Urbis Romae aedificorum illustriumque supersunt
  reliquae]</inscrip>

  <engrv>[Giovanni Battista Cavalieri after Giovanni Antonio
  Dosio]</engrv>

  <city>[Rome or Florence]</city>

  <pub>[s.n.]</pub>

  <date>[1569]</date>

  <ref>BM v.54, col.944 s.v. Dosio</ref>

  <ref>DeW p.54, n.1613-1662</ref>

  <ref>Lowry in AB, p.48</ref>

  <ref>Cavalieri-Dosio, 
  <uln>Aedificia</uln>
  </ref>

  <note>Part of a set of 50 numbered engravings including the title
  page. Missing in our collection is the engraved title page
  (number 1 of the set), the only plate which bears Cavalieri's
  name.</note>

  <inscrip>Amphitheatrum, vulgo Colosseum...inter montes Coelium et
  Esquilias...</inscrip>

  <size>18 x 25.5 cm</size>

  <note>(Engraving n.33)</note>

  <ref>A-B p.160, n.1586</ref>
</record>

<record>
  <num>C416</num>

  <subj>Views Of Ancient Rome</subj>

  <inscrip>[Urbis Romae aedificorum illustriumque supersunt
  reliquae]</inscrip>

  <engrv>[Giovanni Battista Cavalieri after Giovanni Antonio
  Dosio]</engrv>

  <city>[Rome or Florence]</city>

  <pub>[s.n.]</pub>

  <date>[1569]</date>

  <ref>BM v.54, col.944 s.v. Dosio</ref>

  <ref>DeW p.54, n.1613-1662</ref>

  <ref>Lowry in AB, p.48</ref>

  <ref>Cavalieri-Dosio, 
  <uln>Aedificia</uln>
  </ref>

  <note>Part of a set of 50 numbered engravings including the title
  page. Missing in our collection is the engraved title page
  (number 1 of the set), the only plate which bears Cavalieri's
  name.</note>

  <inscrip>Obelisucs Caesaris in via olim Triumphali ad Vaticani
  radices erectus, prope sacrarium Basilicae nunc Sancti
  Petri</inscrip>

  <size>24.5 x 18.5 cm</size>

  <note>(Engraving n. 34)</note>

  <ref>A-B p.397, n.3933</ref>
</record>

<record>
  <num>C417</num>

  <subj>Views Of Ancient Rome</subj>

  <inscrip>[Urbis Romae aedificorum illustriumque supersunt
  reliquae]</inscrip>

  <engrv>[Giovanni Battista Cavalieri after Giovanni Antonio
  Dosio]</engrv>

  <city>[Rome or Florence]</city>

  <pub>[s.n.]</pub>

  <date>[1569]</date>

  <ref>BM v.54, col.944 s.v. Dosio</ref>

  <ref>DeW p.54, n.1613-1662</ref>

  <ref>Lowry in AB, p.48</ref>

  <ref>Cavalieri-Dosio, 
  <uln>Aedificia</uln>
  </ref>

  <note>Part of a set of 50 numbered engravings including the title
  page. Missing in our collection is the engraved title page
  (number 1 of the set), the only plate which bears Cavalieri's
  name.</note>

  <inscrip>Traiani Imp.columna...in medio eius Foro, hodie quoque
  erectus uisitur...</inscrip>

  <size>24 x 17.5 cm</size>

  <note>(Engraving n.35)</note>

  <ref>A-B p.155, n.1550</ref>
</record>

<record>
  <num>C418</num>

  <subj>Views Of Ancient Rome</subj>

  <inscrip>[Urbis Romae aedificorum illustriumque supersunt
  reliquae]</inscrip>

  <engrv>[Giovanni Battista Cavalieri after Giovanni Antonio
  Dosio]</engrv>

  <city>[Rome or Florence]</city>

  <pub>[s.n.]</pub>

  <date>[1569]</date>

  <ref>BM v.54, col.944 s.v. Dosio</ref>

  <ref>DeW p.54, n.1613-1662</ref>

  <ref>Lowry in AB, p.48</ref>

  <ref>Cavalieri-Dosio, 
  <uln>Aedificia</uln>
  </ref>

  <note>Part of a set of 50 numbered engravings including the title
  page. Missing in our collection is the engraved title page
  (number 1 of the set), the only plate which bears Cavalieri's
  name.</note>

  <inscrip>Columna Antonini Pii Imp....hodie in platea Columnae
  erecta uisitur. Inter hanc columnam et porticum Antoninus Imp.
  Palatium habuisse memoratur</inscrip>

  <size>25 x 19 cm</size>

  <note>(Engraving n.36)</note>

  <ref>A-B p.151, n.1520</ref>
</record>

<record>
  <num>C419</num>

  <subj>Views Of Ancient Rome</subj>

  <inscrip>[Urbis Romae aedificorum illustriumque supersunt
  reliquae]</inscrip>

  <engrv>[Giovanni Battista Cavalieri after Giovanni Antonio
  Dosio]</engrv>

  <city>[Rome or Florence]</city>

  <pub>[s.n.]</pub>

  <date>[1569]</date>

  <ref>BM v.54, col.944 s.v. Dosio</ref>

  <ref>DeW p.54, n.1613-1662</ref>

  <ref>Lowry in AB, p.48</ref>

  <ref>Cavalieri-Dosio, 
  <uln>Aedificia</uln>
  </ref>

  <note>Part of a set of 50 numbered engravings including the title
  page. Missing in our collection is the engraved title page
  (number 1 of the set), the only plate which bears Cavalieri's
  name.</note>

  <inscrip>Thermae lateritiae Pauli Aemilii prope Traiani Forum ad
  radices Quirinalis montis</inscrip>

  <size>17 x 23 cm</size>

  <note>(Engraving n.37)</note>

  <ref>A-B p.202, n.2030</ref>
</record>

<record>
  <num>C420</num>

  <subj>Views Of Ancient Rome</subj>

  <inscrip>[Urbis Romae aedificorum illustriumque supersunt
  reliquae]</inscrip>

  <engrv>[Giovanni Battista Cavalieri after Giovanni Antonio
  Dosio]</engrv>

  <city>[Rome or Florence]</city>

  <pub>[s.n.]</pub>

  <date>[1569]</date>

  <ref>BM v.54, col.944 s.v. Dosio</ref>

  <ref>DeW p.54, n.1613-1662</ref>

  <ref>Lowry in AB, p.48</ref>

  <ref>Cavalieri-Dosio, 
  <uln>Aedificia</uln>
  </ref>

  <note>Part of a set of 50 numbered engravings including the title
  page. Missing in our collection is the engraved title page
  (number 1 of the set), the only plate which bears Cavalieri's
  name.</note>

  <inscrip>Pars quaedam interior ut nunc cernitur Antonini
  Caracallae Thermarum ad Aventini montis radices, ubi nunc S.
  Balbinae templum conspicitur...</inscrip>

  <size>16.5 x 23.5 cm</size>

  <note>(Engraving n.38)</note>

  <ref>A-B p.350, n.3446</ref>
</record>

<record>
  <num>C421</num>

  <subj>Views Of Ancient Rome</subj>

  <inscrip>[Urbis Romae aedificorum illustriumque supersunt
  reliquae]</inscrip>

  <engrv>[Giovanni Battista Cavalieri after Giovanni Antonio
  Dosio]</engrv>

  <city>[Rome or Florence]</city>

  <pub>[s.n.]</pub>

  <date>[1569]</date>

  <ref>BM v.54, col.944 s.v. Dosio</ref>

  <ref>DeW p.54, n.1613-1662</ref>

  <ref>Lowry in AB, p.48</ref>

  <ref>Cavalieri-Dosio, 
  <uln>Aedificia</uln>
  </ref>

  <note>Part of a set of 50 numbered engravings including the title
  page. Missing in our collection is the engraved title page
  (number 1 of the set), the only plate which bears Cavalieri's
  name.</note>

  <inscrip>Pars alia interior carumdem Antonini Thermarum, ut nunc
  cernitur</inscrip>

  <size>16.5 x 23 cm</size>

  <note>(Engraving n. 39)</note>

  <ref>A-B p.350, n.3446</ref>
</record>

<record>
  <num>C422</num>

  <subj>Views Of Ancient Rome</subj>

  <inscrip>[Urbis Romae aedificorum illustriumque supersunt
  reliquae]</inscrip>

  <engrv>[Giovanni Battista Cavalieri after Giovanni Antonio
  Dosio]</engrv>

  <city>[Rome or Florence]</city>

  <pub>[s.n.]</pub>

  <date>[1569]</date>

  <ref>BM v.54, col.944 s.v. Dosio</ref>

  <ref>DeW p.54, n.1613-1662</ref>

  <ref>Lowry in AB, p.48</ref>

  <ref>Cavalieri-Dosio, 
  <uln>Aedificia</uln>
  </ref>

  <note>Part of a set of 50 numbered engravings including the title
  page. Missing in our collection is the engraved title page
  (number 1 of the set), the only plate which bears Cavalieri's
  name.</note>

  <inscrip>Pars alia interior earumdem Antonini Thermarum, ut nunc
  cernitur</inscrip>

  <size>17 x 23 cm</size>

  <note>(Engraving n.40)</note>

  <ref>A-B p.350, n.3446</ref>
</record>

<record>
  <num>C423</num>

  <subj>Views Of Ancient Rome</subj>

  <inscrip>[Urbis Romae aedificorum illustriumque supersunt
  reliquae]</inscrip>

  <engrv>[Giovanni Battista Cavalieri after Giovanni Antonio
  Dosio]</engrv>

  <city>[Rome or Florence]</city>

  <pub>[s.n.]</pub>

  <date>[1569]</date>

  <ref>BM v.54, col.944 s.v. Dosio</ref>

  <ref>DeW p.54, n.1613-1662</ref>

  <ref>Lowry in AB, p.48</ref>

  <ref>Cavalieri-Dosio, 
  <uln>Aedificia</uln>
  </ref>

  <note>Part of a set of 50 numbered engravings including the title
  page. Missing in our collection is the engraved title page
  (number 1 of the set), the only plate which bears Cavalieri's
  name.</note>

  <inscrip>Pars alia interior Antonini Caracallae Thermarum, ut
  nunc cernitur</inscrip>

  <size>17 x 23 cm</size>

  <note>(Engraving n.41)</note>

  <ref>A-B p.350, n.3446</ref>
</record>

<record>
  <num>C424</num>

  <subj>Views Of Ancient Rome</subj>

  <inscrip>[Urbis Romae aedificorum illustriumque supersunt
  reliquae]</inscrip>

  <engrv>[Giovanni Battista Cavalieri after Giovanni Antonio
  Dosio]</engrv>

  <city>[Rome or Florence]</city>

  <pub>[s.n.]</pub>

  <date>[1569]</date>

  <ref>BM v.54, col.944 s.v. Dosio</ref>

  <ref>DeW p.54, n.1613-1662</ref>

  <ref>Lowry in AB, p.48</ref>

  <ref>Cavalieri-Dosio, 
  <uln>Aedificia</uln>
  </ref>

  <note>Part of a set of 50 numbered engravings including the title
  page. Missing in our collection is the engraved title page
  (number 1 of the set), the only plate which bears Cavalieri's
  name.</note>

  <inscrip>Pars alia interior, Antonini Caracallae Thermarum, ut
  nunc cernitur</inscrip>

  <size>17 x 23 cm</size>

  <note>(Engraving n.42)</note>

  <ref>A-B p.350, n.3446</ref>
</record>

<record>
  <num>C425</num>

  <subj>Views Of Ancient Rome</subj>

  <inscrip>[Urbis Romae aedificorum illustriumque supersunt
  reliquae]</inscrip>

  <engrv>[Giovanni Battista Cavalieri after Giovanni Antonio
  Dosio]</engrv>

  <city>[Rome or Florence]</city>

  <pub>[s.n.]</pub>

  <date>[1569]</date>

  <ref>BM v.54, col.944 s.v. Dosio</ref>

  <ref>DeW p.54, n.1613-1662</ref>

  <ref>Lowry in AB, p.48</ref>

  <ref>Cavalieri-Dosio, 
  <uln>Aedificia</uln>
  </ref>

  <note>Part of a set of 50 numbered engravings including the title
  page. Missing in our collection is the engraved title page
  (number 1 of the set), the only plate which bears Cavalieri's
  name.</note>

  <inscrip>Pars quaedam interior Thermarum a Diocletiano Imp.
  extructatum in Esquiliis prope altam semitam, ubi nunc templum S.
  Mariae de Angelis</inscrip>

  <size>16.5 x 23 cm</size>

  <note>(Engraving n.43)</note>

  <ref>A-B p.353, n.3481</ref>
</record>

<record>
  <num>C426</num>

  <subj>Views Of Ancient Rome</subj>

  <inscrip>[Urbis Romae aedificorum illustriumque supersunt
  reliquae]</inscrip>

  <engrv>[Giovanni Battista Cavalieri after Giovanni Antonio
  Dosio]</engrv>

  <city>[Rome or Florence]</city>

  <pub>[s.n.]</pub>

  <date>[1569]</date>

  <ref>BM v.54, col.944 s.v. Dosio</ref>

  <ref>DeW p.54, n.1613-1662</ref>

  <ref>Lowry in AB, p.48</ref>

  <ref>Cavalieri-Dosio, 
  <uln>Aedificia</uln>
  </ref>

  <note>Part of a set of 50 numbered engravings including the title
  page. Missing in our collection is the engraved title page
  (number 1 of the set), the only plate which bears Cavalieri's
  name.</note>

  <inscrip>Pars anterior Diocletiani Imp. Thermarum, quae solis
  meridiae respicit</inscrip>

  <size>17.5 x 23.5 cm</size>

  <note>(Engraving n.44)</note>

  <ref>A-B p.353, n.3481</ref>
</record>

<record>
  <num>C427</num>

  <subj>Views Of Ancient Rome</subj>

  <inscrip>[Urbis Romae aedificorum illustriumque supersunt
  reliquae]</inscrip>

  <engrv>[Giovanni Battista Cavalieri after Giovanni Antonio
  Dosio]</engrv>

  <city>[Rome or Florence]</city>

  <pub>[s.n.]</pub>

  <date>[1569]</date>

  <ref>BM v.54, col.944 s.v. Dosio</ref>

  <ref>DeW p.54, n.1613-1662</ref>

  <ref>Lowry in AB, p.48</ref>

  <ref>Cavalieri-Dosio, 
  <uln>Aedificia</uln>
  </ref>

  <note>Part of a set of 50 numbered engravings including the title
  page. Missing in our collection is the engraved title page
  (number 1 of the set), the only plate which bears Cavalieri's
  name.</note>

  <inscrip>Pars alia earundem Diocletiani Thermarum quae orientem
  respicit, sub nomine S. Mariae de Angelis Pio quarto Pont. Max.
  instaurata</inscrip>

  <size>16 x 23 cm</size>

  <note>(Engraving n.45)</note>

  <ref>A-B p.353, n.3481</ref>
</record>

<record>
  <num>C428</num>

  <subj>Views Of Ancient Rome</subj>

  <inscrip>[Urbis Romae aedificorum illustriumque supersunt
  reliquae]</inscrip>

  <engrv>[Giovanni Battista Cavalieri after Giovanni Antonio
  Dosio]</engrv>

  <city>[Rome or Florence]</city>

  <pub>[s.n.]</pub>

  <date>[1569]</date>

  <ref>BM v.54, col.944 s.v. Dosio</ref>

  <ref>DeW p.54, n.1613-1662</ref>

  <ref>Lowry in AB, p.48</ref>

  <ref>Cavalieri-Dosio, 
  <uln>Aedificia</uln>
  </ref>

  <note>Part of a set of 50 numbered engravings including the title
  page. Missing in our collection is the engraved title page
  (number 1 of the set), the only plate which bears Cavalieri's
  name.</note>

  <inscrip>Pars alia interior earundem Diocletiani Imp. Thermarum
  in Esquiliis</inscrip>

  <size>17 x 23 cm</size>

  <note>(Engraving n.46)</note>

  <ref>A-B p.353, n.3481</ref>
</record>

<record>
  <num>C429</num>

  <subj>Views Of Ancient Rome</subj>

  <inscrip>[Urbis Romae aedificorum illustriumque supersunt
  reliquae]</inscrip>

  <engrv>[Giovanni Battista Cavalieri after Giovanni Antonio
  Dosio]</engrv>

  <city>[Rome or Florence]</city>

  <pub>[s.n.]</pub>

  <date>[1569]</date>

  <ref>BM v.54, col.944 s.v. Dosio</ref>

  <ref>DeW p.54, n.1613-1662</ref>

  <ref>Lowry in AB, p.48</ref>

  <ref>Cavalieri-Dosio, 
  <uln>Aedificia</uln>
  </ref>

  <note>Part of a set of 50 numbered engravings including the title
  page. Missing in our collection is the engraved title page
  (number 1 of the set), the only plate which bears Cavalieri's
  name.</note>

  <inscrip>C. Cestii septemviri epulonum sepulchrum pyramidali
  forma hodie quoque integrum in via Ostiensi, prope portam nunc
  Sancti Pauli cernitur</inscrip>

  <size>18 x 24.5 cm</size>

  <note>(Engraving n.47)</note>

  <ref>A-B p.304, n.3028</ref>
</record>

<record>
  <num>C430</num>

  <subj>Views Of Ancient Rome</subj>

  <inscrip>[Urbis Romae aedificorum illustriumque supersunt
  reliquae]</inscrip>

  <engrv>[Giovanni Battista Cavalieri after Giovanni Antonio
  Dosio]</engrv>

  <city>[Rome or Florence]</city>

  <pub>[s.n.]</pub>

  <date>[1569]</date>

  <ref>BM v.54, col.944 s.v. Dosio</ref>

  <ref>DeW p.54, n.1613-1662</ref>

  <ref>Lowry in AB, p.48</ref>

  <ref>Cavalieri-Dosio, 
  <uln>Aedificia</uln>
  </ref>

  <note>Part of a set of 50 numbered engravings including the title
  page. Missing in our collection is the engraved title page
  (number 1 of the set), the only plate which bears Cavalieri's
  name.</note>

  <inscrip>Moles, quam Hadrianus Imp. iuxta Aelium pontem, e
  regione Mausolaei Augusti...ut nunc cernitur, Castello S.
  Agnolo</inscrip>

  <size>17 x 23 cm</size>

  <note>(Engraving n.48)</note>

  <ref>A-B p.75, n.700</ref>
</record>

<record>
  <num>C431</num>

  <subj>Views Of Ancient Rome</subj>

  <inscrip>[Urbis Romae aedificorum illustriumque supersunt
  reliquae]</inscrip>

  <engrv>[Giovanni Battista Cavalieri after Giovanni Antonio
  Dosio]</engrv>

  <city>[Rome or Florence]</city>

  <pub>[s.n.]</pub>

  <date>[1569]</date>

  <ref>BM v.54, col.944 s.v. Dosio</ref>

  <ref>DeW p.54, n.1613-1662</ref>

  <ref>Lowry in AB, p.48</ref>

  <ref>Cavalieri-Dosio, 
  <uln>Aedificia</uln>
  </ref>

  <note>Part of a set of 50 numbered engravings including the title
  page. Missing in our collection is the engraved title page
  (number 1 of the set), the only plate which bears Cavalieri's
  name.</note>

  <inscrip>Extra portam Capenam, hodie S. Sebastiani, via Appia
  secundo miliario Circus ab Antonino Caracalla extructus fuit,
  cuius ingens ruinae...non procul ab aede S. Sebastiani
  cernuntur</inscrip>

  <size>16.5 x 24 cm</size>

  <note>(Engraving n.49)</note>

  <ref>A-B p.145, n.1453</ref>
</record>

<record>
  <num>C432</num>

  <subj>Views Of Ancient Rome</subj>

  <inscrip>[Urbis Romae aedificorum illustriumque supersunt
  reliquae]</inscrip>

  <engrv>[Giovanni Battista Cavalieri after Giovanni Antonio
  Dosio]</engrv>

  <city>[Rome or Florence]</city>

  <pub>[s.n.]</pub>

  <date>[1569]</date>

  <ref>BM v.54, col.944 s.v. Dosio</ref>

  <ref>DeW p.54, n.1613-1662</ref>

  <ref>Lowry in AB, p.48</ref>

  <ref>Cavalieri-Dosio, 
  <uln>Aedificia</uln>
  </ref>

  <note>Part of a set of 50 numbered engravings including the title
  page. Missing in our collection is the engraved title page
  (number 1 of the set), the only plate which bears Cavalieri's
  name.</note>

  <inscrip>Extra portam Capenam, via Appia, ad secundum lapidem
  sepulchrum fuit Metallorum...id cernitur hodie...parum ultra
  Circum Caracallae</inscrip>

  <size>18 x 23.5 cm</size>

  <note>(Engraving n.50)</note>

  <ref>A-B p.306, n.3054</ref>
</record>

<record>
  <num>C433</num>

  <subj>Views Of Roman Ruins</subj>

  <inscrip>[Fragmenta structurae veteris]</inscrip>

  <engrv>Jacques Androuet du Cerceau after [Leonard Thiry]</engrv>

  <city>[Orleans]</city>

  <pub>[s.n.]</pub>

  <date>[1550]?</date>

  <ref>L-A v.1, p.55</ref>

  <ref>NaKL v.20, p.525, n.88</ref>

  <ref>Kristeller, p.343f</ref>

  <note>Part of an unnumbered set (apparently the 
  <uln>Fragmenta structurae veteris.</uln>

  Thirteen plates including the title page). Engraving C 433 is the
  only one signed by Androuet du Cerceau.</note>

  <inscrip>[View of ruins]</inscrip>

  <size>17 x 10.6 cm</size>
</record>

<record>
  <num>C434</num>

  <subj>Views Of Roman Ruins</subj>

  <inscrip>[Fragmenta structurae veteris]</inscrip>

  <engrv>Jacques Androuet du Cerceau after [Leonard Thiry]</engrv>

  <city>[Orleans]</city>

  <pub>[s.n.]</pub>

  <date>[1550]?</date>

  <ref>L-A v.1, p.55</ref>

  <ref>NaKL v.20, p.525, n.88</ref>

  <ref>Kristeller, p.343f</ref>

  <note>Part of an unnumbered set (apparently the 
  <uln>Fragmenta structurae veteris.</uln>

  Thirteen plates including the title page). Engraving C 433 is the
  only one signed by Androuet du Cerceau.</note>

  <inscrip>[View of ruins]</inscrip>

  <size>16 x 10.5 cm</size>
</record>

<record>
  <num>C435</num>

  <subj>Views Of Roman Ruins</subj>

  <inscrip>[Fragmenta structurae veteris]</inscrip>

  <engrv>Jacques Androuet du Cerceau after [Leonard Thiry]</engrv>

  <city>[Orleans]</city>

  <pub>[s.n.]</pub>

  <date>[1550]?</date>

  <ref>L-A v.1, p.55</ref>

  <ref>NaKL v.20, p.525, n.88</ref>

  <ref>Kristeller, p.343f</ref>

  <note>Part of an unnumbered set (apparently the 
  <uln>Fragmenta structurae veteris.</uln>

  Thirteen plates including the title page). Engraving C 433 is the
  only one signed by Androuet du Cerceau.</note>

  <inscrip>[View of ruins]</inscrip>

  <size>17 x 11 cm</size>

  <ref>Kristeller, p.344</ref>
</record>

<record>
  <num>C436</num>

  <subj>Views Of Roman Ruins</subj>

  <inscrip>[Fragmenta structurae veteris]</inscrip>

  <engrv>Jacques Androuet du Cerceau after [Leonard Thiry]</engrv>

  <city>[Orleans]</city>

  <pub>[s.n.]</pub>

  <date>[1550]?</date>

  <ref>L-A v.1, p.55</ref>

  <ref>NaKL v.20, p.525, n.88</ref>

  <ref>Kristeller, p.343f</ref>

  <note>Part of an unnumbered set (apparently the 
  <uln>Fragmenta structurae veteris.</uln>

  Thirteen plates including the title page). Engraving C 433 is the
  only one signed by Androuet du Cerceau.</note>

  <inscrip>[View of ruins]</inscrip>

  <size>17 x 11 cm</size>
</record>

<record>
  <num>C437</num>

  <subj>Views Of Roman Ruins</subj>

  <inscrip>[Fragmenta structurae veteris]</inscrip>

  <engrv>Jacques Androuet du Cerceau after [Leonard Thiry]</engrv>

  <city>[Orleans]</city>

  <pub>[s.n.]</pub>

  <date>[1550]?</date>

  <ref>L-A v.1, p.55</ref>

  <ref>NaKL v.20, p.525, n.88</ref>

  <ref>Kristeller, p.343f</ref>

  <note>Part of an unnumbered set (apparently the 
  <uln>Fragmenta structurae veteris.</uln>

  Thirteen plates including the title page). Engraving C 433 is the
  only one signed by Androuet du Cerceau.</note>

  <inscrip>[View of ruins]</inscrip>

  <size>17 x 10.7 cm</size>
</record>

<record>
  <num>C438</num>

  <subj>Views Of Roman Ruins</subj>

  <inscrip>[Fragmenta structurae veteris]</inscrip>

  <engrv>Jacques Androuet du Cerceau after [Leonard Thiry]</engrv>

  <city>[Orleans]</city>

  <pub>[s.n.]</pub>

  <date>[1550]?</date>

  <ref>L-A v.1, p.55</ref>

  <ref>NaKL v.20, p.525, n.88</ref>

  <ref>Kristeller, p.343f</ref>

  <note>Part of an unnumbered set (apparently the 
  <uln>Fragmenta structurae veteris.</uln>

  Thirteen plates including the title page). Engraving C 433 is the
  only one signed by Androuet du Cerceau.</note>

  <inscrip>[View of ruins]</inscrip>

  <size>17 x 11 cm</size>
</record>

<record>
  <num>C439</num>

  <subj>Views Of Roman Ruins</subj>

  <inscrip>[Fragmenta structurae veteris]</inscrip>

  <engrv>Jacques Androuet du Cerceau after [Leonard Thiry]</engrv>

  <city>[Orleans]</city>

  <pub>[s.n.]</pub>

  <date>[1550]?</date>

  <ref>L-A v.1, p.55</ref>

  <ref>NaKL v.20, p.525, n.88</ref>

  <ref>Kristeller, p.343f</ref>

  <note>Part of an unnumbered set (apparently the 
  <uln>Fragmenta structurae veteris.</uln>

  Thirteen plates including the title page). Engraving C 433 is the
  only one signed by Androuet du Cerceau.</note>

  <inscrip>[View of ruins]</inscrip>

  <size>17.3 x 11.2 cm</size>
</record>

<record>
  <num>C440</num>

  <subj>Views Of Roman Ruins</subj>

  <inscrip>[Fragmenta structurae veteris]</inscrip>

  <engrv>Jacques Androuet du Cerceau after [Leonard Thiry]</engrv>

  <city>[Orleans]</city>

  <pub>[s.n.]</pub>

  <date>[1550]?</date>

  <ref>L-A v.1, p.55</ref>

  <ref>NaKL v.20, p.525, n.88</ref>

  <ref>Kristeller, p.343f</ref>

  <note>Part of an unnumbered set (apparently the 
  <uln>Fragmenta structurae veteris.</uln>

  Thirteen plates including the title page). Engraving C 433 is the
  only one signed by Androuet du Cerceau.</note>

  <inscrip>[View of ruins]</inscrip>

  <size>16.5 x 11 cm</size>
</record>

<record>
  <num>C441</num>

  <subj>Architectural Designs</subj>

  <inscrip>[Li cinque ordini con le loro regole et ornamenti cavati
  dall'antico]</inscrip>

  <engrv>[(Jerome David or Camillo Cungi)? after Giovanni Battista
  Montano]</engrv>

  <city>s.l.</city>

  <pub>s.n.</pub>

  <date>[before 1636?]</date>

  <ref>Montano, Archit. (1636)</ref>

  <ref>Montano, Archit. (1691), lib.1</ref>

  <note>The following 29 engravings of the 
  <uln>Libro primo</uln>

  of Montano's 
  <uln>Archit.</uln>

  (see note to engravings B 354 to B 355) present definite variants
  from those included in the 1636 and 1691 editions (the 1624
  edition has not been examined). The inscriptions and plate
  numbers listed in brackets are those of the 1636 and 1691
  editions.</note>

  <inscrip>[La colonna del presente ordine deve essere alta 7.
  diametri...]</inscrip>

  <size>28.5 x 19 cm</size>

  <note>(Engraving n.3)</note>
</record>

<record>
  <num>C442</num>

  <subj>Architectural Designs</subj>

  <inscrip>[Li cinque ordini con le loro regole et ornamenti cavati
  dall'antico]</inscrip>

  <engrv>[(Jerome David or Camillo Cungi)? after Giovanni Battista
  Montano]</engrv>

  <city>s.l.</city>

  <pub>s.n.</pub>

  <date>[before 1636?]</date>

  <ref>Montano, Archit. (1636)</ref>

  <ref>Montano, Archit. (1691), lib.1</ref>

  <note>The following 29 engravings of the 
  <uln>Libro primo</uln>

  of Montano's 
  <uln>Archit.</uln>

  (see note to engravings B 354 to B 355) present definite variants
  from those included in the 1636 and 1691 editions (the 1624
  edition has not been examined). The inscriptions and plate
  numbers listed in brackets are those of the 1636 and 1691
  editions.</note>

  <inscrip>Toscano. La luce di questo portico, o vero loggia e
  larga quattro diametri et alta 8...]</inscrip>

  <size>28.5 x 19 cm</size>

  <note>(Engraving n.5)</note>
</record>

<record>
  <num>C443</num>

  <subj>Architectural Designs</subj>

  <inscrip>[Li cinque ordini con le loro regole et ornamenti cavati
  dall'antico]</inscrip>

  <engrv>[(Jerome David or Camillo Cungi)? after Giovanni Battista
  Montano]</engrv>

  <city>s.l.</city>

  <pub>s.n.</pub>

  <date>[before 1636?]</date>

  <ref>Montano, Archit. (1636)</ref>

  <ref>Montano, Archit. (1691), lib.1</ref>

  <note>The following 29 engravings of the 
  <uln>Libro primo</uln>

  of Montano's 
  <uln>Archit.</uln>

  (see note to engravings B 354 to B 355) present definite variants
  from those included in the 1636 and 1691 editions (the 1624
  edition has not been examined). The inscriptions and plate
  numbers listed in brackets are those of the 1636 and 1691
  editions.</note>

  <inscrip>[Qui si mostrano molte, e variate basi racolte da
  diversi fragmenti delli edifitii antichi...]</inscrip>

  <size>28.5 x 19 cm</size>

  <note>(Engraving n.6)</note>

  <note>Number 33 at lower right.</note>
</record>

<record>
  <num>C444</num>

  <subj>Architectural Designs</subj>

  <inscrip>[Li cinque ordini con le loro regole et ornamenti cavati
  dall'antico]</inscrip>

  <engrv>[(Jerome David or Camillo Cungi)? after Giovanni Battista
  Montano]</engrv>

  <city>s.l.</city>

  <pub>s.n.</pub>

  <date>[before 1636?]</date>

  <ref>Montano, Archit. (1636)</ref>

  <ref>Montano, Archit. (1691), lib.1</ref>

  <note>The following 29 engravings of the 
  <uln>Libro primo</uln>

  of Montano's 
  <uln>Archit.</uln>

  (see note to engravings B 354 to B 355) present definite variants
  from those included in the 1636 and 1691 editions (the 1624
  edition has not been examined). The inscriptions and plate
  numbers listed in brackets are those of the 1636 and 1691
  editions.</note>

  <inscrip>Dalli antichi fragmenti di capitelli potranno li
  studiosi formar nuovi pensieri...</inscrip>

  <size>28.5 x 19 cm</size>

  <note>(Engraving n.7)</note>
</record>

<record>
  <num>C445</num>

  <subj>Architectural Designs</subj>

  <inscrip>[Li cinque ordini con le loro regole et ornamenti cavati
  dall'antico]</inscrip>

  <engrv>[(Jerome David or Camillo Cungi)? after Giovanni Battista
  Montano]</engrv>

  <city>s.l.</city>

  <pub>s.n.</pub>

  <date>[before 1636?]</date>

  <ref>Montano, Archit. (1636)</ref>

  <ref>Montano, Archit. (1691), lib.1</ref>

  <note>The following 29 engravings of the 
  <uln>Libro primo</uln>

  of Montano's 
  <uln>Archit.</uln>

  (see note to engravings B 354 to B 355) present definite variants
  from those included in the 1636 and 1691 editions (the 1624
  edition has not been examined). The inscriptions and plate
  numbers listed in brackets are those of the 1636 and 1691
  editions.</note>

  <inscrip>[Fragmenti di cornici, Ioniche, Corinthie, e composite
  cavate da ruine antiche]</inscrip>

  <size>28.5 x 19 cm</size>

  <note>(Engraving n.8)</note>
</record>

<record>
  <num>C446</num>

  <subj>Architectural Designs</subj>

  <inscrip>[Li cinque ordini con le loro regole et ornamenti cavati
  dall'antico]</inscrip>

  <engrv>[(Jerome David or Camillo Cungi)? after Giovanni Battista
  Montano]</engrv>

  <city>s.l.</city>

  <pub>s.n.</pub>

  <date>[before 1636?]</date>

  <ref>Montano, Archit. (1636)</ref>

  <ref>Montano, Archit. (1691), lib.1</ref>

  <note>The following 29 engravings of the 
  <uln>Libro primo</uln>

  of Montano's 
  <uln>Archit.</uln>

  (see note to engravings B 354 to B 355) present definite variants
  from those included in the 1636 and 1691 editions (the 1624
  edition has not been examined). The inscriptions and plate
  numbers listed in brackets are those of the 1636 and 1691
  editions.</note>

  <inscrip>[Fragmenti variati di cornice cavati da diversi pezzi
  antichi]</inscrip>

  <size>28.5 x 19 cm</size>

  <note>(Engraving n.9)</note>
</record>

<record>
  <num>C447</num>

  <subj>Architectural Designs</subj>

  <inscrip>[Li cinque ordini con le loro regole et ornamenti cavati
  dall'antico]</inscrip>

  <engrv>[(Jerome David or Camillo Cungi)? after Giovanni Battista
  Montano]</engrv>

  <city>s.l.</city>

  <pub>s.n.</pub>

  <date>[before 1636?]</date>

  <ref>Montano, Archit. (1636)</ref>

  <ref>Montano, Archit. (1691), lib.1</ref>

  <note>The following 29 engravings of the 
  <uln>Libro primo</uln>

  of Montano's 
  <uln>Archit.</uln>

  (see note to engravings B 354 to B 355) present definite variants
  from those included in the 1636 and 1691 editions (the 1624
  edition has not been examined). The inscriptions and plate
  numbers listed in brackets are those of the 1636 and 1691
  editions.</note>

  <inscrip>[Dorico. Essendo nel' presente foglio notato il tutto
  con numeri...]</inscrip>

  <size>28.5 x 19 cm</size>

  <note>(Engraving n.10)</note>

  <note>Number 16 at lower right.</note>
</record>

<record>
  <num>C448</num>

  <subj>Architectural Designs</subj>

  <inscrip>[Li cinque ordini con le loro regole et ornamenti cavati
  dall'antico]</inscrip>

  <engrv>[(Jerome David or Camillo Cungi)? after Giovanni Battista
  Montano]</engrv>

  <city>s.l.</city>

  <pub>s.n.</pub>

  <date>[before 1636?]</date>

  <ref>Montano, Archit. (1636)</ref>

  <ref>Montano, Archit. (1691), lib.1</ref>

  <note>The following 29 engravings of the 
  <uln>Libro primo</uln>

  of Montano's 
  <uln>Archit.</uln>

  (see note to engravings B 354 to B 355) present definite variants
  from those included in the 1636 and 1691 editions (the 1624
  edition has not been examined). The inscriptions and plate
  numbers listed in brackets are those of the 1636 and 1691
  editions.</note>

  <inscrip>[Di questa colonna...quale e senza base se ne vedano li
  vestigii nel Teatro di Marcello...]</inscrip>

  <size>28.5 x 19 cm</size>

  <note>(Engraving n.11)</note>
</record>

<record>
  <num>C449</num>

  <subj>Architectural Designs</subj>

  <inscrip>[Li cinque ordini con le loro regole et ornamenti cavati
  dall'antico]</inscrip>

  <engrv>[(Jerome David or Camillo Cungi)? after Giovanni Battista
  Montano]</engrv>

  <city>s.l.</city>

  <pub>s.n.</pub>

  <date>[before 1636?]</date>

  <ref>Montano, Archit. (1636)</ref>

  <ref>Montano, Archit. (1691), lib.1</ref>

  <note>The following 29 engravings of the 
  <uln>Libro primo</uln>

  of Montano's 
  <uln>Archit.</uln>

  (see note to engravings B 354 to B 355) present definite variants
  from those included in the 1636 and 1691 editions (the 1624
  edition has not been examined). The inscriptions and plate
  numbers listed in brackets are those of the 1636 and 1691
  editions.</note>

  <inscrip>[Dorico. Da questo oltre l'altezza, et intercolunio, che
  si mostra, si potra anco pigliare la regola dello scompartimento
  delli trigliffi, e metope...]</inscrip>

  <size>28.5 x 19 cm</size>

  <note>(Engraving n.12)</note>
</record>

<record>
  <num>C450</num>

  <subj>Architectural Designs</subj>

  <inscrip>[Li cinque ordini con le loro regole et ornamenti cavati
  dall'antico]</inscrip>

  <engrv>[(Jerome David or Camillo Cungi)? after Giovanni Battista
  Montano]</engrv>

  <city>s.l.</city>

  <pub>s.n.</pub>

  <date>[before 1636?]</date>

  <ref>Montano, Archit. (1636)</ref>

  <ref>Montano, Archit. (1691), lib.1</ref>

  <note>The following 29 engravings of the 
  <uln>Libro primo</uln>

  of Montano's 
  <uln>Archit.</uln>

  (see note to engravings B 354 to B 355) present definite variants
  from those included in the 1636 and 1691 editions (the 1624
  edition has not been examined). The inscriptions and plate
  numbers listed in brackets are those of the 1636 and 1691
  editions.</note>

  <inscrip>Sia divisa la grossezza della colonna dabasso in parte
  cinque...</inscrip>

  <size>28.5 x 19 cm</size>

  <note>(Engraving n.14)</note>

  <note>Number 20 at lower right.</note>
</record>

<record>
  <num>C451</num>

  <subj>Architectural Designs</subj>

  <inscrip>[Li cinque ordini con le loro regole et ornamenti cavati
  dall'antico]</inscrip>

  <engrv>[(Jerome David or Camillo Cungi)? after Giovanni Battista
  Montano]</engrv>

  <city>s.l.</city>

  <pub>s.n.</pub>

  <date>[before 1636?]</date>

  <ref>Montano, Archit. (1636)</ref>

  <ref>Montano, Archit. (1691), lib.1</ref>

  <note>The following 29 engravings of the 
  <uln>Libro primo</uln>

  of Montano's 
  <uln>Archit.</uln>

  (see note to engravings B 354 to B 355) present definite variants
  from those included in the 1636 and 1691 editions (the 1624
  edition has not been examined). The inscriptions and plate
  numbers listed in brackets are those of the 1636 and 1691
  editions.</note>

  <inscrip>[Dorico. L'architrave, fregio, e cornice e la quarta
  parte dell'altezza della sua colonna...]</inscrip>

  <size>28.5 x 19 cm</size>

  <note>(Engraving n.15)</note>
</record>

<record>
  <num>C452</num>

  <subj>Architectural Designs</subj>

  <inscrip>[Li cinque ordini con le loro regole et ornamenti cavati
  dall'antico]</inscrip>

  <engrv>[(Jerome David or Camillo Cungi)? after Giovanni Battista
  Montano]</engrv>

  <city>s.l.</city>

  <pub>s.n.</pub>

  <date>[before 1636?]</date>

  <ref>Montano, Archit. (1636)</ref>

  <ref>Montano, Archit. (1691), lib.1</ref>

  <note>The following 29 engravings of the 
  <uln>Libro primo</uln>

  of Montano's 
  <uln>Archit.</uln>

  (see note to engravings B 354 to B 355) present definite variants
  from those included in the 1636 and 1691 editions (the 1624
  edition has not been examined). The inscriptions and plate
  numbers listed in brackets are those of the 1636 and 1691
  editions.</note>

  <inscrip>[Ionico. Il vano della luce di questo portico, overo
  loggia e largo...]</inscrip>

  <size>28.5 x 19 cm</size>

  <note>(Engraving n.17)</note>
</record>

<record>
  <num>C453</num>

  <subj>Architectural Designs</subj>

  <inscrip>[Li cinque ordini con le loro regole et ornamenti cavati
  dall'antico]</inscrip>

  <engrv>[(Jerome David or Camillo Cungi)? after Giovanni Battista
  Montano]</engrv>

  <city>s.l.</city>

  <pub>s.n.</pub>

  <date>[before 1636?]</date>

  <ref>Montano, Archit. (1636)</ref>

  <ref>Montano, Archit. (1691), lib.1</ref>

  <note>The following 29 engravings of the 
  <uln>Libro primo</uln>

  of Montano's 
  <uln>Archit.</uln>

  (see note to engravings B 354 to B 355) present definite variants
  from those included in the 1636 and 1691 editions (the 1624
  edition has not been examined). The inscriptions and plate
  numbers listed in brackets are those of the 1636 and 1691
  editions.</note>

  <inscrip>[Ionico. L'architrave, fregio e cornice, sono
  alti...]</inscrip>

  <size>28.5 x 19 cm</size>

  <note>(Engraving n.18)</note>
</record>

<record>
  <num>C454</num>

  <subj>Architectural Designs</subj>

  <inscrip>[Li cinque ordini con le loro regole et ornamenti cavati
  dall'antico]</inscrip>

  <engrv>[(Jerome David or Camillo Cungi)? after Giovanni Battista
  Montano]</engrv>

  <city>s.l.</city>

  <pub>s.n.</pub>

  <date>[before 1636?]</date>

  <ref>Montano, Archit. (1636)</ref>

  <ref>Montano, Archit. (1691), lib.1</ref>

  <note>The following 29 engravings of the 
  <uln>Libro primo</uln>

  of Montano's 
  <uln>Archit.</uln>

  (see note to engravings B 354 to B 355) present definite variants
  from those included in the 1636 and 1691 editions (the 1624
  edition has not been examined). The inscriptions and plate
  numbers listed in brackets are those of the 1636 and 1691
  editions.</note>

  <inscrip>[Fatta che sia la proportione dell'architrave, fregio e
  cornice sopra la 4
  <sup>a</sup>

  parte della sua colonna...]</inscrip>

  <size>28.5 x 19 cm</size>

  <note>(Engraving n.19)</note>
</record>

<record>
  <num>C455</num>

  <subj>Architectural Designs</subj>

  <inscrip>[Li cinque ordini con le loro regole et ornamenti cavati
  dall'antico]</inscrip>

  <engrv>[(Jerome David or Camillo Cungi)? after Giovanni Battista
  Montano]</engrv>

  <city>s.l.</city>

  <pub>s.n.</pub>

  <date>[before 1636?]</date>

  <ref>Montano, Archit. (1636)</ref>

  <ref>Montano, Archit. (1691), lib.1</ref>

  <note>The following 29 engravings of the 
  <uln>Libro primo</uln>

  of Montano's 
  <uln>Archit.</uln>

  (see note to engravings B 354 to B 355) present definite variants
  from those included in the 1636 and 1691 editions (the 1624
  edition has not been examined). The inscriptions and plate
  numbers listed in brackets are those of the 1636 and 1691
  editions.</note>

  <inscrip>[Ionico. Capitelli varii, cavati da diversi edifitii
  antichi]</inscrip>

  <size>28.5 x 19 cm</size>

  <note>(Engraving n.20)</note>
</record>

<record>
  <num>C456</num>

  <subj>Architectural Designs</subj>

  <inscrip>[Li cinque ordini con le loro regole et ornamenti cavati
  dall'antico]</inscrip>

  <engrv>[(Jerome David or Camillo Cungi)? after Giovanni Battista
  Montano]</engrv>

  <city>s.l.</city>

  <pub>s.n.</pub>

  <date>[before 1636?]</date>

  <ref>Montano, Archit. (1636)</ref>

  <ref>Montano, Archit. (1691), lib.1</ref>

  <note>The following 29 engravings of the 
  <uln>Libro primo</uln>

  of Montano's 
  <uln>Archit.</uln>

  (see note to engravings B 354 to B 355) present definite variants
  from those included in the 1636 and 1691 editions (the 1624
  edition has not been examined). The inscriptions and plate
  numbers listed in brackets are those of the 1636 and 1691
  editions.</note>

  <inscrip>[Si osservaranno nella presente cornice le medesime
  proportioni motate nel foglio .19.]</inscrip>

  <size>28.5 x 19 cm</size>

  <note>(Engraving n.21)</note>
</record>

<record>
  <num>C457</num>

  <subj>Architectural Designs</subj>

  <inscrip>[Li cinque ordini con le loro regole et ornamenti cavati
  dall'antico]</inscrip>

  <engrv>[(Jerome David or Camillo Cungi)? after Giovanni Battista
  Montano]</engrv>

  <city>s.l.</city>

  <pub>s.n.</pub>

  <date>[before 1636?]</date>

  <ref>Montano, Archit. (1636)</ref>

  <ref>Montano, Archit. (1691), lib.1</ref>

  <note>The following 29 engravings of the 
  <uln>Libro primo</uln>

  of Montano's 
  <uln>Archit.</uln>

  (see note to engravings B 354 to B 355) present definite variants
  from those included in the 1636 and 1691 editions (the 1624
  edition has not been examined). The inscriptions and plate
  numbers listed in brackets are those of the 1636 and 1691
  editions.</note>

  <inscrip>[Questo capitello e alto tre quinti di un
  diametro...]</inscrip>

  <size>28.5 x 19 cm</size>

  <note>(Engraving n.22)</note>
</record>

<record>
  <num>C458</num>

  <subj>Architectural Designs</subj>

  <inscrip>[Li cinque ordini con le loro regole et ornamenti cavati
  dall'antico]</inscrip>

  <engrv>[(Jerome David or Camillo Cungi)? after Giovanni Battista
  Montano]</engrv>

  <city>s.l.</city>

  <pub>s.n.</pub>

  <date>[before 1636?]</date>

  <ref>Montano, Archit. (1636)</ref>

  <ref>Montano, Archit. (1691), lib.1</ref>

  <note>The following 29 engravings of the 
  <uln>Libro primo</uln>

  of Montano's 
  <uln>Archit.</uln>

  (see note to engravings B 354 to B 355) present definite variants
  from those included in the 1636 and 1691 editions (the 1624
  edition has not been examined). The inscriptions and plate
  numbers listed in brackets are those of the 1636 and 1691
  editions.</note>

  <inscrip>Si osserva nel presente foglio, che l'architrave,
  fregio, e cornice sono divisi in sette parti eguali...]</inscrip>

  <size>28.5 x 19 cm</size>

  <note>(Engraving n.24)</note>
</record>

<record>
  <num>C459</num>

  <subj>Architectural Designs</subj>

  <inscrip>[Li cinque ordini con le loro regole et ornamenti cavati
  dall'antico]</inscrip>

  <engrv>[(Jerome David or Camillo Cungi)? after Giovanni Battista
  Montano]</engrv>

  <city>s.l.</city>

  <pub>s.n.</pub>

  <date>[before 1636?]</date>

  <ref>Montano, Archit. (1636)</ref>

  <ref>Montano, Archit. (1691), lib.1</ref>

  <note>The following 29 engravings of the 
  <uln>Libro primo</uln>

  of Montano's 
  <uln>Archit.</uln>

  (see note to engravings B 354 to B 355) present definite variants
  from those included in the 1636 and 1691 editions (the 1624
  edition has not been examined). The inscriptions and plate
  numbers listed in brackets are those of the 1636 and 1691
  editions.</note>

  <inscrip>[Corintio. Sie spartita l'altezza di questo capitello in
  sette parti eguali...]</inscrip>

  <size>28.5 x 19 cm</size>

  <note>(Engraving n.25)</note>
</record>

<record>
  <num>C460</num>

  <subj>Architectural Designs</subj>

  <inscrip>[Li cinque ordini con le loro regole et ornamenti cavati
  dall'antico]</inscrip>

  <engrv>[(Jerome David or Camillo Cungi)? after Giovanni Battista
  Montano]</engrv>

  <city>s.l.</city>

  <pub>s.n.</pub>

  <date>[before 1636?]</date>

  <ref>Montano, Archit. (1636)</ref>

  <ref>Montano, Archit. (1691), lib.1</ref>

  <note>The following 29 engravings of the 
  <uln>Libro primo</uln>

  of Montano's 
  <uln>Archit.</uln>

  (see note to engravings B 354 to B 355) present definite variants
  from those included in the 1636 and 1691 editions (the 1624
  edition has not been examined). The inscriptions and plate
  numbers listed in brackets are those of the 1636 and 1691
  editions.</note>

  <inscrip>[Corintio. Modo con il quale si dovra spartine il
  presente ordine]</inscrip>

  <size>28.5 x 19 cm</size>

  <note>(Engraving n.26)</note>

  <note>The text which accompanies this engraving seems to have
  been erased from both the 1636 and the 1691 plates.</note>
</record>

<record>
  <num>C461</num>

  <subj>Architectural Designs</subj>

  <inscrip>[Li cinque ordini con le loro regole et ornamenti cavati
  dall'antico]</inscrip>

  <engrv>[(Jerome David or Camillo Cungi)? after Giovanni Battista
  Montano]</engrv>

  <city>s.l.</city>

  <pub>s.n.</pub>

  <date>[before 1636?]</date>

  <ref>Montano, Archit. (1636)</ref>

  <ref>Montano, Archit. (1691), lib.1</ref>

  <note>The following 29 engravings of the 
  <uln>Libro primo</uln>

  of Montano's 
  <uln>Archit.</uln>

  (see note to engravings B 354 to B 355) present definite variants
  from those included in the 1636 and 1691 editions (the 1624
  edition has not been examined). The inscriptions and plate
  numbers listed in brackets are those of the 1636 and 1691
  editions.</note>

  <inscrip>[Corintio. La colonna segnata con letera A e alta 9.
  diametri...]</inscrip>

  <size>28.5 x 19 cm</size>

  <note>(Engraving n.29)</note>
</record>

<record>
  <num>C462</num>

  <subj>Architectural Designs</subj>

  <inscrip>[Li cinque ordini con le loro regole et ornamenti cavati
  dall'antico]</inscrip>

  <engrv>[(Jerome David or Camillo Cungi)? after Giovanni Battista
  Montano]</engrv>

  <city>s.l.</city>

  <pub>s.n.</pub>

  <date>[before 1636?]</date>

  <ref>Montano, Archit. (1636)</ref>

  <ref>Montano, Archit. (1691), lib.1</ref>

  <note>The following 29 engravings of the 
  <uln>Libro primo</uln>

  of Montano's 
  <uln>Archit.</uln>

  (see note to engravings B 354 to B 355) present definite variants
  from those included in the 1636 and 1691 editions (the 1624
  edition has not been examined). The inscriptions and plate
  numbers listed in brackets are those of the 1636 and 1691
  editions.</note>

  <inscrip>[Il presente architrave, fregio e cornice, e la 4
  <sup>a</sup>

  . parte dell'altezza della sua colonna...]</inscrip>

  <size>28.5 x 19 cm</size>

  <note>(Engraving n.30)</note>
</record>

<record>
  <num>C463</num>

  <subj>Architectural Designs</subj>

  <inscrip>[Li cinque ordini con le loro regole et ornamenti cavati
  dall'antico]</inscrip>

  <engrv>[(Jerome David or Camillo Cungi)? after Giovanni Battista
  Montano]</engrv>

  <city>s.l.</city>

  <pub>s.n.</pub>

  <date>[before 1636?]</date>

  <ref>Montano, Archit. (1636)</ref>

  <ref>Montano, Archit. (1691), lib.1</ref>

  <note>The following 29 engravings of the 
  <uln>Libro primo</uln>

  of Montano's 
  <uln>Archit.</uln>

  (see note to engravings B 354 to B 355) present definite variants
  from those included in the 1636 and 1691 editions (the 1624
  edition has not been examined). The inscriptions and plate
  numbers listed in brackets are those of the 1636 and 1691
  editions.</note>

  <inscrip>[Composito. In questo non solo si vedono le sue
  proportioni con le misure, e regole, ma anco il bello, e ricco
  modo, che havevano li antichi, nell'ornare i loro tempii e
  teatri]</inscrip>

  <size>28.5 x 19 cm</size>

  <note>(Engraving n.31)</note>
</record>

<record>
  <num>C464</num>

  <subj>Architectural Designs</subj>

  <inscrip>[Li cinque ordini con le loro regole et ornamenti cavati
  dall'antico]</inscrip>

  <engrv>[(Jerome David or Camillo Cungi)? after Giovanni Battista
  Montano]</engrv>

  <city>s.l.</city>

  <pub>s.n.</pub>

  <date>[before 1636?]</date>

  <ref>Montano, Archit. (1636)</ref>

  <ref>Montano, Archit. (1691), lib.1</ref>

  <note>The following 29 engravings of the 
  <uln>Libro primo</uln>

  of Montano's 
  <uln>Archit.</uln>

  (see note to engravings B 354 to B 355) present definite variants
  from those included in the 1636 and 1691 editions (the 1624
  edition has not been examined). The inscriptions and plate
  numbers listed in brackets are those of the 1636 and 1691
  editions.</note>

  <inscrip>[Composito. Si mostra la varieta, che usavano gli
  antichi intorno alla proportione de membri delle
  cornice...]</inscrip>

  <size>28.5 x 19 cm</size>

  <note>(Engraving n.33)</note>
</record>

<record>
  <num>C465</num>

  <subj>Architectural Designs</subj>

  <inscrip>[Li cinque ordini con le loro regole et ornamenti cavati
  dall'antico]</inscrip>

  <engrv>[(Jerome David or Camillo Cungi)? after Giovanni Battista
  Montano]</engrv>

  <city>s.l.</city>

  <pub>s.n.</pub>

  <date>[before 1636?]</date>

  <ref>Montano, Archit. (1636)</ref>

  <ref>Montano, Archit. (1691), lib.1</ref>

  <note>The following 29 engravings of the 
  <uln>Libro primo</uln>

  of Montano's 
  <uln>Archit.</uln>

  (see note to engravings B 354 to B 355) present definite variants
  from those included in the 1636 and 1691 editions (the 1624
  edition has not been examined). The inscriptions and plate
  numbers listed in brackets are those of the 1636 and 1691
  editions.</note>

  <inscrip>[Composito. Qui si vede, che gli antichi...non stavano
  soggetti alli ordini non facendo le foglie d'uguali parti in
  altezza, et anco il modo di fare il fregio curvato con diversi
  ornamenti...]</inscrip>

  <size>28.5 x 19 cm</size>

  <note>(Engraving n.34)</note>
</record>

<record>
  <num>C466</num>

  <subj>Architectural Designs</subj>

  <inscrip>[Li cinque ordini con le loro regole et ornamenti cavati
  dall'antico]</inscrip>

  <engrv>[(Jerome David or Camillo Cungi)? after Giovanni Battista
  Montano]</engrv>

  <city>s.l.</city>

  <pub>s.n.</pub>

  <date>[before 1636?]</date>

  <ref>Montano, Archit. (1636)</ref>

  <ref>Montano, Archit. (1691), lib.1</ref>

  <note>The following 29 engravings of the 
  <uln>Libro primo</uln>

  of Montano's 
  <uln>Archit.</uln>

  (see note to engravings B 354 to B 355) present definite variants
  from those included in the 1636 and 1691 editions (the 1624
  edition has not been examined). The inscriptions and plate
  numbers listed in brackets are those of the 1636 and 1691
  editions.</note>

  <inscrip>[Il Composito...e cosi chiamato, perche partecipa di doi
  ordini, cioe di Ionico et Corintio...]</inscrip>

  <size>28.5 x 19 cm</size>

  <note>Engraving n.35)</note>
</record>

<record>
  <num>C467</num>

  <subj>Architectural Designs</subj>

  <inscrip>[Li cinque ordini con le loro regole et ornamenti cavati
  dall'antico]</inscrip>

  <engrv>[(Jerome David or Camillo Cungi)? after Giovanni Battista
  Montano]</engrv>

  <city>s.l.</city>

  <pub>s.n.</pub>

  <date>[before 1636?]</date>

  <ref>Montano, Archit. (1636)</ref>

  <ref>Montano, Archit. (1691), lib.1</ref>

  <note>The following 29 engravings of the 
  <uln>Libro primo</uln>

  of Montano's 
  <uln>Archit.</uln>

  (see note to engravings B 354 to B 355) present definite variants
  from those included in the 1636 and 1691 editions (the 1624
  edition has not been examined). The inscriptions and plate
  numbers listed in brackets are those of the 1636 and 1691
  editions.</note>

  <inscrip>[Composito.] A e il bracio con quale e stato misurato le
  presente cornice...</inscrip>

  <size>28.5 x 19 cm</size>

  <note>(Engraving n.36)</note>
</record>

<record>
  <num>C468</num>

  <subj>Architectural Designs</subj>

  <inscrip>[Li cinque ordini con le loro regole et ornamenti cavati
  dall'antico]</inscrip>

  <engrv>[(Jerome David or Camillo Cungi)? after Giovanni Battista
  Montano]</engrv>

  <city>s.l.</city>

  <pub>s.n.</pub>

  <date>[before 1636?]</date>

  <ref>Montano, Archit. (1636)</ref>

  <ref>Montano, Archit. (1691), lib.1</ref>

  <note>The following 29 engravings of the 
  <uln>Libro primo</uln>

  of Montano's 
  <uln>Archit.</uln>

  (see note to engravings B 354 to B 355) present definite variants
  from those included in the 1636 and 1691 editions (the 1624
  edition has not been examined). The inscriptions and plate
  numbers listed in brackets are those of the 1636 and 1691
  editions.</note>

  <inscrip>Capitelli Ionici e Compositi, che dalli Antichi si
  variavano comforme alli loro falsi Dei a quali erano dedicate le
  fabriche]</inscrip>

  <size>28.5 x 19 cm</size>

  <note>(Engraving n.37)</note>
</record>

<record>
  <num>C469</num>

  <subj>Architectural Designs</subj>

  <inscrip>[Li cinque ordini con le loro regole et ornamenti cavati
  dall'antico]</inscrip>

  <engrv>[(Jerome David or Camillo Cungi)? after Giovanni Battista
  Montano]</engrv>

  <city>s.l.</city>

  <pub>s.n.</pub>

  <date>[before 1636?]</date>

  <ref>Montano, Archit. (1636)</ref>

  <ref>Montano, Archit. (1691), lib.1</ref>

  <note>The following 29 engravings of the 
  <uln>Libro primo</uln>

  of Montano's 
  <uln>Archit.</uln>

  (see note to engravings B 354 to B 355) present definite variants
  from those included in the 1636 and 1691 editions (the 1624
  edition has not been examined). The inscriptions and plate
  numbers listed in brackets are those of the 1636 and 1691
  editions.</note>

  <inscrip>[Diursi capricci di capitelli, compositi cavati dall'
  antico con nomi di Dei, a quali usorno applicarli]</inscrip>

  <size>28.5 x 19 cm</size>

  <note>(Engraving n.39)</note>
</record>

<record>
  <num>C470</num>

  <subj>Plan And Elevation Of An Ancient Temple</subj>

  <inscrip>[Questo tempio di ordine Corinthio fu fatto dalli
  antichi tra S. Bastiano, e la Cappella detta Domine Quo
  Vadis]</inscrip>

  <engrv>[Jerome David after Giovanni Battista Montano]</engrv>

  <city>s.l.</city>

  <pub>s.n.</pub>

  <date>[before 1691?]</date>

  <size>29 x 19.5 cm</size>

  <ref>Weigert, v.3, pp.371-72, pl.162-228</ref>

  <ref>Montano, 
  <uln>Archit.</uln>

  (1691), lib.2, pl.46</ref>

  <note>This engraving, which appears in the second book of the de
  Rossi edition of Montano which contains the 
  <uln>Scielta &amp; varii tempietti antichi</uln>

  , does not appear in the larger 66 plate editions published in
  1624 and 1636 (BM v.163, col.66 lists a 1624 edition containing
  59 plates; BN v.117, col.1075 lists copies of the 1624 edition
  containing 65 and 66 plates respectively). The 1638 edition of
  the 
  <uln>Scielta</uln>

  and the one published in 1708 have not been examined. For further
  bibliography cf. entries for engravings B 354 and B 355 and B356
  and B 357. Cf. also G. Zander, "Le invenzioni architettoniche de
  Giovanni Battista Montano Milanese (1534-1621)" in 
  <uln>Universita di Roma. Quaderni dell'Istituto di storia
  dell'architectura</uln>

  , 30 (1958) and 49-50 (1962).</note>
</record>

<record>
  <num>C471</num>

  <subj>Architectural Designs</subj>

  <note>Each engraving contains three ornamental figures. According
  to L-A v.1, p.61 and Meyer, v.2, p.26, n.53, a series of twelve
  engravings containing 36 herms, caryatides, and pilasters was
  executed by Jacques Androuet du Cerceau.</note>

  <size>15 x 19.5 cm</size>
</record>

<record>
  <num>C472</num>

  <subj>Architectural Designs</subj>

  <note>Each engraving contains three ornamental figures. According
  to L-A v.1, p.61 and Meyer, v.2, p.26, n.53, a series of twelve
  engravings containing 36 herms, caryatides, and pilasters was
  executed by Jacques Androuet du Cerceau.</note>

  <size>15 x 19.5 cm</size>

  <note>The letter S appears at lower part of engraving.</note>
</record>

<record>
  <num>C473</num>

  <subj>Title Page Design</subj>

  <inscrip>[Raccolta de tempii, e sepolcri disegnati
  dall'antico]</inscrip>

  <engrv>[Jerome David or Camillo Cungi after Giovanni Battista
  Montano]?</engrv>

  <city>s.l.</city>

  <pub>s.n.</pub>

  <date>[before 1691?]</date>

  <size>28.7 x 19 cm</size>

  <ref>Montano, 
  <uln>Archit.</uln>

  (1691), lib.3, pl.1</ref>

  <note>See also the entry for B 356 and B 357.</note>
</record>

<record>
  <num>C474</num>

  <subj>Papal Altar In St. Peter's Basilica</subj>

  <inscrip>Altar Maggiore nella Chiesa di S. Pietro. Descritto da
  Carlo Padredio</inscrip>

  <engrv>Giovanni Battista Falda</engrv>

  <city>[Rome]</city>

  <pub>[s.n.]</pub>

  <date>[1673?]</date>

  <size>20 x 20 cm</size>

  <ref>Falda, 
  <uln>Nuovo teatro</uln>

  , pt.3, pl.[14]</ref>

  <note>See also the entry for engraving A 83.</note>
</record>

<record>
  <num>C475</num>

  <subj>Designs For Altars</subj>

  <inscrip>[Annunciation]</inscrip>

  <size>28 x 17.5 cm</size>

  <note>(Engraving n.1)</note>
</record>

<record>
  <num>C476</num>

  <subj>Designs For Altars</subj>

  <inscrip>[Resurrection of Christ]</inscrip>

  <size>28 x 17.5 cm</size>

  <note>(Engraving n.2)</note>
</record>

<record>
  <num>C477</num>

  <subj>Designs For Altars</subj>

  <inscrip>[The agony in the Garden]</inscrip>

  <size>28 x 17.5 cm</size>

  <note>(Engraving n.3)</note>
</record>

<record>
  <num>C478</num>

  <subj>Designs For Altars</subj>

  <inscrip>[Assumption of the Virgin]</inscrip>

  <size>28 x 17.5 cm</size>

  <note>(Engraving n.4)</note>
</record>

<record>
  <num>C479</num>

  <subj>Designs For Altars</subj>

  <inscrip>[Baptism of Christ]</inscrip>

  <size>28 x 17.5 cm</size>

  <note>(Engraving n.5)</note>
</record>

<record>
  <num>C480</num>

  <subj>Designs For Altars</subj>

  <inscrip>[The deposition of Christ]</inscrip>

  <size>28 x 17.5 cm</size>

  <note>(Engraving n.6)</note>
</record>

<record>
  <num>C481</num>

  <subj>Ornamental Panels</subj>

  <note>Part of a larger series of numbered engravings.</note>

  <size>27 x 17.5 cm</size>

  <note>(Engraving n.2)</note>
</record>

<record>
  <num>C482</num>

  <subj>Ornamental Panels</subj>

  <note>Part of a larger series of numbered engravings.</note>

  <size>27 x 17.5 cm</size>

  <note>(Engraving n.3)</note>
</record>

<record>
  <num>C483</num>

  <subj>Ornamental Panels</subj>

  <note>Part of a larger series of numbered engravings.</note>

  <size>27 x 17.5 cm</size>

  <note>(Engraving n.4)</note>
</record>

<record>
  <num>C484</num>

  <subj>Ornamental Panels</subj>

  <note>Part of a larger series of numbered engravings.</note>

  <size>27 x 17.5 cm</size>

  <note>(Engraving n.5)</note>
</record>

<record>
  <num>C485</num>

  <subj>Ornamental Panels</subj>

  <note>Part of a larger series of numbered engravings.</note>

  <size>27 x 17.5 cm</size>

  <note>(Engraving n.6)</note>
</record>

<record>
  <num>C486</num>

  <subj>Ornamental Panels</subj>

  <note>Part of a larger series of numbered engravings.</note>

  <size>27 x 17.5 cm</size>

  <note>(Engraving n.7)</note>
</record>

<record>
  <num>C487</num>

  <subj>Ornamental Panels</subj>

  <note>Part of a larger series of numbered engravings.</note>

  <size>27 x 17.5 cm</size>

  <note>(Engraving n.8)</note>
</record>

<record>
  <num>C488</num>

  <subj>Ornamental Panels</subj>

  <note>Part of a larger series of numbered engravings.</note>

  <size>27 x 17.5 cm</size>

  <note>(Engraving n.9)</note>
</record>

<record>
  <num>C489</num>

  <subj>Masks</subj>

  <engrv>[Adam Ghisi Mantuano after Giulio Romano]</engrv>

  <city>s.l.</city>

  <pub>s.n.</pub>

  <date>s.d.</date>

  <ref>Collijn, p.88sq. n.124</ref>

  <ref>Ba v.15, p.429 n.108-127</ref>

  <ref>NaKL v.12, p.521</ref>

  <ref>Albertina, p.180, n.303</ref>

  <size>11.1 x 8.5 cm</size>

  <note>(Engraving n.1)</note>
</record>

<record>
  <num>C490</num>

  <subj>Masks</subj>

  <engrv>[Adam Ghisi Mantuano after Giulio Romano]</engrv>

  <city>s.l.</city>

  <pub>s.n.</pub>

  <date>s.d.</date>

  <ref>Collijn, p.88sq. n.124</ref>

  <ref>Ba v.15, p.429 n.108-127</ref>

  <ref>NaKL v.12, p.521</ref>

  <ref>Albertina, p.180, n.303</ref>

  <size>11.1 x 8.5 cm</size>

  <note>(Engraving n.2)</note>
</record>

<record>
  <num>C491</num>

  <subj>Masks</subj>

  <engrv>[Adam Ghisi Mantuano after Giulio Romano]</engrv>

  <city>s.l.</city>

  <pub>s.n.</pub>

  <date>s.d.</date>

  <ref>Collijn, p.88sq. n.124</ref>

  <ref>Ba v.15, p.429 n.108-127</ref>

  <ref>NaKL v.12, p.521</ref>

  <ref>Albertina, p.180, n.303</ref>

  <size>11.1 x 8.5 cm</size>

  <note>(Engraving n.3)</note>
</record>

<record>
  <num>C492</num>

  <subj>Masks</subj>

  <engrv>[Adam Ghisi Mantuano after Giulio Romano]</engrv>

  <city>s.l.</city>

  <pub>s.n.</pub>

  <date>s.d.</date>

  <ref>Collijn, p.88sq. n.124</ref>

  <ref>Ba v.15, p.429 n.108-127</ref>

  <ref>NaKL v.12, p.521</ref>

  <ref>Albertina, p.180, n.303</ref>

  <size>11.1 x 8.5 cm</size>

  <note>(Engraving n.4)</note>
</record>

<record>
  <num>C493</num>

  <subj>Masks</subj>

  <engrv>[Adam Ghisi Mantuano after Giulio Romano]</engrv>

  <city>s.l.</city>

  <pub>s.n.</pub>

  <date>s.d.</date>

  <ref>Collijn, p.88sq. n.124</ref>

  <ref>Ba v.15, p.429 n.108-127</ref>

  <ref>NaKL v.12, p.521</ref>

  <ref>Albertina, p.180, n.303</ref>

  <size>11.1 x 8.5 cm</size>

  <note>(Engraving n.5)</note>
</record>

<record>
  <num>C494</num>

  <subj>Masks</subj>

  <engrv>[Adam Ghisi Mantuano after Giulio Romano]</engrv>

  <city>s.l.</city>

  <pub>s.n.</pub>

  <date>s.d.</date>

  <ref>Collijn, p.88sq. n.124</ref>

  <ref>Ba v.15, p.429 n.108-127</ref>

  <ref>NaKL v.12, p.521</ref>

  <ref>Albertina, p.180, n.303</ref>

  <size>11.1 x 8.5 cm</size>

  <note>(Engraving n.6)</note>
</record>

<record>
  <num>C495</num>

  <subj>Masks</subj>

  <engrv>[Adam Ghisi Mantuano after Giulio Romano]</engrv>

  <city>s.l.</city>

  <pub>s.n.</pub>

  <date>s.d.</date>

  <ref>Collijn, p.88sq. n.124</ref>

  <ref>Ba v.15, p.429 n.108-127</ref>

  <ref>NaKL v.12, p.521</ref>

  <ref>Albertina, p.180, n.303</ref>

  <size>11.1 x 8.5 cm</size>

  <note>(Engraving n.7)</note>
</record>

<record>
  <num>C496</num>

  <subj>Masks</subj>

  <engrv>[Adam Ghisi Mantuano after Giulio Romano]</engrv>

  <city>s.l.</city>

  <pub>s.n.</pub>

  <date>s.d.</date>

  <ref>Collijn, p.88sq. n.124</ref>

  <ref>Ba v.15, p.429 n.108-127</ref>

  <ref>NaKL v.12, p.521</ref>

  <ref>Albertina, p.180, n.303</ref>

  <size>11.1 x 8.5 cm</size>

  <note>(Engraving n.8)</note>
</record>

<record>
  <num>C497</num>

  <subj>Masks</subj>

  <engrv>[Adam Ghisi Mantuano after Giulio Romano]</engrv>

  <city>s.l.</city>

  <pub>s.n.</pub>

  <date>s.d.</date>

  <ref>Collijn, p.88sq. n.124</ref>

  <ref>Ba v.15, p.429 n.108-127</ref>

  <ref>NaKL v.12, p.521</ref>

  <ref>Albertina, p.180, n.303</ref>

  <size>11.1 x 8.5 cm</size>

  <note>(Engraving n.9)</note>
</record>

<record>
  <num>C498</num>

  <subj>Masks</subj>

  <engrv>[Adam Ghisi Mantuano after Giulio Romano]</engrv>

  <city>s.l.</city>

  <pub>s.n.</pub>

  <date>s.d.</date>

  <ref>Collijn, p.88sq. n.124</ref>

  <ref>Ba v.15, p.429 n.108-127</ref>

  <ref>NaKL v.12, p.521</ref>

  <ref>Albertina, p.180, n.303</ref>

  <size>11.1 x 8.5 cm</size>

  <note>(Engraving n.10)</note>
</record>

<record>
  <num>C499</num>

  <subj>Masks</subj>

  <engrv>[Adam Ghisi Mantuano after Giulio Romano]</engrv>

  <city>s.l.</city>

  <pub>s.n.</pub>

  <date>s.d.</date>

  <ref>Collijn, p.88sq. n.124</ref>

  <ref>Ba v.15, p.429 n.108-127</ref>

  <ref>NaKL v.12, p.521</ref>

  <ref>Albertina, p.180, n.303</ref>

  <size>11.1 x 8.5 cm</size>

  <note>(Engraving n.11)</note>
</record>

<record>
  <num>C500</num>

  <subj>Masks</subj>

  <engrv>[Adam Ghisi Mantuano after Giulio Romano]</engrv>

  <city>s.l.</city>

  <pub>s.n.</pub>

  <date>s.d.</date>

  <ref>Collijn, p.88sq. n.124</ref>

  <ref>Ba v.15, p.429 n.108-127</ref>

  <ref>NaKL v.12, p.521</ref>

  <ref>Albertina, p.180, n.303</ref>

  <size>11.1 x 8.5 cm</size>

  <note>(Engraving n.12)</note>
</record>

<record>
  <num>C501</num>

  <subj>Masks</subj>

  <engrv>[Adam Ghisi Mantuano after Giulio Romano]</engrv>

  <city>s.l.</city>

  <pub>s.n.</pub>

  <date>s.d.</date>

  <ref>Collijn, p.88sq. n.124</ref>

  <ref>Ba v.15, p.429 n.108-127</ref>

  <ref>NaKL v.12, p.521</ref>

  <ref>Albertina, p.180, n.303</ref>

  <size>11.1 x 8.5 cm</size>

  <note>(Engraving n.13)</note>
</record>

<record>
  <num>C502</num>

  <subj>Masks</subj>

  <engrv>[Adam Ghisi Mantuano after Giulio Romano]</engrv>

  <city>s.l.</city>

  <pub>s.n.</pub>

  <date>s.d.</date>

  <ref>Collijn, p.88sq. n.124</ref>

  <ref>Ba v.15, p.429 n.108-127</ref>

  <ref>NaKL v.12, p.521</ref>

  <ref>Albertina, p.180, n.303</ref>

  <size>11.1 x 8.5 cm</size>

  <note>(Engraving n.14)</note>
</record>

<record>
  <num>C503</num>

  <subj>Masks</subj>

  <engrv>[Adam Ghisi Mantuano after Giulio Romano]</engrv>

  <city>s.l.</city>

  <pub>s.n.</pub>

  <date>s.d.</date>

  <ref>Collijn, p.88sq. n.124</ref>

  <ref>Ba v.15, p.429 n.108-127</ref>

  <ref>NaKL v.12, p.521</ref>

  <ref>Albertina, p.180, n.303</ref>

  <size>11.1 x 8.5 cm</size>

  <note>(Engraving n.15)</note>
</record>

<record>
  <num>C504</num>

  <subj>Masks</subj>

  <engrv>[Adam Ghisi Mantuano after Giulio Romano]</engrv>

  <city>s.l.</city>

  <pub>s.n.</pub>

  <date>s.d.</date>

  <ref>Collijn, p.88sq. n.124</ref>

  <ref>Ba v.15, p.429 n.108-127</ref>

  <ref>NaKL v.12, p.521</ref>

  <ref>Albertina, p.180, n.303</ref>

  <size>11.1 x 8.5 cm</size>

  <note>(Engraving n.16)</note>
</record>

<record>
  <num>C505</num>

  <subj>Masks</subj>

  <engrv>[Adam Ghisi Mantuano after Giulio Romano]</engrv>

  <city>s.l.</city>

  <pub>s.n.</pub>

  <date>s.d.</date>

  <ref>Collijn, p.88sq. n.124</ref>

  <ref>Ba v.15, p.429 n.108-127</ref>

  <ref>NaKL v.12, p.521</ref>

  <ref>Albertina, p.180, n.303</ref>

  <size>11.1 x 8.5 cm</size>

  <note>(Engraving n.17)</note>
</record>

<record>
  <num>C506</num>

  <subj>Masks</subj>

  <engrv>[Adam Ghisi Mantuano after Giulio Romano]</engrv>

  <city>s.l.</city>

  <pub>s.n.</pub>

  <date>s.d.</date>

  <ref>Collijn, p.88sq. n.124</ref>

  <ref>Ba v.15, p.429 n.108-127</ref>

  <ref>NaKL v.12, p.521</ref>

  <ref>Albertina, p.180, n.303</ref>

  <size>11.1 x 8.5 cm</size>

  <note>(Unnumbered engraving)</note>
</record>

<record>
  <num>C507</num>

  <subj>Masks</subj>

  <engrv>[Adam Ghisi Mantuano after Giulio Romano]</engrv>

  <city>s.l.</city>

  <pub>s.n.</pub>

  <date>s.d.</date>

  <ref>Collijn, p.88sq. n.124</ref>

  <ref>Ba v.15, p.429 n.108-127</ref>

  <ref>NaKL v.12, p.521</ref>

  <ref>Albertina, p.180, n.303</ref>

  <size>11.1 x .5 cm</size>

  <note>(Unnumbered engraving)</note>
</record>

<record>
  <num>C508</num>

  <subj>Masks</subj>

  <engrv>[Adam Ghisi Mantuano after Giulio Romano]</engrv>

  <city>s.l.</city>

  <pub>s.n.</pub>

  <date>s.d.</date>

  <ref>Collijn, p.88sq. n.124</ref>

  <ref>Ba v.15, p.429 n.108-127</ref>

  <ref>NaKL v.12, p.521</ref>

  <ref>Albertina, p.180, n.303</ref>

  <size>11.1 x 8.5 cm</size>

  <note>(Unnumbered engraving)</note>
</record>

<record>
  <num>C509</num>

  <subj>Roman Fountains</subj>

  <inscrip>[Nuova Racolta di Fontane che si vedano nel alma citta
  di Roma, Tivoli e Frascati]</inscrip>

  <engrv>[Francesco Corduba, Giovanni Maggi, Dominique
  Barriere]</engrv>

  <city>[Rome]</city>

  <pub>Gio. Giacomo de Rossi</pub>

  <date>[1670?]</date>

  <ref>NaKL v.9, p.176, n.17-19</ref>

  <ref>T-B v.8, p.408 and v.23, p.555</ref>

  <ref>
    <uln>Nuova raccolta</uln>
  </ref>

  <ref>Falda-Venturini, 
  <uln>Fontane</uln>
  </ref>

  <ref>Falda (Sandrart), 
  <uln>Fontanalia</uln>
  </ref>

  <note>Part of an unnumbered set of 44 engravings (8 full-page
  plates and 36 half-page plages). To the negravings listed below
  should be added those catalogued under numbers B 200 to B 202 and
  B 203 to B 205.</note>

  <inscrip>Fontana nella piazza di S. Pietro in Vaticano di
  Roma</inscrip>

  <size>20 x 18 cm</size>

  <ref>
  <uln>Nuova raccolta</uln>

  pl.[2]</ref>

  <ref>Falda-Venturini, pt.1, pl.3</ref>

  <ref>Falda (Sandrart) , pl.8</ref>
</record>

<record>
  <num>C510</num>

  <subj>Roman Fountains</subj>

  <inscrip>[Nuova Racolta di Fontane che si vedano nel alma citta
  di Roma, Tivoli e Frascati]</inscrip>

  <engrv>[Francesco Corduba, Giovanni Maggi, Dominique
  Barriere]</engrv>

  <city>[Rome]</city>

  <pub>Gio. Giacomo de Rossi</pub>

  <date>[1670?]</date>

  <ref>NaKL v.9, p.176, n.17-19</ref>

  <ref>T-B v.8, p.408 and v.23, p.555.</ref>

  <ref>
    <uln>Nuova raccolta</uln>
  </ref>

  <ref>Falda-Venturini, 
  <uln>Fontane</uln>
  </ref>

  <ref>Falda (Sandrart), 
  <uln>Fontanalia</uln>
  </ref>

  <note>Part of an unnumbered set of 44 engravings (8 full-page
  plates and 36 half-page plages). To the negravings listed below
  should be added those catalogued under numbers B 200 to B 202 and
  B 203 to B 205.</note>

  <inscrip>Fontana nella piazza della Trinita de Monti in
  Roma</inscrip>

  <size>21 x 15.5 cm</size>

  <ref>
  <uln>Nuova raccolta</uln>

  pl.[4]</ref>

  <ref>Falda-Venturini, pt.1, pl.15</ref>

  <ref>Falda (Sandrart), pl.24</ref>
</record>

<record>
  <num>C511</num>

  <subj>Roman Fountains</subj>

  <inscrip>[Nuova Racolta di Fontane che si vedano nel alma citta
  di Roma, Tivoli e Frascati]</inscrip>

  <engrv>[Francesco Corduba, Giovanni Maggi, Dominique
  Barriere]</engrv>

  <city>[Rome]</city>

  <pub>Gio. Giacomo de Rossi</pub>

  <date>[1670?]</date>

  <ref>NaKL v.9, p.176, n.17-19</ref>

  <ref>T-B v.8, p.408 and v.23, p.555.</ref>

  <ref>
    <uln>Nuova raccolta</uln>
  </ref>

  <ref>Falda-Venturini, 
  <uln>Fontane</uln>
  </ref>

  <ref>Falda (Sandrart), 
  <uln>Fontanalia</uln>
  </ref>

  <note>Part of an unnumbered set of 44 engravings (8 full-page
  plates and 36 half-page plages). To the negravings listed below
  should be added those catalogued under numbers B 200 to B 202 and
  B 203 to B 205.</note>

  <inscrip>Fontana in Roma nella piazza Giudea</inscrip>

  <size>20 x 15.5 cm</size>

  <engrv>(Signed by Francesco de Corduba: monogram)</engrv>

  <ref>
  <uln>Nuova raccolta</uln>

  . pl.[6]</ref>

  <ref>Falda-Venturini, pt.1, pl.28</ref>

  <ref>Falda (Sandrart), pl.23</ref>
</record>

<record>
  <num>C512</num>

  <subj>Roman Fountains</subj>

  <inscrip>[Nuova Racolta di Fontane che si vedano nel alma citta
  di Roma, Tivoli e Frascati]</inscrip>

  <engrv>[Francesco Corduba, Giovanni Maggi, Dominique
  Barriere]</engrv>

  <city>[Rome]</city>

  <pub>Gio. Giacomo de Rossi</pub>

  <date>[1670?]</date>

  <ref>NaKL v.9, p.176, n.17-19</ref>

  <ref>T-B v.8, p.408 and v.23, p.555.</ref>

  <ref>
    <uln>Nuova raccolta</uln>
  </ref>

  <ref>Falda-Venturini, 
  <uln>Fontane</uln>
  </ref>

  <ref>Falda (Sandrart), 
  <uln>Fontanalia</uln>
  </ref>

  <note>Part of an unnumbered set of 44 engravings (8 full-page
  plates and 36 half-page plages). To the negravings listed below
  should be added those catalogued under numbers B 200 to B 202 and
  B 203 to B 205.</note>

  <inscrip>Fontana in Roma nella piazza del Cardinale Antonio
  Barberino</inscrip>

  <size>20.5 x 16 cm</size>

  <ref>
  <uln>Nuova raccolta</uln>

  , pl.[7]</ref>

  <ref>Falda-Venturini, pt.1, pl.16</ref>

  <ref>Falda (Sandrart), pl.27</ref>
</record>

<record>
  <num>C513</num>

  <subj>Roman Fountains</subj>

  <inscrip>[Nuova Racolta di Fontane che si vedano nel alma citta
  di Roma, Tivoli e Frascati]</inscrip>

  <engrv>[Francesco Corduba, Giovanni Maggi, Dominique
  Barriere]</engrv>

  <city>[Rome]</city>

  <pub>Gio. Giacomo de Rossi</pub>

  <date>[1670?]</date>

  <ref>NaKL v.9, p.176, n.17-19</ref>

  <ref>T-B v.8, p.408 and v.23, p.555.</ref>

  <ref>
    <uln>Nuova raccolta</uln>
  </ref>

  <ref>Falda-Venturini, 
  <uln>Fontane</uln>
  </ref>

  <ref>Falda (Sandrart), 
  <uln>Fontanalia</uln>
  </ref>

  <note>Part of an unnumbered set of 44 engravings (8 full-page
  plates and 36 half-page plages). To the negravings listed below
  should be added those catalogued under numbers B 200 to B 202 and
  B 203 to B 205.</note>

  <inscrip>Fontana de Cattacumini alla Madonna delli Monti in
  Roma</inscrip>

  <size>21 x 15.5 cm</size>

  <ref>
  <uln>Nuova raccolta</uln>

  , pl.[9]</ref>

  <ref>Falda-Venturini, pt. pl.31</ref>

  <ref>Falda (Sandrart), pl.12</ref>
</record>

<record>
  <num>C514</num>

  <subj>Roman Fountains</subj>

  <inscrip>[Nuova Racolta di Fontane che si vedano nel alma citta
  di Roma, Tivoli e Frascati]</inscrip>

  <engrv>[Francesco Corduba, Giovanni Maggi, Dominique
  Barriere]</engrv>

  <city>[Rome]</city>

  <pub>Gio. Giacomo de Rossi</pub>

  <date>[1670?]</date>

  <ref>NaKL v.9, p.176, n.17-19</ref>

  <ref>T-B v.8, p.408 and v.23, p.555.</ref>

  <ref>
    <uln>Nuova raccolta</uln>
  </ref>

  <ref>Falda-Venturini, 
  <uln>Fontane</uln>
  </ref>

  <ref>Falda (Sandrart), 
  <uln>Fontanalia</uln>
  </ref>

  <note>Part of an unnumbered set of 44 engravings (8 full-page
  plates and 36 half-page plages). To the negravings listed below
  should be added those catalogued under numbers B 200 to B 202 and
  B 203 to B 205.</note>

  <inscrip>Fon. in Ro. nel cortile grande nel Vaticano</inscrip>

  <size>23.5 x 15 cm</size>

  <engrv>(Signed by Francesco Corduba)</engrv>

  <ref>
  <uln>Nuova raccolta</uln>

  , pl.[10]</ref>

  <ref>Falda-Venturini, pt.1, pl.4</ref>
</record>

<record>
  <num>C515</num>

  <subj>Roman Fountains</subj>

  <inscrip>[Nuova Racolta di Fontane che si vedano nel alma citta
  di Roma, Tivoli e Frascati]</inscrip>

  <engrv>[Francesco Corduba, Giovanni Maggi, Dominique
  Barriere]</engrv>

  <city>[Rome]</city>

  <pub>Gio. Giacomo de Rossi</pub>

  <date>[1670?]</date>

  <ref>NaKL v.9, p.176, n.17-19</ref>

  <ref>T-B v.8, p.408 and v.23, p.555.</ref>

  <ref>
    <uln>Nuova raccolta</uln>
  </ref>

  <ref>Falda-Venturini, 
  <uln>Fontane</uln>
  </ref>

  <ref>Falda (Sandrart), 
  <uln>Fontanalia</uln>
  </ref>

  <note>Part of an unnumbered set of 44 engravings (8 full-page
  plates and 36 half-page plages). To the negravings listed below
  should be added those catalogued under numbers B 200 to B 202 and
  B 203 to B 205.</note>

  <inscrip>Fontana in Roma nella piazza di Sta. Maria in
  Trastevere</inscrip>

  <size>20.5 x 16 cm</size>

  <ref>
  <uln>Nuova raccolta</uln>

  , pl.[14]</ref>

  <ref>Falda-Venturini, pt.1, pl.32</ref>
</record>

<record>
  <num>C516</num>

  <subj>Roman Fountains</subj>

  <inscrip>[Nuova Racolta di Fontane che si vedano nel alma citta
  di Roma, Tivoli e Frascati]</inscrip>

  <engrv>[Francesco Corduba, Giovanni Maggi, Dominique
  Barriere]</engrv>

  <city>[Rome]</city>

  <pub>Gio. Giacomo de Rossi</pub>

  <date>[1670?]</date>

  <ref>NaKL v.9, p.176, n.17-19</ref>

  <ref>T-B v.8, p.408 and v.23, p.555.</ref>

  <ref>
    <uln>Nuova raccolta</uln>
  </ref>

  <ref>Falda-Venturini, 
  <uln>Fontane</uln>
  </ref>

  <ref>Falda (Sandrart), 
  <uln>Fontanalia</uln>
  </ref>

  <note>Part of an unnumbered set of 44 engravings (8 full-page
  plates and 36 half-page plages). To the negravings listed below
  should be added those catalogued under numbers B 200 to B 202 and
  B 203 to B 205.</note>

  <inscrip>Fontana incontro il palazzo del Emi.mo Sig.re Cardinale
  Spada in Roma</inscrip>

  <size>19 x 13.5 cm</size>

  <ref>
  <uln>Nuova raccolta</uln>

  , pl.[15]</ref>
</record>

<record>
  <num>C517</num>

  <subj>Roman Fountains</subj>

  <inscrip>[Nuova Racolta di Fontane che si vedano nel alma citta
  di Roma, Tivoli e Frascati]</inscrip>

  <engrv>[Francesco Corduba, Giovanni Maggi, Dominique
  Barriere]</engrv>

  <city>[Rome]</city>

  <pub>Gio. Giacomo de Rossi</pub>

  <date>[1670?]</date>

  <ref>NaKL v.9, p.176, n.17-19</ref>

  <ref>T-B v.8, p.408 and v.23, p.555.</ref>

  <ref>
    <uln>Nuova raccolta</uln>
  </ref>

  <ref>Falda-Venturini, 
  <uln>Fontane</uln>
  </ref>

  <ref>Falda (Sandrart), 
  <uln>Fontanalia</uln>
  </ref>

  <note>Part of an unnumbered set of 44 engravings (8 full-page
  plates and 36 half-page plages). To the negravings listed below
  should be added those catalogued under numbers B 200 to B 202 and
  B 203 to B 205.</note>

  <inscrip>Fontana di Pauolo V. a S. Pietro Montorio</inscrip>

  <size>21 x 15.5 cm</size>

  <ref>
  <uln>Nuova raccolta</uln>

  , pl.[16]</ref>

  <ref>Falda-Venturini, pt.1, pl.11-12</ref>

  <ref>Falda (Sandrart), pl.7</ref>
</record>

<record>
  <num>C518</num>

  <subj>Roman Fountains</subj>

  <inscrip>[Nuova Racolta di Fontane che si vedano nel alma citta
  di Roma, Tivoli e Frascati]</inscrip>

  <engrv>[Francesco Corduba, Giovanni Maggi, Dominique
  Barriere]</engrv>

  <city>[Rome]</city>

  <pub>Gio. Giacomo de Rossi</pub>

  <date>[1670?]</date>

  <ref>NaKL v.9, p.176, n.17-19</ref>

  <ref>T-B v.8, p.408 and v.23, p.555.</ref>

  <ref>
    <uln>Nuova raccolta</uln>
  </ref>

  <ref>Falda-Venturini, 
  <uln>Fontane</uln>
  </ref>

  <ref>Falda (Sandrart), 
  <uln>Fontanalia</uln>
  </ref>

  <note>Part of an unnumbered set of 44 engravings (8 full-page
  plates and 36 half-page plages). To the negravings listed below
  should be added those catalogued under numbers B 200 to B 202 and
  B 203 to B 205.</note>

  <inscrip>[Fontana e Castello sul Monte Viminale]</inscrip>

  <size>21.5 x 14 cm</size>

  <engrv>(Signed by Gio. Giacomo de Rossi)</engrv>

  <ref>
  <uln>Nuova raccolta</uln>

  , pl.[17]</ref>

  <ref>Falda- Venturini, pt.1, pl.8</ref>

  <ref>Falda (Sandrart), pl.3</ref>
</record>

<record>
  <num>C519</num>

  <subj>Roman Fountains</subj>

  <inscrip>[Nuova Racolta di Fontane che si vedano nel alma citta
  di Roma, Tivoli e Frascati]</inscrip>

  <engrv>[Francesco Corduba, Giovanni Maggi, Dominique
  Barriere]</engrv>

  <city>[Rome]</city>

  <pub>Gio. Giacomo de Rossi</pub>

  <date>[1670?]</date>

  <ref>NaKL v.9, p.176, n.17-19</ref>

  <ref>T-B v.8, p.408 and v.23, p.555.</ref>

  <ref>
    <uln>Nuova raccolta</uln>
  </ref>

  <ref>Falda-Venturini, 
  <uln>Fontane</uln>
  </ref>

  <ref>Falda (Sandrart), 
  <uln>Fontanalia</uln>
  </ref>

  <note>Part of an unnumbered set of 44 engravings (8 full-page
  plates and 36 half-page plages). To the negravings listed below
  should be added those catalogued under numbers B 200 to B 202 and
  B 203 to B 205.</note>

  <inscrip>Fontana di S. Pietro Montorio in Roma</inscrip>

  <size>21 x 15.5 cm</size>

  <ref>
  <uln>Nuova raccolta</uln>

  , pl.[18]</ref>

  <ref>Falda-Venturini, pt.1, pl.13</ref>

  <ref>Falda (Sandrart), pl.18 (reversed)</ref>
</record>

<record>
  <num>C520</num>

  <subj>Roman Fountains</subj>

  <inscrip>[Nuova Racolta di Fontane che si vedano nel alma citta
  di Roma, Tivoli e Frascati]</inscrip>

  <engrv>[Francesco Corduba, Giovanni Maggi, Dominique
  Barriere]</engrv>

  <city>[Rome]</city>

  <pub>Gio. Giacomo de Rossi</pub>

  <date>[1670?]</date>

  <ref>NaKL v.9, p.176, n.17-19</ref>

  <ref>T-B v.8, p.408 and v.23, p.555.</ref>

  <ref>
    <uln>Nuova raccolta</uln>
  </ref>

  <ref>Falda-Venturini, 
  <uln>Fontane</uln>
  </ref>

  <ref>Falda (Sandrart), 
  <uln>Fontanalia</uln>
  </ref>

  <note>Part of an unnumbered set of 44 engravings (8 full-page
  plates and 36 half-page plages). To the negravings listed below
  should be added those catalogued under numbers B 200 to B 202 and
  B 203 to B 205.</note>

  <inscrip>Fonta. nel Ponte Sisto in Roma</inscrip>

  <size>23 x 14.5 cm</size>

  <engrv>(Signed by Francesco Corduba and by Goert van
  Schauch)</engrv>

  <ref>A-B p.183, n.1812</ref>

  <ref>
  <uln>Nuova raccolta</uln>

  , pl.[19]</ref>

  <ref>Falda-Venturini, pt.1, pl.22</ref>

  <ref>Falda (Sandrart), pl.21</ref>
</record>

<record>
  <num>C521</num>

  <subj>Roman Fountains</subj>

  <inscrip>[Nuova Racolta di Fontane che si vedano nel alma citta
  di Roma, Tivoli e Frascati]</inscrip>

  <engrv>[Francesco Corduba, Giovanni Maggi, Dominique
  Barriere]</engrv>

  <city>[Rome]</city>

  <pub>Gio. Giacomo de Rossi</pub>

  <date>[1670?]</date>

  <ref>NaKL v.9, p.176, n.17-19</ref>

  <ref>T-B v.8, p.408 and v.23, p.555.</ref>

  <ref>
    <uln>Nuova raccolta</uln>
  </ref>

  <ref>Falda-Venturini, 
  <uln>Fontane</uln>
  </ref>

  <ref>Falda (Sandrart), 
  <uln>Fontanalia</uln>
  </ref>

  <note>Part of an unnumbered set of 44 engravings (8 full-page
  plates and 36 half-page plages). To the negravings listed below
  should be added those catalogued under numbers B 200 to B 202 and
  B 203 to B 205.</note>

  <inscrip>Fontana in Roma nella piazza delli Sig-ri
  Mathei</inscrip>

  <size>20.5 x 14.5 cm</size>

  <engrv>(Signed by Giovanni Maggi and Gio. Giacomo de
  Rossi)</engrv>

  <ref>
  <uln>Nuova raccolta</uln>

  , pl.[20]</ref>

  <ref>Falda-Venturini, pt.1, pl.23</ref>
</record>

<record>
  <num>C522</num>

  <subj>Roman Fountains</subj>

  <inscrip>[Nuova Racolta di Fontane che si vedano nel alma citta
  di Roma, Tivoli e Frascati]</inscrip>

  <engrv>[Francesco Corduba, Giovanni Maggi, Dominique
  Barriere]</engrv>

  <city>[Rome]</city>

  <pub>Gio. Giacomo de Rossi</pub>

  <date>[1670?]</date>

  <ref>NaKL v.9, p.176, n.17-19</ref>

  <ref>T-B v.8, p.408 and v.23, p.555.</ref>

  <ref>
    <uln>Nuova raccolta</uln>
  </ref>

  <ref>Falda-Venturini, 
  <uln>Fontane</uln>
  </ref>

  <ref>Falda (Sandrart), 
  <uln>Fontanalia</uln>
  </ref>

  <note>Part of an unnumbered set of 44 engravings (8 full-page
  plates and 36 half-page plages). To the negravings listed below
  should be added those catalogued under numbers B 200 to B 202 and
  B 203 to B 205.</note>

  <inscrip>Le dua fontane che sono in piazza del Duca Farnese in
  Roma</inscrip>

  <size>23 x 15 cm</size>

  <ref>
  <uln>Nuova raccolta</uln>

  , pl.[21]</ref>

  <ref>Falda-Venturini, pt.1, pl.26</ref>

  <ref>Falda (Sandrart), pl.4</ref>
</record>

<record>
  <num>C523</num>

  <subj>Roman Fountains</subj>

  <inscrip>[Nuova Racolta di Fontane che si vedano nel alma citta
  di Roma, Tivoli e Frascati]</inscrip>

  <engrv>[Francesco Corduba, Giovanni Maggi, Dominique
  Barriere]</engrv>

  <city>[Rome]</city>

  <pub>Gio. Giacomo de Rossi</pub>

  <date>[1670?]</date>

  <ref>NaKL v.9, p.176, n.17-19</ref>

  <ref>T-B v.8, p.408 and v.23, p.555.</ref>

  <ref>
    <uln>Nuova raccolta</uln>
  </ref>

  <ref>Falda-Venturini, 
  <uln>Fontane</uln>
  </ref>

  <ref>Falda (Sandrart), 
  <uln>Fontanalia</uln>
  </ref>

  <note>Part of an unnumbered set of 44 engravings (8 full-page
  plates and 36 half-page plages). To the negravings listed below
  should be added those catalogued under numbers B 200 to B 202 and
  B 203 to B 205.</note>

  <inscrip>Fontana alla Catena di Borgo in Roma</inscrip>

  <size>21 x 15.5 cm</size>

  <ref>
  <uln>Nuova raccolta</uln>

  , pl.[23]</ref>
</record>

<record>
  <num>C524</num>

  <subj>Roman Fountains</subj>

  <inscrip>[Nuova Racolta di Fontane che si vedano nel alma citta
  di Roma, Tivoli e Frascati]</inscrip>

  <engrv>[Francesco Corduba, Giovanni Maggi, Dominique
  Barriere]</engrv>

  <city>[Rome]</city>

  <pub>Gio. Giacomo de Rossi</pub>

  <date>[1670?]</date>

  <ref>NaKL v.9, p.176, n.17-19</ref>

  <ref>T-B v.8, p.408 and v.23, p.555.</ref>

  <ref>
    <uln>Nuova raccolta</uln>
  </ref>

  <ref>Falda-Venturini, 
  <uln>Fontane</uln>
  </ref>

  <ref>Falda (Sandrart), 
  <uln>Fontanalia</uln>
  </ref>

  <note>Part of an unnumbered set of 44 engravings (8 full-page
  plates and 36 half-page plages). To the negravings listed below
  should be added those catalogued under numbers B 200 to B 202 and
  B 203 to B 205.</note>

  <inscrip>Fontana dello Scoglio nel Giardino di Belvedere di
  Frascati</inscrip>

  <size>21.5 x 15 cm</size>

  <engrv>(Signed by Giovanni Maggi)</engrv>

  <ref>
  <uln>Nuova raccolta</uln>

  , pl.[28]</ref>

  <ref>Falda-Venturini, pt.3, pl.3</ref>
</record>

<record>
  <num>C525</num>

  <subj>Roman Fountains</subj>

  <inscrip>[Nuova Racolta di Fontane che si vedano nel alma citta
  di Roma, Tivoli e Frascati]</inscrip>

  <engrv>[Francesco Corduba, Giovanni Maggi, Dominique
  Barriere]</engrv>

  <city>[Rome]</city>

  <pub>Gio. Giacomo de Rossi</pub>

  <date>[1670?]</date>

  <ref>NaKL v.9, p.176, n.17-19</ref>

  <ref>T-B v.8, p.408 and v.23, p.555.</ref>

  <ref>
    <uln>Nuova raccolta</uln>
  </ref>

  <ref>Falda-Venturini, 
  <uln>Fontane</uln>
  </ref>

  <ref>Falda (Sandrart), 
  <uln>Fontanalia</uln>
  </ref>

  <note>Part of an unnumbered set of 44 engravings (8 full-page
  plates and 36 half-page plages). To the negravings listed below
  should be added those catalogued under numbers B 200 to B 202 and
  B 203 to B 205.</note>

  <inscrip>Fontana nel salire del giardino di Belvedere di
  Frascati</inscrip>

  <size>21 x 15.5 cm</size>

  <ref>
  <uln>Nuova raccolta</uln>

  , pl.[30]</ref>

  <ref>Falda-Venturini, pt.2, pl.4</ref>

  <ref>Falda (Sandrart), pl.35</ref>
</record>

<record>
  <num>C526</num>

  <subj>Roman Fountains</subj>

  <inscrip>[Nuova Racolta di Fontane che si vedano nel alma citta
  di Roma, Tivoli e Frascati]</inscrip>

  <engrv>[Francesco Corduba, Giovanni Maggi, Dominique
  Barriere]</engrv>

  <city>[Rome]</city>

  <pub>Gio. Giacomo de Rossi</pub>

  <date>[1670?]</date>

  <ref>NaKL v.9, p.176, n.17-19</ref>

  <ref>T-B v.8, p.408 and v.23, p.555.</ref>

  <ref>
    <uln>Nuova raccolta</uln>
  </ref>

  <ref>Falda-Venturini, 
  <uln>Fontane</uln>
  </ref>

  <ref>Falda (Sandrart), 
  <uln>Fontanalia</uln>
  </ref>

  <note>Part of an unnumbered set of 44 engravings (8 full-page
  plates and 36 half-page plages). To the negravings listed below
  should be added those catalogued under numbers B 200 to B 202 and
  B 203 to B 205.</note>

  <inscrip>Fontana sopra al Teatro di Belvedere a
  Grascati</inscrip>

  <size>21 x 14.5 cm</size>

  <ref>A-B p.430, n.4222</ref>

  <ref>
  <uln>Nuova raccolta</uln>

  , pl.[31]</ref>

  <ref>Falda-Venturini, pt.2, pl.11</ref>

  <ref>Falda (Sandrart), pl.34</ref>
</record>

<record>
  <num>C527</num>

  <subj>Roman Fountains</subj>

  <inscrip>[Nuova Racolta di Fontane che si vedano nel alma citta
  di Roma, Tivoli e Frascati]</inscrip>

  <engrv>[Francesco Corduba, Giovanni Maggi, Dominique
  Barriere]</engrv>

  <city>[Rome]</city>

  <pub>Gio. Giacomo de Rossi</pub>

  <date>[1670?]</date>

  <ref>NaKL v.9, p.176, n.17-19</ref>

  <ref>T-B v.8, p.408 and v.23, p.555.</ref>

  <ref>
    <uln>Nuova raccolta</uln>
  </ref>

  <ref>Falda-Venturini, 
  <uln>Fontane</uln>
  </ref>

  <ref>Falda (Sandrart), 
  <uln>Fontanalia</uln>
  </ref>

  <note>Part of an unnumbered set of 44 engravings (8 full-page
  plates and 36 half-page plages). To the negravings listed below
  should be added those catalogued under numbers B 200 to B 202 and
  B 203 to B 205.</note>

  <inscrip>Fontana nel Giardino di Belvedere a man manca a
  Frascati</inscrip>

  <size>21 x 14.5 cm</size>

  <ref>
  <uln>Nuova raccolta</uln>

  , pl.[36]</ref>
</record>

<record>
  <num>C528</num>

  <subj>Roman Fountains</subj>

  <inscrip>[Nuova Racolta di Fontane che si vedano nel alma citta
  di Roma, Tivoli e Frascati]</inscrip>

  <engrv>[Francesco Corduba, Giovanni Maggi, Dominique
  Barriere]</engrv>

  <city>[Rome]</city>

  <pub>Gio. Giacomo de Rossi</pub>

  <date>[1670?]</date>

  <ref>NaKL v.9, p.176, n.17-19</ref>

  <ref>T-B v.8, p.408 and v.23, p.555.</ref>

  <ref>
    <uln>Nuova raccolta</uln>
  </ref>

  <ref>Falda-Venturini, 
  <uln>Fontane</uln>
  </ref>

  <ref>Falda (Sandrart), 
  <uln>Fontanalia</uln>
  </ref>

  <note>Part of an unnumbered set of 44 engravings (8 full-page
  plates and 36 half-page plages). To the negravings listed below
  should be added those catalogued under numbers B 200 to B 202 and
  B 203 to B 205.</note>

  <inscrip>Fontana in mezo al Giardino de Lodovisio a
  Frascati</inscrip>

  <size>21 x 14.5 cm</size>

  <ref>
  <uln>Nuova raccolta</uln>

  , pl.[37]</ref>
</record>

<record>
  <num>C529</num>

  <subj>Roman Fountains</subj>

  <inscrip>[Nuova Racolta di Fontane che si vedano nel alma citta
  di Roma, Tivoli e Frascati]</inscrip>

  <engrv>[Francesco Corduba, Giovanni Maggi, Dominique
  Barriere]</engrv>

  <city>[Rome]</city>

  <pub>Gio. Giacomo de Rossi</pub>

  <date>[1670?]</date>

  <ref>NaKL v.9, p.176, n.17-19</ref>

  <ref>T-B v.8, p.408 and v.23, p.555</ref>

  <ref>
    <uln>Nuova raccolta</uln>
  </ref>

  <ref>Falda-Venturini, 
  <uln>Fontane</uln>
  </ref>

  <ref>Falda (Sandrart), 
  <uln>Fontanalia</uln>
  </ref>

  <note>Part of an unnumbered set of 44 engravings (8 full-page
  plates and 36 half-page plages). To the negravings listed below
  should be added those catalogued under numbers B 200 to B 202 and
  B 203 to B 205.</note>

  <inscrip>Fontana a canto a Lorghine nel Giardino di
  Tivoli</inscrip>

  <size>21 x 16.5 cm</size>

  <engrv>(Signed by Dominique Barriere: monogram)</engrv>

  <ref>Weigert, v.1, p.284, n.192</ref>

  <ref>
  <uln>Nuova raccolta</uln>

  , pl.[38]</ref>
</record>

<record>
  <num>C530</num>

  <subj>Roman Fountains</subj>

  <inscrip>[Nuova Racolta di Fontane che si vedano nel alma citta
  di Roma, Tivoli e Frascati]</inscrip>

  <engrv>[Francesco Corduba, Giovanni Maggi, Dominique
  Barriere]</engrv>

  <city>[Rome]</city>

  <pub>Gio. Giacomo de Rossi</pub>

  <date>[1670?]</date>

  <ref>NaKL v.9, p.176, n.17-19</ref>

  <ref>T-B v.8, p.408 and v.23, p.555</ref>

  <ref>
    <uln>Nuova raccolta</uln>
  </ref>

  <ref>Falda-Venturini, 
  <uln>Fontane</uln>
  </ref>

  <ref>Falda (Sandrart), 
  <uln>Fontanalia</uln>
  </ref>

  <note>Part of an unnumbered set of 44 engravings (8 full-page
  plates and 36 half-page plages). To the negravings listed below
  should be added those catalogued under numbers B 200 to B 202 and
  B 203 to B 205.</note>

  <inscrip>Fontana a canto la Roma antica nel Giardino di
  Tivoli</inscrip>

  <size>21 x 14 cm</size>

  <engrv>(Signed by Dominique Barriere: monogram)</engrv>

  <ref>Weigert, v.1, p.284, n.193</ref>

  <ref>
  <uln>Nuova raccolta</uln>

  , pl.[39]</ref>

  <ref>Falda-Venturini, pt.4, pl.18</ref>
</record>

<record>
  <num>C531</num>

  <subj>Roman Fountains</subj>

  <inscrip>[Nuova Racolta di Fontane che si vedano nel alma citta
  di Roma, Tivoli e Frascati]</inscrip>

  <engrv>[Francesco Corduba, Giovanni Maggi, Dominique
  Barriere]</engrv>

  <city>[Rome]</city>

  <pub>Gio. Giacomo de Rossi</pub>

  <date>[1670?]</date>

  <ref>NaKL v.9, p.176, n.17-19</ref>

  <ref>T-B v.8, p.408 and v.23, p.555</ref>

  <ref>
    <uln>Nuova raccolta</uln>
  </ref>

  <ref>Falda-Venturini, 
  <uln>Fontane</uln>
  </ref>

  <ref>Falda (Sandrart), 
  <uln>Fontanalia</uln>
  </ref>

  <note>Part of an unnumbered set of 44 engravings (8 full-page
  plates and 36 half-page plages). To the negravings listed below
  should be added those catalogued under numbers B 200 to B 202 and
  B 203 to B 205.</note>

  <inscrip>Fontana in cima al Giardino di Tivoli</inscrip>

  <size>20.5 x 15.5 cm</size>

  <ref>
  <uln>Nuova raccolta</uln>

  , pl.[40]</ref>

  <ref>Falda-Venturini, pt.4, pl.26</ref>
</record>

<record>
  <num>C532</num>

  <subj>Roman Fountains</subj>

  <inscrip>[Nuova Racolta di Fontane che si vedano nel alma citta
  di Roma, Tivoli e Frascati]</inscrip>

  <engrv>[Francesco Corduba, Giovanni Maggi, Dominique
  Barriere]</engrv>

  <city>[Rome]</city>

  <pub>Gio. Giacomo de Rossi</pub>

  <date>[1670?]</date>

  <ref>NaKL v.9, p.176, n.17-19</ref>

  <ref>T-B v.8, p.408 and v.23, p.555</ref>

  <ref>
    <uln>Nuova raccolta</uln>
  </ref>

  <ref>Falda-Venturini, 
  <uln>Fontane</uln>
  </ref>

  <ref>Falda (Sandrart), 
  <uln>Fontanalia</uln>
  </ref>

  <note>Part of an unnumbered set of 44 engravings (8 full-page
  plates and 36 half-page plages). To the negravings listed below
  should be added those catalogued under numbers B 200 to B 202 and
  B 203 to B 205.</note>

  <inscrip>Fontana incontro il Palazzo nel Giardino di
  Tivoli</inscrip>

  <size>21.5 x 16 cm</size>

  <engrv>(Signed by Dominique Barriere: monogram)</engrv>

  <ref>Weigert, v.1, p.284, n.191</ref>

  <ref>
  <uln>Nuova raccolta</uln>

  , pl.[41]</ref>
</record>

<record>
  <num>C533</num>

  <subj>Views Of Rome And Of Other Cities And Places</subj>

  <inscrip>Ruinarum varii prospectus ruriumque aliquot
  delineationes</inscrip>

  <engrv>Philippe and/or Theodore Galle after Henri Cleve</engrv>

  <city>[Antwerp]</city>

  <pub>Philippe and/or Theodore Galle</pub>

  <date>[1600?]</date>

  <ref>Hol v.4, pl.170, n.1-38 and v.7, p.80, n.423-460</ref>

  <ref>BM v.40, col.386 s.v. Cleef (Henri van)</ref>

  <ref>Mon v.3, n.879 and n.1626</ref>

  <note>H. van Cleve's signature and monogram appear on all 38
  engravings with the exception of engraving n.22 of the set (C
  554) which lacks the monogram. Philip Galle's signature also
  appears on all the engravings while that of his son Theodore
  appears on engraving n.1 (C 533) only. An earlier edition of the 
  <uln>Ruinarum</uln>

  , published by Ph. Galle ca.1587, is listed in A-B p.513, sub
  albo E 108. The sequence of the engravings in these two editions
  is not the same.</note>

  <inscrip>Ruinarum varii...delineationes. Milvius pons</inscrip>

  <size>22 x 29.5 cm</size>

  <note>(Engraving n.1: title page)</note>

  <ref>A-B p.278, n.2764</ref>
</record>

<record>
  <num>C534</num>

  <subj>Views Of Rome And Of Other Cities And Places</subj>

  <inscrip>Ruinarum varii prospectus ruriumque aliquot
  delineationes</inscrip>

  <engrv>Philippe and/or Theodore Galle after Henri Cleve</engrv>

  <city>[Antwerp]</city>

  <pub>Philippe and/or Theodore Galle</pub>

  <date>[1600?]</date>

  <ref>Hol v.4, pl.170, n.1-38 and v.7, p.80, n.423-460</ref>

  <ref>BM v.40, col.386 s.v. Cleef (Henri van)</ref>

  <ref>Mon v.3, n.879 and n.1626</ref>

  <note>H. van Cleve's signature and monogram appear on all 38
  engravings with the exception of engraving n.22 of the set (C
  554) which lacks the monogram. Philip Galle's signature also
  appears on all the engravings while that of his son Theodore
  appears on engraving n.1 (C 533) only. An earlier edition of the 
  <uln>Ruinarum</uln>

  , published by Ph. Galle ca.1587, is listed in A-B p.513, sub
  albo E 108. The sequence of the engravings in these two editions
  is not the same.</note>

  <inscrip>Colisei prospectus</inscrip>

  <size>22 x 29.5 cm</size>

  <note>(Engraving n.2)</note>

  <ref>A-B p.160, n.1593</ref>
</record>

<record>
  <num>C535</num>

  <subj>Views Of Rome And Of Other Cities And Places</subj>

  <inscrip>Ruinarum varii prospectus ruriumque aliquot
  delineationes</inscrip>

  <engrv>Philippe and/or Theodore Galle after Henri Cleve</engrv>

  <city>[Antwerp]</city>

  <pub>Philippe and/or Theodore Galle</pub>

  <date>[1600?]</date>

  <ref>Hol v.4, pl.170, n.1-38 and v.7, p.80, n.423-460</ref>

  <ref>BM v.40, col.386 s.v. Cleef (Henri van)</ref>

  <ref>Mon v.3, n.879 and n.1626</ref>

  <note>H. van Cleve's signature and monogram appear on all 38
  engravings with the exception of engraving n.22 of the set (C
  554) which lacks the monogram. Philip Galle's signature also
  appears on all the engravings while that of his son Theodore
  appears on engraving n.1 (C 533) only. An earlier edition of the 
  <uln>Ruinarum</uln>

  , published by Ph. Galle ca.1587, is listed in A-B p.513, sub
  albo E 108. The sequence of the engravings in these two editions
  is not the same.</note>

  <inscrip>Coliseum Romanum</inscrip>

  <size>22 x 29.5 cm</size>

  <note>(Engraving n.3)</note>

  <ref>A-B p.160, n.1593</ref>
</record>

<record>
  <num>C536</num>

  <subj>Views Of Rome And Of Other Cities And Places</subj>

  <inscrip>Ruinarum varii prospectus ruriumque aliquot
  delineationes</inscrip>

  <engrv>Philippe and/or Theodore Galle after Henri Cleve</engrv>

  <city>[Antwerp]</city>

  <pub>Philippe and/or Theodore Galle</pub>

  <date>[1600?]</date>

  <ref>Hol v.4, pl.170, n.1-38 and v.7, p.80, n.423-460</ref>

  <ref>BM v.40, col.386 s.v. Cleef (Henri van)</ref>

  <ref>Mon v.3, n.879 and n.1626</ref>

  <note>H. van Cleve's signature and monogram appear on all 38
  engravings with the exception of engraving n.22 of the set (C
  554) which lacks the monogram. Philip Galle's signature also
  appears on all the engravings while that of his son Theodore
  appears on engraving n.1 (C 533) only. An earlier edition of the 
  <uln>Ruinarum</uln>

  , published by Ph. Galle ca.1587, is listed in A-B p.513, sub
  albo E 108. The sequence of the engravings in these two editions
  is not the same.</note>

  <inscrip>Colisei prospectus</inscrip>

  <size>22 x 29.5 cm</size>

  <note>(Engraving n.4)</note>

  <ref>A-B p.160, n.1593</ref>
</record>

<record>
  <num>C537</num>

  <subj>Views Of Rome And Of Other Cities And Places</subj>

  <inscrip>Ruinarum varii prospectus ruriumque aliquot
  delineationes</inscrip>

  <engrv>Philippe and/or Theodore Galle after Henri Cleve</engrv>

  <city>[Antwerp]</city>

  <pub>Philippe and/or Theodore Galle</pub>

  <date>[1600?]</date>

  <ref>Hol v.4, pl.170, n.1-38 and v.7, p.80, n.423-460</ref>

  <ref>BM v.40, col.386 s.v. Cleef (Henri van)</ref>

  <ref>Mon v.3, n.879 and n.1626</ref>

  <note>H. van Cleve's signature and monogram appear on all 38
  engravings with the exception of engraving n.22 of the set (C
  554) which lacks the monogram. Philip Galle's signature also
  appears on all the engravings while that of his son Theodore
  appears on engraving n.1 (C 533) only. An earlier edition of the 
  <uln>Ruinarum</uln>

  , published by Ph. Galle ca.1587, is listed in A-B p.513, sub
  albo E 108. The sequence of the engravings in these two editions
  is not the same.</note>

  <inscrip>Thermae Diocletiani</inscrip>

  <size>22 x 29.5 cm</size>

  <note>(Engraving n.5)</note>

  <ref>A-B p.353, n.3486</ref>
</record>

<record>
  <num>C538</num>

  <subj>Views Of Rome And Of Other Cities And Places</subj>

  <inscrip>Ruinarum varii prospectus ruriumque aliquot
  delineationes</inscrip>

  <engrv>Philippe and/or Theodore Galle after Henri Cleve</engrv>

  <city>[Antwerp]</city>

  <pub>Philippe and/or Theodore Galle</pub>

  <date>[1600?]</date>

  <ref>Hol v.4, pl.170, n.1-38 and v.7, p.80, n.423-460</ref>

  <ref>BM v.40, col.386 s.v. Cleef (Henri van)</ref>

  <ref>Mon v.3, n.879 and n.1626</ref>

  <note>H. van Cleve's signature and monogram appear on all 38
  engravings with the exception of engraving n.22 of the set (C
  554) which lacks the monogram. Philip Galle's signature also
  appears on all the engravings while that of his son Theodore
  appears on engraving n.1 (C 533) only. An earlier edition of the 
  <uln>Ruinarum</uln>

  , published by Ph. Galle ca.1587, is listed in A-B p.513, sub
  albo E 108. The sequence of the engravings in these two editions
  is not the same.</note>

  <inscrip>Colisei prospectus</inscrip>

  <size>21.7 x 29.5 cm</size>

  <note>(Engraving n.6)</note>

  <ref>A-B p.160, n.1593</ref>
</record>

<record>
  <num>C539</num>

  <subj>Views Of Rome And Of Other Cities And Places</subj>

  <inscrip>Ruinarum varii prospectus ruriumque aliquot
  delineationes</inscrip>

  <engrv>Philippe and/or Theodore Galle after Henri Cleve</engrv>

  <city>[Antwerp]</city>

  <pub>Philippe and/or Theodore Galle</pub>

  <date>[1600?]</date>

  <ref>Hol v.4, pl.170, n.1-38 and v.7, p.80, n.423-460</ref>

  <ref>BM v.40, col.386 s.v. Cleef (Henri van)</ref>

  <ref>Mon v.3, n.879 and n.1626</ref>

  <note>H. van Cleve's signature and monogram appear on all 38
  engravings with the exception of engraving n.22 of the set (C
  554) which lacks the monogram. Philip Galle's signature also
  appears on all the engravings while that of his son Theodore
  appears on engraving n.1 (C 533) only. An earlier edition of the 
  <uln>Ruinarum</uln>

  , published by Ph. Galle ca.1587, is listed in A-B p.513, sub
  albo E 108. The sequence of the engravings in these two editions
  is not the same.</note>

  <inscrip>Thermae Caracallae</inscrip>

  <size>21.7 x 29.5 cm</size>

  <note>(Engraving n.7)</note>

  <ref>A-B p.350, n.3449</ref>
</record>

<record>
  <num>C540</num>

  <subj>Views Of Rome And Of Other Cities And Places</subj>

  <inscrip>Ruinarum varii prospectus ruriumque aliquot
  delineationes</inscrip>

  <engrv>Philippe and/or Theodore Galle after Henri Cleve</engrv>

  <city>[Antwerp]</city>

  <pub>Philippe and/or Theodore Galle</pub>

  <date>[1600?]</date>

  <ref>Hol v.4, pl.170, n.1-38 and v.7, p.80, n.423-460</ref>

  <ref>BM v.40, col.386 s.v. Cleef (Henri van)</ref>

  <ref>Mon v.3, n.879 and n.1626</ref>

  <note>H. van Cleve's signature and monogram appear on all 38
  engravings with the exception of engraving n.22 of the set (C
  554) which lacks the monogram. Philip Galle's signature also
  appears on all the engravings while that of his son Theodore
  appears on engraving n.1 (C 533) only. An earlier edition of the 
  <uln>Ruinarum</uln>

  , published by Ph. Galle ca.1587, is listed in A-B p.513, sub
  albo E 108. The sequence of the engravings in these two editions
  is not the same.</note>

  <inscrip>S. Petri templum, Romae</inscrip>

  <size>21.5 x 29.5 cm</size>

  <note>(Engraving n.8)</note>

  <ref>A-B p.378, n.3757</ref>
</record>

<record>
  <num>C541</num>

  <subj>Views Of Rome And Of Other Cities And Places</subj>

  <inscrip>Ruinarum varii prospectus ruriumque aliquot
  delineationes</inscrip>

  <engrv>Philippe and/or Theodore Galle after Henri Cleve</engrv>

  <city>[Antwerp]</city>

  <pub>Philippe and/or Theodore Galle</pub>

  <date>[1600?]</date>

  <ref>Hol v.4, pl.170, n.1-38 and v.7, p.80, n.423-460</ref>

  <ref>BM v.40, col.386 s.v. Cleef (Henri van)</ref>

  <ref>Mon v.3, n.879 and n.1626</ref>

  <note>H. van Cleve's signature and monogram appear on all 38
  engravings with the exception of engraving n.22 of the set (C
  554) which lacks the monogram. Philip Galle's signature also
  appears on all the engravings while that of his son Theodore
  appears on engraving n.1 (C 533) only. An earlier edition of the 
  <uln>Ruinarum</uln>

  , published by Ph. Galle ca.1587, is listed in A-B p.513, sub
  albo E 108. The sequence of the engravings in these two editions
  is not the same.</note>

  <inscrip>Palatini montis prospectum</inscrip>

  <size>22 x 29.5 cm</size>

  <note>(Engraving n.9)</note>

  <ref>A-B p.206, n.2075</ref>
</record>

<record>
  <num>C542</num>

  <subj>Views Of Rome And Of Other Cities And Places</subj>

  <inscrip>Ruinarum varii prospectus ruriumque aliquot
  delineationes</inscrip>

  <engrv>Philippe and/or Theodore Galle after Henri Cleve</engrv>

  <city>[Antwerp]</city>

  <pub>Philippe and/or Theodore Galle</pub>

  <date>[1600?]</date>

  <ref>Hol v.4, pl.170, n.1-38 and v.7, p.80, n.423-460</ref>

  <ref>BM v.40, col.386 s.v. Cleef (Henri van)</ref>

  <ref>Mon v.3, n.879 and n.1626</ref>

  <note>H. van Cleve's signature and monogram appear on all 38
  engravings with the exception of engraving n.22 of the set (C
  554) which lacks the monogram. Philip Galle's signature also
  appears on all the engravings while that of his son Theodore
  appears on engraving n.1 (C 533) only. An earlier edition of the 
  <uln>Ruinarum</uln>

  , published by Ph. Galle ca.1587, is listed in A-B p.513, sub
  albo E 108. The sequence of the engravings in these two editions
  is not the same.</note>

  <uln>Mons Testaceus</uln>

  <size>21.7 x 29.5 cm</size>

  <note>(Engraving n.10)</note>

  <ref>A-B p.208, n.2096</ref>
</record>

<record>
  <num>C543</num>

  <subj>Views Of Rome And Of Other Cities And Places</subj>

  <inscrip>Ruinarum varii prospectus ruriumque aliquot
  delineationes</inscrip>

  <engrv>Philippe and/or Theodore Galle after Henri Cleve</engrv>

  <city>[Antwerp]</city>

  <pub>Philippe and/or Theodore Galle</pub>

  <date>[1600?]</date>

  <ref>Hol v.4, pl.170, n.1-38 and v.7, p.80, n.423-460</ref>

  <ref>BM v.40, col.386 s.v. Cleef (Henri van)</ref>

  <ref>Mon v.3, n.879 and n.1626</ref>

  <note>H. van Cleve's signature and monogram appear on all 38
  engravings with the exception of engraving n.22 of the set (C
  554) which lacks the monogram. Philip Galle's signature also
  appears on all the engravings while that of his son Theodore
  appears on engraving n.1 (C 533) only. An earlier edition of the 
  <uln>Ruinarum</uln>

  , published by Ph. Galle ca.1587, is listed in A-B p.513, sub
  albo E 108. The sequence of the engravings in these two editions
  is not the same.</note>

  <uln>Burgus Romae</uln>

  <size>21.7 x 29.5 cm</size>

  <note>(Engraving n.11)</note>

  <ref>A-B p.15, n.123</ref>
</record>

<record>
  <num>C544</num>

  <subj>Views Of Rome And Of Other Cities And Places</subj>

  <inscrip>Ruinarum varii prospectus ruriumque aliquot
  delineationes</inscrip>

  <engrv>Philippe and/or Theodore Galle after Henri Cleve</engrv>

  <city>[Antwerp]</city>

  <pub>Philippe and/or Theodore Galle</pub>

  <date>[1600?]</date>

  <ref>Hol v.4, pl.170, n.1-38 and v.7, p.80, n.423-460</ref>

  <ref>BM v.40, col.386 s.v. Cleef (Henri van)</ref>

  <ref>Mon v.3, n.879 and n.1626</ref>

  <note>H. van Cleve's signature and monogram appear on all 38
  engravings with the exception of engraving n.22 of the set (C
  554) which lacks the monogram. Philip Galle's signature also
  appears on all the engravings while that of his son Theodore
  appears on engraving n.1 (C 533) only. An earlier edition of the 
  <uln>Ruinarum</uln>

  , published by Ph. Galle ca.1587, is listed in A-B p.513, sub
  albo E 108. The sequence of the engravings in these two editions
  is not the same.</note>

  <inscrip>Forum SS. Apostolorum</inscrip>

  <size>21.5 x 29.5 cm</size>

  <note>(Engraving n.12)</note>
</record>

<record>
  <num>C545</num>

  <subj>Views Of Rome And Of Other Cities And Places</subj>

  <inscrip>Ruinarum varii prospectus ruriumque aliquot
  delineationes</inscrip>

  <engrv>Philippe and/or Theodore Galle after Henri Cleve</engrv>

  <city>[Antwerp]</city>

  <pub>Philippe and/or Theodore Galle</pub>

  <date>[1600?]</date>

  <ref>Hol v.4, pl.170, n.1-38 and v.7, p.80, n.423-460</ref>

  <ref>BM v.40, col.386 s.v. Cleef (Henri van)</ref>

  <ref>Mon v.3, n.879 and n.1626</ref>

  <note>H. van Cleve's signature and monogram appear on all 38
  engravings with the exception of engraving n.22 of the set (C
  554) which lacks the monogram. Philip Galle's signature also
  appears on all the engravings while that of his son Theodore
  appears on engraving n.1 (C 533) only. An earlier edition of the 
  <uln>Ruinarum</uln>

  , published by Ph. Galle ca.1587, is listed in A-B p.513, sub
  albo E 108. The sequence of the engravings in these two editions
  is not the same.</note>

  <inscrip>Castellum S. Angeli</inscrip>

  <size>21.5 x 29.5 cm</size>

  <note>(Engraving n.13)</note>

  <ref>A-B p.75, n.704</ref>
</record>

<record>
  <num>C546</num>

  <subj>Views Of Rome And Of Other Cities And Places</subj>

  <inscrip>Ruinarum varii prospectus ruriumque aliquot
  delineationes</inscrip>

  <engrv>Philippe and/or Theodore Galle after Henri Cleve</engrv>

  <city>[Antwerp]</city>

  <pub>Philippe and/or Theodore Galle</pub>

  <date>[1600?]</date>

  <ref>Hol v.4, pl.170, n.1-38 and v.7, p.80, n.423-460</ref>

  <ref>BM v.40, col.386 s.v. Cleef (Henri van)</ref>

  <ref>Mon v.3, n.879 and n.1626</ref>

  <note>H. van Cleve's signature and monogram appear on all 38
  engravings with the exception of engraving n.22 of the set (C
  554) which lacks the monogram. Philip Galle's signature also
  appears on all the engravings while that of his son Theodore
  appears on engraving n.1 (C 533) only. An earlier edition of the 
  <uln>Ruinarum</uln>

  , published by Ph. Galle ca.1587, is listed in A-B p.513, sub
  albo E 108. The sequence of the engravings in these two editions
  is not the same.</note>

  <inscrip>Forum Boarium, Romae</inscrip>

  <size>21.7 x 29.5 cm</size>

  <note>(Engraving n.14)</note>

  <ref>A-B p.189, n.1884</ref>
</record>

<record>
  <num>C547</num>

  <subj>Views Of Rome And Of Other Cities And Places</subj>

  <inscrip>Ruinarum varii prospectus ruriumque aliquot
  delineationes</inscrip>

  <engrv>Philippe and/or Theodore Galle after Henri Cleve</engrv>

  <city>[Antwerp]</city>

  <pub>Philippe and/or Theodore Galle</pub>

  <date>[1600?]</date>

  <ref>Hol v.4, pl.170, n.1-38 and v.7, p.80, n.423-460</ref>

  <ref>BM v.40, col.386 s.v. Cleef (Henri van)</ref>

  <ref>Mon v.3, n.879 and n.1626</ref>

  <note>H. van Cleve's signature and monogram appear on all 38
  engravings with the exception of engraving n.22 of the set (C
  554) which lacks the monogram. Philip Galle's signature also
  appears on all the engravings while that of his son Theodore
  appears on engraving n.1 (C 533) only. An earlier edition of the 
  <uln>Ruinarum</uln>

  , published by Ph. Galle ca.1587, is listed in A-B p.513, sub
  albo E 108. The sequence of the engravings in these two editions
  is not the same.</note>

  <inscrip>Belvedere Romanum</inscrip>

  <size>21.5 x 29.5 cm</size>

  <note>(Engraving n.15)</note>

  <ref>A-B p.402, n.3972</ref>
</record>

<record>
  <num>C548</num>

  <subj>Views Of Rome And Of Other Cities And Places</subj>

  <inscrip>Ruinarum varii prospectus ruriumque aliquot
  delineationes</inscrip>

  <engrv>Philippe and/or Theodore Galle after Henri Cleve</engrv>

  <city>[Antwerp]</city>

  <pub>Philippe and/or Theodore Galle</pub>

  <date>[1600?]</date>

  <ref>Hol v.4, pl.170, n.1-38 and v.7, p.80, n.423-460</ref>

  <ref>BM v.40, col.386 s.v. Cleef (Henri van)</ref>

  <ref>Mon v.3, n.879 and n.1626</ref>

  <note>H. van Cleve's signature and monogram appear on all 38
  engravings with the exception of engraving n.22 of the set (C
  554) which lacks the monogram. Philip Galle's signature also
  appears on all the engravings while that of his son Theodore
  appears on engraving n.1 (C 533) only. An earlier edition of the 
  <uln>Ruinarum</uln>

  , published by Ph. Galle ca.1587, is listed in A-B p.513, sub
  albo E 108. The sequence of the engravings in these two editions
  is not the same.</note>

  <inscrip>S. Maria Rotunda</inscrip>

  <size>21.5 x 29.5 cm</size>

  <note>(Engraving n.16)</note>

  <ref>A-B p.257, n.2555</ref>
</record>

<record>
  <num>C549</num>

  <subj>Views Of Rome And Of Other Cities And Places</subj>

  <inscrip>Ruinarum varii prospectus ruriumque aliquot
  delineationes</inscrip>

  <engrv>Philippe and/or Theodore Galle after Henri Cleve</engrv>

  <city>[Antwerp]</city>

  <pub>Philippe and/or Theodore Galle</pub>

  <date>[1600?]</date>

  <ref>Hol v.4, pl.170, n.1-38 and v.7, p.80, n.423-460</ref>

  <ref>BM v.40, col.386 s.v. Cleef (Henri van)</ref>

  <ref>Mon v.3, n.879 and n.1626</ref>

  <note>H. van Cleve's signature and monogram appear on all 38
  engravings with the exception of engraving n.22 of the set (C
  554) which lacks the monogram. Philip Galle's signature also
  appears on all the engravings while that of his son Theodore
  appears on engraving n.1 (C 533) only. An earlier edition of the 
  <uln>Ruinarum</uln>

  , published by Ph. Galle ca.1587, is listed in A-B p.513, sub
  albo E 108. The sequence of the engravings in these two editions
  is not the same.</note>

  <inscrip>Pons quatuor capitum</inscrip>

  <size>21.7 x 29.5 cm</size>

  <note>(Engraving n.17)</note>

  <ref>A-B p.276, n.2757</ref>
</record>

<record>
  <num>C550</num>

  <subj>Views Of Rome And Of Other Cities And Places</subj>

  <inscrip>Ruinarum varii prospectus ruriumque aliquot
  delineationes</inscrip>

  <engrv>Philippe and/or Theodore Galle after Henri Cleve</engrv>

  <city>[Antwerp]</city>

  <pub>Philippe and/or Theodore Galle</pub>

  <date>[1600?]</date>

  <ref>Hol v.4, pl.170, n.1-38 and v.7, p.80, n.423-460</ref>

  <ref>BM v.40, col.386 s.v. Cleef (Henri van)</ref>

  <ref>Mon v.3, n.879 and n.1626</ref>

  <note>H. van Cleve's signature and monogram appear on all 38
  engravings with the exception of engraving n.22 of the set (C
  554) which lacks the monogram. Philip Galle's signature also
  appears on all the engravings while that of his son Theodore
  appears on engraving n.1 (C 533) only. An earlier edition of the 
  <uln>Ruinarum</uln>

  , published by Ph. Galle ca.1587, is listed in A-B p.513, sub
  albo E 108. The sequence of the engravings in these two editions
  is not the same.</note>

  <inscrip>Farnesiorum palatium</inscrip>

  <size>22 x 29.5 cm</size>

  <note>(Engraving n.18)</note>

  <ref>A-B p.235, n.2328</ref>
</record>

<record>
  <num>C551</num>

  <subj>Views Of Rome And Of Other Cities And Places</subj>

  <inscrip>Ruinarum varii prospectus ruriumque aliquot
  delineationes</inscrip>

  <engrv>Philippe and/or Theodore Galle after Henri Cleve</engrv>

  <city>[Antwerp]</city>

  <pub>Philippe and/or Theodore Galle</pub>

  <date>[1600?]</date>

  <ref>Hol v.4, pl.170, n.1-38 and v.7, p.80, n.423-460</ref>

  <ref>BM v.40, col.386 s.v. Cleef (Henri van)</ref>

  <ref>Mon v.3, n.879 and n.1626</ref>

  <note>H. van Cleve's signature and monogram appear on all 38
  engravings with the exception of engraving n.22 of the set (C
  554) which lacks the monogram. Philip Galle's signature also
  appears on all the engravings while that of his son Theodore
  appears on engraving n.1 (C 533) only. An earlier edition of the 
  <uln>Ruinarum</uln>

  , published by Ph. Galle ca.1587, is listed in A-B p.513, sub
  albo E 108. The sequence of the engravings in these two editions
  is not the same.</note>

  <inscrip>Fons Aemilii, in Graecia</inscrip>

  <size>21.7 x 29.5 cm</size>

  <note>(Engraving n.19)</note>
</record>

<record>
  <num>C552</num>

  <subj>Views Of Rome And Of Other Cities And Places</subj>

  <inscrip>Ruinarum varii prospectus ruriumque aliquot
  delineationes</inscrip>

  <engrv>Philippe and/or Theodore Galle after Henri Cleve</engrv>

  <city>[Antwerp]</city>

  <pub>Philippe and/or Theodore Galle</pub>

  <date>[1600?]</date>

  <ref>Hol v.4, pl.170, n.1-38 and v.7, p.80, n.423-460</ref>

  <ref>BM v.40, col.386 s.v. Cleef (Henri van)</ref>

  <ref>Mon v.3, n.879 and n.1626</ref>

  <note>H. van Cleve's signature and monogram appear on all 38
  engravings with the exception of engraving n.22 of the set (C
  554) which lacks the monogram. Philip Galle's signature also
  appears on all the engravings while that of his son Theodore
  appears on engraving n.1 (C 533) only. An earlier edition of the 
  <uln>Ruinarum</uln>

  , published by Ph. Galle ca.1587, is listed in A-B p.513, sub
  albo E 108. The sequence of the engravings in these two editions
  is not the same.</note>

  <inscrip>Venorii templum, in Graecia</inscrip>

  <size>21.7 x 29.5 cm</size>

  <note>(Engraving n.20)</note>
</record>

<record>
  <num>C553</num>

  <subj>Views Of Rome And Of Other Cities And Places</subj>

  <inscrip>Ruinarum varii prospectus ruriumque aliquot
  delineationes</inscrip>

  <engrv>Philippe and/or Theodore Galle after Henri Cleve</engrv>

  <city>[Antwerp]</city>

  <pub>Philippe and/or Theodore Galle</pub>

  <date>[1600?]</date>

  <ref>Hol v.4, pl.170, n.1-38 and v.7, p.80, n.423-460</ref>

  <ref>BM v.40, col.386 s.v. Cleef (Henri van)</ref>

  <ref>Mon v.3, n.879 and n.1626</ref>

  <note>H. van Cleve's signature and monogram appear on all 38
  engravings with the exception of engraving n.22 of the set (C
  554) which lacks the monogram. Philip Galle's signature also
  appears on all the engravings while that of his son Theodore
  appears on engraving n.1 (C 533) only. An earlier edition of the 
  <uln>Ruinarum</uln>

  , published by Ph. Galle ca.1587, is listed in A-B p.513, sub
  albo E 108. The sequence of the engravings in these two editions
  is not the same.</note>

  <inscrip>Portus Pontis nigri</inscrip>

  <size>21.7 x 29.5 cm</size>

  <note>(Engraving n. 21)</note>
</record>

<record>
  <num>C554</num>

  <subj>Views Of Rome And Of Other Cities And Places</subj>

  <inscrip>Ruinarum varii prospectus ruriumque aliquot
  delineationes</inscrip>

  <engrv>Philippe and/or Theodore Galle after Henri Cleve</engrv>

  <city>[Antwerp]</city>

  <pub>Philippe and/or Theodore Galle</pub>

  <date>[1600?]</date>

  <ref>Hol v.4, pl.170, n.1-38 and v.7, p.80, n.423-460</ref>

  <ref>BM v.40, col.386 s.v. Cleef (Henri van)</ref>

  <ref>Mon v.3, n.879 and n.1626</ref>

  <note>H. van Cleve's signature and monogram appear on all 38
  engravings with the exception of engraving n.22 of the set (C
  554) which lacks the monogram. Philip Galle's signature also
  appears on all the engravings while that of his son Theodore
  appears on engraving n.1 (C 533) only. An earlier edition of the 
  <uln>Ruinarum</uln>

  , published by Ph. Galle ca.1587, is listed in A-B p.513, sub
  albo E 108. The sequence of the engravings in these two editions
  is not the same.</note>

  <inscrip>Calaris, in Sardinia</inscrip>

  <size>21.7 x 29.5 cm</size>

  <note>(Engraving n.22)</note>
</record>

<record>
  <num>C555</num>

  <subj>Views Of Rome And Of Other Cities And Places</subj>

  <inscrip>Ruinarum varii prospectus ruriumque aliquot
  delineationes</inscrip>

  <engrv>Philippe and/or Theodore Galle after Henri Cleve</engrv>

  <city>[Antwerp]</city>

  <pub>Philippe and/or Theodore Galle</pub>

  <date>[1600?]</date>

  <ref>Hol v.4, pl.170, n.1-38 and v.7, p.80, n.423-460</ref>

  <ref>BM v.40, col.386 s.v. Cleef (Henri van)</ref>

  <ref>Mon v.3, n.879 and n.1626</ref>

  <note>H. van Cleve's signature and monogram appear on all 38
  engravings with the exception of engraving n.22 of the set (C
  554) which lacks the monogram. Philip Galle's signature also
  appears on all the engravings while that of his son Theodore
  appears on engraving n.1 (C 533) only. An earlier edition of the 
  <uln>Ruinarum</uln>

  , published by Ph. Galle ca.1587, is listed in A-B p.513, sub
  albo E 108. The sequence of the engravings in these two editions
  is not the same.</note>

  <inscrip>Cataractes Tiburti</inscrip>

  <size>21.7 x 29.5 cm</size>

  <note>(Engraving n.23)</note>

  <ref>A-B p.452, n.4480</ref>
</record>

<record>
  <num>C556</num>

  <subj>Views Of Rome And Of Other Cities And Places</subj>

  <inscrip>Ruinarum varii prospectus ruriumque aliquot
  delineationes</inscrip>

  <engrv>Philippe and/or Theodore Galle after Henri Cleve</engrv>

  <city>[Antwerp]</city>

  <pub>Philippe and/or Theodore Galle</pub>

  <date>[1600?]</date>

  <ref>Hol v.4, pl.170, n.1-38 and v.7, p.80, n.423-460</ref>

  <ref>BM v.40, col.386 s.v. Cleef (Henri van)</ref>

  <ref>Mon v.3, n.879 and n.1626</ref>

  <note>H. van Cleve's signature and monogram appear on all 38
  engravings with the exception of engraving n.22 of the set (C
  554) which lacks the monogram. Philip Galle's signature also
  appears on all the engravings while that of his son Theodore
  appears on engraving n.1 (C 533) only. An earlier edition of the 
  <uln>Ruinarum</uln>

  , published by Ph. Galle ca.1587, is listed in A-B p.513, sub
  albo E 108. The sequence of the engravings in these two editions
  is not the same.</note>

  <inscrip>Templum Fortunae, Praenestae</inscrip>

  <size>21.7 x 29.5 cm</size>

  <note>(Engraving n.24)</note>

  <ref>A-B p.444, n.4393</ref>
</record>

<record>
  <num>C557</num>

  <subj>Views Of Rome And Of Other Cities And Places</subj>

  <inscrip>Ruinarum varii prospectus ruriumque aliquot
  delineationes</inscrip>

  <engrv>Philippe and/or Theodore Galle after Henri Cleve</engrv>

  <city>[Antwerp]</city>

  <pub>Philippe and/or Theodore Galle</pub>

  <date>[1600?]</date>

  <ref>Hol v.4, pl.170, n.1-38 and v.7, p.80, n.423-460</ref>

  <ref>BM v.40, col.386 s.v. Cleef (Henri van)</ref>

  <ref>Mon v.3, n.879 and n.1626</ref>

  <note>H. van Cleve's signature and monogram appear on all 38
  engravings with the exception of engraving n.22 of the set (C
  554) which lacks the monogram. Philip Galle's signature also
  appears on all the engravings while that of his son Theodore
  appears on engraving n.1 (C 533) only. An earlier edition of the 
  <uln>Ruinarum</uln>

  , published by Ph. Galle ca.1587, is listed in A-B p.513, sub
  albo E 108. The sequence of the engravings in these two editions
  is not the same.</note>

  <inscrip>Villae Hadriani prospectus</inscrip>

  <size>21.7 x 29.5 cm</size>

  <note>(Engraving n.25)</note>

  <ref>A-B p.463, n.4615</ref>
</record>

<record>
  <num>C558</num>

  <subj>Views Of Rome And Of Other Cities And Places</subj>

  <inscrip>Ruinarum varii prospectus ruriumque aliquot
  delineationes</inscrip>

  <engrv>Philippe and/or Theodore Galle after Henri Cleve</engrv>

  <city>[Antwerp]</city>

  <pub>Philippe and/or Theodore Galle</pub>

  <date>[1600?]</date>

  <ref>Hol v.4, pl.170, n.1-38 and v.7, p.80, n.423-460</ref>

  <ref>BM v.40, col.386 s.v. Cleef (Henri van)</ref>

  <ref>Mon v.3, n.879 and n.1626</ref>

  <note>H. van Cleve's signature and monogram appear on all 38
  engravings with the exception of engraving n.22 of the set (C
  554) which lacks the monogram. Philip Galle's signature also
  appears on all the engravings while that of his son Theodore
  appears on engraving n.1 (C 533) only. An earlier edition of the 
  <uln>Ruinarum</uln>

  , published by Ph. Galle ca.1587, is listed in A-B p.513, sub
  albo E 108. The sequence of the engravings in these two editions
  is not the same.</note>

  <inscrip>Corfu insula</inscrip>

  <size>21.7 x 29.5 cm</size>

  <note>(Engraving n.26)</note>
</record>

<record>
  <num>C559</num>

  <subj>Views Of Rome And Of Other Cities And Places</subj>

  <inscrip>Ruinarum varii prospectus ruriumque aliquot
  delineationes</inscrip>

  <engrv>Philippe and/or Theodore Galle after Henri Cleve</engrv>

  <city>[Antwerp]</city>

  <pub>Philippe and/or Theodore Galle</pub>

  <date>[1600?]</date>

  <ref>Hol v.4, pl.170, n.1-38 and v.7, p.80, n.423-460</ref>

  <ref>BM v.40, col.386 s.v. Cleef (Henri van)</ref>

  <ref>Mon v.3, n.879 and n.1626</ref>

  <note>H. van Cleve's signature and monogram appear on all 38
  engravings with the exception of engraving n.22 of the set (C
  554) which lacks the monogram. Philip Galle's signature also
  appears on all the engravings while that of his son Theodore
  appears on engraving n.1 (C 533) only. An earlier edition of the 
  <uln>Ruinarum</uln>

  , published by Ph. Galle ca.1587, is listed in A-B p.513, sub
  albo E 108. The sequence of the engravings in these two editions
  is not the same.</note>

  <inscrip>Dresda</inscrip>

  <size>21.7 x 29.5 cm</size>

  <note>(Engraving n.27)</note>
</record>

<record>
  <num>C560</num>

  <subj>Views Of Rome And Of Other Cities And Places</subj>

  <inscrip>Ruinarum varii prospectus ruriumque aliquot
  delineationes</inscrip>

  <engrv>Philippe and/or Theodore Galle after Henri Cleve</engrv>

  <city>[Antwerp]</city>

  <pub>Philippe and/or Theodore Galle</pub>

  <date>[1600?]</date>

  <ref>Hol v.4, pl.170, n.1-38 and v.7, p.80, n.423-460</ref>

  <ref>BM v.40, col.386 s.v. Cleef (Henri van)</ref>

  <ref>Mon v.3, n.879 and n.1626</ref>

  <note>H. van Cleve's signature and monogram appear on all 38
  engravings with the exception of engraving n.22 of the set (C
  554) which lacks the monogram. Philip Galle's signature also
  appears on all the engravings while that of his son Theodore
  appears on engraving n.1 (C 533) only. An earlier edition of the 
  <uln>Ruinarum</uln>

  , published by Ph. Galle ca.1587, is listed in A-B p.513, sub
  albo E 108. The sequence of the engravings in these two editions
  is not the same.</note>

  <inscrip>Huium oppidum Leodiense</inscrip>

  <size>21.7 x 29.5 cm</size>

  <note>(Engraving n.28)</note>
</record>

<record>
  <num>C561</num>

  <subj>Views Of Rome And Of Other Cities And Places</subj>

  <inscrip>Ruinarum varii prospectus ruriumque aliquot
  delineationes</inscrip>

  <engrv>Philippe and/or Theodore Galle after Henri Cleve</engrv>

  <city>[Antwerp]</city>

  <pub>Philippe and/or Theodore Galle</pub>

  <date>[1600?]</date>

  <ref>Hol v.4, pl.170, n.1-38 and v.7, p.80, n.423-460</ref>

  <ref>BM v.40, col.386 s.v. Cleef (Henri van)</ref>

  <ref>Mon v.3, n.879 and n.1626</ref>

  <note>H. van Cleve's signature and monogram appear on all 38
  engravings with the exception of engraving n.22 of the set (C
  554) which lacks the monogram. Philip Galle's signature also
  appears on all the engravings while that of his son Theodore
  appears on engraving n.1 (C 533) only. An earlier edition of the 
  <uln>Ruinarum</uln>

  , published by Ph. Galle ca.1587, is listed in A-B p.513, sub
  albo E 108. The sequence of the engravings in these two editions
  is not the same.</note>

  <inscrip>Loreti opidi, Diuae Mariae sacri, effigies</inscrip>

  <size>21.5 x 29.5 cm</size>

  <note>(Engraving n.29)</note>
</record>

<record>
  <num>C562</num>

  <subj>Views Of Rome And Of Other Cities And Places</subj>

  <inscrip>Ruinarum varii prospectus ruriumque aliquot
  delineationes</inscrip>

  <engrv>Philippe and/or Theodore Galle after Henri Cleve</engrv>

  <city>[Antwerp]</city>

  <pub>Philippe and/or Theodore Galle</pub>

  <date>[1600?]</date>

  <ref>Hol v.4, pl.170, n.1-38 and v.7, p.80, n.423-460</ref>

  <ref>BM v.40, col.386 s.v. Cleef (Henri van)</ref>

  <ref>Mon v.3, n.879 and n.1626</ref>

  <note>H. van Cleve's signature and monogram appear on all 38
  engravings with the exception of engraving n.22 of the set (C
  554) which lacks the monogram. Philip Galle's signature also
  appears on all the engravings while that of his son Theodore
  appears on engraving n.1 (C 533) only. An earlier edition of the 
  <uln>Ruinarum</uln>

  , published by Ph. Galle ca.1587, is listed in A-B p.513, sub
  albo E 108. The sequence of the engravings in these two editions
  is not the same.</note>

  <inscrip>Ericis portus</inscrip>

  <size>21.7 x 29.5 cm</size>

  <note>(Engraving n.30)</note>
</record>

<record>
  <num>C563</num>

  <subj>Views Of Rome And Of Other Cities And Places</subj>

  <inscrip>Ruinarum varii prospectus ruriumque aliquot
  delineationes</inscrip>

  <engrv>Philippe and/or Theodore Galle after Henri Cleve</engrv>

  <city>[Antwerp]</city>

  <pub>Philippe and/or Theodore Galle</pub>

  <date>[1600?]</date>

  <ref>Hol v.4, pl.170, n.1-38 and v.7, p.80, n.423-460</ref>

  <ref>BM v.40, col.386 s.v. Cleef (Henri van)</ref>

  <ref>Mon v.3, n.879 and n.1626</ref>

  <note>H. van Cleve's signature and monogram appear on all 38
  engravings with the exception of engraving n.22 of the set (C
  554) which lacks the monogram. Philip Galle's signature also
  appears on all the engravings while that of his son Theodore
  appears on engraving n.1 (C 533) only. An earlier edition of the 
  <uln>Ruinarum</uln>

  , published by Ph. Galle ca.1587, is listed in A-B p.513, sub
  albo E 108. The sequence of the engravings in these two editions
  is not the same.</note>

  <inscrip>Neapolitanae urbis pars</inscrip>

  <size>21.5 x 29.5 cm</size>

  <note>(Engraving n.31)</note>
</record>

<record>
  <num>C564</num>

  <subj>Views Of Rome And Of Other Cities And Places</subj>

  <inscrip>Ruinarum varii prospectus ruriumque aliquot
  delineationes</inscrip>

  <engrv>Philippe and/or Theodore Galle after Henri Cleve</engrv>

  <city>[Antwerp]</city>

  <pub>Philippe and/or Theodore Galle</pub>

  <date>[1600?]</date>

  <ref>Hol v.4, pl.170, n.1-38 and v.7, p.80, n.423-460</ref>

  <ref>BM v.40, col.386 s.v. Cleef (Henri van)</ref>

  <ref>Mon v.3, n.879 and n.1626</ref>

  <note>H. van Cleve's signature and monogram appear on all 38
  engravings with the exception of engraving n.22 of the set (C
  554) which lacks the monogram. Philip Galle's signature also
  appears on all the engravings while that of his son Theodore
  appears on engraving n.1 (C 533) only. An earlier edition of the 
  <uln>Ruinarum</uln>

  , published by Ph. Galle ca.1587, is listed in A-B p.513, sub
  albo E 108. The sequence of the engravings in these two editions
  is not the same.</note>

  <inscrip>Inventio pictoria. Henrici Clivensis</inscrip>

  <size>21.7 x 29.5 cm</size>

  <note>(Engraving n.32)</note>
</record>

<record>
  <num>C565</num>

  <subj>Views Of Rome And Of Other Cities And Places</subj>

  <inscrip>Ruinarum varii prospectus ruriumque aliquot
  delineationes</inscrip>

  <engrv>Philippe and/or Theodore Galle after Henri Cleve</engrv>

  <city>[Antwerp]</city>

  <pub>Philippe and/or Theodore Galle</pub>

  <date>[1600?]</date>

  <ref>Hol v.4, pl.170, n.1-38 and v.7, p.80, n.423-460</ref>

  <ref>BM v.40, col.386 s.v. Cleef (Henri van)</ref>

  <ref>Mon v.3, n.879 and n.1626</ref>

  <note>H. van Cleve's signature and monogram appear on all 38
  engravings with the exception of engraving n.22 of the set (C
  554) which lacks the monogram. Philip Galle's signature also
  appears on all the engravings while that of his son Theodore
  appears on engraving n.1 (C 533) only. An earlier edition of the 
  <uln>Ruinarum</uln>

  , published by Ph. Galle ca.1587, is listed in A-B p.513, sub
  albo E 108. The sequence of the engravings in these two editions
  is not the same.</note>

  <inscrip>Puteoli</inscrip>

  <size>21.5 x 29.5 cm</size>

  <note>(Engraving n.33)</note>
</record>

<record>
  <num>C566</num>

  <subj>Views Of Rome And Of Other Cities And Places</subj>

  <inscrip>Ruinarum varii prospectus ruriumque aliquot
  delineationes</inscrip>

  <engrv>Philippe and/or Theodore Galle after Henri Cleve</engrv>

  <city>[Antwerp]</city>

  <pub>Philippe and/or Theodore Galle</pub>

  <date>[1600?]</date>

  <ref>Hol v.4, pl.170, n.1-38 and v.7, p.80, n.423-460</ref>

  <ref>BM v.40, col.386 s.v. Cleef (Henri van)</ref>

  <ref>Mon v.3, n.879 and n.1626</ref>

  <note>H. van Cleve's signature and monogram appear on all 38
  engravings with the exception of engraving n.22 of the set (C
  554) which lacks the monogram. Philip Galle's signature also
  appears on all the engravings while that of his son Theodore
  appears on engraving n.1 (C 533) only. An earlier edition of the 
  <uln>Ruinarum</uln>

  , published by Ph. Galle ca.1587, is listed in A-B p.513, sub
  albo E 108. The sequence of the engravings in these two editions
  is not the same.</note>

  <inscrip>Sepulcrum trium Horatiorum</inscrip>

  <size>21.5 x 29.5 cm</size>

  <note>(Engraving n.34)</note>

  <ref>A-B p.413, n.4040</ref>
</record>

<record>
  <num>C567</num>

  <subj>Views Of Rome And Of Other Cities And Places</subj>

  <inscrip>Ruinarum varii prospectus ruriumque aliquot
  delineationes</inscrip>

  <engrv>Philippe and/or Theodore Galle after Henri Cleve</engrv>

  <city>[Antwerp]</city>

  <pub>Philippe and/or Theodore Galle</pub>

  <date>[1600?]</date>

  <ref>Hol v.4, pl.170, n.1-38 and v.7, p.80, n.423-460</ref>

  <ref>BM v.40, col.386 s.v. Cleef (Henri van)</ref>

  <ref>Mon v.3, n.879 and n.1626</ref>

  <note>H. van Cleve's signature and monogram appear on all 38
  engravings with the exception of engraving n.22 of the set (C
  554) which lacks the monogram. Philip Galle's signature also
  appears on all the engravings while that of his son Theodore
  appears on engraving n.1 (C 533) only. An earlier edition of the 
  <uln>Ruinarum</uln>

  , published by Ph. Galle ca.1587, is listed in A-B p.513, sub
  albo E 108. The sequence of the engravings in these two editions
  is not the same.</note>

  <inscrip>Hostia</inscrip>

  <size>21.5 x 29.5 cm</size>

  <note>(Engraving n.35)</note>

  <ref>A-B p.441, n.4364</ref>
</record>

<record>
  <num>C568</num>

  <subj>Views Of Rome And Of Other Cities And Places</subj>

  <inscrip>Ruinarum varii prospectus ruriumque aliquot
  delineationes</inscrip>

  <engrv>Philippe and/or Theodore Galle after Henri Cleve</engrv>

  <city>[Antwerp]</city>

  <pub>Philippe and/or Theodore Galle</pub>

  <date>[1600?]</date>

  <ref>Hol v.4, pl.170, n.1-38 and v.7, p.80, n.423-460</ref>

  <ref>BM v.40, col.386 s.v. Cleef (Henri van)</ref>

  <ref>Mon v.3, n.879 and n.1626</ref>

  <note>H. van Cleve's signature and monogram appear on all 38
  engravings with the exception of engraving n.22 of the set (C
  554) which lacks the monogram. Philip Galle's signature also
  appears on all the engravings while that of his son Theodore
  appears on engraving n.1 (C 533) only. An earlier edition of the 
  <uln>Ruinarum</uln>

  , published by Ph. Galle ca.1587, is listed in A-B p.513, sub
  albo E 108. The sequence of the engravings in these two editions
  is not the same.</note>

  <inscrip>Pontis effigies. In Tuscia uspiam</inscrip>

  <size>21.5 x 29.5 cm</size>

  <note>(Engraving n.36)</note>
</record>

<record>
  <num>C569</num>

  <subj>Views Of Rome And Of Other Cities And Places</subj>

  <inscrip>Ruinarum varii prospectus ruriumque aliquot
  delineationes</inscrip>

  <engrv>Philippe and/or Theodore Galle after Henri Cleve</engrv>

  <city>[Antwerp]</city>

  <pub>Philippe and/or Theodore Galle</pub>

  <date>[1600?]</date>

  <ref>Hol v.4, pl.170, n.1-38 and v.7, p.80, n.423-460</ref>

  <ref>BM v.40, col.386 s.v. Cleef (Henri van)</ref>

  <ref>Mon v.3, n.879 and n.1626</ref>

  <note>H. van Cleve's signature and monogram appear on all 38
  engravings with the exception of engraving n.22 of the set (C
  554) which lacks the monogram. Philip Galle's signature also
  appears on all the engravings while that of his son Theodore
  appears on engraving n.1 (C 533) only. An earlier edition of the 
  <uln>Ruinarum</uln>

  , published by Ph. Galle ca.1587, is listed in A-B p.513, sub
  albo E 108. The sequence of the engravings in these two editions
  is not the same.</note>

  <inscrip>Lacus Nemorensis sive Ariciae</inscrip>

  <size>21.7 x 29.5 cm</size>

  <note>(Engraving n.37)</note>

  <ref>A-B p.437, n.4318</ref>

  <note>Listed as n.28 in Hol v.4, p.170.</note>
</record>

<record>
  <num>C570</num>

  <subj>Views Of Rome And Of Other Cities And Places</subj>

  <inscrip>Ruinarum varii prospectus ruriumque aliquot
  delineationes</inscrip>

  <engrv>Philippe and/or Theodore Galle after Henri Cleve</engrv>

  <city>[Antwerp]</city>

  <pub>Philippe and/or Theodore Galle</pub>

  <date>[1600?]</date>

  <ref>Hol v.4, pl.170, n.1-38 and v.7, p.80, n.423-460</ref>

  <ref>BM v.40, col.386 s.v. Cleef (Henri van)</ref>

  <ref>Mon v.3, n.879 and n.1626</ref>

  <note>H. van Cleve's signature and monogram appear on all 38
  engravings with the exception of engraving n.22 of the set (C
  554) which lacks the monogram. Philip Galle's signature also
  appears on all the engravings while that of his son Theodore
  appears on engraving n.1 (C 533) only. An earlier edition of the 
  <uln>Ruinarum</uln>

  , published by Ph. Galle ca.1587, is listed in A-B p.513, sub
  albo E 108. The sequence of the engravings in these two editions
  is not the same.</note>

  <inscrip>Pons Segoviae in Hispania</inscrip>

  <size>21.7 x 29.5 cm</size>

  <note>(Engraving n.38) Listed as n.37 in Hol v.4, p.170.</note>
</record>

<record>
  <num>C571</num>

  <subj>Landscapes With Ruins</subj>

  <inscrip>Regionum, rurium, fundorumque, varii atque amoeni
  prospectus</inscrip>

  <engrv>Adriaen Collaert after Henri van Cleve</engrv>

  <city>[Antwerp]</city>

  <pub>Philippe Galle</pub>

  <date>1587</date>

  <ref>Hol v.4, p.170, n. 39-50 and p.206, n.547-558</ref>

  <ref>DeW p.119, n.10255-10263</ref>

  <note>Part of a set of 12 numbered engravings (missing are
  engravings n.11 and 12). All the plates bear the signatures of
  Henri van Cleve and Philippe Galle. The signature of Adriaen
  Collaert appears on engraving n.1 (C 571) only.</note>

  <inscrip>Regionum, rurium, fundorumque, varii atque amoeni
  prospectus</inscrip>

  <size>21.5 x 28.7 cm</size>

  <note>(Engraving n.1: title page)</note>
</record>

<record>
  <num>C572</num>

  <subj>Landscapes With Ruins</subj>

  <inscrip>Regionum, rurium, fundorumque, varii atque amoeni
  prospectus</inscrip>

  <engrv>Adriaen Collaert after Henri van Cleve</engrv>

  <city>[Antwerp]</city>

  <pub>Philippe Galle</pub>

  <date>1587</date>

  <ref>Hol v.4, p.170, n. 39-50 and p.206, n.547-558</ref>

  <ref>DeW p.119, n.10255-10263</ref>

  <note>Part of a set of 12 numbered engravings (missing are
  engravings n.11 and 12). All the plates bear the signatures of
  Henri van Cleve and Philippe Galle. The signature of Adriaen
  Collaert appears on engraving n.1 (C 571) only.</note>

  <size>21.5 x 29 cm</size>

  <note>(Engraving n.2)</note>
</record>

<record>
  <num>C573</num>

  <subj>Landscapes With Ruins</subj>

  <inscrip>Regionum, rurium, fundorumque, varii atque amoeni
  prospectus</inscrip>

  <engrv>Adriaen Collaert after Henri van Cleve</engrv>

  <city>[Antwerp]</city>

  <pub>Philippe Galle</pub>

  <date>1587</date>

  <ref>Hol v.4, p.170, n. 39-50 and p.206, n.547-558</ref>

  <ref>DeW p.119, n.10255-10263</ref>

  <note>Part of a set of 12 numbered engravings (missing are
  engravings n.11 and 12). All the plates bear the signatures of
  Henri van Cleve and Philippe Galle. The signature of Adriaen
  Collaert appears on engraving n.1 (C 571) only.</note>

  <size>21.7 x 29.5 cm</size>

  <note>(Engraving n.3)</note>
</record>

<record>
  <num>C574</num>

  <subj>Landscapes With Ruins</subj>

  <inscrip>Regionum, rurium, fundorumque, varii atque amoeni
  prospectus</inscrip>

  <engrv>Adriaen Collaert after Henri van Cleve</engrv>

  <city>[Antwerp]</city>

  <pub>Philippe Galle</pub>

  <date>1587</date>

  <ref>Hol v.4, p.170, n. 39-50 and p.206, n.547-558</ref>

  <ref>DeW p.119, n.10255-10263</ref>

  <note>Part of a set of 12 numbered engravings (missing are
  engravings n.11 and 12). All the plates bear the signatures of
  Henri van Cleve and Philippe Galle. The signature of Adriaen
  Collaert appears on engraving n.1 (C 571) only.</note>

  <size>21.5 x 29.5 cm</size>

  <note>(Engraving n.4)</note>
</record>

<record>
  <num>C575</num>

  <subj>Landscapes With Ruins</subj>

  <inscrip>Regionum, rurium, fundorumque, varii atque amoeni
  prospectus</inscrip>

  <engrv>Adriaen Collaert after Henri van Cleve</engrv>

  <city>[Antwerp]</city>

  <pub>Philippe Galle</pub>

  <date>1587</date>

  <ref>Hol v.4, p.170, n. 39-50 and p.206, n.547-558</ref>

  <ref>DeW p.119, n.10255-10263</ref>

  <note>Part of a set of 12 numbered engravings (missing are
  engravings n.11 and 12). All the plates bear the signatures of
  Henri van Cleve and Philippe Galle. The signature of Adriaen
  Collaert appears on engraving n.1 (C 571) only.</note>

  <size>21.5 x 29.5 cm</size>

  <note>(Engraving n.5)</note>
</record>

<record>
  <num>C576</num>

  <subj>Landscapes With Ruins</subj>

  <inscrip>Regionum, rurium, fundorumque, varii atque amoeni
  prospectus</inscrip>

  <engrv>Adriaen Collaert after Henri van Cleve</engrv>

  <city>[Antwerp]</city>

  <pub>Philippe Galle</pub>

  <date>1587</date>

  <ref>Hol v.4, p.170, n. 39-50 and p.206, n.547-558</ref>

  <ref>DeW p.119, n.10255-10263</ref>

  <note>Part of a set of 12 numbered engravings (missing are
  engravings n.11 and 12). All the plates bear the signatures of
  Henri van Cleve and Philippe Galle. The signature of Adriaen
  Collaert appears on engraving n.1 (C 571) only.</note>

  <size>21.5 x 29.5 cm</size>

  <note>(Engraving n.6)</note>
</record>

<record>
  <num>C577</num>

  <subj>Landscapes With Ruins</subj>

  <inscrip>Regionum, rurium, fundorumque, varii atque amoeni
  prospectus</inscrip>

  <engrv>Adriaen Collaert after Henri van Cleve</engrv>

  <city>[Antwerp]</city>

  <pub>Philippe Galle</pub>

  <date>1587</date>

  <ref>Hol v.4, p.170, n. 39-50 and p.206, n.547-558</ref>

  <ref>DeW p.119, n.10255-10263</ref>

  <note>Part of a set of 12 numbered engravings (missing are
  engravings n.11 and 12). All the plates bear the signatures of
  Henri van Cleve and Philippe Galle. The signature of Adriaen
  Collaert appears on engraving n.1 (C 571) only.</note>

  <size>21.5 x 29.5 cm</size>

  <note>(Engraving n.7)</note>
</record>

<record>
  <num>C578</num>

  <subj>Landscapes With Ruins</subj>

  <inscrip>Regionum, rurium, fundorumque, varii atque amoeni
  prospectus</inscrip>

  <engrv>Adriaen Collaert after Henri van Cleve</engrv>

  <city>[Antwerp]</city>

  <pub>Philippe Galle</pub>

  <date>1587</date>

  <ref>Hol v.4, p.170, n. 39-50 and p.206, n.547-558</ref>

  <ref>DeW p.119, n.10255-10263</ref>

  <note>Part of a set of 12 numbered engravings (missing are
  engravings n.11 and 12). All the plates bear the signatures of
  Henri van Cleve and Philippe Galle. The signature of Adriaen
  Collaert appears on engraving n.1 (C 571) only.</note>

  <size>21.5 x 29.5 cm</size>

  <note>(Engraving n.8)</note>
</record>

<record>
  <num>C579</num>

  <subj>Landscapes With Ruins</subj>

  <inscrip>Regionum, rurium, fundorumque, varii atque amoeni
  prospectus</inscrip>

  <engrv>Adriaen Collaert after Henri van Cleve</engrv>

  <city>[Antwerp]</city>

  <pub>Philippe Galle</pub>

  <date>1587</date>

  <ref>Hol v.4, p.170, n. 39-50 and p.206, n.547-558</ref>

  <ref>DeW p.119, n.10255-10263</ref>

  <note>Part of a set of 12 numbered engravings (missing are
  engravings n.11 and 12). All the plates bear the signatures of
  Henri van Cleve and Philippe Galle. The signature of Adriaen
  Collaert appears on engraving n.1 (C 571) only.</note>

  <size>21.5 x 29.5 cm</size>

  <note>(Engraving n.9)</note>
</record>

<record>
  <num>C580</num>

  <subj>Landscapes With Ruins</subj>

  <inscrip>Regionum, rurium, fundorumque, varii atque amoeni
  prospectus</inscrip>

  <engrv>Adriaen Collaert after Henri van Cleve</engrv>

  <city>[Antwerp]</city>

  <pub>Philippe Galle</pub>

  <date>1587</date>

  <ref>Hol v.4, p.170, n. 39-50 and p.206, n.547-558</ref>

  <ref>DeW p.119, n.10255-10263</ref>

  <note>Part of a set of 12 numbered engravings (missing are
  engravings n.11 and 12). All the plates bear the signatures of
  Henri van Cleve and Philippe Galle. The signature of Adriaen
  Collaert appears on engraving n.1 (C 571) only.</note>

  <size>21.7 x 29.3 cm</size>

  <note>(Engraving n.10)</note>
</record>

<record>
  <num>C581</num>

  <subj>Landscape With Ruins</subj>

  <engrv>Cornelis Danckerts after Hieronymus Cock</engrv>

  <city>[Antwerp?]</city>

  <pub>Cornelis Danckerts</pub>

  <date>[ca.1650?]</date>

  <size>14.8 x 20.8 cm</size>
</record>

<record>
  <num>C582</num>

  <subj>Roman Ruins</subj>

  <engrv>Hieronymus Cock</engrv>

  <city>[Antwerp?]</city>

  <pub>Hieronymus Cock</pub>

  <date>[after 1551?]</date>

  <note>Cf. the note to engravings B 236 to B 240.</note>

  <inscrip>Termina Diocletiani</inscrip>

  <size>15.5 x 21 cm</size>
</record>

<record>
  <num>C583</num>

  <subj>Roman Ruins</subj>

  <engrv>Hieronymus Cock</engrv>

  <city>[Antwerp?]</city>

  <pub>Hieronymus Cock</pub>

  <date>[after 1551?]</date>

  <note>Cf. the note to engravings B 236 to B 240.</note>

  <inscrip>Palatio maiori</inscrip>

  <size>15 x 20.5 cm</size>
</record>

<record>
  <num>C584</num>

  <subj>Landscapes With Ruins</subj>

  <engrv>Hieronymus Cock</engrv>

  <city>[Antwerp]</city>

  <pub>Hieronymus Cock</pub>

  <date>1562</date>

  <note>Probably part of the 
  <uln>Operum antiquorum Romanorum hinc inde per diversas Europae
  regiones extructorum reliquias ac ruinas...</uln>

  published by Hieronymus Cock in 1562 with either 21 engraved
  plates (Hol v.4, p.184, n.36-56) or with approximately 26 plates
  (BM v.41, col.10). The only dated engraving in the set listed
  here is C 590. Cock's signature appears on every
  engraving.</note>

  <size>15 x 20.5 cm</size>
</record>

<record>
  <num>C585</num>

  <subj>Landscapes With Ruins</subj>

  <engrv>Hieronymus Cock</engrv>

  <city>[Antwerp]</city>

  <pub>Hieronymus Cock</pub>

  <date>1562</date>

  <note>Probably part of the 
  <uln>Operum antiquorum Romanorum hinc inde per diversas Europae
  regiones extructorum reliquias ac ruinas...</uln>

  published by Hieronymus Cock in 1562 with either 21 engraved
  plates (Hol v.4, p.184, n.36-56) or with approximately 26 plates
  (BM v.41, col.10). The only dated engraving in the set listed
  here is C 590. Cock's signature appears on every
  engraving.</note>

  <size>15.2 x 20.8 cm</size>
</record>

<record>
  <num>C586</num>

  <subj>Landscapes With Ruins</subj>

  <engrv>Hieronymus Cock</engrv>

  <city>[Antwerp]</city>

  <pub>Hieronymus Cock</pub>

  <date>1562</date>

  <note>Probably part of the 
  <uln>Operum antiquorum Romanorum hinc inde per diversas Europae
  regiones extructorum reliquias ac ruinas...</uln>

  published by Hieronymus Cock in 1562 with either 21 engraved
  plates (Hol v.4, p.184, n.36-56) or with approximately 26 plates
  (BM v.41, col.10). The only dated engraving in the set listed
  here is C 590. Cock's signature appears on every
  engraving.</note>

  <size>15.7 x 21.3 cm</size>
</record>

<record>
  <num>C587</num>

  <subj>Landscapes With Ruins</subj>

  <engrv>Hieronymus Cock</engrv>

  <city>[Antwerp]</city>

  <pub>Hieronymus Cock</pub>

  <date>1562</date>

  <note>Probably part of the 
  <uln>Operum antiquorum Romanorum hinc inde per diversas Europae
  regiones extructorum reliquias ac ruinas...</uln>

  published by Hieronymus Cock in 1562 with either 21 engraved
  plates (Hol v.4, p.184, n.36-56) or with approximately 26 plates
  (BM v.41, col.10). The only dated engraving in the set listed
  here is C 590. Cock's signature appears on every
  engraving.</note>

  <size>15.2 x 21 cm</size>
</record>

<record>
  <num>C588</num>

  <subj>Landscapes With Ruins</subj>

  <engrv>Hieronymus Cock</engrv>

  <city>[Antwerp]</city>

  <pub>Hieronymus Cock</pub>

  <date>1562</date>

  <note>Probably part of the 
  <uln>Operum antiquorum Romanorum hinc inde per diversas Europae
  regiones extructorum reliquias ac ruinas...</uln>

  published by Hieronymus Cock in 1562 with either 21 engraved
  plates (Hol v.4, p.184, n.36-56) or with approximately 26 plates
  (BM v.41, col.10). The only dated engraving in the set listed
  here is C 590. Cock's signature appears on every
  engraving.</note>

  <size>15.5 x 21 cm</size>
</record>

<record>
  <num>C589</num>

  <subj>Landscapes With Ruins</subj>

  <engrv>Hieronymus Cock</engrv>

  <city>[Antwerp]</city>

  <pub>Hieronymus Cock</pub>

  <date>1562</date>

  <note>Probably part of the 
  <uln>Operum antiquorum Romanorum hinc inde per diversas Europae
  regiones extructorum reliquias ac ruinas...</uln>

  published by Hieronymus Cock in 1562 with either 21 engraved
  plates (Hol v.4, p.184, n.36-56) or with approximately 26 plates
  (BM v.41, col.10). The only dated engraving in the set listed
  here is C 590. Cock's signature appears on every
  engraving.</note>

  <size>15 x 20.7 cm</size>
</record>

<record>
  <num>C590</num>

  <subj>Landscapes With Ruins</subj>

  <engrv>Hieronymus Cock</engrv>

  <city>[Antwerp]</city>

  <pub>Hieronymus Cock</pub>

  <date>1562</date>

  <note>Probably part of the 
  <uln>Operum antiquorum Romanorum hinc inde per diversas Europae
  regiones extructorum reliquias ac ruinas...</uln>

  published by Hieronymus Cock in 1562 with either 21 engraved
  plates (Hol v.4, p.184, n.36-56) or with approximately 26 plates
  (BM v.41, col.10). The only dated engraving in the set listed
  here is C 590. Cock's signature appears on every
  engraving.</note>

  <size>15 x 21 cm</size>

  <date>(dated 1562)</date>
</record>

<record>
  <num>C591</num>

  <subj>Landscapes With Ruins</subj>

  <engrv>Hieronymus Cock</engrv>

  <city>[Antwerp]</city>

  <pub>Hieronymus Cock</pub>

  <date>1562</date>

  <note>Probably part of the 
  <uln>Operum antiquorum Romanorum hinc inde per diversas Europae
  regiones extructorum reliquias ac ruinas...</uln>

  published by Hieronymus Cock in 1562 with either 21 engraved
  plates (Hol v.4, p.184, n.36-56) or with approximately 26 plates
  (BM v.41, col.10). The only dated engraving in the set listed
  here is C 590. Cock's signature appears on every
  engraving.</note>

  <size>20.5 x 15.8 cm</size>
</record>

<record>
  <num>C592</num>

  <subj>Landscapes With Ruins</subj>

  <engrv>Hieronymus Cock</engrv>

  <city>[Antwerp]</city>

  <pub>Hieronymus Cock</pub>

  <date>1562</date>

  <note>Probably part of the 
  <uln>Operum antiquorum Romanorum hinc inde per diversas Europae
  regiones extructorum reliquias ac ruinas...</uln>

  published by Hieronymus Cock in 1562 with either 21 engraved
  plates (Hol v.4, p.184, n.36-56) or with approximately 26 plates
  (BM v.41, col.10). The only dated engraving in the set listed
  here is C 590. Cock's signature appears on every
  engraving.</note>

  <size>21 x 15.3 cm</size>
</record>

<record>
  <num>C593</num>

  <subj>Landscapes With Ruins</subj>

  <engrv>[In the manner of Hieronymus Cock]</engrv>

  <city>s.l.</city>

  <pub>s.n.</pub>

  <date>s.d.</date>

  <size>15.1 x 21 cm</size>
</record>

<record>
  <num>C594</num>

  <subj>Landscapes With Ruins</subj>

  <engrv>[In the manner of Hieronymus Cock]</engrv>

  <city>s.l.</city>

  <pub>s.n.</pub>

  <date>s.d.</date>

  <size>15 x 20.7 cm</size>
</record>

<record>
  <num>C595</num>

  <subj>Landscapes With Ruins</subj>

  <engrv>[In the manner of Hieronymus Cock]</engrv>

  <city>s.l.</city>

  <pub>s.n.</pub>

  <date>s.d.</date>

  <size>15.5 x 21 cm</size>
</record>

<record>
  <num>C596</num>

  <subj>Landscapes With Ruins</subj>

  <engrv>[In the manner of Hieronymus Cock]</engrv>

  <city>s.l.</city>

  <pub>s.n.</pub>

  <date>s.d.</date>

  <size>13.7 x 20.7 cm</size>
</record>

<record>
  <num>C597</num>

  <subj>St. Peter's Basilica And Castle Of S. Angelo</subj>

  <inscrip>Veue de l'Eglise Sainct Pierre, et du Chasteau Sainct
  Ange</inscrip>

  <engrv>[Israel Silvestre]</engrv>

  <city>[Paris]</city>

  <pub>[Israel Silvestre]</pub>

  <date>[ca.1650]</date>

  <size>12 x 25 cm</size>

  <ref>A-B p.380, n.3781</ref>
</record>

<record>
  <num>C598</num>

  <subj>Roman Churches</subj>

  <inscrip>[Les Eglises des Stations de Rome]</inscrip>

  <engrv>Israel [Silvestre]</engrv>

  <city>[Paris]</city>

  <pub>[Israel Silvestre]</pub>

  <date>[ca.1650]</date>

  <ref>NaKL v.18, p.433, n.38</ref>

  <ref>Mon v.4, p.139, n.432 and p.147, n.473</ref>

  <ref>T-B v.31, p.35</ref>

  <note>Probably part of a set of at least 12 engravings. According
  to A-B, engravings C 597 and C 599-601 bore numbers 15, 17, 16,
  and 13 respectively in an edition which they refer to as "Albo E
  59", but which they fail to include in their bibliography (cf.
  p.514 of their catalogue). All four engravings have also a French
  and a Latin inscription.</note>

  <inscrip>S. Sebastiano</inscrip>

  <size>12.5 x 25 cm</size>

  <note>(Engraving n.6)</note>
</record>

<record>
  <num>C599</num>

  <subj>Roman Churches</subj>

  <inscrip>[Les Eglises des Stations de Rome]</inscrip>

  <engrv>Israel [Silvestre]</engrv>

  <city>[Paris]</city>

  <pub>[Israel Silvestre]</pub>

  <date>[ca.1650]</date>

  <ref>NaKL v.18, p.433, n.38</ref>

  <ref>Mon v.4, p.139, n.432 and p.147, n.473</ref>

  <ref>T-B v.31, p.35</ref>

  <note>Probably part of a set of at least 12 engravings. According
  to A-B, engravings C 597 and C 599-601 bore numbers 15, 17, 16,
  and 13 respectively in an edition which they refer to as "Albo E
  59", but which they fail to include in their bibliography (cf.
  p.514 of their catalogue). All four engravings have also a French
  and a Latin inscription.</note>

  <inscrip>S. Laurenzo</inscrip>

  <size>12 x 25 cm</size>

  <note>(Engraving n.7)</note>

  <ref>A-B p.108, n.1065</ref>
</record>

<record>
  <num>C600</num>

  <subj>Roman Churches</subj>

  <inscrip>[Les Eglises des Stations de Rome]</inscrip>

  <engrv>Israel [Silvestre]</engrv>

  <city>[Paris]</city>

  <pub>[Israel Silvestre]</pub>

  <date>[ca.1650]</date>

  <ref>NaKL v.18, p.433, n.38</ref>

  <ref>Mon v.4, p.139, n.432 and p.147, n.473</ref>

  <ref>T-B v.31, p.35</ref>

  <note>Probably part of a set of at least 12 engravings. According
  to A-B, engravings C 597 and C 599-601 bore numbers 15, 17, 16,
  and 13 respectively in an edition which they refer to as "Albo E
  59", but which they fail to include in their bibliography (cf.
  p.514 of their catalogue). All four engravings have also a French
  and a Latin inscription.</note>

  <inscrip>La Madona del Popolo</inscrip>

  <size>12.5 x 25 cm</size>

  <note>(Engraving n.8)</note>

  <ref>A-B p.122, n.1220</ref>
</record>

<record>
  <num>C601</num>

  <subj>Roman Churches</subj>

  <inscrip>[Les Eglises des Stations de Rome]</inscrip>

  <engrv>Israel [Silvestre]</engrv>

  <city>[Paris]</city>

  <pub>[Israel Silvestre]</pub>

  <date>[ca.1650]</date>

  <ref>NaKL v.18, p.433, n.38</ref>

  <ref>Mon v.4, p.139, n.432 and p.147, n.473</ref>

  <ref>T-B v.31, p.35</ref>

  <note>Probably part of a set of at least 12 engravings. According
  to A-B, engravings C 597 and C 599-601 bore numbers 15, 17, 16,
  and 13 respectively in an edition which they refer to as "Albo E
  59", but which they fail to include in their bibliography (cf.
  p.514 of their catalogue). All four engravings have also a French
  and a Latin inscription.</note>

  <inscrip>L'Anunciata</inscrip>

  <size>12.5 x 25 cm</size>

  <note>(Engraving n.9)</note>

  <ref>A-B p.112, n.1110</ref>
</record>

<record>
  <num>C602</num>

  <subj>View Of Rome</subj>

  <inscrip>Roma</inscrip>

  <engrv>Iohann de Ram (?)</engrv>

  <city>[Amsterdam]</city>

  <pub>Iohann de Ram</pub>

  <date>[late 17th century]</date>

  <size>18 x 22.5 cm</size>

  <ref>T-B v.27, p.584, s.v. Ram</ref>
</record>

<record>
  <num>C603</num>

  <subj>View Of Rome</subj>

  <inscrip>Rome</inscrip>

  <size>12 x 15.5 cm</size>
</record>

<record>
  <num>C604</num>

  <subj>Plan Of Ancient Rome</subj>

  <inscrip>Second plan de Rome, apres la reunion de Romulus et de
  Tatius</inscrip>

  <city>s.l.</city>

  <pub>s.n.</pub>

  <date>[ca.1770]</date>

  <size>15 x 8.5 cm</size>

  <ref>A-B p.11, n.89</ref>

  <note>Number V at upper right.</note>
</record>

<record>
  <num>C605</num>

  <subj>Map Of Rome</subj>

  <inscrip>Roma</inscrip>

  <size>14.5 x 11.5 cm</size>

  <note>Removed from the Latin version of a book which apparently
  dealt with cosmography.</note>
</record>

<record>
  <num>C606</num>

  <subj>Map Of Rome</subj>

  <inscrip>Die Stadt Rom</inscrip>

  <size>10.5 x 14 cm</size>

  <note>The same as engraving C 605. It was removed from the German
  version of the book conjectured in the note to engraving C
  605.</note>
</record>

<record>
  <num>C607</num>

  <subj>Military Trophies</subj>

  <inscrip>[Libro de diversi trophei (militari)...cavati da gli
  Antichi]</inscrip>

  <engrv>[Aenea Vico after Polidoro da Caravaggio]</engrv>

  <city>[Rome]</city>

  <pub>Ant. Lafreri</pub>

  <date>[1550-1553]</date>

  <ref>NaKL v.22, p.526, n.434-439</ref>

  <ref>L-A v.2, p.351 s.a. 1550</ref>

  <note>Part of a set of 16 numbered engravings.</note>

  <size>25 x 17 cm</size>

  <note>(Engraving n.5)</note>
</record>

<record>
  <num>C608</num>

  <subj>Military Trophies</subj>

  <inscrip>[Libro de diversi trophei (militari)...cavati da gli
  Antichi]</inscrip>

  <engrv>[Aenea Vico after Polidoro da Caravaggio]</engrv>

  <city>[Rome]</city>

  <pub>Ant. Lafreri</pub>

  <date>[1550-1553]</date>

  <ref>NaKL v.22, p.526, n.434-439</ref>

  <ref>L-A v.2, p.351 s.a. 1550</ref>

  <note>Part of a set of 16 numbered engravings.</note>

  <size>22 x 16 cm</size>

  <note>(Engraving n.10)</note>
</record>

<record>
  <num>C609</num>

  <subj>Military Trophies</subj>

  <inscrip>[Libro de diversi trophei (militari)...cavati da gli
  Antichi]</inscrip>

  <engrv>[Aenea Vico after Polidoro da Caravaggio]</engrv>

  <city>[Rome]</city>

  <pub>Ant. Lafreri</pub>

  <date>[1550-1553]</date>

  <ref>NaKL v.22, p.526, n.434-439</ref>

  <ref>L-A v.2, p.351 s.a. 1550</ref>

  <note>Part of a set of 16 numbered engravings.</note>

  <size>23 x 16 cm</size>

  <note>(Engraving n.15; dated 1550)</note>
</record>

<record>
  <num>C610</num>

  <subj>Military Trophies</subj>

  <inscrip>[Libro de diversi trophei (militari)...cavati da gli
  Antichi]</inscrip>

  <engrv>[Aenea Vico after Polidoro da Caravaggio]</engrv>

  <city>[Rome]</city>

  <pub>Ant. Lafreri</pub>

  <date>[1550-1553]</date>

  <ref>NaKL v.22, p.526, n.434-439</ref>

  <ref>L-A v.2, p.351 s.a. 1550</ref>

  <note>Part of a set of 16 numbered engravings.</note>

  <size>24.8 x 17.5 cm</size>

  <note>(Unnumbered engraving)</note>
</record>

<record>
  <num>C611</num>

  <subj>Military Trophies</subj>

  <inscrip>[Libro de diversi trophei (militari)...cavati da gli
  Antichi]</inscrip>

  <engrv>[Aenea Vico after Polidoro da Caravaggio]</engrv>

  <city>[Rome]</city>

  <pub>Ant. Lafreri</pub>

  <date>[1550-1553]</date>

  <ref>NaKL v.22, p.526, n.434-439</ref>

  <ref>L-A v.2, p.351 s.a. 1550</ref>

  <note>Part of a set of 16 numbered engravings.</note>

  <size>24.5 x 16.5 cm</size>

  <note>(Unnumbered engraving)</note>
</record>

<record>
  <num>C612</num>

  <subj>Military Trophies</subj>

  <inscrip>[Libro de diversi trophei (militari)...cavati da gli
  Antichi]</inscrip>

  <engrv>[Aenea Vico after Polidoro da Caravaggio]</engrv>

  <city>[Rome]</city>

  <pub>Ant. Lafreri</pub>

  <date>[1550-1553]</date>

  <ref>NaKL v.22, p.526, n.434-439</ref>

  <ref>L-A v.2, p.351 s.a. 1550</ref>

  <note>Part of a set of 16 numbered engravings.</note>

  <size>24.8 x 17.5 cm</size>

  <note>(Unnumbered engraving)</note>
</record>

<record>
  <num>C613</num>

  <subj>Military Trophies</subj>

  <engrv>Orazio Pacifico? after [Aenea Vico?]</engrv>

  <city>[Rome]</city>

  <pub>Antonio Salamanca</pub>

  <date>[1553-1562?]</date>

  <note>These engravings apparently belong to an enlarged edition
  (if not a different one) of the one catalogued under numbers C
  607 to C 612. Engraving C 613 is the only one signed. NaKL v.12,
  p.12 lists an engraver named H. Pacificus; he is not found in
  T-B.</note>

  <size>22 x 16.3 cm</size>

  <note>(Engraving n.18)</note>
</record>

<record>
  <num>C614</num>

  <subj>Military Trophies</subj>

  <engrv>Orazio Pacifico? after [Aenea Vico?]</engrv>

  <city>[Rome]</city>

  <pub>Antonio Salamanca</pub>

  <date>[1553-1562?]</date>

  <note>These engravings apparently belong to an enlarged edition
  (if not a different one) of the one catalogued under numbers C
  607 to C 612. Engraving C 613 is the only one signed. NaKL v.12,
  p.12 lists an engraver named H. Pacificus; he is not found in
  T-B.</note>

  <size>23.5 x 17.7 cm</size>

  <note>(Engraving n.22)</note>
</record>

<record>
  <num>C615</num>

  <subj>Military Trophies</subj>

  <engrv>Rene Boyvin</engrv>

  <city>[Rome?]</city>

  <pub>s.n.</pub>

  <date>1575-[1576]</date>

  <ref>L-A v.1, pp.196-97, n.1-6</ref>

  <note>Part of a set of 6 numbered engravings. All these
  engravings are signed and bear the monogram of Boyvin.</note>

  <size>25 x 17 cm</size>

  <note>(Engraving n.1; dated 1575)</note>
</record>

<record>
  <num>C616</num>

  <subj>Military Trophies</subj>

  <engrv>Rene Boyvin</engrv>

  <city>[Rome?]</city>

  <pub>s.n.</pub>

  <date>1575-[1576]</date>

  <ref>L-A v.1, pp.196-97, n.1-6</ref>

  <note>Part of a set of 6 numbered engravings. All these
  engravings are signed and bear the monogram of Boyvin.</note>

  <size>25 x 17 cm</size>

  <note>(Engraving n.3)</note>
</record>

<record>
  <num>C617</num>

  <subj>Military Trophies</subj>

  <engrv>Rene Boyvin</engrv>

  <city>[Rome?]</city>

  <pub>s.n.</pub>

  <date>1575-[1576]</date>

  <ref>L-A v.1, pp.196-97, n.1-6</ref>

  <note>Part of a set of 6 numbered engravings. All these
  engravings are signed and bear the monogram of Boyvin.</note>

  <size>24 x 17 cm</size>

  <note>(Engraving n.4)</note>
</record>

<record>
  <num>C618</num>

  <subj>Military Trophies</subj>

  <engrv>Rene Boyvin</engrv>

  <city>[Rome?]</city>

  <pub>s.n.</pub>

  <date>1575-[1576]</date>

  <ref>L-A v.1, pp.196-97, n.1-6</ref>

  <note>Part of a set of 6 numbered engravings. All these
  engravings are signed and bear the monogram of Boyvin.</note>

  <size>25 x 16.5 cm</size>

  <note>(Engraving n.6)</note>
</record>

<record>
  <num>C619</num>

  <subj>Venus Combing Cupid's Hair</subj>

  <inscrip>Belle Cypris avec l'ivoire...</inscrip>

  <size>17.5 x 10 cm</size>

  <note>Numbered 4 at lower right. The inscription consists of a
  quatrain.</note>
</record>

<record>
  <num>C620</num>

  <subj>Diana (?)</subj>

  <size>15.6 x 12 cm</size>
</record>

<record>
  <num>C621</num>

  <subj>Polyphemus And Galatea</subj>

  <engrv>[Marco Dente da Ravenna]</engrv>

  <city>[Rome]</city>

  <pub>Antonio Salamanca</pub>

  <date>[1538-1562]</date>

  <size>11 x 17.5 cm</size>

  <ref>NaKL v.14, p.19, n.52</ref>

  <ref>Ba v.14, p.182, n.224</ref>
</record>

<record>
  <num>C622</num>

  <subj>Cupid Riding On A Dolphin</subj>

  <size>11.1 x 15 cm</size>
</record>

<record>
  <num>C623</num>

  <subj>Vulcan (?), Venus And Three Cupids</subj>

  <engrv>Anon. after [Marco Dente da Ravenna]</engrv>

  <city>[Rome]</city>

  <pub>Antonio Salamanca</pub>

  <date>[1538-1562]</date>

  <size>11 x 17.5 cm</size>

  <ref>Ba v.14, p.184, n.227</ref>
</record>

<record>
  <num>C624</num>

  <subj>Nereid Carried By A Triton</subj>

  <engrv>Attributed to [Marcantonio Raimondi]</engrv>

  <city>[Rome]</city>

  <pub>Ant. Salamanca</pub>

  <date>[1538-1562]</date>

  <size>13 x 17 cm</size>

  <ref>Ba v.14, p.184, n.228</ref>

  <ref>NaKL v.13, p.483, n.220</ref>

  <ref>VA 1366</ref>
</record>

<record>
  <num>C625</num>

  <subj>Venus Injured By A Thorn</subj>

  <engrv>Attributed to [Francesco Villamena after Master B with the
  Die]</engrv>

  <city>[Rome]</city>

  <pub>[probably Francesco Villamena]</pub>

  <date>[before 1624]</date>

  <size>23 x 18 cm</size>

  <ref>Ba v.15, p.194, n.16</ref>

  <ref>NaKL v.1, p.342</ref>

  <ref>Praun, p.159, n.357</ref>
</record>

<record>
  <num>C626</num>

  <subj>Dance Of Fauns And Bacchai</subj>

  <engrv>Anon. after [Agostino Veneziano]</engrv>

  <city>s.l.</city>

  <pub>s.n.</pub>

  <date>s.a.</date>

  <huref>Hu 77a</huref>

  <ref>NaKL v.11, p.162, n.70</ref>

  <ref>Qu 253-54</ref>

  <size>18.5 x 27 cm</size>
</record>

<record>
  <num>C627</num>

  <subj>Dance Of Fauns And Bacchai</subj>

  <engrv>Anon. after [Agostino Veneziano]</engrv>

  <city>s.l.</city>

  <pub>s.n.</pub>

  <date>s.a.</date>

  <huref>Hu 77a</huref>

  <ref>NaKL v.11, p.162, n.70</ref>

  <ref>Qu 253-54</ref>

  <size>18.5 x 26 cm</size>
</record>

<record>
  <num>C628</num>

  <subj>Cupid Bringing Sheaves Of Wheat To Ceres</subj>

  <engrv>Anon. using the monogram of Giulio Bonasone</engrv>

  <city>s.l.</city>

  <pub>s.n.</pub>

  <date>s.a.</date>

  <size>13 x 15.5 cm</size>

  <ref>Ba v.15, p.174, n.2</ref>

  <ref>Qu 262</ref>
</record>

<record>
  <num>C629</num>

  <subj>Cupid Handing A Drinking Bowl To Bacchus</subj>

  <size>13.5 x 16 cm</size>

  <ref>Ba v.15, p.175, n.3</ref>

  <ref>Qu 263</ref>

  <note>Probably by the same anonymous engraver as number C 628,
  though without Giulio Bonasone's monogram.</note>
</record>

<record>
  <num>C630</num>

  <subj>Love Stories Of The Gods</subj>

  <inscrip>[Lascivie]</inscrip>

  <engrv>[Giovanni Jacopo Caraglio after Perino del Vaga and Rosso
  Rossi]</engrv>

  <city>s.l.</city>

  <pub>s.n.</pub>

  <date>[ca.1535?]</date>

  <ref>Ba v.15, p.72, n.31-50</ref>

  <ref>NaKL, v.2, p.425</ref>

  <ref>Vienna, p.53, n.552-566</ref>

  <ref>Huber, v.3, p.174, n.31-50</ref>

  <ref>Bryan, v.1, p.248</ref>

  <ref>T-B v.5, p.566</ref>

  <note>Part of a set of either 15 (Ba, NaKL, Vienna) or 20
  engravings (Huber, Bryan). None of the reference sources listed
  above mentions the 
  <uln>ottave</uln>

  which are part of the inscription. The collector's mark of Thomas
  Lawrence (1769-1830) appears on all three engravings (cf. Mon
  v.5, p.154, n.751).</note>

  <inscrip>Neptuno et Doride</inscrip>

  <size>22 x 13.5 cm</size>

  <note>(Engraving n.7)</note>

  <ref>Ba v.15, p.72, n.11</ref>
</record>

<record>
  <num>C631</num>

  <subj>Love Stories Of The Gods</subj>

  <inscrip>[Lascivie]</inscrip>

  <engrv>[Giovanni Jacopo Caraglio after Perino del Vaga and Rosso
  Rossi]</engrv>

  <city>s.l.</city>

  <pub>s.n.</pub>

  <date>[ca.1535?]</date>

  <ref>Ba v.15, p.72, n.31-50</ref>

  <ref>NaKL, v.2, p.425</ref>

  <ref>Vienna, p.53, n.552-566</ref>

  <ref>Huber, v.3, p.174, n.31-50</ref>

  <ref>Bryan, v.1, p.248</ref>

  <ref>T-B v.5, p.566</ref>

  <note>Part of a set of either 15 (Ba, NaKL, Vienna) or 20
  engravings (Huber, Bryan). None of the reference sources listed
  above mentions the 
  <uln>ottave</uln>

  which are part of the inscription. The collector's mark of Thomas
  Lawrence (1769-1830) appears on all three engravings (cf. Mon
  v.5, p.154, n.751).</note>

  <inscrip>Erigone</inscrip>

  <size>22 x 13.5 cm</size>

  <note>(Engraving n.15)</note>

  <ref>Ba v.15, p.74, n.14</ref>
</record>

<record>
  <num>C632</num>

  <subj>Love Stories Of The Gods</subj>

  <inscrip>[Lascivie]</inscrip>

  <engrv>[Giovanni Jacopo Caraglio after Perino del Vaga and Rosso
  Rossi]</engrv>

  <city>s.l.</city>

  <pub>s.n.</pub>

  <date>[ca.1535?]</date>

  <ref>Ba v.15, p.72, n.31-50</ref>

  <ref>NaKL, v.2, p.425</ref>

  <ref>Vienna, p.53, n.552-566</ref>

  <ref>Huber, v.3, p.174, n.31-50</ref>

  <ref>Bryan, v.1, p.248</ref>

  <ref>T-B v.5, p.566</ref>

  <note>Part of a set of either 15 (Ba, NaKL, Vienna) or 20
  engravings (Huber, Bryan). None of the reference sources listed
  above mentions the 
  <uln>ottave</uln>

  which are part of the inscription. The collector's mark of Thomas
  Lawrence (1769-1830) appears on all three engravings (cf. Mon
  v.5, p.154, n.751).</note>

  <inscrip>Vertuno et Pomona</inscrip>

  <size>22 x 13.5 cm</size>

  <note>(Engraving n.18)</note>

  <ref>Ba v.15, p.74, n.16</ref>

  <ref>Albertina, p.176, n.296</ref>
</record>

<record>
  <num>C633</num>

  <subj>Amor Fleeing Across The Ocean</subj>

  <inscrip>Sic fuga violenta monet</inscrip>

  <engrv>Anon. after Marco Dente da Ravenna (monogram)</engrv>

  <city>[Rome]</city>

  <pub>Antonio Salamanca</pub>

  <date>[1538-1562]</date>

  <size>12.5 x 17 cm</size>

  <ref>Ba v.14, p.179, n.219</ref>

  <ref>NaKL v.14, p.19, n.49</ref>

  <ref>Mon v.5, p.48, n.265</ref>

  <ref>VA 1247</ref>
</record>

<record>
  <num>C634</num>

  <subj>God Creating The Animals</subj>

  <inscrip>Brutas cuiusque generis animantes creat Genes.
  I</inscrip>

  <engrv>Francesco Villamena (monogram) after [Raphael]</engrv>

  <city>[Rome]</city>

  <pub>Francesco Villamena (?)</pub>

  <date>[before 1626]</date>

  <size>18 x 26 cm</size>

  <ref>NaKL v.23, p.15, n.32</ref>

  <ref>Mon v.1, p.578, n.1390</ref>

  <ref>Raphael-Villamena, 
  <uln>Sacra</uln>

  , pl.[4]</ref>

  <ref>Raphael-Borgiani, 
  <uln>Loggie</uln>

  , pl.4</ref>

  <ref>Raphael-Chapron, 
  <uln>Sacrae</uln>

  , pl.4</ref>
</record>

<record>
  <num>C635</num>

  <subj>The Evangelists</subj>

  <engrv>Hans Ladenspelder von Essen</engrv>

  <city>s.l.</city>

  <pub>s.n.</pub>

  <date>[ca.1545]</date>

  <ref>NaKL v.8, p.143, n.5-8</ref>

  <ref>Mon v.5, p.221, n.1130</ref>

  <note>Part of a set of four engravings.</note>

  <inscrip>[St. Mark]. Quia non est propheta sine honore nisi in
  patria sua &amp; in cognatione sua</inscrip>

  <size>13 x 9.5 cm</size>
</record>

<record>
  <num>C636</num>

  <subj>The Evangelists</subj>

  <engrv>Hans Ladenspelder von Essen</engrv>

  <city>s.l.</city>

  <pub>s.n.</pub>

  <date>[ca.1545]</date>

  <ref>NaKL v.8, p.143, n.5-8</ref>

  <ref>Mon v.5, p.221, n.1130</ref>

  <note>Part of a set of four engravings.</note>

  <inscrip>[St. Luke]. Non venibo care iustos sed peccatores ad
  poenitentiam</inscrip>

  <size>13 x 9.5 cm</size>
</record>

<record>
  <num>C637</num>

  <subj>The Flagellation Of Christ</subj>

  <engrv>Probably by Nicolo Nelli (monogram)</engrv>

  <city>[Venice?]</city>

  <pub>Nicolo Nelli</pub>

  <date>[ca.1570]</date>

  <size>13.5 x 18 cm</size>

  <ref>NaKL v.11, p.282</ref>

  <ref>Mon v.4, p.772, n.2488</ref>
</record>

<record>
  <num>C638</num>

  <subj>The Angel Of The Annunciation</subj>

  <inscrip>Spiritus Sanctus superveniet in te &amp; virtus
  altissimi obumbrabit tibi</inscrip>

  <size>13 x 14 cm</size>
</record>

<record>
  <num>C639</num>

  <subj>Child Jesus And St. John The Baptist</subj>

  <engrv>Lorenzo Loli (monogram)</engrv>

  <city>s.l.</city>

  <pub>s.n.</pub>

  <date>[ca.1650]</date>

  <size>10.5 x 16 cm</size>

  <ref>Brulliot, col.213, n.857</ref>

  <ref>Ris-Paquot, v.2, p.320, n.6872</ref>

  <note>The monogram of lorenzo Loli which appears in this
  engraving is not listed in Mon.</note>
</record>

<record>
  <num>C640</num>

  <subj>Marriage Of The Virgin</subj>

  <engrv>Ventura Salimbeni (monogram)</engrv>

  <city>Rome</city>

  <pub>Johann Statius (monogram)</pub>

  <date>1590</date>

  <size>21.5 x 15.5 cm</size>

  <ref>NaKL v.16, p.73, n.2</ref>

  <ref>DeW p.81, n.1497 (with G. Orlandi's address)</ref>

  <ref>Albertina, p.170, n.288</ref>

  <ref>Mon v.5, p.78, n.370 and p.275, n.1389</ref>
</record>

<record>
  <num>C641</num>

  <subj>The Four Evangelists</subj>

  <engrv>Agostino Veneziano (monogram) after [Giulio
  Romano]</engrv>

  <city>Rome</city>

  <pub>Carlo Losi</pub>

  <date>1774</date>

  <ref>NaKL v.11, p.158, n.35-38</ref>

  <ref>DeW p.70, n.471-74</ref>

  <ref>VA 1318</ref>

  <ref>Praun, p.125, n.38-41</ref>

  <inscrip>[St. Matthew]</inscrip>

  <size>20.8 x 14.3 cm</size>

  <note>(Engraving n.1; signed by Losi; dated 1774)</note>
</record>

<record>
  <num>C642</num>

  <subj>The Four Evangelists</subj>

  <engrv>Agostino Veneziano (monogram) after [Giulio
  Romano]</engrv>

  <city>Rome</city>

  <pub>Carlo Losi</pub>

  <date>1774</date>

  <ref>NaKL v.11, p.158, n.35-38</ref>

  <ref>DeW p.70, n.471-74</ref>

  <ref>VA 1318</ref>

  <ref>Praun, p.125, n.38-41</ref>

  <inscrip>[St. Mark]</inscrip>

  <size>20.5 x 14 cm</size>

  <note>(Engraving n.2; unsigned)</note>
</record>

<record>
  <num>C643</num>

  <subj>The Four Evangelists</subj>

  <engrv>Agostino Veneziano (monogram) after [Giulio
  Romano]</engrv>

  <city>Rome</city>

  <pub>Carlo Losi</pub>

  <date>1774</date>

  <ref>NaKL v.11, p.158, n.35-38</ref>

  <ref>DeW p.70, n.471-74</ref>

  <ref>VA 1318</ref>

  <ref>Praun, p.125, n.38-41</ref>

  <inscrip>[St. Luke]</inscrip>

  <size>20.8 x 14.3 cm</size>

  <note>([Engraving n.3]; monogram of Agostino Veneziano; dated
  1518)</note>
</record>

<record>
  <num>C644</num>

  <subj>The Four Evangelists</subj>

  <engrv>Agostino Veneziano (monogram) after [Giulio
  Romano]</engrv>

  <city>Rome</city>

  <pub>Carlo Losi</pub>

  <date>1774</date>

  <ref>NaKL v.11, p.158, n.35-38</ref>

  <ref>DeW p.70, n.471-74</ref>

  <ref>VA 1318</ref>

  <ref>Praun, p.125, n.38-41</ref>

  <inscrip>[St. John]</inscrip>

  <size>20.7 x 14.3 cm</size>

  <note>(Engraving n.4; unsigned)</note>
</record>

<record>
  <num>C645</num>

  <subj>Battle Scene</subj>

  <size>8.2 x 12.5 cm</size>

  <note>Number 6 of a set. The scene depicted here was taken from a
  bas-relief in the Arch of Constantine (cf. A 97).</note>
</record>

<record>
  <num>C646</num>

  <subj>A Saint Being Led Before A Potentate</subj>

  <size>9 x 13.5 cm</size>

  <note>Number 31 of a set. This engraving possibly comes from the
  same set as C 645.</note>
</record>

<record>
  <num>C647</num>

  <subj>Damned Soul ("Furia")</subj>

  <engrv>Antonio Salamanca (monogram) after [Michelangelo]</engrv>

  <city>[Rome</city>

  <pub>Antonio Salamanca</pub>

  <date>ca.1547?]</date>

  <size>18.5 x 13.5 cm</size>

  <ref>NaKL v.16, p.64, n.3</ref>

  <ref>Non v.1, p.468, n.1077</ref>

  <ref>Goldscheider, p.41, n.50</ref>

  <note>This engraving is in reverse of Michelangelo's
  drawing.</note>
</record>

<record>
  <num>C648</num>

  <subj>Seated Figures</subj>

  <engrv>Adam Ghisi (monogram) after [Michelangelo]</engrv>

  <city>s.l.</city>

  <pub>s.n.</pub>

  <date>s.a.</date>

  <ref>Ba v.15, p.426, n.34-72</ref>

  <ref>NaKL v.5, p.417</ref>

  <ref>Mon v.1, p.523, n.1224</ref>

  <note>Part of a numbered set of 72 engravings mainly after
  paintings from the ceiling of the Sistine chapel in the Vatican.
  NaKL mentions 73 unnumbered engravings to the series.</note>

  <size>13.5 x 10 cm</size>

  <note>(Engraving n.56)</note>
</record>

<record>
  <num>C649</num>

  <subj>Seated Figures</subj>

  <engrv>Adam Ghisi (monogram) after [Michelangelo]</engrv>

  <city>s.l.</city>

  <pub>s.n.</pub>

  <date>s.a.</date>

  <ref>Ba v.15, p.426, n.34-72</ref>

  <ref>NaKL v.5, p.417</ref>

  <ref>Mon v.1, p.523, n.1224</ref>

  <note>Part of a numbered set of 72 engravings mainly after
  paintings from the ceiling of the Sistine chapel in the Vatican.
  NaKL mentions 73 unnumbered engravings to the series.</note>

  <size>14.5 x 10.5 cm</size>

  <note>(Engraving n.59)</note>
</record>

<record>
  <num>C650</num>

  <subj>Seated Figures</subj>

  <engrv>Adam Ghisi (monogram) after [Michelangelo]</engrv>

  <city>s.l.</city>

  <pub>s.n.</pub>

  <date>s.a.</date>

  <ref>Ba v.15, p.426, n.34-72</ref>

  <ref>NaKL v.5, p.417</ref>

  <ref>Mon v.1, p.523, n.1224</ref>

  <note>Part of a numbered set of 72 engravings mainly after
  paintings from the ceiling of the Sistine chapel in the Vatican.
  NaKL mentions 73 unnumbered engravings to the series.</note>

  <size>13.5 x 10 cm</size>

  <note>(Engraving n.60)</note>
</record>

<record>
  <num>C651</num>

  <subj>Seated Figures</subj>

  <engrv>Adam Ghisi (monogram) after [Michelangelo]</engrv>

  <city>s.l.</city>

  <pub>s.n.</pub>

  <date>s.a.</date>

  <ref>Ba v.15, p.426, n.34-72</ref>

  <ref>NaKL v.5, p.417</ref>

  <ref>Mon v.1, p.523, n.1224</ref>

  <note>Part of a numbered set of 72 engravings mainly after
  paintings from the ceiling of the Sistine chapel in the Vatican.
  NaKL mentions 73 unnumbered engravings to the series.</note>

  <size>15 x 11.5 cm</size>

  <note>(Engraving n.66)</note>
</record>

<record>
  <num>C652</num>

  <subj>Seated Figures</subj>

  <engrv>Adam Ghisi (monogram) after [Michelangelo]</engrv>

  <city>s.l.</city>

  <pub>s.n.</pub>

  <date>s.a.</date>

  <ref>Ba v.15, p.426, n.34-72</ref>

  <ref>NaKL v.5, p.417</ref>

  <ref>Mon v.1, p.523, n.1224</ref>

  <note>Part of a numbered set of 72 engravings mainly after
  paintings from the ceiling of the Sistine chapel in the Vatican.
  NaKL mentions 73 unnumbered engravings to the series.</note>

  <size>14.2 x 11.5 cm</size>

  <note>(Engraving n.69)</note>
</record>

<record>
  <num>C653</num>

  <subj>Temperance</subj>

  <engrv>Marcantonio Raimondi (monogram) after [Raphael]</engrv>

  <city>s.l.</city>

  <pub>s.n.</pub>

  <date>s.a.</date>

  <size>22.3 x 11.2 cm</size>

  <ref>Ba v.14, p.295, n.390</ref>

  <ref>NaKL v.13, p.497, n.323</ref>

  <note>Number 5 of a series depicting the Seven Virtues.</note>
</record>

<record>
  <num>C654</num>

  <subj>Justice</subj>

  <engrv>[Carlo Cesio] after Annibale Carracci</engrv>

  <city>[Rome]</city>

  <pub>s.n.</pub>

  <date>[1657?]</date>

  <size>14 x 10 cm</size>

  <ref>NaKL v.2, p.463, and v.3, p.4</ref>

  <ref>Brunet, v.1, col.1597</ref>

  <ref>A-B p.236, n.2340</ref>

  <ref>Carracci-Cesio, 
  <uln>Galeria</uln>

  , pl.27</ref>

  <ref>Carracci-Aquila, 
  <uln>Galeria</uln>

  , pl.21</ref>

  <note>Engraving number 27 of a set of 30 plus an unnumbered title
  page published as 
  <uln>Galeria nel Palazzo Farnese di Roma</uln>

  in 1657; other editions are dated c.1700-1725 and, the one
  published by Monaldin, towards the end of the 18th century. This
  engraving is numbered 28 in the edition executed by Jacques Belly
  and published in 1641 as 
  <uln>La Galerie du Palais Farnese</uln>

  (cf. Weigert, v.1, p.347, n.28).</note>
</record>

<record>
  <num>C655</num>

  <subj>Lasciviousness</subj>

  <inscrip>Onkuysheyt</inscrip>

  <city>s.l.</city>

  <pub>Y. Greve</pub>

  <date>s.a.</date>

  <size>25.5 x 14 cm</size>
</record>

<record>
  <num>C656</num>

  <subj>Reclining Infant</subj>

  <size>10.5 x 15.3 cm</size>
</record>

<record>
  <num>C657</num>

  <subj>Nude Male And Female Figures Next To A Well</subj>

  <size>8.5 x 13 cm</size>
</record>

<record>
  <num>C658</num>

  <subj>Cupid Riding On A Sea Monster</subj>

  <engrv>Attributed to [Marco Dente de Ravenna]</engrv>

  <city>s.l.</city>

  <pub>s.n.</pub>

  <date>s.a.</date>

  <size>10.7 x 14.5 cm</size>

  <ref>NaKL v.14, p.25, n.80</ref>
</record>

<record>
  <num>C659</num>

  <subj>Fragments From Ancient Cameos</subj>

  <inscrip>[Camei antichi etc.]</inscrip>

  <engrv>[Giovan-Battista Franco]</engrv>

  <city>s.l.</city>

  <pub>s.n.</pub>

  <date>[before 1561]</date>

  <huref>Hu 84-86a</huref>

  <size>12 x 15.5 cm</size>

  <ref>Ba v.16, p1150, n.84</ref>
</record>

<record>
  <num>C660</num>

  <subj>Fragments From Ancient Cameos</subj>

  <inscrip>[Camei antichi etc.]</inscrip>

  <engrv>[Giovan-Battista Franco]</engrv>

  <city>s.l.</city>

  <pub>s.n.</pub>

  <date>[before 1561]</date>

  <huref>Hu 84-86a</huref>

  <size>7 x 11.7 cm</size>

  <ref>Ba v.16, p.152, n.87</ref>
</record>

<record>
  <num>C661</num>

  <subj>Fragments From Ancient Cameos</subj>

  <inscrip>[Camei antichi etc.]</inscrip>

  <engrv>[Giovan-Battista Franco]</engrv>

  <city>s.l.</city>

  <pub>s.n.</pub>

  <date>[before 1561]</date>

  <huref>Hu 84-86a</huref>

  <size>6.8 x 6 cm</size>

  <ref>Ba v.16, p.153, n.90</ref>

  <note>This fragment appears reversed on engraving A 134 (number
  29 of the series counting from left to right). Cf. also
  Thomassin-Vico, 
  <uln>Camei</uln>

  , pl.17 (reversed).</note>
</record>

<record>
  <num>C662</num>

  <subj>Fragments From Ancient Cameos</subj>

  <engrv>[Aenea Vico]</engrv>

  <city>s.l.</city>

  <pub>s.n.</pub>

  <date>s.a.</date>

  <huref>Hu 84-86a</huref>

  <ref>NaKL v.22, p.522, n.100-23</ref>

  <ref>Thomassin-Vico, 
  <uln>Camei</uln>

  , pl.1, 11, 15, and 25</ref>

  <note>Four reversed fragments of those which appear on engravings
  A 132 to A 134 (fragments 34, 27, 17, and 6 respectively counting
  from left to right).</note>
</record>

<record>
  <num>C663</num>

  <subj>Fragments From Ancient Cameos</subj>

  <inscrip>[Ex antiquis cameorum et gemmae delineata. Liber
  secundus]</inscrip>

  <engrv>[Philippe Thomassin or anonymous after Aenea Vico or
  Philippe Thomassin?]</engrv>

  <city>[Rome]</city>

  <pub>[Gio. Giacomo de Rossi]</pub>

  <date>[1650]?</date>

  <huref>Hu 84-86a</huref>

  <ref>Bruwaert, p.68 and p.92, n.402</ref>

  <ref>NaKL v.22, p.522, n.100-33</ref>

  <ref>BM v.248, col.375</ref>

  <ref>Thomassin-Vico, 
  <uln>Camei</uln>
  </ref>

  <note>Part of a set of 34 numbered engravings. The inscriptions
  added to these engravings do not appear in the 1618 edition of
  the 
  <uln>Ex antiquis.</uln>

  For Thomassin's companion volume, the 
  <uln>liber primus</uln>

  , a collection of engravings of Roman statues, cf. engravings C
  903 to C 914.</note>

  <uln>Sensus Victoria. Animam populantur Amores dum sensus
  superat</uln>

  <size>8.5 x 8.2 cm</size>

  <note>(Engraving n.25)</note>

  <ref>Ba v.15, p.323, n.124</ref>

  <ref>Magnan, Rome, pl.122, 2</ref>

  <ref>Thomassin-Vico, Camei, pl.25</ref>

  <note>These two fragments also appear on engraving A 133 (numbers
  17 and 18 counting from left to right).</note>
</record>

<record>
  <num>C664</num>

  <subj>Fragments From Ancient Cameos</subj>

  <inscrip>[Ex antiquis cameorum et gemmae delineata. Liber
  secundus]</inscrip>

  <engrv>[Philippe Thomassin or anonymous after Aenea Vico or
  Philippe Thomassin?]</engrv>

  <city>[Rome]</city>

  <pub>[Gio. Giacomo de Rossi]</pub>

  <date>[1650]?</date>

  <huref>Hu 84-86a</huref>

  <ref>Bruwaert, p.68 and p.92, n.402</ref>

  <ref>NaKL v.22, p.522, n.100-33</ref>

  <ref>BM v.248, col.375</ref>

  <ref>Thomassin-Vico, 
  <uln>Camei</uln>
  </ref>

  <note>Part of a set of 34 numbered engravings. The inscriptions
  added to these engravings do not appear in the 1618 edition of
  the 
  <uln>Ex antiquis.</uln>

  For Thomassin's companion volume, the 
  <uln>liber primus</uln>

  , a collection of engravings of Roman statues, cf. engravings C
  903 to C 914.</note>

  <inscrip>Luxuria Symbolum. Pan, capra et Bacchus lasciua indendia
  monstrant</inscrip>

  <size>7.8 x 13 cm</size>

  <note>(Engraving n.31)</note>

  <ref>Ba v.15, p.324, n.130</ref>

  <ref>Thomassin-Vico, 
  <uln>Camei</uln>

  , pl.31</ref>

  <note>This fragment also appears on engraving A 132 (number 5
  counting from left to right).</note>
</record>

<record>
  <num>C665</num>

  <subj>Portraits Of Renowned Jurists</subj>

  <inscrip>Illustrium jureconsultorum imagines quae inveniri
  potuerunt ad vivam effigiem expressae</inscrip>

  <city>Rome</city>

  <pub>Antonio Lafreri</pub>

  <date>1566</date>

  <ref>L-A v.2, p.352 ad. a. 1566</ref>

  <ref>Brunet, v.1, col.769 s.v. Benavides</ref>

  <note>Complete set consisting of 24 numbered engravings plus a
  title page.</note>

  <inscrip>Illustrium jureconsultorum imagines quae inveniri
  potuerunt ad vivam effigiem expressae</inscrip>

  <size>22 x 16.5 cm</size>

  <note>(Title page)</note>
</record>

<record>
  <num>C666</num>

  <subj>Portraits Of Renowned Jurists</subj>

  <inscrip>Illustrium jureconsultorum imagines quae inveniri
  potuerunt ad vivam effigiem expressae</inscrip>

  <city>Rome</city>

  <pub>Antonio Lafreri</pub>

  <date>1566</date>

  <ref>L-A v.2, p.352 ad. a. 1566</ref>

  <ref>Brunet, v.1, col.769 s.v. Benavides</ref>

  <note>Complete set consisting of 24 numbered engravings plus a
  title page.</note>

  <inscrip>Magnus Accursius Florentinus Anno. M.CC.XXXVI</inscrip>

  <size>22 x 16 cm</size>

  <note>(Engraving n. 1)</note>
</record>

<record>
  <num>C667</num>

  <subj>Portraits Of Renowned Jurists</subj>

  <inscrip>Illustrium jureconsultorum imagines quae inveniri
  potuerunt ad vivam effigiem expressae</inscrip>

  <city>Rome</city>

  <pub>Antonio Lafreri</pub>

  <date>1566</date>

  <ref>L-A v.2, p.352 ad. a. 1566</ref>

  <ref>Brunet, v.1, col.769 s.v. Benavides</ref>

  <note>Complete set consisting of 24 numbered engravings plus a
  title page.</note>

  <inscrip>Dinus Magellanus. Anno. M.CCC</inscrip>

  <size>21.7 x 15.5 cm</size>

  <note>(Engraving n.2)</note>
</record>

<record>
  <num>C668</num>

  <subj>Portraits Of Renowned Jurists</subj>

  <inscrip>Illustrium jureconsultorum imagines quae inveniri
  potuerunt ad vivam effigiem expressae</inscrip>

  <city>Rome</city>

  <pub>Antonio Lafreri</pub>

  <date>1566</date>

  <ref>L-A v.2, p.352 ad. a. 1566</ref>

  <ref>Brunet, v.1, col.769 s.v. Benavides</ref>

  <note>Complete set consisting of 24 numbered engravings plus a
  title page.</note>

  <inscrip>Bartoldus Saxoferratensis. Anno. M.CCCXLVII</inscrip>

  <note>(Engraving n.3)</note>
</record>

<record>
  <num>C669</num>

  <subj>Portraits Of Renowned Jurists</subj>

  <inscrip>Illustrium jureconsultorum imagines quae inveniri
  potuerunt ad vivam effigiem expressae</inscrip>

  <city>Rome</city>

  <pub>Antonio Lafreri</pub>

  <date>1566</date>

  <ref>L-A v.2, p.352 ad. a. 1566</ref>

  <ref>Brunet, v.1, col.769 s.v. Benavides</ref>

  <note>Complete set consisting of 24 numbered engravings plus a
  title page.</note>

  <inscrip>Baldus Ubaldus Perusinus. Anno M.CCC.LXV</inscrip>

  <size>22 x 16 cm</size>

  <note>(Engraving n.4)</note>
</record>

<record>
  <num>C670</num>

  <subj>Portraits Of Renowned Jurists</subj>

  <inscrip>Illustrium jureconsultorum imagines quae inveniri
  potuerunt ad vivam effigiem expressae</inscrip>

  <city>Rome</city>

  <pub>Antonio Lafreri</pub>

  <date>1566</date>

  <ref>L-A v.2, p.352 ad. a. 1566</ref>

  <ref>Brunet, v.1, col.769 s.v. Benavides</ref>

  <note>Complete set consisting of 24 numbered engravings plus a
  title page.</note>

  <inscrip>Paulus Castrensis Pater. Anno. M.CCCC.LXVII</inscrip>

  <size>21.6 x 16 cm</size>

  <note>(Engraving n.5)</note>
</record>

<record>
  <num>C671</num>

  <subj>Portraits Of Renowned Jurists</subj>

  <inscrip>Illustrium jureconsultorum imagines quae inveniri
  potuerunt ad vivam effigiem expressae</inscrip>

  <city>Rome</city>

  <pub>Antonio Lafreri</pub>

  <date>1566</date>

  <ref>L-A v.2, p.352 ad. a. 1566</ref>

  <ref>Brunet, v.1, col.769 s.v. Benavides</ref>

  <note>Complete set consisting of 24 numbered engravings plus a
  title page.</note>

  <inscrip>Angelus Castrensis filius. Anno.
  M.CCCC.LXXXIIII</inscrip>

  <size>21.3 x 16 cm</size>

  <note>(Engraving n.6)</note>
</record>

<record>
  <num>C672</num>

  <subj>Portraits Of Renowned Jurists</subj>

  <inscrip>Illustrium jureconsultorum imagines quae inveniri
  potuerunt ad vivam effigiem expressae</inscrip>

  <city>Rome</city>

  <pub>Antonio Lafreri</pub>

  <date>1566</date>

  <ref>L-A v.2, p.352 ad. a. 1566</ref>

  <ref>Brunet, v.1, col.769 s.v. Benavides</ref>

  <note>Complete set consisting of 24 numbered engravings plus a
  title page.</note>

  <inscrip>Alexander Tartagnus Imolensis. Anno.
  M.CCCC.LXVII</inscrip>

  <size>21.7 x 16 cm</size>

  <note>(Engraving n.7)</note>
</record>

<record>
  <num>C673</num>

  <subj>Portraits Of Renowned Jurists</subj>

  <inscrip>Illustrium jureconsultorum imagines quae inveniri
  potuerunt ad vivam effigiem expressae</inscrip>

  <city>Rome</city>

  <pub>Antonio Lafreri</pub>

  <date>1566</date>

  <ref>L-A v.2, p.352 ad. a. 1566</ref>

  <ref>Brunet, v.1, col.769 s.v. Benavides</ref>

  <note>Complete set consisting of 24 numbered engravings plus a
  title page.</note>

  <inscrip>Franc. Accoltius Aretinus. Anno. M.CCCC.LXIX</inscrip>

  <size>21.3 x 15.5 cm</size>

  <note>(Engraving n.8)</note>
</record>

<record>
  <num>C674</num>

  <subj>Portraits Of Renowned Jurists</subj>

  <inscrip>Illustrium jureconsultorum imagines quae inveniri
  potuerunt ad vivam effigiem expressae</inscrip>

  <city>Rome</city>

  <pub>Antonio Lafreri</pub>

  <date>1566</date>

  <ref>L-A v.2, p.352 ad. a. 1566</ref>

  <ref>Brunet, v.1, col.769 s.v. Benavides</ref>

  <note>Complete set consisting of 24 numbered engravings plus a
  title page.</note>

  <inscrip>Iason Maynus Mediolanensis. Anno. M.CCCC.LXXXV</inscrip>

  <size>21.2 x 15.7 cm</size>

  <note>(Engraving n.9)</note>
</record>

<record>
  <num>C675</num>

  <subj>Portraits Of Renowned Jurists</subj>

  <inscrip>Illustrium jureconsultorum imagines quae inveniri
  potuerunt ad vivam effigiem expressae</inscrip>

  <city>Rome</city>

  <pub>Antonio Lafreri</pub>

  <date>1566</date>

  <ref>L-A v.2, p.352 ad. a. 1566</ref>

  <ref>Brunet, v.1, col.769 s.v. Benavides</ref>

  <note>Complete set consisting of 24 numbered engravings plus a
  title page.</note>

  <inscrip>Philippus Decius Mediolanensis. Anno. M.D.II</inscrip>

  <size>21.7 x 16 cm</size>

  <note>(Engraving n.10)</note>
</record>

<record>
  <num>C676</num>

  <subj>Portraits Of Renowned Jurists</subj>

  <inscrip>Illustrium jureconsultorum imagines quae inveniri
  potuerunt ad vivam effigiem expressae</inscrip>

  <city>Rome</city>

  <pub>Antonio Lafreri</pub>

  <date>1566</date>

  <ref>L-A v.2, p.352 ad. a. 1566</ref>

  <ref>Brunet, v.1, col.769 s.v. Benavides</ref>

  <note>Complete set consisting of 24 numbered engravings plus a
  title page.</note>

  <inscrip>Franc. Zabarella Patavinus. Anno. M.CCCC</inscrip>

  <size>21.7 x 16 cm</size>

  <note>(Engraving n.11)</note>
</record>

<record>
  <num>C677</num>

  <subj>Portraits Of Renowned Jurists</subj>

  <inscrip>Illustrium jureconsultorum imagines quae inveniri
  potuerunt ad vivam effigiem expressae</inscrip>

  <city>Rome</city>

  <pub>Antonio Lafreri</pub>

  <date>1566</date>

  <ref>L-A v.2, p.352 ad. a. 1566</ref>

  <ref>Brunet, v.1, col.769 s.v. Benavides</ref>

  <note>Complete set consisting of 24 numbered engravings plus a
  title page.</note>

  <inscrip>Antonius Rosellus Aretinus. Anno. M.CCCC.LXXX</inscrip>

  <size>22 x 16 cm</size>

  <note>(Engraving n.12)</note>
</record>

<record>
  <num>C678</num>

  <subj>Portraits Of Renowned Jurists</subj>

  <inscrip>Illustrium jureconsultorum imagines quae inveniri
  potuerunt ad vivam effigiem expressae</inscrip>

  <city>Rome</city>

  <pub>Antonio Lafreri</pub>

  <date>1566</date>

  <ref>L-A v.2, p.352 ad. a. 1566</ref>

  <ref>Brunet, v.1, col.769 s.v. Benavides</ref>

  <note>Complete set consisting of 24 numbered engravings plus a
  title page.</note>

  <inscrip>Andreas Siculus vulgo Barbatia. Floruit Alexandri
  Tartagni temporibus</inscrip>

  <size>21.7 x 16 cm</size>

  <note>(Engraving n.13)</note>
</record>

<record>
  <num>C679</num>

  <subj>Portraits Of Renowned Jurists</subj>

  <inscrip>Illustrium jureconsultorum imagines quae inveniri
  potuerunt ad vivam effigiem expressae</inscrip>

  <city>Rome</city>

  <pub>Antonio Lafreri</pub>

  <date>1566</date>

  <ref>L-A v.2, p.352 ad. a. 1566</ref>

  <ref>Brunet, v.1, col.769 s.v. Benavides</ref>

  <note>Complete set consisting of 24 numbered engravings plus a
  title page.</note>

  <inscrip>Bartholomaeus Caepola Veronensis. Anno.
  M.CCCC.LXVI</inscrip>

  <size>21 x 16 cm</size>

  <note>(Engraving n.14)</note>
</record>

<record>
  <num>C680</num>

  <subj>Portraits Of Renowned Jurists</subj>

  <inscrip>Illustrium jureconsultorum imagines quae inveniri
  potuerunt ad vivam effigiem expressae</inscrip>

  <city>Rome</city>

  <pub>Antonio Lafreri</pub>

  <date>1566</date>

  <ref>L-A v.2, p.352 ad. a. 1566</ref>

  <ref>Brunet, v.1, col.769 s.v. Benavides</ref>

  <note>Complete set consisting of 24 numbered engravings plus a
  title page.</note>

  <inscrip>Io. Baptista Rosellus. Anno. M.CCCC.LXXXIX</inscrip>

  <size>22 x 16 cm</size>

  <note>(Engraving n.15)</note>
</record>

<record>
  <num>C681</num>

  <subj>Portraits Of Renowned Jurists</subj>

  <inscrip>Illustrium jureconsultorum imagines quae inveniri
  potuerunt ad vivam effigiem expressae</inscrip>

  <city>Rome</city>

  <pub>Antonio Lafreri</pub>

  <date>1566</date>

  <ref>L-A v.2, p.352 ad. a. 1566</ref>

  <ref>Brunet, v.1, col.769 s.v. Benavides</ref>

  <note>Complete set consisting of 24 numbered engravings plus a
  title page.</note>

  <inscrip>Hieronymus Buticella Papiensis. Anno. M.D.IIII</inscrip>

  <size>21.7 x 16 cm</size>

  <note>(Engraving n.16)</note>
</record>

<record>
  <num>C682</num>

  <subj>Portraits Of Renowned Jurists</subj>

  <inscrip>Illustrium jureconsultorum imagines quae inveniri
  potuerunt ad vivam effigiem expressae</inscrip>

  <city>Rome</city>

  <pub>Antonio Lafreri</pub>

  <date>1566</date>

  <ref>L-A v.2, p.352 ad. a. 1566</ref>

  <ref>Brunet, v.1, col.769 s.v. Benavides</ref>

  <note>Complete set consisting of 24 numbered engravings plus a
  title page.</note>

  <inscrip>Carolus Ruinus Regiensis. Anno. M.D.XX</inscrip>

  <size>21.7 x 16 cm</size>

  <note>(Engraving n.17)</note>
</record>

<record>
  <num>C683</num>

  <subj>Portraits Of Renowned Jurists</subj>

  <inscrip>Illustrium jureconsultorum imagines quae inveniri
  potuerunt ad vivam effigiem expressae</inscrip>

  <city>Rome</city>

  <pub>Antonio Lafreri</pub>

  <date>1566</date>

  <ref>L-A v.2, p.352 ad. a. 1566</ref>

  <ref>Brunet, v.1, col.769 s.v. Benavides</ref>

  <note>Complete set consisting of 24 numbered engravings plus a
  title page.</note>

  <inscrip>Franc. Curtius Papiensis. Anno. M.D.XXXIII</inscrip>

  <size>21.7 x 14.5 cm</size>

  <note>(Engraving n.18)</note>
</record>

<record>
  <num>C684</num>

  <subj>Portraits Of Renowned Jurists</subj>

  <inscrip>Illustrium jureconsultorum imagines quae inveniri
  potuerunt ad vivam effigiem expressae</inscrip>

  <city>Rome</city>

  <pub>Antonio Lafreri</pub>

  <date>1566</date>

  <ref>L-A v.2, p.352 ad. a. 1566</ref>

  <ref>Brunet, v.1, col.769 s.v. Benavides</ref>

  <note>Complete set consisting of 24 numbered engravings plus a
  title page.</note>

  <inscrip>Ant. Franc. a Doctoribus Patavinus. Anno
  M.CCCC.LXIX</inscrip>

  <size>21 x 16 cm</size>

  <note>(Engraving n.19)</note>
</record>

<record>
  <num>C685</num>

  <subj>Portraits Of Renowned Jurists</subj>

  <inscrip>Illustrium jureconsultorum imagines quae inveniri
  potuerunt ad vivam effigiem expressae</inscrip>

  <city>Rome</city>

  <pub>Antonio Lafreri</pub>

  <date>1566</date>

  <ref>L-A v.2, p.352 ad. a. 1566</ref>

  <ref>Brunet, v.1, col.769 s.v. Benavides</ref>

  <note>Complete set consisting of 24 numbered engravings plus a
  title page.</note>

  <inscrip>Io. Antonius Rubeus Alexandrinus. Anno.
  M.D.XXXIII</inscrip>

  <size>21.5 x 16 cm</size>

  <note>(Engraving n.20)</note>
</record>

<record>
  <num>C686</num>

  <subj>Portraits Of Renowned Jurists</subj>

  <inscrip>Illustrium jureconsultorum imagines quae inveniri
  potuerunt ad vivam effigiem expressae</inscrip>

  <city>Rome</city>

  <pub>Antonio Lafreri</pub>

  <date>1566</date>

  <ref>L-A v.2, p.352 ad. a. 1566</ref>

  <ref>Brunet, v.1, col.769 s.v. Benavides</ref>

  <note>Complete set consisting of 24 numbered engravings plus a
  title page.</note>

  <inscrip>Marianus Socinus Senensis. Anno. M.D.LV</inscrip>

  <size>21.7 x 16 cm</size>

  <note>(Engraving n.21)</note>
</record>

<record>
  <num>C687</num>

  <subj>Portraits Of Renowned Jurists</subj>

  <inscrip>Illustrium jureconsultorum imagines quae inveniri
  potuerunt ad vivam effigiem expressae</inscrip>

  <city>Rome</city>

  <pub>Antonio Lafreri</pub>

  <date>1566</date>

  <ref>L-A v.2, p.352 ad. a. 1566</ref>

  <ref>Brunet, v.1, col.769 s.v. Benavides</ref>

  <note>Complete set consisting of 24 numbered engravings plus a
  title page.</note>

  <inscrip>Hieronymus Cagnolus Vercellensis. Anno. M.D.LI</inscrip>

  <size>21.5 x 16 cm</size>

  <note>(Engraving n.22)</note>
</record>

<record>
  <num>C688</num>

  <subj>Portraits Of Renowned Jurists</subj>

  <inscrip>Illustrium jureconsultorum imagines quae inveniri
  potuerunt ad vivam effigiem expressae</inscrip>

  <city>Rome</city>

  <pub>Antonio Lafreri</pub>

  <date>1566</date>

  <ref>L-A v.2, p.352 ad. a. 1566</ref>

  <ref>Brunet, v.1, col.769 s.v. Benavides</ref>

  <note>Complete set consisting of 24 numbered engravings plus a
  title page.</note>

  <inscrip>Andreas Alciatus Mediolanensis cuius recens memoria, et
  quo tempore maxime floruerit omnibus est in promptu</inscrip>

  <size>22 x 16 cm</size>

  <note>(Engraving n.23)</note>
</record>

<record>
  <num>C689</num>

  <subj>Portraits Of Renowned Jurists</subj>

  <inscrip>Illustrium jureconsultorum imagines quae inveniri
  potuerunt ad vivam effigiem expressae</inscrip>

  <city>Rome</city>

  <pub>Antonio Lafreri</pub>

  <date>1566</date>

  <ref>L-A v.2, p.352 ad. a. 1566</ref>

  <ref>Brunet, v.1, col.769 s.v. Benavides</ref>

  <note>Complete set consisting of 24 numbered engravings plus a
  title page.</note>

  <inscrip>Bartholomaeus Urbinas Patavinus. Anno.M.D.V</inscrip>

  <size>21.5 x 16 cm</size>

  <note>(Engraving n.24)</note>
</record>

<record>
  <num>C690</num>

  <subj>Portraits Of Roman Emperors</subj>

  <inscrip>[Imperatorum Caesarumque viginti quatuor]</inscrip>

  <engrv>[Martino Rota]</engrv>

  <city>[Rome]</city>

  <pub>[Claudio Duchetti]</pub>

  <date>[1581-1586]</date>

  <ref>NaKL v.15, p.227, n.31-55</ref>

  <ref>BM v.205, col.750 s.v. Roman Emperors.</ref>

  <ref>Cavalieri, 
  <uln>Effigies</uln>
  </ref>

  <note>Part of a set of 24 numbered engravings plus an unnumbered
  title page. Cf. also engraving A 163.</note>

  <inscrip>C.I. Caesar. I. Ro. Imp</inscrip>

  <size>22.5 x 15.5 cm</size>

  <ref>Ba v.16, p.263, n.31 (1)</ref>

  <ref>Cavalieri, 
  <uln>Effigies</uln>

  , pl.1</ref>
</record>

<record>
  <num>C691</num>

  <subj>Portraits Of Roman Emperors</subj>

  <inscrip>[Imperatorum Caesarumque viginti quatuor]</inscrip>

  <engrv>[Martino Rota]</engrv>

  <city>[Rome</city>

  <pub>[Claudio Duchetti]</pub>

  <date>[1581-1586]</date>

  <ref>NaKL v.15, p.227, n.31-55</ref>

  <ref>BM v.205, col.750 s.v. Roman Emperors.</ref>

  <ref>Cavalieri, 
  <uln>Effigies</uln>
  </ref>

  <note>Part of a set of 24 numbered engravings plus an unnumbered
  title page. Cf. also engraving A 163.</note>

  <inscrip>M. Aurelius. Imp.XVII</inscrip>

  <size>20 x 15 cm</size>

  <ref>Ba v.16, p.263, n.47 (18)</ref>

  <ref>Cavalieri, 
  <uln>Effigies</uln>

  , pl.18</ref>
</record>

<record>
  <num>C692</num>

  <subj>Portraits Of Roman Emperors</subj>

  <inscrip>[Imperatorum Caesarumque viginti quatuor]</inscrip>

  <engrv>[Martino Rota]</engrv>

  <city>[Rome]</city>

  <pub>[Claudio Duchetti]</pub>

  <date>[1581-1586]</date>

  <ref>NaKL v.15, p.227, n.31-55</ref>

  <ref>BM v.205, col.750 s.v. Roman Emperors.</ref>

  <ref>Cavalieri, 
  <uln>Effigies</uln>
  </ref>

  <note>Part of a set of 24 numbered engravings plus an unnumbered
  title page. Cf. also engraving A 163.</note>

  <inscrip>Commodus. Imp. XVIII</inscrip>

  <size>22.5 x 15.5 cm</size>

  <ref>Ba v.16, p.264, n.48 (19)</ref>

  <ref>Cavalieri, 
  <uln>Effigies</uln>

  , pl.19</ref>
</record>

<record>
  <num>C693</num>

  <subj>Portraits Of Roman Emperors</subj>

  <inscrip>[Imperatorum Caesarumque viginti quatuor]</inscrip>

  <engrv>[Martino Rota]</engrv>

  <city>[Rome]</city>

  <pub>[Claudio Duchetti]</pub>

  <date>[1581-1586]</date>

  <ref>NaKL v.15, p.227, n.31-55</ref>

  <ref>BM v.205, col.750 s.v. Roman Emperors.</ref>

  <ref>Cavalieri, 
  <uln>Effigies</uln>
  </ref>

  <note>Part of a set of 24 numbered engravings plus an unnumbered
  title page. Cf. also engraving A 163.</note>

  <inscrip>Helvius. Pertinax. Imp. XIX</inscrip>

  <size>20 x 15 cm</size>

  <ref>Ba v.16, p.264, n.49 (20)</ref>

  <ref>Cavalieri, 
  <uln>Effigies</uln>

  , pl.20</ref>
</record>

<record>
  <num>C694</num>

  <subj>Portraits Of Roman Emperors</subj>

  <inscrip>[Imperatorum Caesarumque viginti quatuor]</inscrip>

  <engrv>[Martino Rota]</engrv>

  <city>[Rome]</city>

  <pub>[Claudio Duchetti]</pub>

  <date>[1581-1586]</date>

  <ref>NaKL v.15, p.227, n.31-55</ref>

  <ref>BM v.205, col.750 s.v. Roman Emperors.</ref>

  <ref>Cavalieri, 
  <uln>Effigies</uln>
  </ref>

  <note>Part of a set of 24 numbered engravings plus an unnumbered
  title page. Cf. also engraving A 163.</note>

  <inscrip>L. Helius Vepus. Imp. XX</inscrip>

  <size>20 x 14.5 cm</size>

  <ref>Ba v.16, p.264, n.50 (21)</ref>
</record>

<record>
  <num>C695</num>

  <subj>Portraits Of Famous Men Of Letters</subj>

  <engrv>[School of Marcantonio Raimondi]</engrv>

  <city>[Rome]</city>

  <pub>Antonio Salamanca</pub>

  <date>[1538-1562]</date>

  <note>Engraving C 698 is the only one not signed by
  Salamanca.</note>

  <inscrip>Cicerone</inscrip>

  <size>22 x 16 cm</size>
</record>

<record>
  <num>C696</num>

  <subj>Portraits Of Famous Men Of Letters</subj>

  <engrv>[School of Marcantonio Raimondi]</engrv>

  <city>[Rome]</city>

  <pub>Antonio Salamanca</pub>

  <date>[1538-1562]</date>

  <note>Engraving C 698 is the only one not signed by
  Salamanca.</note>

  <inscrip>Catone</inscrip>

  <size>22.5 x 16 cm</size>
</record>

<record>
  <num>C697</num>

  <subj>Portraits Of Famous Men Of Letters</subj>

  <engrv>[School of Marcantonio Raimondi]</engrv>

  <city>[Rome]</city>

  <pub>Antonio Salamanca</pub>

  <date>[1538-1562]</date>

  <note>Engraving C 698 is the only one not signed by
  Salamanca.</note>

  <inscrip>Giacobo Sanazaro</inscrip>

  <size>22.5 x 16 cm</size>

  <ref>Pas v.6, p.94, n.161</ref>
</record>

<record>
  <num>C698</num>

  <subj>Portraits Of Famous Men Of Letters</subj>

  <engrv>[School of Marcantonio Raimondi]</engrv>

  <city>[Rome]</city>

  <pub>Antonio Salamanca</pub>

  <date>[1538-1562]</date>

  <note>Engraving C 698 is the only one not signed by
  Salamanca.</note>

  <inscrip>Lodovice Ariosto</inscrip>

  <size>22 x 16 cm</size>

  <ref>Pas v.6, p.94, n.162</ref>
</record>

<record>
  <num>C699</num>

  <subj>Portraits Of Petrarch And Laura</subj>

  <note>The text of the inscriptions comes from Canzone 359, lines
  56-58 and 60-61 (cf. 
  <uln>Le rime</uln>

  ed. by G. Contini [Florence, 1965], pp.496-97)</note>

  <engrv>[Petrarch]</engrv>

  <inscrip>Son questi i capei biondi e l'aureo nodo, che mi
  strinse? i begli occhi che fur mio sol?</inscrip>

  <size>22 x 16.5 cm</size>
</record>

<record>
  <num>C700</num>

  <subj>Portraits Of Petrarch And Laura</subj>

  <note>The text of the inscriptions comes from Canzone 359, lines
  56-58 and 60-61 (cf. 
  <uln>Le rime</uln>

  ed. by G. Contini [Florence, 1965], pp.496-97).</note>

  <engrv>[Laura]</engrv>

  <inscrip>Spirto ignudo sono, e'n miel mi godo/Quel che tu cerchi,
  e terra gia molt'anni</inscrip>

  <size>22.5 x 16.5 cm</size>
</record>

<record>
  <num>C701</num>

  <subj>Busts Of Famous Women Of Antiquity</subj>

  <engrv>Antonio Salamanca (monogram)</engrv>

  <city>[Rome]</city>

  <pub>Antonio Salamanca</pub>

  <date>[1538-1562]</date>

  <ref>NaKL v.16, p.64, n.3</ref>

  <ref>Vienna, p.54, n.619-48</ref>

  <note>Part of a numbered set of 30 engravings.</note>

  <inscrip>Tanaquil Tarquinii</inscrip>

  <size>15 x 15 cm</size>

  <note>(Engraving n.3; unsigned)</note>
</record>

<record>
  <num>C702</num>

  <subj>Busts Of Famous Women Of Antiquity</subj>

  <engrv>Antonio Salamanca (monogram)</engrv>

  <city>[Rome]</city>

  <pub>Antonio Salamanca</pub>

  <date>[1538-1562]</date>

  <ref>NaKL v.16, p.64, n.3</ref>

  <ref>Vienna, p.54, n.619-48</ref>

  <note>Part of a numbered set of 30 engravings.</note>

  <inscrip>Artemisia Mausoli uxer</inscrip>

  <size>15.5 x 13 cm</size>

  <note>(Engraving n.4; signed by Salamanca)</note>
</record>

<record>
  <num>C703</num>

  <subj>Busts Of Famous Women Of Antiquity</subj>

  <engrv>Antonio Salamanca (monogram)</engrv>

  <city>[Rome]</city>

  <pub>Antonio Salamanca</pub>

  <date>[1538-1562]</date>

  <ref>NaKL v.16, p.64, n.3</ref>

  <ref>Vienna, p.54, n.619-48</ref>

  <note>Part of a numbered set of 30 engravings.</note>

  <inscrip>Valasca Bohema</inscrip>

  <size>16.5 x 13 cm</size>

  <note>(Engraving n.7; signed by Salamanca)</note>
</record>

<record>
  <num>C704</num>

  <subj>Busts Of Famous Women Of Antiquity</subj>

  <engrv>Antonio Salamanca (monogram)</engrv>

  <city>[Rome]</city>

  <pub>Antonio Salamanca</pub>

  <date>[1538-1562]</date>

  <ref>NaKL v.16, p.64, n.3</ref>

  <ref>Vienna, p.54, n.619-48</ref>

  <note>Part of a numbered set of 30 engravings.</note>

  <inscrip>Tomyris Scytharum regina</inscrip>

  <size>15 x 12.5 cm</size>

  <note>(Engraving n.10; unsigned)</note>
</record>

<record>
  <num>C705</num>

  <subj>Roman Statuary</subj>

  <inscrip>[Antiquarum statuarum urbis Romae (liber
  primus)]</inscrip>

  <engrv>[Girolamo Porro? after Giovanni Battista
  Cavalieri]</engrv>

  <city>[Venice]</city>

  <pub>[Girolamo Porro]</pub>

  <date>[1570]</date>

  <ref>Ashby</ref>

  <ref>Lowry. Cav(P)</ref>

  <ref>Cav I-II</ref>

  <ref>Vac-vanS.</ref>

  <note>(For other sources cf. individual entries below.) Part of a
  set of 52 numbered engravings plus a title page. The following
  plates are missing from the University's set of 48 engravings
  (not 49 as stated by Lowry, col.48a):.</note>

  <note>1. Title page: see Ashby, p.116 for this plate..</note>

  <note>2. Statue of Marcus Aurelius (pl.n.42): for copies of this
  engraving see Cav(P), pl.42 and Cav I-II, pl.68 (C 804)..</note>

  <note>3. Statue of the Tiber (pl.n.43): see Cav(P), pl.43 and Cav
  I-II, pl.69 (C 805)..</note>

  <note>4. Statue of Pasquino (pl.n.52): see Cav(P), pl.52 and Cav
  I-II, pl.92 (C 818)..</note>

  <note>For a parallel set of 52 engravings, arranged in the same
  order as Cavalieri's, published ca.1560 at Nancy, and attributed
  to Pierre Woeiriot, cf. L-A v.2, p.165, n.18.</note>

  <note>*See also general note *, p.</note>

  <inscrip>Romae colossus celebris, in hortis Car Cesis cui Dacia
  subest</inscrip>

  <size>20.5 x 13.5 cm. (Engraving n.1)</size>

  <note>(B) Cav I-II, pl.19; Vac-van S, pl.36. In engraving A 90 of
  this collection, the arrangement of this statue plus the two
  following ones (C 706 and C 707) is shown on one plate.</note>
</record>

<record>
  <num>C706</num>

  <subj>Roman Statuary</subj>

  <inscrip>[Antiquarum statuarum urbis Romae (liber
  primus)]</inscrip>

  <engrv>[Girolamo Porro? after Giovanni Battista
  Cavalieri]</engrv>

  <city>[Venice]</city>

  <pub>[Girolamo Porro]</pub>

  <date>[1570]</date>

  <ref>Ashby</ref>

  <ref>Lowry. Cav(P)</ref>

  <ref>Cav I-II</ref>

  <ref>Vac-vanS.</ref>

  <note>(For other sources cf. individual entries below.) Part of a
  set of 52 numbered engravings plus a title page. The following
  plates are missing from the University's set of 48 engravings
  (not 49 as stated by Lowry, col.48a):.</note>

  <note>1. Title page: see Ashby, p.116 for this plate..</note>

  <note>2. Statue of Marcus Aurelius (pl.n.42): for copies of this
  engraving see Cav(P), pl.42 and Cav I-II, pl.68 (C 804)..</note>

  <note>3. Statue of the Tiber (pl.n.43): see Cav(P), pl.43 and Cav
  I-II, pl.69 (C 805)..</note>

  <note>4. Statue of Pasquino (pl.n.52): see Cav(P), pl.52 and Cav
  I-II, pl.92 (C 818)..</note>

  <note>For a parallel set of 52 engravings, arranged in the same
  order as Cavalieri's, published ca.1560 at Nancy, and attributed
  to Pierre Woeiriot, cf. L-A v.2, p.165, n.18.</note>

  <note>*See also general note *, p.</note>

  <inscrip>Partarum reges duo captum e nigro lapide ibidem in cuius
  medio est Romae colossus</inscrip>

  <size>20 x 13 cm. (Engraving n.2)</size>

  <note>(B) Cav I-II, pl.20 (C 763); Vac-van S, pl.40
  (C859).</note>
</record>

<record>
  <num>C707</num>

  <subj>Roman Statuary</subj>

  <inscrip>[Antiquarum statuarum urbis Romae (liber
  primus)]</inscrip>

  <engrv>[Girolamo Porro? after Giovanni Battista
  Cavalieri]</engrv>

  <city>[Venice]</city>

  <pub>[Girolamo Porro]</pub>

  <date>[1570]</date>

  <ref>Ashby</ref>

  <ref>Lowry. Cav(P)</ref>

  <ref>Cav I-II</ref>

  <ref>Vac-vanS.</ref>

  <note>(For other sources cf. individual entries below.) Part of a
  set of 52 numbered engravings plus a title page. The following
  plates are missing from the University's set of 48 engravings
  (not 49 as stated by Lowry, col.48a):.</note>

  <note>1. Title page: see Ashby, p.116 for this plate..</note>

  <note>2. Statue of Marcus Aurelius (pl.n.42): for copies of this
  engraving see Cav(P), pl.42 and Cav I-II, pl.68 (C 804)..</note>

  <note>3. Statue of the Tiber (pl.n.43): see Cav(P), pl.43 and Cav
  I-II, pl.69 (C 805)..</note>

  <note>4. Statue of Pasquino (pl.n.52): see Cav(P), pl.52 and Cav
  I-II, pl.92 (C 818)..</note>

  <note>For a parallel set of 52 engravings, arranged in the same
  order as Cavalieri's, published ca.1560 at Nancy, and attributed
  to Pierre Woeiriot, cf. L-A v.2, p.165, n.18.</note>

  <note>*See also general note *, p.</note>

  <inscrip>[Parthian king]</inscrip>

  <size>20.3 x 13 cm. (Engraving n.3)</size>

  <note>(B) Cav I-II, pl.21; Vac-van S, pl.39 (C 858).</note>
</record>

<record>
  <num>C708</num>

  <subj>Roman Statuary</subj>

  <inscrip>[Antiquarum statuarum urbis Romae (liber
  primus)]</inscrip>

  <engrv>[Girolamo Porro? after Giovanni Battista
  Cavalieri]</engrv>

  <city>[Venice]</city>

  <pub>[Girolamo Porro]</pub>

  <date>[1570]</date>

  <ref>Ashby</ref>

  <ref>Lowry. Cav(P)</ref>

  <ref>Cav I-II</ref>

  <ref>Vac-vanS.</ref>

  <note>(For other sources cf. individual entries below.) Part of a
  set of 52 numbered engravings plus a title page. The following
  plates are missing from the University's set of 48 engravings
  (not 49 as stated by Lowry, col.48a):.</note>

  <note>1. Title page: see Ashby, p.116 for this plate..</note>

  <note>2. Statue of Marcus Aurelius (pl.n.42): for copies of this
  engraving see Cav(P), pl.42 and Cav I-II, pl.68 (C 804)..</note>

  <note>3. Statue of the Tiber (pl.n.43): see Cav(P), pl.43 and Cav
  I-II, pl.69 (C 805)..</note>

  <note>4. Statue of Pasquino (pl.n.52): see Cav(P), pl.52 and Cav
  I-II, pl.92 (C 818)..</note>

  <note>For a parallel set of 52 engravings, arranged in the same
  order as Cavalieri's, published ca.1560 at Nancy, and attributed
  to Pierre Woeiriot, cf. L-A v.2, p.165, n.18.</note>

  <note>*See also general note *, p.</note>

  <inscrip>Amazonis statua marmorea pulcherrima ibidem</inscrip>

  <size>19.5 x 12.5 cm. (Engraving n.4)</size>

  <note>(B) Cav I-II, pl.24.</note>
</record>

<record>
  <num>C709</num>

  <subj>Roman Statuary</subj>

  <inscrip>[Antiquarum statuarum urbis Romae (liber
  primus)]</inscrip>

  <engrv>[Girolamo Porro? after Giovanni Battista
  Cavalieri]</engrv>

  <city>[Venice]</city>

  <pub>[Girolamo Porro]</pub>

  <date>[1570]</date>

  <ref>Ashby</ref>

  <ref>Lowry. Cav(P)</ref>

  <ref>Cav I-II</ref>

  <ref>Vac-vanS</ref>

  <note>For other sources cf. individual entries below.) Part of a
  set of 52 numbered engravings plus a title page. The following
  plates are missing from the University's set of 48 engravings
  (not 49 as stated by Lowry, col.48a):.</note>

  <note>1. Title page: see Ashby, p.116 for this plate..</note>

  <note>2. Statue of Marcus Aurelius (pl.n.42): for copies of this
  engraving see Cav(P), pl.42 and Cav I-II, pl.68 (C 804)..</note>

  <note>3. Statue of the Tiber (pl.n.43): see Cav(P), pl.43 and Cav
  I-II, pl.69 (C 805)..</note>

  <note>4. Statue of Pasquino (pl.n.52): see Cav(P), pl.52 and Cav
  I-II, pl.92 (C 818)..</note>

  <note>For a parallel set of 52 engravings, arranged in the same
  order as Cavalieri's, published ca.1560 at Nancy, and attributed
  to Pierre Woeiriot, cf. L-A v.2, p.165, n.18.</note>

  <note>*See also general note *, p.</note>

  <inscrip>Agrippina Marci Agrippae filia ibidem</inscrip>

  <size>20 x 13 cm. (Engraving n.5)</size>

  <note>(B) Cav I-II, pl.25 (C 765).</note>
</record>

<record>
  <num>C710</num>

  <subj>Roman Statuary</subj>

  <inscrip>[Antiquarum statuarum urbis Romae (liber
  primus)]</inscrip>

  <engrv>[Girolamo Porro? after Giovanni Battista
  Cavalieri]</engrv>

  <city>[Venice]</city>

  <pub>[Girolamo Porro]</pub>

  <date>[1570]</date>

  <ref>Ashby</ref>

  <ref>Lowry. Cav(P)</ref>

  <ref>Cav I-II</ref>

  <ref>Vac-vanS</ref>

  <note>For other sources cf. individual entries below.) Part of a
  set of 52 numbered engravings plus a title page. The following
  plates are missing from the University's set of 48 engravings
  (not 49 as stated by Lowry, col.48a):.</note>

  <note>1. Title page: see Ashby, p.116 for this plate..</note>

  <note>2. Statue of Marcus Aurelius (pl.n.42): for copies of this
  engraving see Cav(P), pl.42 and Cav I-II, pl.68 (C 804)..</note>

  <note>3. Statue of the Tiber (pl.n.43): see Cav(P), pl.43 and Cav
  I-II, pl.69 (C 805)..</note>

  <note>4. Statue of Pasquino (pl.n.52): see Cav(P), pl.52 and Cav
  I-II, pl.92 (C 818)..</note>

  <note>For a parallel set of 52 engravings, arranged in the same
  order as Cavalieri's, published ca.1560 at Nancy, and attributed
  to Pierre Woeiriot, cf. L-A v.2, p.165, n.18.</note>

  <note>*See also general note *, p.</note>

  <inscrip>Semele ibidem</inscrip>

  <size>22 x 13.5 cm. (Engraving n.6; reversed).</size>

  <ref>Lowry, col. 48b</ref>

  <note>(A) van A, unnumbered pl.(C 798; reversed). (B) Cav I-II,
  pl.26.</note>
</record>

<record>
  <num>C711</num>

  <subj>Roman Statuary</subj>

  <inscrip>[Antiquarum statuarum urbis Romae (liber
  primus)]</inscrip>

  <engrv>[Girolamo Porro? after Giovanni Battista
  Cavalieri]</engrv>

  <city>[Venice]</city>

  <pub>[Girolamo Porro]</pub>

  <date>[1570]</date>

  <ref>Ashby</ref>

  <ref>Lowry. Cav(P)</ref>

  <ref>Cav I-II</ref>

  <ref>Vac-vanS</ref>

  <note>For other sources cf. individual entries below.) Part of a
  set of 52 numbered engravings plus a title page. The following
  plates are missing from the University's set of 48 engravings
  (not 49 as stated by Lowry, col.48a):.</note>

  <note>1. Title page: see Ashby, p.116 for this plate..</note>

  <note>2. Statue of Marcus Aurelius (pl.n.42): for copies of this
  engraving see Cav(P), pl.42 and Cav I-II, pl.68 (C 804)..</note>

  <note>3. Statue of the Tiber (pl.n.43): see Cav(P), pl.43 and Cav
  I-II, pl.69 (C 805)..</note>

  <note>4. Statue of Pasquino (pl.n.52): see Cav(P), pl.52 and Cav
  I-II, pl.92 (C 818)..</note>

  <note>For a parallel set of 52 engravings, arranged in the same
  order as Cavalieri's, published ca.1560 at Nancy, and attributed
  to Pierre Woeiriot, cf. L-A v.2, p.165, n.18.</note>

  <note>*See also general note *, p.</note>

  <inscrip>Consulis statua marmorea ibidem</inscrip>

  <size>19.8 x 13.2 cm. (Engraving n.7)</size>

  <note>(A) Ferr, pl.2 (engraved by Giovanni Georgi). (B) Cav I-II,
  pl.23 (C 764).</note>
</record>

<record>
  <num>C712</num>

  <subj>Roman Statuary</subj>

  <inscrip>[Antiquarum statuarum urbis Romae (liber
  primus)]</inscrip>

  <engrv>[Girolamo Porro? after Giovanni Battista
  Cavalieri]</engrv>

  <city>[Venice]</city>

  <pub>[Girolamo Porro]</pub>

  <date>[1570]</date>

  <ref>Ashby</ref>

  <ref>Lowry. Cav(P)</ref>

  <ref>Cav I-II</ref>

  <ref>Vac-vanS</ref>

  <note>For other sources cf. individual entries below.) Part of a
  set of 52 numbered engravings plus a title page. The following
  plates are missing from the University's set of 48 engravings
  (not 49 as stated by Lowry, col.48a):.</note>

  <note>1. Title page: see Ashby, p.116 for this plate..</note>

  <note>2. Statue of Marcus Aurelius (pl.n.42): for copies of this
  engraving see Cav(P), pl.42 and Cav I-II, pl.68 (C 804)..</note>

  <note>3. Statue of the Tiber (pl.n.43): see Cav(P), pl.43 and Cav
  I-II, pl.69 (C 805)..</note>

  <note>4. Statue of Pasquino (pl.n.52): see Cav(P), pl.52 and Cav
  I-II, pl.92 (C 818)..</note>

  <note>For a parallel set of 52 engravings, arranged in the same
  order as Cavalieri's, published ca.1560 at Nancy, and attributed
  to Pierre Woeiriot, cf. L-A v.2, p.165, n.18.</note>

  <note>*See also general note *, p.</note>

  <inscrip>Atreus marmoreus in novo palatio Farnesiae
  domus</inscrip>

  <size>19.5 x 12.5 cm. (Engraving n.8)</size>

  <note>(B) Cav I-II, pl.29; Vac-van S, pl.32; Thom (1618), pl.[25]
  (C 910); Thom, pl.25 (these last three engravings copied after
  Cornelis Cort: see A 106); Per, pl.13 (back view).</note>
</record>

<record>
  <num>C713</num>

  <subj>Roman Statuary</subj>

  <inscrip>[Antiquarum statuarum urbis Romae (liber
  primus)]</inscrip>

  <engrv>[Girolamo Porro? after Giovanni Battista
  Cavalieri]</engrv>

  <city>[Venice]</city>

  <pub>[Girolamo Porro]</pub>

  <date>[1570]</date>

  <ref>Ashby</ref>

  <ref>Lowry. Cav(P)</ref>

  <ref>Cav I-II</ref>

  <ref>Vac-vanS</ref>

  <note>For other sources cf. individual entries below.) Part of a
  set of 52 numbered engravings plus a title page. The following
  plates are missing from the University's set of 48 engravings
  (not 49 as stated by Lowry, col.48a):.</note>

  <note>1. Title page: see Ashby, p.116 for this plate..</note>

  <note>2. Statue of Marcus Aurelius (pl.n.42): for copies of this
  engraving see Cav(P), pl.42 and Cav I-II, pl.68 (C 804)..</note>

  <note>3. Statue of the Tiber (pl.n.43): see Cav(P), pl.43 and Cav
  I-II, pl.69 (C 805)..</note>

  <note>4. Statue of Pasquino (pl.n.52): see Cav(P), pl.52 and Cav
  I-II, pl.92 (C 818)..</note>

  <note>For a parallel set of 52 engravings, arranged in the same
  order as Cavalieri's, published ca.1560 at Nancy, and attributed
  to Pierre Woeiriot, cf. L-A v.2, p.165, n.18.</note>

  <note>*See also general note *, p.</note>

  <inscrip>Hercules marmoreus in novo palatio Farnesie
  domus</inscrip>

  <size>19.5 x 12.5 cm. (Engraving n.9)</size>

  <note>(B) Cav I-II, pl.27; Vac-van S, pl.29 (C 849); Thom, pl.50;
  Per, pl.2-4; Bis, pl.8-11.</note>
</record>

<record>
  <num>C714</num>

  <subj>Roman Statuary</subj>

  <inscrip>[Antiquarum statuarum urbis Romae (liber
  primus)]</inscrip>

  <engrv>[Girolamo Porro? after Giovanni Battista
  Cavalieri]</engrv>

  <city>[Venice]</city>

  <pub>[Girolamo Porro]</pub>

  <date>[1570]</date>

  <ref>Ashby</ref>

  <ref>Lowry. Cav(P)</ref>

  <ref>Cav I-II</ref>

  <ref>Vac-vanS</ref>

  <note>For other sources cf. individual entries below.) Part of a
  set of 52 numbered engravings plus a title page. The following
  plates are missing from the University's set of 48 engravings
  (not 49 as stated by Lowry, col.48a):.</note>

  <note>1. Title page: see Ashby, p.116 for this plate..</note>

  <note>2. Statue of Marcus Aurelius (pl.n.42): for copies of this
  engraving see Cav(P), pl.42 and Cav I-II, pl.68 (C 804)..</note>

  <note>3. Statue of the Tiber (pl.n.43): see Cav(P), pl.43 and Cav
  I-II, pl.69 (C 805)..</note>

  <note>4. Statue of Pasquino (pl.n.52): see Cav(P), pl.52 and Cav
  I-II, pl.92 (C 818)..</note>

  <note>For a parallel set of 52 engravings, arranged in the same
  order as Cavalieri's, published ca.1560 at Nancy, and attributed
  to Pierre Woeiriot, cf. L-A v.2, p.165, n.18.</note>

  <note>*See also general note *, p.</note>

  <inscrip>Gladiator, aliis imperatro ibidem</inscrip>

  <size>20 x 13 cm. (Engraving n.10)</size>

  <note>(B) Cav I-II, pl.28; Vac-van S, pl.31 (C 850).</note>
</record>

<record>
  <num>C715</num>

  <subj>Roman Statuary</subj>

  <inscrip>[Antiquarum statuarum urbis Romae (liber
  primus)]</inscrip>

  <engrv>[Girolamo Porro? after Giovanni Battista
  Cavalieri]</engrv>

  <city>[Venice]</city>

  <pub>[Girolamo Porro]</pub>

  <date>[1570]</date>

  <ref>Ashby</ref>

  <ref>Lowry. Cav(P)</ref>

  <ref>Cav I-II</ref>

  <ref>Vac-vanS</ref>

  <note>For other sources cf. individual entries below.) Part of a
  set of 52 numbered engravings plus a title page. The following
  plates are missing from the University's set of 48 engravings
  (not 49 as stated by Lowry, col.48a):.</note>

  <note>1. Title page: see Ashby, p.116 for this plate..</note>

  <note>2. Statue of Marcus Aurelius (pl.n.42): for copies of this
  engraving see Cav(P), pl.42 and Cav I-II, pl.68 (C 804)..</note>

  <note>3. Statue of the Tiber (pl.n.43): see Cav(P), pl.43 and Cav
  I-II, pl.69 (C 805)..</note>

  <note>4. Statue of Pasquino (pl.n.52): see Cav(P), pl.52 and Cav
  I-II, pl.92 (C 818)..</note>

  <note>For a parallel set of 52 engravings, arranged in the same
  order as Cavalieri's, published ca.1560 at Nancy, and attributed
  to Pierre Woeiriot, cf. L-A v.2, p.165, n.18.</note>

  <note>*See also general note *, p.</note>

  <inscrip>Spei statua ibidem</inscrip>

  <size>19.5 x 13 cm. (Engraving n.11)</size>

  <note>(B) van A, unnumbered pl.(C 799).</note>
</record>

<record>
  <num>C716</num>

  <subj>Roman Statuary</subj>

  <inscrip>[Antiquarum statuarum urbis Romae (liber
  primus)]</inscrip>

  <engrv>[Girolamo Porro? after Giovanni Battista
  Cavalieri]</engrv>

  <city>[Venice]</city>

  <pub>[Girolamo Porro]</pub>

  <date>[1570]</date>

  <ref>Ashby</ref>

  <ref>Lowry. Cav(P)</ref>

  <ref>Cav I-II</ref>

  <ref>Vac-vanS</ref>

  <note>For other sources cf. individual entries below.) Part of a
  set of 52 numbered engravings plus a title page. The following
  plates are missing from the University's set of 48 engravings
  (not 49 as stated by Lowry, col.48a):.</note>

  <note>1. Title page: see Ashby, p.116 for this plate..</note>

  <note>2. Statue of Marcus Aurelius (pl.n.42): for copies of this
  engraving see Cav(P), pl.42 and Cav I-II, pl.68 (C 804)..</note>

  <note>3. Statue of the Tiber (pl.n.43): see Cav(P), pl.43 and Cav
  I-II, pl.69 (C 805)..</note>

  <note>4. Statue of Pasquino (pl.n.52): see Cav(P), pl.52 and Cav
  I-II, pl.92 (C 818)..</note>

  <note>For a parallel set of 52 engravings, arranged in the same
  order as Cavalieri's, published ca.1560 at Nancy, and attributed
  to Pierre Woeiriot, cf. L-A v.2, p.165, n.18.</note>

  <note>*See also general note *, p.</note>

  <inscrip>Pomona e marmore ibidem</inscrip>

  <size>20.5 x 12.5 cm. (Engraving n.12)</size>

  <note>(B) Vac-van S, pl.27 (C 847).</note>
</record>

<record>
  <num>C717</num>

  <subj>Roman Statuary</subj>

  <inscrip>[Antiquarum statuarum urbis Romae (liber
  primus)]</inscrip>

  <engrv>[Girolamo Porro? after Giovanni Battista
  Cavalieri]</engrv>

  <city>[Venice]</city>

  <pub>[Girolamo Porro]</pub>

  <date>[1570]</date>

  <ref>Ashby</ref>

  <ref>Lowry. Cav(P)</ref>

  <ref>Cav I-II</ref>

  <ref>Vac-vanS</ref>

  <note>For other sources cf. individual entries below.) Part of a
  set of 52 numbered engravings plus a title page. The following
  plates are missing from the University's set of 48 engravings
  (not 49 as stated by Lowry, col.48a):.</note>

  <note>1. Title page: see Ashby, p.116 for this plate..</note>

  <note>2. Statue of Marcus Aurelius (pl.n.42): for copies of this
  engraving see Cav(P), pl.42 and Cav I-II, pl.68 (C 804)..</note>

  <note>3. Statue of the Tiber (pl.n.43): see Cav(P), pl.43 and Cav
  I-II, pl.69 (C 805)..</note>

  <note>4. Statue of Pasquino (pl.n.52): see Cav(P), pl.52 and Cav
  I-II, pl.92 (C 818)..</note>

  <note>For a parallel set of 52 engravings, arranged in the same
  order as Cavalieri's, published ca.1560 at Nancy, and attributed
  to Pierre Woeiriot, cf. L-A v.2, p.165, n.18.</note>

  <note>*See also general note *, p.</note>

  <inscrip>Romae e lapide porphirite, capite tamen brachiis et
  pedibus eneis, ibidem</inscrip>

  <size>20 x 13.5 cm. (Engraving n.13)</size>

  <note>(B) Vac-van S, pl.34 (C 766).</note>
</record>

<record>
  <num>C718</num>

  <subj>Roman Statuary</subj>

  <inscrip>[Antiquarum statuarum urbis Romae (liber
  primus)]</inscrip>

  <engrv>[Girolamo Porro? after Giovanni Battista
  Cavalieri]</engrv>

  <city>[Venice]</city>

  <pub>[Girolamo Porro]</pub>

  <date>[1570]</date>

  <ref>Ashby</ref>

  <ref>Lowry. Cav(P)</ref>

  <ref>Cav I-II</ref>

  <ref>Vac-vanS</ref>

  <note>For other sources cf. individual entries below.) Part of a
  set of 52 numbered engravings plus a title page. The following
  plates are missing from the University's set of 48 engravings
  (not 49 as stated by Lowry, col.48a):.</note>

  <note>1. Title page: see Ashby, p.116 for this plate..</note>

  <note>2. Statue of Marcus Aurelius (pl.n.42): for copies of this
  engraving see Cav(P), pl.42 and Cav I-II, pl.68 (C 804)..</note>

  <note>3. Statue of the Tiber (pl.n.43): see Cav(P), pl.43 and Cav
  I-II, pl.69 (C 805)..</note>

  <note>4. Statue of Pasquino (pl.n.52): see Cav(P), pl.52 and Cav
  I-II, pl.92 (C 818)..</note>

  <note>For a parallel set of 52 engravings, arranged in the same
  order as Cavalieri's, published ca.1560 at Nancy, and attributed
  to Pierre Woeiriot, cf. L-A v.2, p.165, n.18.</note>

  <note>*See also general note *, p.</note>

  <inscrip>Parthorum rex captivus ibidem</inscrip>

  <size>20 x 13 cm. (Engraving n.14)</size>

  <note>(A) van A, unnumbered pl.(C 800). (B) Cav I-II, pl.30;
  Vac-van S, pl.23 (C 843).</note>
</record>

<record>
  <num>C719</num>

  <subj>Roman Statuary</subj>

  <inscrip>[Antiquarum statuarum urbis Romae (liber
  primus)]</inscrip>

  <engrv>[Girolamo Porro? after Giovanni Battista
  Cavalieri]</engrv>

  <city>[Venice]</city>

  <pub>[Girolamo Porro]</pub>

  <date>[1570]</date>

  <ref>Ashby</ref>

  <ref>Lowry. Cav(P)</ref>

  <ref>Cav I-II</ref>

  <ref>Vac-vanS</ref>

  <note>For other sources cf. individual entries below.) Part of a
  set of 52 numbered engravings plus a title page. The following
  plates are missing from the University's set of 48 engravings
  (not 49 as stated by Lowry, col.48a):.</note>

  <note>1. Title page: see Ashby, p.116 for this plate..</note>

  <note>2. Statue of Marcus Aurelius (pl.n.42): for copies of this
  engraving see Cav(P), pl.42 and Cav I-II, pl.68 (C 804)..</note>

  <note>3. Statue of the Tiber (pl.n.43): see Cav(P), pl.43 and Cav
  I-II, pl.69 (C 805)..</note>

  <note>4. Statue of Pasquino (pl.n.52): see Cav(P), pl.52 and Cav
  I-II, pl.92 (C 818)..</note>

  <note>For a parallel set of 52 engravings, arranged in the same
  order as Cavalieri's, published ca.1560 at Nancy, and attributed
  to Pierre Woeiriot, cf. L-A v.2, p.165, n.18.</note>

  <note>*See also general note *, p.</note>

  <inscrip>Rex Armeniae captivus ibidem</inscrip>

  <size>21 x 14 cm. (Engraving n.15)</size>

  <note>(B) Cav I-II, pl.31; Vac-van S, pl.24 (C 844); Bis, pl.75
  (all three of these reversed).</note>
</record>

<record>
  <num>C720</num>

  <subj>Roman Statuary</subj>

  <inscrip>[Antiquarum statuarum urbis Romae (liber
  primus)]</inscrip>

  <engrv>[Girolamo Porro? after Giovanni Battista
  Cavalieri]</engrv>

  <city>[Venice]</city>

  <pub>[Girolamo Porro]</pub>

  <date>[1570]</date>

  <ref>Ashby</ref>

  <ref>Lowry. Cav(P)</ref>

  <ref>Cav I-II</ref>

  <ref>Vac-vanS</ref>

  <note>For other sources cf. individual entries below.) Part of a
  set of 52 numbered engravings plus a title page. The following
  plates are missing from the University's set of 48 engravings
  (not 49 as stated by Lowry, col.48a):.</note>

  <note>1. Title page: see Ashby, p.116 for this plate..</note>

  <note>2. Statue of Marcus Aurelius (pl.n.42): for copies of this
  engraving see Cav(P), pl.42 and Cav I-II, pl.68 (C 804)..</note>

  <note>3. Statue of the Tiber (pl.n.43): see Cav(P), pl.43 and Cav
  I-II, pl.69 (C 805)..</note>

  <note>4. Statue of Pasquino (pl.n.52): see Cav(P), pl.52 and Cav
  I-II, pl.92 (C 818)..</note>

  <note>For a parallel set of 52 engravings, arranged in the same
  order as Cavalieri's, published ca.1560 at Nancy, and attributed
  to Pierre Woeiriot, cf. L-A v.2, p.165, n.18.</note>

  <note>*See also general note *, p.</note>

  <inscrip>Vestalis Dea e nigro marmore ibidem capite tamen,
  manibus et pedubus ex albo</inscrip>

  <size>19.5 x 13 cm. (Engraving n.16)</size>

  <note>(B) Cav I-II, pl.36 (C 769).</note>
</record>

<record>
  <num>C721</num>

  <subj>Roman Statuary</subj>

  <inscrip>[Antiquarum statuarum urbis Romae (liber
  primus)]</inscrip>

  <engrv>[Girolamo Porro? after Giovanni Battista
  Cavalieri]</engrv>

  <city>[Venice]</city>

  <pub>[Girolamo Porro]</pub>

  <date>[1570]</date>

  <ref>Ashby</ref>

  <ref>Lowry. Cav(P)</ref>

  <ref>Cav I-II</ref>

  <ref>Vac-vanS</ref>

  <note>For other sources cf. individual entries below.) Part of a
  set of 52 numbered engravings plus a title page. The following
  plates are missing from the University's set of 48 engravings
  (not 49 as stated by Lowry, col.48a):.</note>

  <note>1. Title page: see Ashby, p.116 for this plate..</note>

  <note>2. Statue of Marcus Aurelius (pl.n.42): for copies of this
  engraving see Cav(P), pl.42 and Cav I-II, pl.68 (C 804)..</note>

  <note>3. Statue of the Tiber (pl.n.43): see Cav(P), pl.43 and Cav
  I-II, pl.69 (C 805)..</note>

  <note>4. Statue of Pasquino (pl.n.52): see Cav(P), pl.52 and Cav
  I-II, pl.92 (C 818)..</note>

  <note>For a parallel set of 52 engravings, arranged in the same
  order as Cavalieri's, published ca.1560 at Nancy, and attributed
  to Pierre Woeiriot, cf. L-A v.2, p.165, n.18.</note>

  <note>*See also general note *, p.</note>

  <inscrip>Ex Nimphis Dianae ibidem, veste e nigro lapide, capite
  manibus, et pedibus ex albo</inscrip>

  <size>22 x 13 cm. (Engraving n.17)</size>

  <note>(B) Cav I-II, pl.35.</note>
</record>

<record>
  <num>C722</num>

  <subj>Roman Statuary</subj>

  <inscrip>[Antiquarum statuarum urbis Romae (liber
  primus)]</inscrip>

  <engrv>[Girolamo Porro? after Giovanni Battista
  Cavalieri]</engrv>

  <city>[Venice]</city>

  <pub>[Girolamo Porro]</pub>

  <date>[1570]</date>

  <ref>Ashby</ref>

  <ref>Lowry. Cav(P)</ref>

  <ref>Cav I-II</ref>

  <ref>Vac-vanS</ref>

  <note>For other sources cf. individual entries below.) Part of a
  set of 52 numbered engravings plus a title page. The following
  plates are missing from the University's set of 48 engravings
  (not 49 as stated by Lowry, col.48a):.</note>

  <note>1. Title page: see Ashby, p.116 for this plate..</note>

  <note>2. Statue of Marcus Aurelius (pl.n.42): for copies of this
  engraving see Cav(P), pl.42 and Cav I-II, pl.68 (C 804)..</note>

  <note>3. Statue of the Tiber (pl.n.43): see Cav(P), pl.43 and Cav
  I-II, pl.69 (C 805)..</note>

  <note>4. Statue of Pasquino (pl.n.52): see Cav(P), pl.52 and Cav
  I-II, pl.92 (C 818)..</note>

  <note>For a parallel set of 52 engravings, arranged in the same
  order as Cavalieri's, published ca.1560 at Nancy, and attributed
  to Pierre Woeiriot, cf. L-A v.2, p.165, n.18.</note>

  <note>*See also general note *, p.</note>

  <inscrip>Minerva marmorea ibidem</inscrip>

  <size>20 x 12.5 cm. (Engraving n.18)</size>

  <note>(B) Cav I-II, pl.38 (C 768); Vac-van S, pl.30; Per,
  pl.54.</note>
</record>

<record>
  <num>C723</num>

  <subj>Roman Statuary</subj>

  <inscrip>[Antiquarum statuarum urbis Romae (liber
  primus)]</inscrip>

  <engrv>[Girolamo Porro? after Giovanni Battista
  Cavalieri]</engrv>

  <city>[Venice]</city>

  <pub>[Girolamo Porro]</pub>

  <date>[1570]</date>

  <ref>Ashby</ref>

  <ref>Lowry. Cav(P)</ref>

  <ref>Cav I-II</ref>

  <ref>Vac-vanS</ref>

  <note>For other sources cf. individual entries below.) Part of a
  set of 52 numbered engravings plus a title page. The following
  plates are missing from the University's set of 48 engravings
  (not 49 as stated by Lowry, col.48a):.</note>

  <note>1. Title page: see Ashby, p.116 for this plate..</note>

  <note>2. Statue of Marcus Aurelius (pl.n.42): for copies of this
  engraving see Cav(P), pl.42 and Cav I-II, pl.68 (C 804)..</note>

  <note>3. Statue of the Tiber (pl.n.43): see Cav(P), pl.43 and Cav
  I-II, pl.69 (C 805)..</note>

  <note>4. Statue of Pasquino (pl.n.52): see Cav(P), pl.52 and Cav
  I-II, pl.92 (C 818)..</note>

  <note>For a parallel set of 52 engravings, arranged in the same
  order as Cavalieri's, published ca.1560 at Nancy, and attributed
  to Pierre Woeiriot, cf. L-A v.2, p.165, n.18.</note>

  <note>*See also general note *, p.</note>

  <inscrip>Spei statua marmorea in hortis Car. Ferrarie</inscrip>

  <size>20 x 13 cm. (Engraving n.19)</size>

  <note>(B) Cav I-II, pl.42.</note>
</record>

<record>
  <num>C724</num>

  <subj>Roman Statuary</subj>

  <inscrip>[Antiquarum statuarum urbis Romae (liber
  primus)]</inscrip>

  <engrv>[Girolamo Porro? after Giovanni Battista
  Cavalieri]</engrv>

  <city>[Venice]</city>

  <pub>[Girolamo Porro]</pub>

  <date>[1570]</date>

  <ref>Ashby</ref>

  <ref>Lowry. Cav(P)</ref>

  <ref>Cav I-II</ref>

  <ref>Vac-vanS</ref>

  <note>For other sources cf. individual entries below.) Part of a
  set of 52 numbered engravings plus a title page. The following
  plates are missing from the University's set of 48 engravings
  (not 49 as stated by Lowry, col.48a):.</note>

  <note>1. Title page: see Ashby, p.116 for this plate..</note>

  <note>2. Statue of Marcus Aurelius (pl.n.42): for copies of this
  engraving see Cav(P), pl.42 and Cav I-II, pl.68 (C 804)..</note>

  <note>3. Statue of the Tiber (pl.n.43): see Cav(P), pl.43 and Cav
  I-II, pl.69 (C 805)..</note>

  <note>4. Statue of Pasquino (pl.n.52): see Cav(P), pl.52 and Cav
  I-II, pl.92 (C 818)..</note>

  <note>For a parallel set of 52 engravings, arranged in the same
  order as Cavalieri's, published ca.1560 at Nancy, and attributed
  to Pierre Woeiriot, cf. L-A v.2, p.165, n.18.</note>

  <note>*See also general note *, p.</note>

  <inscrip>Aesculapius e marmore ibidem</inscrip>

  <size>22 x 13 cm. (Engraving n.20)</size>

  <note>(B) Cav I-II, pl.39 (C769).</note>
</record>

<record>
  <num>C725</num>

  <subj>Roman Statuary</subj>

  <inscrip>[Antiquarum statuarum urbis Romae (liber
  primus)]</inscrip>

  <engrv>[Girolamo Porro? after Giovanni Battista
  Cavalieri]</engrv>

  <city>[Venice]</city>

  <pub>[Girolamo Porro]</pub>

  <date>[1570]</date>

  <ref>Ashby</ref>

  <ref>Lowry. Cav(P)</ref>

  <ref>Cav I-II</ref>

  <ref>Vac-vanS</ref>

  <note>For other sources cf. individual entries below.) Part of a
  set of 52 numbered engravings plus a title page. The following
  plates are missing from the University's set of 48 engravings
  (not 49 as stated by Lowry, col.48a):.</note>

  <note>1. Title page: see Ashby, p.116 for this plate..</note>

  <note>2. Statue of Marcus Aurelius (pl.n.42): for copies of this
  engraving see Cav(P), pl.42 and Cav I-II, pl.68 (C 804)..</note>

  <note>3. Statue of the Tiber (pl.n.43): see Cav(P), pl.43 and Cav
  I-II, pl.69 (C 805)..</note>

  <note>4. Statue of Pasquino (pl.n.52): see Cav(P), pl.52 and Cav
  I-II, pl.92 (C 818)..</note>

  <note>For a parallel set of 52 engravings, arranged in the same
  order as Cavalieri's, published ca.1560 at Nancy, and attributed
  to Pierre Woeiriot, cf. L-A v.2, p.165, n.18.</note>

  <note>*See also general note *, p.</note>

  <inscrip>Aesculapius alter ibidem</inscrip>

  <size>20 x 13 cm. (Engraving n.21)</size>

  <note>(A) Ferr, pl.30 (engraved by Jac. Ruphon or Ruffoni). (B)
  Cav I-II, pl.40 (C 770).</note>
</record>

<record>
  <num>C726</num>

  <subj>Roman Statuary</subj>

  <inscrip>[Antiquarum statuarum urbis Romae (liber
  primus)]</inscrip>

  <engrv>[Girolamo Porro? after Giovanni Battista
  Cavalieri]</engrv>

  <city>[Venice]</city>

  <pub>[Girolamo Porro]</pub>

  <date>[1570]</date>

  <ref>Ashby</ref>

  <ref>Lowry. Cav(P)</ref>

  <ref>Cav I-II</ref>

  <ref>Vac-vanS</ref>

  <note>For other sources cf. individual entries below.) Part of a
  set of 52 numbered engravings plus a title page. The following
  plates are missing from the University's set of 48 engravings
  (not 49 as stated by Lowry, col.48a):.</note>

  <note>1. Title page: see Ashby, p.116 for this plate..</note>

  <note>2. Statue of Marcus Aurelius (pl.n.42): for copies of this
  engraving see Cav(P), pl.42 and Cav I-II, pl.68 (C 804)..</note>

  <note>3. Statue of the Tiber (pl.n.43): see Cav(P), pl.43 and Cav
  I-II, pl.69 (C 805)..</note>

  <note>4. Statue of Pasquino (pl.n.52): see Cav(P), pl.52 and Cav
  I-II, pl.92 (C 818)..</note>

  <note>For a parallel set of 52 engravings, arranged in the same
  order as Cavalieri's, published ca.1560 at Nancy, and attributed
  to Pierre Woeiriot, cf. L-A v.2, p.165, n.18.</note>

  <note>*See also general note *, p.</note>

  <inscrip>Tyro Herculis uxor ibidem</inscrip>

  <size>20 x 13 cm. (Engraving n.22)</size>

  <ref>Ashby, p.148, note 1</ref>

  <note>(B) Cav I-II, pl.53.</note>
</record>

<record>
  <num>C727</num>

  <subj>Roman Statuary</subj>

  <inscrip>[Antiquarum statuarum urbis Romae (liber
  primus)]</inscrip>

  <engrv>[Girolamo Porro? after Giovanni Battista
  Cavalieri]</engrv>

  <city>[Venice]</city>

  <pub>[Girolamo Porro]</pub>

  <date>[1570]</date>

  <ref>Ashby</ref>

  <ref>Lowry. Cav(P)</ref>

  <ref>Cav I-II</ref>

  <ref>Vac-vanS</ref>

  <note>For other sources cf. individual entries below.) Part of a
  set of 52 numbered engravings plus a title page. The following
  plates are missing from the University's set of 48 engravings
  (not 49 as stated by Lowry, col.48a):.</note>

  <note>1. Title page: see Ashby, p.116 for this plate..</note>

  <note>2. Statue of Marcus Aurelius (pl.n.42): for copies of this
  engraving see Cav(P), pl.42 and Cav I-II, pl.68 (C 804)..</note>

  <note>3. Statue of the Tiber (pl.n.43): see Cav(P), pl.43 and Cav
  I-II, pl.69 (C 805)..</note>

  <note>4. Statue of Pasquino (pl.n.52): see Cav(P), pl.52 and Cav
  I-II, pl.92 (C 818)..</note>

  <note>For a parallel set of 52 engravings, arranged in the same
  order as Cavalieri's, published ca.1560 at Nancy, and attributed
  to Pierre Woeiriot, cf. L-A v.2, p.165, n.18.</note>

  <note>*See also general note *, p.</note>

  <inscrip>Bellona e marmore ibidem</inscrip>

  <size>19.5 x 12.5 cm. (Engraving n.23)</size>

  <note>(B) Cav I-II, pl.60; Vac-van S, pl.60 (C 880); Bis,
  pl.96.</note>
</record>

<record>
  <num>C728</num>

  <subj>Roman Statuary</subj>

  <inscrip>[Antiquarum statuarum urbis Romae (liber
  primus)]</inscrip>

  <engrv>[Girolamo Porro? after Giovanni Battista
  Cavalieri]</engrv>

  <city>[Venice]</city>

  <pub>[Girolamo Porro]</pub>

  <date>[1570]</date>

  <ref>Ashby</ref>

  <ref>Lowry. Cav(P)</ref>

  <ref>Cav I-II</ref>

  <ref>Vac-vanS</ref>

  <note>For other sources cf. individual entries below.) Part of a
  set of 52 numbered engravings plus a title page. The following
  plates are missing from the University's set of 48 engravings
  (not 49 as stated by Lowry, col.48a):.</note>

  <note>1. Title page: see Ashby, p.116 for this plate..</note>

  <note>2. Statue of Marcus Aurelius (pl.n.42): for copies of this
  engraving see Cav(P), pl.42 and Cav I-II, pl.68 (C 804)..</note>

  <note>3. Statue of the Tiber (pl.n.43): see Cav(P), pl.43 and Cav
  I-II, pl.69 (C 805)..</note>

  <note>4. Statue of Pasquino (pl.n.52): see Cav(P), pl.52 and Cav
  I-II, pl.92 (C 818)..</note>

  <note>For a parallel set of 52 engravings, arranged in the same
  order as Cavalieri's, published ca.1560 at Nancy, and attributed
  to Pierre Woeiriot, cf. L-A v.2, p.165, n.18.</note>

  <note>*See also general note *, p.</note>

  <inscrip>Psiche ibidem</inscrip>

  <size>20 x 13 cm. (Engraving n.24)</size>

  <note>(A) van A, unnumbered pl.(C 801). (B) Cav I-II,
  pl.43.</note>
</record>

<record>
  <num>C729</num>

  <subj>Roman Statuary</subj>

  <inscrip>[Antiquarum statuarum urbis Romae (liber
  primus)]</inscrip>

  <engrv>[Girolamo Porro? after Giovanni Battista
  Cavalieri]</engrv>

  <city>[Venice]</city>

  <pub>[Girolamo Porro]</pub>

  <date>[1570]</date>

  <ref>Ashby</ref>

  <ref>Lowry. Cav(P)</ref>

  <ref>Cav I-II</ref>

  <ref>Vac-vanS</ref>

  <note>For other sources cf. individual entries below.) Part of a
  set of 52 numbered engravings plus a title page. The following
  plates are missing from the University's set of 48 engravings
  (not 49 as stated by Lowry, col.48a):.</note>

  <note>1. Title page: see Ashby, p.116 for this plate..</note>

  <note>2. Statue of Marcus Aurelius (pl.n.42): for copies of this
  engraving see Cav(P), pl.42 and Cav I-II, pl.68 (C 804)..</note>

  <note>3. Statue of the Tiber (pl.n.43): see Cav(P), pl.43 and Cav
  I-II, pl.69 (C 805)..</note>

  <note>4. Statue of Pasquino (pl.n.52): see Cav(P), pl.52 and Cav
  I-II, pl.92 (C 818)..</note>

  <note>For a parallel set of 52 engravings, arranged in the same
  order as Cavalieri's, published ca.1560 at Nancy, and attributed
  to Pierre Woeiriot, cf. L-A v.2, p.165, n.18.</note>

  <note>*See also general note *, p.</note>

  <inscrip>Maemosine e marmore ibidem</inscrip>

  <size>20 x 13 cm. (Engraving n.25)</size>

  <note>(B) Cav I-II, pl.54.</note>
</record>

<record>
  <num>C730</num>

  <subj>Roman Statuary</subj>

  <inscrip>[Antiquarum statuarum urbis Romae (liber
  primus)]</inscrip>

  <engrv>[Girolamo Porro? after Giovanni Battista
  Cavalieri]</engrv>

  <city>[Venice]</city>

  <pub>[Girolamo Porro]</pub>

  <date>[1570]</date>

  <ref>Ashby</ref>

  <ref>Lowry. Cav(P)</ref>

  <ref>Cav I-II</ref>

  <ref>Vac-vanS</ref>

  <note>For other sources cf. individual entries below.) Part of a
  set of 52 numbered engravings plus a title page. The following
  plates are missing from the University's set of 48 engravings
  (not 49 as stated by Lowry, col.48a):.</note>

  <note>1. Title page: see Ashby, p.116 for this plate..</note>

  <note>2. Statue of Marcus Aurelius (pl.n.42): for copies of this
  engraving see Cav(P), pl.42 and Cav I-II, pl.68 (C 804)..</note>

  <note>3. Statue of the Tiber (pl.n.43): see Cav(P), pl.43 and Cav
  I-II, pl.69 (C 805)..</note>

  <note>4. Statue of Pasquino (pl.n.52): see Cav(P), pl.52 and Cav
  I-II, pl.92 (C 818)..</note>

  <note>For a parallel set of 52 engravings, arranged in the same
  order as Cavalieri's, published ca.1560 at Nancy, and attributed
  to Pierre Woeiriot, cf. L-A v.2, p.165, n.18.</note>

  <note>*See also general note *, p.</note>

  <inscrip>Maemosine altera ibidem</inscrip>

  <size>20 x 13 cm. (Engraving n.26)</size>

  <note>(A) Cav I-II, pl.55; Marc, pl.21 (C 819).</note>
</record>

<record>
  <num>C731</num>

  <subj>Roman Statuary</subj>

  <inscrip>[Antiquarum statuarum urbis Romae (liber
  primus)]</inscrip>

  <engrv>[Girolamo Porro? after Giovanni Battista
  Cavalieri]</engrv>

  <city>[Venice]</city>

  <pub>[Girolamo Porro]</pub>

  <date>[1570]</date>

  <ref>Ashby</ref>

  <ref>Lowry. Cav(P)</ref>

  <ref>Cav I-II</ref>

  <ref>Vac-vanS</ref>

  <note>For other sources cf. individual entries below.) Part of a
  set of 52 numbered engravings plus a title page. The following
  plates are missing from the University's set of 48 engravings
  (not 49 as stated by Lowry, col.48a):.</note>

  <note>1. Title page: see Ashby, p.116 for this plate..</note>

  <note>2. Statue of Marcus Aurelius (pl.n.42): for copies of this
  engraving see Cav(P), pl.42 and Cav I-II, pl.68 (C 804)..</note>

  <note>3. Statue of the Tiber (pl.n.43): see Cav(P), pl.43 and Cav
  I-II, pl.69 (C 805)..</note>

  <note>4. Statue of Pasquino (pl.n.52): see Cav(P), pl.52 and Cav
  I-II, pl.92 (C 818)..</note>

  <note>For a parallel set of 52 engravings, arranged in the same
  order as Cavalieri's, published ca.1560 at Nancy, and attributed
  to Pierre Woeiriot, cf. L-A v.2, p.165, n.18.</note>

  <note>*See also general note *, p.</note>

  <inscrip>Pallas marmorea ibidem</inscrip>

  <size>20 x 12.5 cm. (Engraving n.27)</size>

  <note>(A) Cav I-II, pl.57 (C 775).</note>
</record>

<record>
  <num>C732</num>

  <subj>Roman Statuary</subj>

  <inscrip>[Antiquarum statuarum urbis Romae (liber
  primus)]</inscrip>

  <engrv>[Girolamo Porro? after Giovanni Battista
  Cavalieri]</engrv>

  <city>[Venice]</city>

  <pub>[Girolamo Porro]</pub>

  <date>[1570]</date>

  <ref>Ashby</ref>

  <ref>Lowry. Cav(P)</ref>

  <ref>Cav I-II</ref>

  <ref>Vac-vanS</ref>

  <note>For other sources cf. individual entries below.) Part of a
  set of 52 numbered engravings plus a title page. The following
  plates are missing from the University's set of 48 engravings
  (not 49 as stated by Lowry, col.48a):.</note>

  <note>1. Title page: see Ashby, p.116 for this plate..</note>

  <note>2. Statue of Marcus Aurelius (pl.n.42): for copies of this
  engraving see Cav(P), pl.42 and Cav I-II, pl.68 (C 804)..</note>

  <note>3. Statue of the Tiber (pl.n.43): see Cav(P), pl.43 and Cav
  I-II, pl.69 (C 805)..</note>

  <note>4. Statue of Pasquino (pl.n.52): see Cav(P), pl.52 and Cav
  I-II, pl.92 (C 818)..</note>

  <note>For a parallel set of 52 engravings, arranged in the same
  order as Cavalieri's, published ca.1560 at Nancy, and attributed
  to Pierre Woeiriot, cf. L-A v.2, p.165, n.18.</note>

  <note>*See also general note *, p.</note>

  <inscrip>Aeternitas e marmore ibidem</inscrip>

  <size>20 x 12.6 cm. (Engraving n.28)</size>

  <note>(A) Cav I-II, pl.48 (C 771).</note>
</record>

<record>
  <num>C733</num>

  <subj>Roman Statuary</subj>

  <inscrip>[Antiquarum statuarum urbis Romae (liber
  primus)]</inscrip>

  <engrv>[Girolamo Porro? after Giovanni Battista
  Cavalieri]</engrv>

  <city>[Venice]</city>

  <pub>[Girolamo Porro]</pub>

  <date>[1570]</date>

  <ref>Ashby</ref>

  <ref>Lowry. Cav(P)</ref>

  <ref>Cav I-II</ref>

  <ref>Vac-vanS</ref>

  <note>For other sources cf. individual entries below.) Part of a
  set of 52 numbered engravings plus a title page. The following
  plates are missing from the University's set of 48 engravings
  (not 49 as stated by Lowry, col.48a):.</note>

  <note>1. Title page: see Ashby, p.116 for this plate..</note>

  <note>2. Statue of Marcus Aurelius (pl.n.42): for copies of this
  engraving see Cav(P), pl.42 and Cav I-II, pl.68 (C 804)..</note>

  <note>3. Statue of the Tiber (pl.n.43): see Cav(P), pl.43 and Cav
  I-II, pl.69 (C 805)..</note>

  <note>4. Statue of Pasquino (pl.n.52): see Cav(P), pl.52 and Cav
  I-II, pl.92 (C 818)..</note>

  <note>For a parallel set of 52 engravings, arranged in the same
  order as Cavalieri's, published ca.1560 at Nancy, and attributed
  to Pierre Woeiriot, cf. L-A v.2, p.165, n.18.</note>

  <note>*See also general note *, p.</note>

  <inscrip>Polyhymnia e marmore ibidem</inscrip>

  <size>20 x 13.5 cm. (Engraving n.29)</size>

  <ref>Ashby, p.116</ref>

  <ref>Lowry, p.48, n.5</ref>

  <note>(A) Cav I-II, pl.58 (C 776).</note>
</record>

<record>
  <num>C734</num>

  <subj>Roman Statuary</subj>

  <inscrip>[Antiquarum statuarum urbis Romae (liber
  primus)]</inscrip>

  <engrv>[Girolamo Porro? after Giovanni Battista
  Cavalieri]</engrv>

  <city>[Venice]</city>

  <pub>[Girolamo Porro]</pub>

  <date>[1570]</date>

  <ref>Ashby</ref>

  <ref>Lowry. Cav(P)</ref>

  <ref>Cav I-II</ref>

  <ref>Vac-vanS</ref>

  <note>For other sources cf. individual entries below.) Part of a
  set of 52 numbered engravings plus a title page. The following
  plates are missing from the University's set of 48 engravings
  (not 49 as stated by Lowry, col.48a):.</note>

  <note>1. Title page: see Ashby, p.116 for this plate..</note>

  <note>2. Statue of Marcus Aurelius (pl.n.42): for copies of this
  engraving see Cav(P), pl.42 and Cav I-II, pl.68 (C 804)..</note>

  <note>3. Statue of the Tiber (pl.n.43): see Cav(P), pl.43 and Cav
  I-II, pl.69 (C 805)..</note>

  <note>4. Statue of Pasquino (pl.n.52): see Cav(P), pl.52 and Cav
  I-II, pl.92 (C 818)..</note>

  <note>For a parallel set of 52 engravings, arranged in the same
  order as Cavalieri's, published ca.1560 at Nancy, and attributed
  to Pierre Woeiriot, cf. L-A v.2, p.165, n.18.</note>

  <note>*See also general note *, p.</note>

  <inscrip>Urnaia e marmore ibidem</inscrip>

  <size>19.5 x 13 cm. (Engraving n.30)</size>

  <note>(A) Cav I-II, pl.56 (C 774).</note>
</record>

<record>
  <num>C735</num>

  <subj>Roman Statuary</subj>

  <inscrip>[Antiquarum statuarum urbis Romae (liber
  primus)]</inscrip>

  <engrv>[Girolamo Porro? after Giovanni Battista
  Cavalieri]</engrv>

  <city>[Venice]</city>

  <pub>[Girolamo Porro]</pub>

  <date>[1570]</date>

  <ref>Ashby</ref>

  <ref>Lowry. Cav(P)</ref>

  <ref>Cav I-II</ref>

  <ref>Vac-vanS</ref>

  <note>For other sources cf. individual entries below.) Part of a
  set of 52 numbered engravings plus a title page. The following
  plates are missing from the University's set of 48 engravings
  (not 49 as stated by Lowry, col.48a):.</note>

  <note>1. Title page: see Ashby, p.116 for this plate..</note>

  <note>2. Statue of Marcus Aurelius (pl.n.42): for copies of this
  engraving see Cav(P), pl.42 and Cav I-II, pl.68 (C 804)..</note>

  <note>3. Statue of the Tiber (pl.n.43): see Cav(P), pl.43 and Cav
  I-II, pl.69 (C 805)..</note>

  <note>4. Statue of Pasquino (pl.n.52): see Cav(P), pl.52 and Cav
  I-II, pl.92 (C 818)..</note>

  <note>For a parallel set of 52 engravings, arranged in the same
  order as Cavalieri's, published ca.1560 at Nancy, and attributed
  to Pierre Woeiriot, cf. L-A v.2, p.165, n.18.</note>

  <note>*See also general note *, p.</note>

  <inscrip>Comedia e marmore ibidem</inscrip>

  <size>20.5 x 13 cm. (Engraving n.31)</size>

  <note>(A) Cav I-II, pl.59 (C 777).</note>
</record>

<record>
  <num>C736</num>

  <subj>Roman Statuary</subj>

  <inscrip>[Antiquarum statuarum urbis Romae (liber
  primus)]</inscrip>

  <engrv>[Girolamo Porro? after Giovanni Battista
  Cavalieri]</engrv>

  <city>[Venice]</city>

  <pub>[Girolamo Porro]</pub>

  <date>[1570]</date>

  <ref>Ashby</ref>

  <ref>Lowry. Cav(P)</ref>

  <ref>Cav I-II</ref>

  <ref>Vac-vanS</ref>

  <note>For other sources cf. individual entries below.) Part of a
  set of 52 numbered engravings plus a title page. The following
  plates are missing from the University's set of 48 engravings
  (not 49 as stated by Lowry, col.48a):.</note>

  <note>1. Title page: see Ashby, p.116 for this plate..</note>

  <note>2. Statue of Marcus Aurelius (pl.n.42): for copies of this
  engraving see Cav(P), pl.42 and Cav I-II, pl.68 (C 804)..</note>

  <note>3. Statue of the Tiber (pl.n.43): see Cav(P), pl.43 and Cav
  I-II, pl.69 (C 805)..</note>

  <note>4. Statue of Pasquino (pl.n.52): see Cav(P), pl.52 and Cav
  I-II, pl.92 (C 818)..</note>

  <note>For a parallel set of 52 engravings, arranged in the same
  order as Cavalieri's, published ca.1560 at Nancy, and attributed
  to Pierre Woeiriot, cf. L-A v.2, p.165, n.18.</note>

  <note>*See also general note *, p.</note>

  <inscrip>Statua ibidem cuius nomen ignoratur</inscrip>

  <size>20 x 13 cm. (Engraving n.32)</size>

  <note>(A) Cav I-II, pl.49.</note>
</record>

<record>
  <num>C737</num>

  <subj>Roman Statuary</subj>

  <inscrip>[Antiquarum statuarum urbis Romae (liber
  primus)]</inscrip>

  <engrv>[Girolamo Porro? after Giovanni Battista
  Cavalieri]</engrv>

  <city>[Venice]</city>

  <pub>[Girolamo Porro]</pub>

  <date>[1570]</date>

  <ref>Ashby</ref>

  <ref>Lowry. Cav(P)</ref>

  <ref>Cav I-II</ref>

  <ref>Vac-vanS</ref>

  <note>For other sources cf. individual entries below.) Part of a
  set of 52 numbered engravings plus a title page. The following
  plates are missing from the University's set of 48 engravings
  (not 49 as stated by Lowry, col.48a):.</note>

  <note>1. Title page: see Ashby, p.116 for this plate..</note>

  <note>2. Statue of Marcus Aurelius (pl.n.42): for copies of this
  engraving see Cav(P), pl.42 and Cav I-II, pl.68 (C 804)..</note>

  <note>3. Statue of the Tiber (pl.n.43): see Cav(P), pl.43 and Cav
  I-II, pl.69 (C 805)..</note>

  <note>4. Statue of Pasquino (pl.n.52): see Cav(P), pl.52 and Cav
  I-II, pl.92 (C 818)..</note>

  <note>For a parallel set of 52 engravings, arranged in the same
  order as Cavalieri's, published ca.1560 at Nancy, and attributed
  to Pierre Woeiriot, cf. L-A v.2, p.165, n.18.</note>

  <note>*See also general note *, p.</note>

  <inscrip>Iuno e marmore ibidem</inscrip>

  <size>20 x 12.5 cm. (Engraving n.33)</size>

  <note>(A) Cav I-II, pl.47.</note>
</record>

<record>
  <num>C738</num>

  <subj>Roman Statuary</subj>

  <inscrip>[Antiquarum statuarum urbis Romae (liber
  primus)]</inscrip>

  <engrv>[Girolamo Porro? after Giovanni Battista
  Cavalieri]</engrv>

  <city>[Venice]</city>

  <pub>[Girolamo Porro]</pub>

  <date>[1570]</date>

  <ref>Ashby</ref>

  <ref>Lowry. Cav(P)</ref>

  <ref>Cav I-II</ref>

  <ref>Vac-vanS</ref>

  <note>For other sources cf. individual entries below.) Part of a
  set of 52 numbered engravings plus a title page. The following
  plates are missing from the University's set of 48 engravings
  (not 49 as stated by Lowry, col.48a):.</note>

  <note>1. Title page: see Ashby, p.116 for this plate..</note>

  <note>2. Statue of Marcus Aurelius (pl.n.42): for copies of this
  engraving see Cav(P), pl.42 and Cav I-II, pl.68 (C 804)..</note>

  <note>3. Statue of the Tiber (pl.n.43): see Cav(P), pl.43 and Cav
  I-II, pl.69 (C 805)..</note>

  <note>4. Statue of Pasquino (pl.n.52): see Cav(P), pl.52 and Cav
  I-II, pl.92 (C 818)..</note>

  <note>For a parallel set of 52 engravings, arranged in the same
  order as Cavalieri's, published ca.1560 at Nancy, and attributed
  to Pierre Woeiriot, cf. L-A v.2, p.165, n.18.</note>

  <note>*See also general note *, p.</note>

  <inscrip>Venus Cypria e marmore ibidem</inscrip>

  <size>20 x 13 cm. (Engraving n.34)</size>

  <note>(A) Cav I-II, pl.52 (C 773).</note>
</record>

<record>
  <num>C739</num>

  <subj>Roman Statuary</subj>

  <inscrip>[Antiquarum statuarum urbis Romae (liber
  primus)]</inscrip>

  <engrv>[Girolamo Porro? after Giovanni Battista
  Cavalieri]</engrv>

  <city>[Venice]</city>

  <pub>[Girolamo Porro]</pub>

  <date>[1570]</date>

  <ref>Ashby</ref>

  <ref>Lowry. Cav(P)</ref>

  <ref>Cav I-II</ref>

  <ref>Vac-vanS</ref>

  <note>For other sources cf. individual entries below.) Part of a
  set of 52 numbered engravings plus a title page. The following
  plates are missing from the University's set of 48 engravings
  (not 49 as stated by Lowry, col.48a):.</note>

  <note>1. Title page: see Ashby, p.116 for this plate..</note>

  <note>2. Statue of Marcus Aurelius (pl.n.42): for copies of this
  engraving see Cav(P), pl.42 and Cav I-II, pl.68 (C 804)..</note>

  <note>3. Statue of the Tiber (pl.n.43): see Cav(P), pl.43 and Cav
  I-II, pl.69 (C 805)..</note>

  <note>4. Statue of Pasquino (pl.n.52): see Cav(P), pl.52 and Cav
  I-II, pl.92 (C 818)..</note>

  <note>For a parallel set of 52 engravings, arranged in the same
  order as Cavalieri's, published ca.1560 at Nancy, and attributed
  to Pierre Woeiriot, cf. L-A v.2, p.165, n.18.</note>

  <note>*See also general note *, p.</note>

  <inscrip>Hygia e marmore ibidem</inscrip>

  <size>20.5 x 13 cm. (Engraving n.35)</size>

  <note>(A) Cav I-II, pl.44; Marc, pl.34 (C 820).</note>
</record>

<record>
  <num>C740</num>

  <subj>Roman Statuary</subj>

  <inscrip>[Antiquarum statuarum urbis Romae (liber
  primus)]</inscrip>

  <engrv>[Girolamo Porro? after Giovanni Battista
  Cavalieri]</engrv>

  <city>[Venice]</city>

  <pub>[Girolamo Porro]</pub>

  <date>[1570]</date>

  <ref>Ashby</ref>

  <ref>Lowry. Cav(P)</ref>

  <ref>Cav I-II</ref>

  <ref>Vac-vanS</ref>

  <note>For other sources cf. individual entries below.) Part of a
  set of 52 numbered engravings plus a title page. The following
  plates are missing from the University's set of 48 engravings
  (not 49 as stated by Lowry, col.48a):.</note>

  <note>1. Title page: see Ashby, p.116 for this plate..</note>

  <note>2. Statue of Marcus Aurelius (pl.n.42): for copies of this
  engraving see Cav(P), pl.42 and Cav I-II, pl.68 (C 804)..</note>

  <note>3. Statue of the Tiber (pl.n.43): see Cav(P), pl.43 and Cav
  I-II, pl.69 (C 805)..</note>

  <note>4. Statue of Pasquino (pl.n.52): see Cav(P), pl.52 and Cav
  I-II, pl.92 (C 818)..</note>

  <note>For a parallel set of 52 engravings, arranged in the same
  order as Cavalieri's, published ca.1560 at Nancy, and attributed
  to Pierre Woeiriot, cf. L-A v.2, p.165, n.18.</note>

  <note>*See also general note *, p.</note>

  <inscrip>Hadrianus Augustus ibidem</inscrip>

  <size>22.5 x 13 cm. (Engraving n.36)</size>

  <ref>Ashby, p.147, note 4</ref>

  <note>(A) Cav I-II, pl.41; Ferr, pl.32 (engraved by Jac.
  Ruphon).</note>
</record>

<record>
  <num>C741</num>

  <subj>Roman Statuary</subj>

  <inscrip>[Antiquarum statuarum urbis Romae (liber
  primus)]</inscrip>

  <engrv>[Girolamo Porro? after Giovanni Battista
  Cavalieri]</engrv>

  <city>[Venice]</city>

  <pub>[Girolamo Porro]</pub>

  <date>[1570]</date>

  <ref>Ashby</ref>

  <ref>Lowry. Cav(P)</ref>

  <ref>Cav I-II</ref>

  <ref>Vac-vanS</ref>

  <note>For other sources cf. individual entries below.) Part of a
  set of 52 numbered engravings plus a title page. The following
  plates are missing from the University's set of 48 engravings
  (not 49 as stated by Lowry, col.48a):.</note>

  <note>1. Title page: see Ashby, p.116 for this plate..</note>

  <note>2. Statue of Marcus Aurelius (pl.n.42): for copies of this
  engraving see Cav(P), pl.42 and Cav I-II, pl.68 (C 804)..</note>

  <note>3. Statue of the Tiber (pl.n.43): see Cav(P), pl.43 and Cav
  I-II, pl.69 (C 805)..</note>

  <note>4. Statue of Pasquino (pl.n.52): see Cav(P), pl.52 and Cav
  I-II, pl.92 (C 818)..</note>

  <note>For a parallel set of 52 engravings, arranged in the same
  order as Cavalieri's, published ca.1560 at Nancy, and attributed
  to Pierre Woeiriot, cf. L-A v.2, p.165, n.18.</note>

  <note>*See also general note *, p.</note>

  <inscrip>Diana ibidem marmore</inscrip>

  <size>20.5 x 13 cm. (Engraving n.37)</size>

  <note>(A) Cav I-II, pl.46.</note>
</record>

<record>
  <num>C742</num>

  <subj>Roman Statuary</subj>

  <inscrip>[Antiquarum statuarum urbis Romae (liber
  primus)]</inscrip>

  <engrv>[Girolamo Porro? after Giovanni Battista
  Cavalieri]</engrv>

  <city>[Venice]</city>

  <pub>[Girolamo Porro]</pub>

  <date>[1570]</date>

  <ref>Ashby</ref>

  <ref>Lowry. Cav(P)</ref>

  <ref>Cav I-II</ref>

  <ref>Vac-vanS</ref>

  <note>For other sources cf. individual entries below.) Part of a
  set of 52 numbered engravings plus a title page. The following
  plates are missing from the University's set of 48 engravings
  (not 49 as stated by Lowry, col.48a):.</note>

  <note>1. Title page: see Ashby, p.116 for this plate..</note>

  <note>2. Statue of Marcus Aurelius (pl.n.42): for copies of this
  engraving see Cav(P), pl.42 and Cav I-II, pl.68 (C 804)..</note>

  <note>3. Statue of the Tiber (pl.n.43): see Cav(P), pl.43 and Cav
  I-II, pl.69 (C 805)..</note>

  <note>4. Statue of Pasquino (pl.n.52): see Cav(P), pl.52 and Cav
  I-II, pl.92 (C 818)..</note>

  <note>For a parallel set of 52 engravings, arranged in the same
  order as Cavalieri's, published ca.1560 at Nancy, and attributed
  to Pierre Woeiriot, cf. L-A v.2, p.165, n.18.</note>

  <note>*See also general note *, p.</note>

  <inscrip>Anteros Venus Eros ibidem</inscrip>

  <size>19.5 x 13 cm. (Engraving n.38)</size>

  <note>(A) Cav I-II, pl.51; Vac-van S, pl.58 (C 879).</note>
</record>

<record>
  <num>C743</num>

  <subj>Roman Statuary</subj>

  <inscrip>[Antiquarum statuarum urbis Romae (liber
  primus)]</inscrip>

  <engrv>[Girolamo Porro? after Giovanni Battista
  Cavalieri]</engrv>

  <city>[Venice]</city>

  <pub>[Girolamo Porro]</pub>

  <date>[1570]</date>

  <ref>Ashby</ref>

  <ref>Lowry. Cav(P)</ref>

  <ref>Cav I-II</ref>

  <ref>Vac-vanS</ref>

  <note>For other sources cf. individual entries below.) Part of a
  set of 52 numbered engravings plus a title page. The following
  plates are missing from the University's set of 48 engravings
  (not 49 as stated by Lowry, col.48a):.</note>

  <note>1. Title page: see Ashby, p.116 for this plate..</note>

  <note>2. Statue of Marcus Aurelius (pl.n.42): for copies of this
  engraving see Cav(P), pl.42 and Cav I-II, pl.68 (C 804)..</note>

  <note>3. Statue of the Tiber (pl.n.43): see Cav(P), pl.43 and Cav
  I-II, pl.69 (C 805)..</note>

  <note>4. Statue of Pasquino (pl.n.52): see Cav(P), pl.52 and Cav
  I-II, pl.92 (C 818)..</note>

  <note>For a parallel set of 52 engravings, arranged in the same
  order as Cavalieri's, published ca.1560 at Nancy, and attributed
  to Pierre Woeiriot, cf. L-A v.2, p.165, n.18.</note>

  <note>*See also general note *, p.</note>

  <inscrip>Ceres ibidem</inscrip>

  <size>20 x 14 cm. (Engraving n.39)</size>

  <note>(A) Cav I-II, pl.45.</note>
</record>

<record>
  <num>C744</num>

  <subj>Roman Statuary</subj>

  <inscrip>[Antiquarum statuarum urbis Romae (liber
  primus)]</inscrip>

  <engrv>[Girolamo Porro? after Giovanni Battista
  Cavalieri]</engrv>

  <city>[Venice]</city>

  <pub>[Girolamo Porro]</pub>

  <date>[1570]</date>

  <ref>Ashby</ref>

  <ref>Lowry. Cav(P)</ref>

  <ref>Cav I-II</ref>

  <ref>Vac-vanS</ref>

  <note>For other sources cf. individual entries below.) Part of a
  set of 52 numbered engravings plus a title page. The following
  plates are missing from the University's set of 48 engravings
  (not 49 as stated by Lowry, col.48a):.</note>

  <note>1. Title page: see Ashby, p.116 for this plate..</note>

  <note>2. Statue of Marcus Aurelius (pl.n.42): for copies of this
  engraving see Cav(P), pl.42 and Cav I-II, pl.68 (C 804)..</note>

  <note>3. Statue of the Tiber (pl.n.43): see Cav(P), pl.43 and Cav
  I-II, pl.69 (C 805)..</note>

  <note>4. Statue of Pasquino (pl.n.52): see Cav(P), pl.52 and Cav
  I-II, pl.92 (C 818)..</note>

  <note>For a parallel set of 52 engravings, arranged in the same
  order as Cavalieri's, published ca.1560 at Nancy, and attributed
  to Pierre Woeiriot, cf. L-A v.2, p.165, n.18.</note>

  <note>*See also general note *, p.</note>

  <inscrip>Bucephalus, et Alexander Magnus opus Praxiteles, ante
  aedes Car. lis Ferrerii</inscrip>

  <size>19.5 x 13.5 cm. (Engraving n.40)</size>

  <note>(A) Cav I-II, pl.90; Vac-van S, pl.17 (C 837).</note>

  <note>(B) Engraving published in 1546 by Lafreri (A 89).</note>
</record>

<record>
  <num>C745</num>

  <subj>Roman Statuary</subj>

  <inscrip>[Antiquarum statuarum urbis Romae (liber
  primus)]</inscrip>

  <engrv>[Girolamo Porro? after Giovanni Battista
  Cavalieri]</engrv>

  <city>[Venice]</city>

  <pub>[Girolamo Porro]</pub>

  <date>[1570]</date>

  <ref>Ashby</ref>

  <ref>Lowry. Cav(P)</ref>

  <ref>Cav I-II</ref>

  <ref>Vac-vanS</ref>

  <note>For other sources cf. individual entries below.) Part of a
  set of 52 numbered engravings plus a title page. The following
  plates are missing from the University's set of 48 engravings
  (not 49 as stated by Lowry, col.48a):.</note>

  <note>1. Title page: see Ashby, p.116 for this plate..</note>

  <note>2. Statue of Marcus Aurelius (pl.n.42): for copies of this
  engraving see Cav(P), pl.42 and Cav I-II, pl.68 (C 804)..</note>

  <note>3. Statue of the Tiber (pl.n.43): see Cav(P), pl.43 and Cav
  I-II, pl.69 (C 805)..</note>

  <note>4. Statue of Pasquino (pl.n.52): see Cav(P), pl.52 and Cav
  I-II, pl.92 (C 818)..</note>

  <note>For a parallel set of 52 engravings, arranged in the same
  order as Cavalieri's, published ca.1560 at Nancy, and attributed
  to Pierre Woeiriot, cf. L-A v.2, p.165, n.18.</note>

  <note>*See also general note *, p.</note>

  <inscrip>Bucefalus, et Alexander Magnus opus Phidiae</inscrip>

  <size>19.5 x 13 cm. (Engraving n.41)</size>

  <note>(A) Cav I-II, pl.89; Vac-van S, pl.18 (C 838). (B)
  Engraving published in 1546 by Lafreri (A 89).</note>
</record>

<record>
  <num>C746</num>

  <subj>Roman Statuary</subj>

  <inscrip>[Antiquarum statuarum urbis Romae (liber
  primus)]</inscrip>

  <engrv>[Girolamo Porro? after Giovanni Battista
  Cavalieri]</engrv>

  <city>[Venice]</city>

  <pub>[Girolamo Porro]</pub>

  <date>[1570]</date>

  <ref>Ashby</ref>

  <ref>Lowry. Cav(P)</ref>

  <ref>Cav I-II</ref>

  <ref>Vac-vanS</ref>

  <note>For other sources cf. individual entries below.) Part of a
  set of 52 numbered engravings plus a title page. The following
  plates are missing from the University's set of 48 engravings
  (not 49 as stated by Lowry, col.48a):.</note>

  <note>1. Title page: see Ashby, p.116 for this plate..</note>

  <note>2. Statue of Marcus Aurelius (pl.n.42): for copies of this
  engraving see Cav(P), pl.42 and Cav I-II, pl.68 (C 804)..</note>

  <note>3. Statue of the Tiber (pl.n.43): see Cav(P), pl.43 and Cav
  I-II, pl.69 (C 805)..</note>

  <note>4. Statue of Pasquino (pl.n.52): see Cav(P), pl.52 and Cav
  I-II, pl.92 (C 818)..</note>

  <note>For a parallel set of 52 engravings, arranged in the same
  order as Cavalieri's, published ca.1560 at Nancy, and attributed
  to Pierre Woeiriot, cf. L-A v.2, p.165, n.18.</note>

  <note>*See also general note *, p.</note>

  <inscrip>Statua Nili ibidem e marmore</inscrip>

  <size>20 x 13 cm. (Engraving n.44)</size>

  <note>(A) Cav I-II, pl.70.</note>
</record>

<record>
  <num>C747</num>

  <subj>Roman Statuary</subj>

  <inscrip>[Antiquarum statuarum urbis Romae (liber
  primus)]</inscrip>

  <engrv>[Girolamo Porro? after Giovanni Battista
  Cavalieri]</engrv>

  <city>[Venice]</city>

  <pub>[Girolamo Porro]</pub>

  <date>[1570]</date>

  <ref>Ashby</ref>

  <ref>Lowry. Cav(P)</ref>

  <ref>Cav I-II</ref>

  <ref>Vac-vanS</ref>

  <note>For other sources cf. individual entries below.) Part of a
  set of 52 numbered engravings plus a title page. The following
  plates are missing from the University's set of 48 engravings
  (not 49 as stated by Lowry, col.48a):.</note>

  <note>1. Title page: see Ashby, p.116 for this plate..</note>

  <note>2. Statue of Marcus Aurelius (pl.n.42): for copies of this
  engraving see Cav(P), pl.42 and Cav I-II, pl.68 (C 804)..</note>

  <note>3. Statue of the Tiber (pl.n.43): see Cav(P), pl.43 and Cav
  I-II, pl.69 (C 805)..</note>

  <note>4. Statue of Pasquino (pl.n.52): see Cav(P), pl.52 and Cav
  I-II, pl.92 (C 818)..</note>

  <note>For a parallel set of 52 engravings, arranged in the same
  order as Cavalieri's, published ca.1560 at Nancy, and attributed
  to Pierre Woeiriot, cf. L-A v.2, p.165, n.18.</note>

  <note>*See also general note *, p.</note>

  <inscrip>Rex Parthorum captivus e marmore in arcu prope
  Amphitheatrum Vespasiani</inscrip>

  <size>19.5 x 13 cm. (Engraving n.46)</size>

  <note>(A) Cav I-II, pl.88; Ferr, pl.15 (engraved by
  Ruphon).</note>
</record>

<record>
  <num>C748</num>

  <subj>Roman Statuary</subj>

  <inscrip>[Antiquarum statuarum urbis Romae (liber
  primus)]</inscrip>

  <engrv>[Girolamo Porro? after Giovanni Battista
  Cavalieri]</engrv>

  <city>[Venice]</city>

  <pub>[Girolamo Porro]</pub>

  <date>[1570]</date>

  <ref>Ashby</ref>

  <ref>Lowry. Cav(P)</ref>

  <ref>Cav I-II</ref>

  <ref>Vac-vanS</ref>

  <note>For other sources cf. individual entries below.) Part of a
  set of 52 numbered engravings plus a title page. The following
  plates are missing from the University's set of 48 engravings
  (not 49 as stated by Lowry, col.48a):.</note>

  <note>1. Title page: see Ashby, p.116 for this plate..</note>

  <note>2. Statue of Marcus Aurelius (pl.n.42): for copies of this
  engraving see Cav(P), pl.42 and Cav I-II, pl.68 (C 804)..</note>

  <note>3. Statue of the Tiber (pl.n.43): see Cav(P), pl.43 and Cav
  I-II, pl.69 (C 805)..</note>

  <note>4. Statue of Pasquino (pl.n.52): see Cav(P), pl.52 and Cav
  I-II, pl.92 (C 818)..</note>

  <note>For a parallel set of 52 engravings, arranged in the same
  order as Cavalieri's, published ca.1560 at Nancy, and attributed
  to Pierre Woeiriot, cf. L-A v.2, p.165, n.18.</note>

  <note>*See also general note *, p.</note>

  <inscrip>Sabinae statua marmorea in aedibus Capranieae</inscrip>

  <size>20 x 13 cm</size>

  <note>(Engraving n.47)</note>

  <note>(A) Cav I-II, pl.80..</note>
</record>

<record>
  <num>C749</num>

  <subj>Roman Statuary</subj>

  <inscrip>[Antiquarum statuarum urbis Romae (liber
  primus)]</inscrip>

  <engrv>[Girolamo Porro? after Giovanni Battista
  Cavalieri]</engrv>

  <city>[Venice]</city>

  <pub>[Girolamo Porro]</pub>

  <date>[1570]</date>

  <ref>Ashby</ref>

  <ref>Lowry. Cav(P)</ref>

  <ref>Cav I-II</ref>

  <ref>Vac-vanS</ref>

  <note>For other sources cf. individual entries below.) Part of a
  set of 52 numbered engravings plus a title page. The following
  plates are missing from the University's set of 48 engravings
  (not 49 as stated by Lowry, col.48a):.</note>

  <note>1. Title page: see Ashby, p.116 for this plate..</note>

  <note>2. Statue of Marcus Aurelius (pl.n.42): for copies of this
  engraving see Cav(P), pl.42 and Cav I-II, pl.68 (C 804)..</note>

  <note>3. Statue of the Tiber (pl.n.43): see Cav(P), pl.43 and Cav
  I-II, pl.69 (C 805)..</note>

  <note>4. Statue of Pasquino (pl.n.52): see Cav(P), pl.52 and Cav
  I-II, pl.92 (C 818)..</note>

  <note>For a parallel set of 52 engravings, arranged in the same
  order as Cavalieri's, published ca.1560 at Nancy, and attributed
  to Pierre Woeiriot, cf. L-A v.2, p.165, n.18.</note>

  <note>*See also general note *, p.</note>

  <inscrip>Sabina alia ibidem</inscrip>

  <size>20 x 13 cm. (Engraving n.48)</size>

  <note>(A) Cav I-II, pl.83 (C 781).</note>
</record>

<record>
  <num>C750</num>

  <subj>Roman Statuary</subj>

  <inscrip>[Antiquarum statuarum urbis Romae (liber
  primus)]</inscrip>

  <engrv>[Girolamo Porro? after Giovanni Battista
  Cavalieri]</engrv>

  <city>[Venice]</city>

  <pub>[Girolamo Porro]</pub>

  <date>[1570]</date>

  <ref>Ashby</ref>

  <ref>Lowry. Cav(P)</ref>

  <ref>Cav I-II</ref>

  <ref>Vac-vanS</ref>

  <note>For other sources cf. individual entries below.) Part of a
  set of 52 numbered engravings plus a title page. The following
  plates are missing from the University's set of 48 engravings
  (not 49 as stated by Lowry, col.48a):.</note>

  <note>1. Title page: see Ashby, p.116 for this plate..</note>

  <note>2. Statue of Marcus Aurelius (pl.n.42): for copies of this
  engraving see Cav(P), pl.42 and Cav I-II, pl.68 (C 804)..</note>

  <note>3. Statue of the Tiber (pl.n.43): see Cav(P), pl.43 and Cav
  I-II, pl.69 (C 805)..</note>

  <note>4. Statue of Pasquino (pl.n.52): see Cav(P), pl.52 and Cav
  I-II, pl.92 (C 818)..</note>

  <note>For a parallel set of 52 engravings, arranged in the same
  order as Cavalieri's, published ca.1560 at Nancy, and attributed
  to Pierre Woeiriot, cf. L-A v.2, p.165, n.18.</note>

  <note>*See also general note *, p.</note>

  <inscrip>Sabina alia ibidem</inscrip>

  <size>20.5 x 13 cm. (Engraving n.49)</size>

  <note>(A) Cav I-II, pl.81 (C 780).</note>
</record>

<record>
  <num>C751</num>

  <subj>Roman Statuary</subj>

  <inscrip>[Antiquarum statuarum urbis Romae (liber
  primus)]</inscrip>

  <engrv>[Girolamo Porro? after Giovanni Battista
  Cavalieri]</engrv>

  <city>[Venice]</city>

  <pub>[Girolamo Porro]</pub>

  <date>[1570]</date>

  <ref>Ashby</ref>

  <ref>Lowry. Cav(P)</ref>

  <ref>Cav I-II</ref>

  <ref>Vac-vanS</ref>

  <note>For other sources cf. individual entries below.) Part of a
  set of 52 numbered engravings plus a title page. The following
  plates are missing from the University's set of 48 engravings
  (not 49 as stated by Lowry, col.48a):.</note>

  <note>1. Title page: see Ashby, p.116 for this plate..</note>

  <note>2. Statue of Marcus Aurelius (pl.n.42): for copies of this
  engraving see Cav(P), pl.42 and Cav I-II, pl.68 (C 804)..</note>

  <note>3. Statue of the Tiber (pl.n.43): see Cav(P), pl.43 and Cav
  I-II, pl.69 (C 805)..</note>

  <note>4. Statue of Pasquino (pl.n.52): see Cav(P), pl.52 and Cav
  I-II, pl.92 (C 818)..</note>

  <note>For a parallel set of 52 engravings, arranged in the same
  order as Cavalieri's, published ca.1560 at Nancy, and attributed
  to Pierre Woeiriot, cf. L-A v.2, p.165, n.18.</note>

  <note>*See also general note *, p.</note>

  <inscrip>Sabina alia ibidem</inscrip>

  <size>20 x 13 cm. (Engraving n.50)</size>

  <note>(A) Cav I-II, pl.82; van A, unnumbered pl. (C 808).</note>
</record>

<record>
  <num>C752</num>

  <subj>Roman Statuary</subj>

  <inscrip>[Antiquarum statuarum urbis Romae (liber
  primus)]</inscrip>

  <engrv>[Girolamo Porro? after Giovanni Battista
  Cavalieri]</engrv>

  <city>[Venice]</city>

  <pub>[Girolamo Porro]</pub>

  <date>[1570]</date>

  <ref>Ashby</ref>

  <ref>Lowry. Cav(P)</ref>

  <ref>Cav I-II</ref>

  <ref>Vac-vanS</ref>

  <note>For other sources cf. individual entries below.) Part of a
  set of 52 numbered engravings plus a title page. The following
  plates are missing from the University's set of 48 engravings
  (not 49 as stated by Lowry, col.48a):.</note>

  <note>1. Title page: see Ashby, p.116 for this plate..</note>

  <note>2. Statue of Marcus Aurelius (pl.n.42): for copies of this
  engraving see Cav(P), pl.42 and Cav I-II, pl.68 (C 804)..</note>

  <note>3. Statue of the Tiber (pl.n.43): see Cav(P), pl.43 and Cav
  I-II, pl.69 (C 805)..</note>

  <note>4. Statue of Pasquino (pl.n.52): see Cav(P), pl.52 and Cav
  I-II, pl.92 (C 818)..</note>

  <note>For a parallel set of 52 engravings, arranged in the same
  order as Cavalieri's, published ca.1560 at Nancy, and attributed
  to Pierre Woeiriot, cf. L-A v.2, p.165, n.18.</note>

  <note>*See also general note *, p.</note>

  <inscrip>Aqua Traiana, vulgo Marphori in foro Boario</inscrip>

  <size>19.5 x 12.5 cm. (Engraving n.51)</size>

  <ref>Ashby, p.149, note 12</ref>

  <note>(A) Cav I-II, pl.94 (C 783). (B) Vac-van S, pl.79 (C 900);
  engraving attributed to Beatrizet and published by Duchetti in
  1581 (A 113). Ashby erroneously states that the Cavalieri
  engraving was a copy after Beatrizet.</note>
</record>

<record>
  <num>C753</num>

  <subj>Roman Statuary</subj>

  <inscrip>[Antiquarum statuarum urbis Romae primus et secundus
  liber]</inscrip>

  <engrv>[Giovanni Battista Cavalieri]</engrv>

  <city>[Rome]</city>

  <pub>[s.n.]</pub>

  <date>[before 1584 or 1585]</date>

  <ref>Ashby (esp. pp.118-19 and 146-49)</ref>

  <ref>A-B p.317, n.3152</ref>

  <ref>For other references cf. engravings C 705 to C 752</ref>

  <note>Part of a set of 100 numbered engravings preceded by an
  unnumbered title page and two unnumbered engravings.</note>

  <note>* See also the general note *, p.</note>

  <inscrip>Nili e marmore signum ex Aegyptiorum mystica illa
  doctrina sculptum mira nobilis artificis manu, in Vaticano
  Pontificis viridario Romae</inscrip>

  <size>23 x 14 cm. (Engraving n.3)</size>

  <note>(A) Cav I-II, pl.3 (this engraving is also numbered 3 in
  the third b-ok of Marc). (B) Vac-van S, pl.50 (C 870); engraving
  executed by Beatrizet (A 109); Per, pl.97.</note>
</record>

<record>
  <num>C754</num>

  <subj>Roman Statuary</subj>

  <inscrip>[Antiquarum statuarum urbis Romae primus et secundus
  liber]</inscrip>

  <engrv>[Giovanni Battista Cavalieri]</engrv>

  <city>[Rome]</city>

  <pub>[s.n.]</pub>

  <date>[before 1584 or 1585]</date>

  <ref>Ashby (esp. pp.118-19 and 146-49)</ref>

  <ref>A-B p.317, n.3152</ref>

  <ref>For other references cf. engravings C 705 to C 752</ref>

  <note>Part of a set of 100 numbered engravings preceded by an
  unnumbered title page and two unnumbered engravings.</note>

  <note>* See also the general note *, p.</note>

  <inscrip>Apollonis simulacrum marmoreum, quod Romae in
  celeberrimo loco, Belvedere vulgo appellat, servatur excellentis
  Graeci alicuius manu celebratum</inscrip>

  <size>23 x 14 cm. (Engraving n.4)</size>

  <note>(A) Cav I-II, pl.4. (B) Vac-van S, pl.54; Per, pl.30-31;
  Bis, pl.4-5; engraving published by Lafreri in 1552 (A
  96).</note>
</record>

<record>
  <num>C755</num>

  <subj>Roman Statuary</subj>

  <inscrip>[Antiquarum statuarum urbis Romae primus et secundus
  liber]</inscrip>

  <engrv>[Giovanni Battista Cavalieri]</engrv>

  <city>[Rome]</city>

  <pub>[s.n.]</pub>

  <date>[before 1584 or 1585]</date>

  <ref>Ashby (esp. pp.118-19 and 146-49)</ref>

  <ref>A-B p.317, n.3152</ref>

  <ref>For other references cf. engravings C 705 to C 752</ref>

  <note>Part of a set of 100 numbered engravings preceded by an
  unnumbered title page and two unnumbered engravings.</note>

  <note>* See also the general note *, p.</note>

  <inscrip>Milo aliis Antinous in hortis Pont, in
  Vaticano</inscrip>

  <size>20.5 x 12.5 cm. (Engraving n.5)</size>

  <ref>Ashby, p.146, note 1</ref>

  <note>(A) Cav I-II, pl.5; Marc III, pl.5. (B) Vac-van S, pl.53 (C
  873); Per, pl.53; Bis, pl.12-15; engraving executed by Pierre
  Perret (Hu 121a).</note>
</record>

<record>
  <num>C756</num>

  <subj>Roman Statuary</subj>

  <inscrip>[Antiquarum statuarum urbis Romae primus et secundus
  liber]</inscrip>

  <engrv>[Giovanni Battista Cavalieri]</engrv>

  <city>[Rome]</city>

  <pub>[s.n.]</pub>

  <date>[before 1584 or 1585]</date>

  <ref>Ashby (esp. pp.118-19 and 146-49)</ref>

  <ref>A-B p.317, n.3152</ref>

  <ref>For other references cf. engravings C 705 to C 752</ref>

  <note>Part of a set of 100 numbered engravings preceded by an
  unnumbered title page and two unnumbered engravings.</note>

  <note>* See also the general note *, p.</note>

  <inscrip>Signum Deae incertae in Vaticano viridario e
  marmore</inscrip>

  <size>23 x 14 cm. (Engraving n.8)</size>

  <note>(A) Cav I-II, pl.8.</note>
</record>

<record>
  <num>C757</num>

  <subj>Roman Statuary</subj>

  <inscrip>[Antiquarum statuarum urbis Romae primus et secundus
  liber]</inscrip>

  <engrv>[Giovanni Battista Cavalieri]</engrv>

  <city>[Rome]</city>

  <pub>[s.n.]</pub>

  <date>[before 1584 or 1585]</date>

  <ref>Ashby (esp. pp.118-19 and 146-49)</ref>

  <ref>A-B p.317, n.3152</ref>

  <ref>For other references cf. engravings C 705 to C 752</ref>

  <note>Part of a set of 100 numbered engravings preceded by an
  unnumbered title page and two unnumbered engravings.</note>

  <note>* See also the general note *, p.</note>

  <inscrip>Signum Deae incognitae in Vaticano viridario e
  marmore</inscrip>

  <size>23 x 14 cm. (Engraving n.10)</size>

  <note>(A) Cav I-II, pl.10.</note>
</record>

<record>
  <num>C758</num>

  <subj>Roman Statuary</subj>

  <inscrip>[Antiquarum statuarum urbis Romae primus et secundus
  liber]</inscrip>

  <engrv>[Giovanni Battista Cavalieri]</engrv>

  <city>[Rome]</city>

  <pub>[s.n.]</pub>

  <date>[before 1584 or 1585]</date>

  <ref>Ashby (esp. pp.118-19 and 146-49)</ref>

  <ref>A-B p.317, n.3152</ref>

  <ref>For other references cf. engravings C 705 to C 752</ref>

  <note>Part of a set of 100 numbered engravings preceded by an
  unnumbered title page and two unnumbered engravings.</note>

  <note>* See also the general note *, p.</note>

  <inscrip>Juliae C. Petronii uxoris statua marmorea Romae in
  viridario Pontificis</inscrip>

  <size>22.5 x 13.5 cm. (Engraving n.11)</size>

  <note>(A) Cav I-II, pl.11; G.D. de Rossi, pl.11.</note>
</record>

<record>
  <num>C759</num>

  <subj>Roman Statuary</subj>

  <inscrip>[Antiquarum statuarum urbis Romae primus et secundus
  liber]</inscrip>

  <engrv>[Giovanni Battista Cavalieri]</engrv>

  <city>[Rome]</city>

  <pub>[s.n.]</pub>

  <date>[before 1584 or 1585]</date>

  <ref>Ashby (esp. pp.118-19 and 146-49)</ref>

  <ref>A-B p.317, n.3152</ref>

  <ref>For other references cf. engravings C 705 to C 752</ref>

  <note>Part of a set of 100 numbered engravings preceded by an
  unnumbered title page and two unnumbered engravings.</note>

  <note>* See also the general note *, p.</note>

  <inscrip>Fortunae imago marmorea in viridario Vaticano</inscrip>

  <size>23 x 14 cm. (Engraving n.13)</size>

  <note>(A) Cav I-II, pl.13.</note>
</record>

<record>
  <num>C760</num>

  <subj>Roman Statuary</subj>

  <inscrip>[Antiquarum statuarum urbis Romae primus et secundus
  liber]</inscrip>

  <engrv>[Giovanni Battista Cavalieri]</engrv>

  <city>[Rome]</city>

  <pub>[s.n.]</pub>

  <date>[before 1584 or 1585]</date>

  <ref>Ashby (esp. pp.118-19 and 146-49)</ref>

  <ref>A-B p.317, n.3152</ref>

  <ref>For other references cf. engravings C 705 to C 752</ref>

  <note>Part of a set of 100 numbered engravings preceded by an
  unnumbered title page and two unnumbered engravings.</note>

  <note>* See also the general note *, p.</note>

  <inscrip>Juventas Dea e marmore in Pontificis viridario
  Romae</inscrip>

  <size>22.5 x 14 cm. (Engraving n.14)</size>

  <note>(A) Cav I-II, pl.14; Marc I-II, pl.14; G.D. de Rossi,
  pl.14.</note>
</record>

<record>
  <num>C761</num>

  <subj>Roman Statuary</subj>

  <inscrip>[Antiquarum statuarum urbis Romae primus et secundus
  liber]</inscrip>

  <engrv>[Giovanni Battista Cavalieri]</engrv>

  <city>[Rome]</city>

  <pub>[s.n.]</pub>

  <date>[before 1584 or 1585]</date>

  <ref>Ashby (esp. pp.118-19 and 146-49)</ref>

  <ref>A-B p.317, n.3152</ref>

  <ref>For other references cf. engravings C 705 to C 752</ref>

  <note>Part of a set of 100 numbered engravings preceded by an
  unnumbered title page and two unnumbered engravings.</note>

  <note>* See also the general note *, p.</note>

  <inscrip>Pudicicia ibidem e marmore</inscrip>

  <size>22.5 x 13 cm. (Engraving n.15)</size>

  <note>(A) Cav I-II, pl.15; Marc I-II, pl.15.</note>
</record>

<record>
  <num>C762</num>

  <subj>Roman Statuary</subj>

  <inscrip>[Antiquarum statuarum urbis Romae primus et secundus
  liber]</inscrip>

  <engrv>[Giovanni Battista Cavalieri]</engrv>

  <city>[Rome]</city>

  <pub>[s.n.]</pub>

  <date>[before 1584 or 1585]</date>

  <ref>Ashby (esp. pp.118-19 and 146-49)</ref>

  <ref>A-B p.317, n.3152</ref>

  <ref>For other references cf. engravings C 705 to C 752</ref>

  <note>Part of a set of 100 numbered engravings preceded by an
  unnumbered title page and two unnumbered engravings.</note>

  <note>* See also the general note *, p.</note>

  <inscrip>Deae signum e marmore in Vaticano viridario</inscrip>

  <size>23 x 13.5 cm. (Engraving n.18)</size>

  <note>(A) Cav I-II, pl.18; G.D. de Rossi, pl.18.</note>
</record>

<record>
  <num>C763</num>

  <subj>Roman Statuary</subj>

  <inscrip>[Antiquarum statuarum urbis Romae primus et secundus
  liber]</inscrip>

  <engrv>[Giovanni Battista Cavalieri]</engrv>

  <city>[Rome]</city>

  <pub>[s.n.]</pub>

  <date>[before 1584 or 1585]</date>

  <ref>Ashby (esp. pp.118-19 and 146-49)</ref>

  <ref>A-B p.317, n.3152</ref>

  <ref>For other references cf. engravings C 705 to C 752</ref>

  <note>Part of a set of 100 numbered engravings preceded by an
  unnumbered title page and two unnumbered engravings.</note>

  <note>* See also the general note *, p.</note>

  <inscrip>Parthorum Reges duo captivi e nigro lapide ibidem in
  cuius medius est Romae colossus</inscrip>

  <size>23 x 13 cm. (Engraving n.20)</size>

  <note>(A) Cav I-II, pl.20; Marc III, pl.20. (B) Cav I, pl.3 (C
  707); Cav(P), pl.3; Vac-van S, pl.39 (C 859). See also the note
  to engraving C 705.</note>
</record>

<record>
  <num>C764</num>

  <subj>Roman Statuary</subj>

  <inscrip>[Antiquarum statuarum urbis Romae primus et secundus
  liber]</inscrip>

  <engrv>[Giovanni Battista Cavalieri]</engrv>

  <city>[Rome]</city>

  <pub>[s.n.]</pub>

  <date>[before 1584 or 1585]</date>

  <ref>Ashby (esp. pp.118-19 and 146-49)</ref>

  <ref>A-B p.317, n.3152</ref>

  <ref>For other references cf. engravings C 705 to C 752</ref>

  <note>Part of a set of 100 numbered engravings preceded by an
  unnumbered title page and two unnumbered engravings.</note>

  <note>* See also the general note *, p.</note>

  <inscrip>Consulis statua marmorea ibidem</inscrip>

  <size>22.5 x 13 cm. (Engraving n.23)</size>

  <note>(A) Cav I-II, pl.23; Marc III, pl.20. (B) Cav I, pl.7 (C
  711); Cav(P), pl.7.</note>
</record>

<record>
  <num>C765</num>

  <subj>Roman Statuary</subj>

  <inscrip>[Antiquarum statuarum urbis Romae primus et secundus
  liber]</inscrip>

  <engrv>[Giovanni Battista Cavalieri]</engrv>

  <city>[Rome]</city>

  <pub>[s.n.]</pub>

  <date>[before 1584 or 1585]</date>

  <ref>Ashby (esp. pp.118-19 and 146-49)</ref>

  <ref>A-B p.317, n.3152</ref>

  <ref>For other references cf. engravings C 705 to C 752</ref>

  <note>Part of a set of 100 numbered engravings preceded by an
  unnumbered title page and two unnumbered engravings.</note>

  <note>* See also the general note *, p.</note>

  <inscrip>Agrippina Marci Agrippae filia ibidem</inscrip>

  <size>22.5 x 13.5 cm. (Engraving n.25)</size>

  <note>(A) Cav I-II, pl.25. (B) Cav I, pl.5 (C 709); Cav(P),
  pl.5.</note>
</record>

<record>
  <num>C766</num>

  <subj>Roman Statuary</subj>

  <inscrip>[Antiquarum statuarum urbis Romae primus et secundus
  liber]</inscrip>

  <engrv>[Giovanni Battista Cavalieri]</engrv>

  <city>[Rome]</city>

  <pub>[s.n.]</pub>

  <date>[before 1584 or 1585]</date>

  <ref>Ashby (esp. pp.118-19 and 146-49)</ref>

  <ref>A-B p.317, n.3152</ref>

  <ref>For other references cf. engravings C 705 to C 752</ref>

  <note>Part of a set of 100 numbered engravings preceded by an
  unnumbered title page and two unnumbered engravings.</note>

  <note>* See also the general note *, p.</note>

  <inscrip>Romae e lapide porphirite, capite tamen brachiis et
  pedibus aeneis, ibidem</inscrip>

  <size>22.5 x 13.5 cm. (Engraving n.34)</size>

  <note>(A) Cav I-II, pl.34. (B) Cav I, pl.13 (C 717); Cav(P),
  pl.13.</note>
</record>

<record>
  <num>C767</num>

  <subj>Roman Statuary</subj>

  <inscrip>[Antiquarum statuarum urbis Romae primus et secundus
  liber]</inscrip>

  <engrv>[Giovanni Battista Cavalieri]</engrv>

  <city>[Rome]</city>

  <pub>[s.n.]</pub>

  <date>[before 1584 or 1585]</date>

  <ref>Ashby (esp. pp.118-19 and 146-49)</ref>

  <ref>A-B p.317, n.3152</ref>

  <ref>For other references cf. engravings C 705 to C 752</ref>

  <note>Part of a set of 100 numbered engravings preceded by an
  unnumbered title page and two unnumbered engravings.</note>

  <note>* See also the general note *, p.</note>

  <inscrip>Vestalis Dea e nigro marmore ibidem capite tamen manibus
  et pedibus ex albo</inscrip>

  <size>22 x 12.5 cm. (Engraving n.36)</size>

  <note>(A) Cav I-II, pl.36. (B) Cav I, pl.16 (C 720); Cav(P),
  pl.16.</note>
</record>

<record>
  <num>C768</num>

  <subj>Roman Statuary</subj>

  <inscrip>[Antiquarum statuarum urbis Romae primus et secundus
  liber]</inscrip>

  <engrv>[Giovanni Battista Cavalieri]</engrv>

  <city>[Rome]</city>

  <pub>[s.n.]</pub>

  <date>[before 1584 or 1585]</date>

  <ref>Ashby (esp. pp.118-19 and 146-49)</ref>

  <ref>A-B p.317, n.3152</ref>

  <ref>For other references cf. engravings C 705 to C 752</ref>

  <note>Part of a set of 100 numbered engravings preceded by an
  unnumbered title page and two unnumbered engravings.</note>

  <note>* See also the general note *, p.</note>

  <inscrip>Minerva marmorea ibidem</inscrip>

  <size>22 x 13 cm. (Engraving n.38)</size>

  <note>(A) Cav I-II, pl.38; Vac-van S, pl.30. (B) Cav I, pl.18 (C
  722); Cav(P), pl.18; Per, pl.54.</note>
</record>

<record>
  <num>C769</num>

  <subj>Roman Statuary</subj>

  <inscrip>[Antiquarum statuarum urbis Romae primus et secundus
  liber]</inscrip>

  <engrv>[Giovanni Battista Cavalieri]</engrv>

  <city>[Rome]</city>

  <pub>[s.n.]</pub>

  <date>[before 1584 or 1585]</date>

  <ref>Ashby (esp. pp.118-19 and 146-49)</ref>

  <ref>A-B p.317, n.3152</ref>

  <ref>For other references cf. engravings C 705 to C 752</ref>

  <note>Part of a set of 100 numbered engravings preceded by an
  unnumbered title page and two unnumbered engravings.</note>

  <note>* See also the general note *, p.</note>

  <inscrip>Aesculapius e marmore ibidem</inscrip>

  <size>23 x 12.5 cm. (Engraving n.39)</size>

  <ref>Ashby, p.147, n.4</ref>

  <note>(A) Cav I-II, pl.39. (B) Cav I, pl.20 (C 724); Cav(P),
  pl.20.</note>
</record>

<record>
  <num>C770</num>

  <subj>Roman Statuary</subj>

  <inscrip>[Antiquarum statuarum urbis Romae primus et secundus
  liber]</inscrip>

  <engrv>[Giovanni Battista Cavalieri]</engrv>

  <city>[Rome]</city>

  <pub>[s.n.]</pub>

  <date>[before 1584 or 1585]</date>

  <ref>Ashby (esp. pp.118-19 and 146-49)</ref>

  <ref>A-B p.317, n.3152</ref>

  <ref>For other references cf. engravings C 705 to C 752</ref>

  <note>Part of a set of 100 numbered engravings preceded by an
  unnumbered title page and two unnumbered engravings.</note>

  <note>* See also the general note *, p.</note>

  <inscrip>Aesculapius alter ibidem</inscrip>

  <size>22.5 x 12.5 cm. (Engraving n.40)</size>

  <ref>Ashby, p.147, note 4</ref>

  <note>(A) Cav I-II, pl.40. (B) Cav I, pl.21 (C 725); Cav(P),
  pl.21.</note>
</record>

<record>
  <num>C771</num>

  <subj>Roman Statuary</subj>

  <inscrip>[Antiquarum statuarum urbis Romae primus et secundus
  liber]</inscrip>

  <engrv>[Giovanni Battista Cavalieri]</engrv>

  <city>[Rome]</city>

  <pub>[s.n.]</pub>

  <date>[before 1584 or 1585]</date>

  <ref>Ashby (esp. pp.118-19 and 146-49)</ref>

  <ref>A-B p.317, n.3152</ref>

  <ref>For other references cf. engravings C 705 to C 752</ref>

  <note>Part of a set of 100 numbered engravings preceded by an
  unnumbered title page and two unnumbered engravings.</note>

  <note>* See also the general note *, p.</note>

  <inscrip>Aeternitas e marmore ibidem</inscrip>

  <size>20.5 x 13 cm. (Engraving n.48)</size>
</record>

<record>
  <num>C772</num>

  <subj>Roman Statuary</subj>

  <inscrip>[Antiquarum statuarum urbis Romae primus et secundus
  liber]</inscrip>

  <engrv>[Giovanni Battista Cavalieri]</engrv>

  <city>[Rome]</city>

  <pub>[s.n.]</pub>

  <date>[before 1584 or 1585]</date>

  <ref>Ashby (esp. pp.118-19 and 146-49)</ref>

  <ref>A-B p.317, n.3152</ref>

  <ref>For other references cf. engravings C 705 to C 752</ref>

  <note>Part of a set of 100 numbered engravings preceded by an
  unnumbered title page and two unnumbered engravings.</note>

  <note>* See also the general note *, p.</note>

  <inscrip>Statua item incognita pulcherrima, ibidem</inscrip>

  <size>20.5 x 13 cm. (Engraving n.50)</size>

  <note>(A) Cav I-II, pl.50.</note>
</record>

<record>
  <num>C773</num>

  <subj>Roman Statuary</subj>

  <inscrip>[Antiquarum statuarum urbis Romae primus et secundus
  liber]</inscrip>

  <engrv>[Giovanni Battista Cavalieri]</engrv>

  <city>[Rome]</city>

  <pub>[s.n.]</pub>

  <date>[before 1584 or 1585]</date>

  <ref>Ashby (esp. pp.118-19 and 146-49)</ref>

  <ref>A-B p.317, n.3152</ref>

  <ref>For other references cf. engravings C 705 to C 752</ref>

  <note>Part of a set of 100 numbered engravings preceded by an
  unnumbered title page and two unnumbered engravings.</note>

  <note>* See also the general note *, p.</note>

  <inscrip>Venus Cypria e marmore ibidem</inscrip>

  <size>20 x 13 cm. (Engraving n.52)</size>

  <note>(A) Cav I-II, pl.52; Marc III, pl.52 (cf., however, Ashby,
  p.147, note 8); G.D. de Rossi, pl.52; Cav I, pl.34 (C 738);
  Cav(P), pl.34.</note>
</record>

<record>
  <num>C774</num>

  <subj>Roman Statuary</subj>

  <inscrip>[Antiquarum statuarum urbis Romae primus et secundus
  liber]</inscrip>

  <engrv>[Giovanni Battista Cavalieri]</engrv>

  <city>[Rome]</city>

  <pub>[s.n.]</pub>

  <date>[before 1584 or 1585]</date>

  <ref>Ashby (esp. pp.118-19 and 146-49)</ref>

  <ref>A-B p.317, n.3152</ref>

  <ref>For other references cf. engravings C 705 to C 752</ref>

  <note>Part of a set of 100 numbered engravings preceded by an
  unnumbered title page and two unnumbered engravings.</note>

  <note>* See also the general note *, p.</note>

  <inscrip>Urania e marmore ibidem</inscrip>

  <size>20.5 x 13 cm. (Engraving n.56)</size>

  <note>(A) Cav I-II, pl.56; Marc III, pl.56; Cav I, pl.30 (C 734);
  Cav(P), pl.30.</note>
</record>

<record>
  <num>C775</num>

  <subj>Roman Statuary</subj>

  <inscrip>[Antiquarum statuarum urbis Romae primus et secundus
  liber]</inscrip>

  <engrv>[Giovanni Battista Cavalieri]</engrv>

  <city>[Rome]</city>

  <pub>[s.n.]</pub>

  <date>[before 1584 or 1585]</date>

  <ref>Ashby (esp. pp.118-19 and 146-49)</ref>

  <ref>A-B p.317, n.3152</ref>

  <ref>For other references cf. engravings C 705 to C 752</ref>

  <note>Part of a set of 100 numbered engravings preceded by an
  unnumbered title page and two unnumbered engravings.</note>

  <note>* See also the general note *, p.</note>

  <inscrip>Pallas marmorea ibidem</inscrip>

  <size>20.5 x 13 cm. (Engraving n.57)</size>

  <note>(A) Cav I-II, pl.57; Cav I, pl.27 (C 731); Cav(P),
  pl.27.</note>
</record>

<record>
  <num>C776</num>

  <subj>Roman Statuary</subj>

  <inscrip>[Antiquarum statuarum urbis Romae primus et secundus
  liber]</inscrip>

  <engrv>[Giovanni Battista Cavalieri]</engrv>

  <city>[Rome]</city>

  <pub>[s.n.]</pub>

  <date>[before 1584 or 1585]</date>

  <ref>Ashby (esp. pp.118-19 and 146-49)</ref>

  <ref>A-B p.317, n.3152</ref>

  <ref>For other references cf. engravings C 705 to C 752</ref>

  <note>Part of a set of 100 numbered engravings preceded by an
  unnumbered title page and two unnumbered engravings.</note>

  <note>* See also the general note *, p.</note>

  <inscrip>Polyhymnia e marmore ibidem</inscrip>

  <size>20 x 13 cm. (Engraving n.58)</size>

  <note>(A) Cav I-II, pl.58; Marc I-II, pl.58; Cav I, pl.29 (C
  733); Cav(P), pl.29.</note>
</record>

<record>
  <num>C777</num>

  <subj>Roman Statuary</subj>

  <inscrip>[Antiquarum statuarum urbis Romae primus et secundus
  liber]</inscrip>

  <engrv>[Giovanni Battista Cavalieri]</engrv>

  <city>[Rome]</city>

  <pub>[s.n.]</pub>

  <date>[before 1584 or 1585]</date>

  <ref>Ashby (esp. pp.118-19 and 146-49)</ref>

  <ref>A-B p.317, n.3152</ref>

  <ref>For other references cf. engravings C 705 to C 752</ref>

  <note>Part of a set of 100 numbered engravings preceded by an
  unnumbered title page and two unnumbered engravings.</note>

  <note>* See also the general note *, p.</note>

  <inscrip>Comedia e marmore ibidem</inscrip>

  <size>20.5 x 13 cm. (Engraving n.59)</size>

  <note>(A) Cav I-II, pl.59; Cav I, pl.31 (C 735); Cav(P),
  pl.31.</note>
</record>

<record>
  <num>C778</num>

  <subj>Roman Statuary</subj>

  <inscrip>[Antiquarum statuarum urbis Romae primus et secundus
  liber]</inscrip>

  <engrv>[Giovanni Battista Cavalieri]</engrv>

  <city>[Rome]</city>

  <pub>[s.n.]</pub>

  <date>[before 1584 or 1585]</date>

  <ref>Ashby (esp. pp.118-19 and 146-49)</ref>

  <ref>A-B p.317, n.3152</ref>

  <ref>For other references cf. engravings C 705 to C 752</ref>

  <note>Part of a set of 100 numbered engravings preceded by an
  unnumbered title page and two unnumbered engravings.</note>

  <note>* See also the general note *, p.</note>

  <inscrip>Simulacrum Beae incognitae e marmore in villa Julii III.
  Pont. Max. Roma</inscrip>

  <size>22 x 13 cm. (Engraving n.[66])</size>

  <note>(A) Cav I-II, pl.66. In the engraving listed here, the
  lower section of the plate number was apparently trimmed. This
  engraving is unnumbered in the 1619 van Aelst edition as well as
  in G.D. de Rossi.</note>
</record>

<record>
  <num>C779</num>

  <subj>Roman Statuary</subj>

  <inscrip>[Antiquarum statuarum urbis Romae primus et secundus
  liber]</inscrip>

  <engrv>[Giovanni Battista Cavalieri]</engrv>

  <city>[Rome]</city>

  <pub>[s.n.]</pub>

  <date>[before 1584 or 1585]</date>

  <ref>Ashby (esp. pp.118-19 and 146-49)</ref>

  <ref>A-B p.317, n.3152</ref>

  <ref>For other references cf. engravings C 705 to C 752</ref>

  <note>Part of a set of 100 numbered engravings preceded by an
  unnumbered title page and two unnumbered engravings.</note>

  <note>* See also the general note *, p.</note>

  <inscrip>Cereris signum e marmore in villa Julii III. Pont. Max.
  Romae</inscrip>

  <size>22.5 x 13 cm. (Engraving n.67)</size>

  <note>(A) Cav I-II, pl.67; Vac-van S, pl.62 (C 882).</note>
</record>

<record>
  <num>C780</num>

  <subj>Roman Statuary</subj>

  <inscrip>[Antiquarum statuarum urbis Romae primus et secundus
  liber]</inscrip>

  <engrv>[Giovanni Battista Cavalieri]</engrv>

  <city>[Rome]</city>

  <pub>[s.n.]</pub>

  <date>[before 1584 or 1585]</date>

  <ref>Ashby (esp. pp.118-19 and 146-49)</ref>

  <ref>A-B p.317, n.3152</ref>

  <ref>For other references cf. engravings C 705 to C 752</ref>

  <note>Part of a set of 100 numbered engravings preceded by an
  unnumbered title page and two unnumbered engravings.</note>

  <note>* See also the general note *, p.</note>

  <inscrip>Sabina alia ibidem</inscrip>

  <size>20.5 x 13 cm. (Engraving n.[81])</size>

  <note>(A) Cav I-II, pl.81; Cav I, pl.49 (C 750); Cav(P),pl.49.
  Faint traces of the plate number still seem to be visible on this
  engraving. It appears unnumbered in van A and G.D. de
  Rossi.</note>
</record>

<record>
  <num>C781</num>

  <subj>Roman Statuary</subj>

  <inscrip>[Antiquarum statuarum urbis Romae primus et secundus
  liber]</inscrip>

  <engrv>[Giovanni Battista Cavalieri]</engrv>

  <city>[Rome]</city>

  <pub>[s.n.]</pub>

  <date>[before 1584 or 1585]</date>

  <ref>Ashby (esp. pp.118-19 and 146-49)</ref>

  <ref>A-B p.317, n.3152</ref>

  <ref>For other references cf. engravings C 705 to C 752</ref>

  <note>Part of a set of 100 numbered engravings preceded by an
  unnumbered title page and two unnumbered engravings.</note>

  <note>* See also the general note *, p.</note>

  <inscrip>Sabina alia ibidem</inscrip>

  <size>20.5 x 13 cm. (Engraving n.83)</size>

  <note>(A) Cav I-II, pl.83; Cav I, pl.48 (C 749); Cav(P),
  pl.48.</note>
</record>

<record>
  <num>C782</num>

  <subj>Roman Statuary</subj>

  <inscrip>[Antiquarum statuarum urbis Romae primus et secundus
  liber]</inscrip>

  <engrv>[Giovanni Battista Cavalieri]</engrv>

  <city>[Rome]</city>

  <pub>[s.n.]</pub>

  <date>[before 1584 or 1585]</date>

  <ref>Ashby (esp. pp.118-19 and 146-49)</ref>

  <ref>A-B p.317, n.3152</ref>

  <ref>For other references cf. engravings C 705 to C 752</ref>

  <note>Part of a set of 100 numbered engravings preceded by an
  unnumbered title page and two unnumbered engravings.</note>

  <note>* See also the general note *, p.</note>

  <inscrip>Satyri effigies Romae in aedibus familiae a Valle, huic
  similes varii in Urbe conspiciuntur</inscrip>

  <size>22 x 13 cm. (Engraving n.87)</size>

  <note>(A) Cav I-II, pl.87; Vac-van S, pl.70 (C 890). (B) Per,
  pl.19.</note>
</record>

<record>
  <num>C783</num>

  <subj>Roman Statuary</subj>

  <inscrip>[Antiquarum statuarum urbis Romae primus et secundus
  liber]</inscrip>

  <engrv>[Giovanni Battista Cavalieri]</engrv>

  <city>[Rome]</city>

  <pub>[s.n.]</pub>

  <date>[before 1584 or 1585]</date>

  <ref>Ashby (esp. pp.118-19 and 146-49)</ref>

  <ref>A-B p.317, n.3152</ref>

  <ref>For other references cf. engravings C 705 to C 752</ref>

  <note>Part of a set of 100 numbered engravings preceded by an
  unnumbered title page and two unnumbered engravings.</note>

  <note>* See also the general note *, p.</note>

  <inscrip>Aqua Trajana, vulgo Marphorius in foro Boario</inscrip>

  <size>20 x 13 cm. (Engraving n.94)</size>

  <note>(A) Cav I-II, pl.94; Cav I, pl.51 (C 752). (B) Vac-van S,
  pl.79 (C 900); engraving attributed to Beatrizet (A 113).</note>
</record>

<record>
  <num>C784</num>

  <subj>Roman Statuary</subj>

  <inscrip>[Antiquarum statuarum urbis Romae primus et secundus
  liber]</inscrip>

  <engrv>[Giovanni Battista Cavalieri]</engrv>

  <city>[Rome]</city>

  <pub>[s.n.]</pub>

  <date>[before 1584 or 1585]</date>

  <ref>Ashby (esp. pp.118-19 and 146-49)</ref>

  <ref>A-B p.317, n.3152</ref>

  <ref>For other references cf. engravings C 705 to C 752</ref>

  <note>Part of a set of 100 numbered engravings preceded by an
  unnumbered title page and two unnumbered engravings.</note>

  <note>* See also the general note *, p.</note>

  <inscrip>Trophaea Mariana, ut vulgo existimant Romae in via
  Exquilina</inscrip>

  <size>22 x 12.5 cm. (Engraving n.99)</size>

  <note>(A) Cav I-II, pl.99. (B) Vac-van S, pl.4 (C 824).</note>
</record>

<record>
  <num>C785</num>

  <subj>Roman Statuary</subj>

  <inscrip>[Antiquarum statuarum urbis Romae primus et secundus
  liber]</inscrip>

  <engrv>[Giovanni Battista Cavalieri]</engrv>

  <city>[Rome]</city>

  <pub>[s.n.]</pub>

  <date>[before 1584 or 1585]</date>

  <ref>Ashby (esp. pp.118-19 and 146-49)</ref>

  <ref>A-B p.317, n.3152</ref>

  <ref>For other references cf. engravings C 705 to C 752</ref>

  <note>Part of a set of 100 numbered engravings preceded by an
  unnumbered title page and two unnumbered engravings.</note>

  <note>* See also the general note *, p.</note>

  <inscrip>Trophaea Mariana Romae via Exquilina, e
  marmore</inscrip>

  <size>22 x 13 cm. (Engraving n.100)</size>

  <note>(A) Cav I-II, pl.100. (B) Vac-van S, pl.3 (C 823).</note>
</record>

<record>
  <num>C786</num>

  <subj>Roman Statuary</subj>

  <inscrip>[Antiquarum statuarum urbis Romae tertius et quartus
  liber]</inscrip>

  <engrv>[Giovanni Battista Cavalieri]</engrv>

  <city>[Rome]</city>

  <pub>[Giovanni Battista Cavalieri]?</pub>

  <date>[1594]</date>

  <ref>Ashby, pp.122-23 and 150-53.</ref>

  <ref>Cav III-IV</ref>

  <ref>For other references cf. notes to engravings C705 to C
  752</ref>

  <note>Part of a set of 100 numbered engravings plus an unnumbered
  title page and an unnumbered engraved final page bearing
  Cavalieri's coat of arms.</note>

  <note>* See also general note *, p.</note>

  <inscrip>Ingentem Dircem quam spectas marmore ab uno sculpsit
  Taurisius quondam et Apollonius deinde aduecta Rhodo est...at
  nunc Farnesi Patris in aede sita est</inscrip>

  <note>(A) Cav III-IV, pl.3; Marc I-II, pl.3; Cav I-II, second
  unnumbered pl. after the title page. (B) Vac-van S, pl.21 (C
  841); Thom, unnumbered pl. following pl.50; Per, pl.100;
  engraving executed by Diana Ghisi (A 111) (these last four
  engravings are reversed).</note>
</record>

<record>
  <num>C787</num>

  <subj>Roman Statuary</subj>

  <inscrip>[Antiquarum statuarum urbis Romae tertius et quartus
  liber]</inscrip>

  <engrv>[Giovanni Battista Cavalieri]</engrv>

  <city>[Rome]</city>

  <pub>[Giovanni Battista Cavalieri]?</pub>

  <date>[1594]</date>

  <ref>Ashby, pp.122-23 and 150-53.</ref>

  <ref>Cav III-IV</ref>

  <ref>For other references cf. notes to engravings C705 to C
  752</ref>

  <note>Part of a set of 100 numbered engravings plus an unnumbered
  title page and an unnumbered engraved final page bearing
  Cavalieri's coat of arms.</note>

  <note>* See also general note *, p.</note>

  <inscrip>Vindemia in Museo Garim[berti]</inscrip>

  <size>15 x 22.2 cm. (Engraving n. [4])</size>

  <note>(A) Cav III-IV, pl.4; Marc I-II, pl.4; G.D. de Rossi,
  unnumbered pl.</note>
</record>

<record>
  <num>C788</num>

  <subj>Roman Statuary</subj>

  <inscrip>[Antiquarum statuarum urbis Romae tertius et quartus
  liber]</inscrip>

  <engrv>[Giovanni Battista Cavalieri]</engrv>

  <city>[Rome]</city>

  <pub>[Giovanni Battista Cavalieri]?</pub>

  <date>[1594]</date>

  <ref>Ashby, pp.122-23 and 150-53.</ref>

  <ref>Cav III-IV</ref>

  <ref>For other references cf. notes to engravings C705 to C
  752</ref>

  <note>Part of a set of 100 numbered engravings plus an unnumbered
  title page and an unnumbered engraved final page bearing
  Cavalieri's coat of arms.</note>

  <note>* See also general note *, p.</note>

  <inscrip>Vir Niobes, in Palatio Magni Ducis Etrurnae in Colle
  Pincio</inscrip>

  <size>23 x 14 cm. (Engraving n.[10])</size>

  <ref>Ashby, p.150, note 5</ref>

  <note>(A) Cav III-IV, pl.10; Marc I-II, pl.10; G.D. de Rossi,
  unnumbered pl.</note>
</record>

<record>
  <num>C789</num>

  <subj>Roman Statuary</subj>

  <inscrip>[Antiquarum statuarum urbis Romae tertius et quartus
  liber]</inscrip>

  <engrv>[Giovanni Battista Cavalieri]</engrv>

  <city>[Rome]</city>

  <pub>[Giovanni Battista Cavalieri]?</pub>

  <date>[1594]</date>

  <ref>Ashby, pp.122-23 and 150-53.</ref>

  <ref>Cav III-IV</ref>

  <ref>For other references cf. notes to engravings C705 to C
  752</ref>

  <note>Part of a set of 100 numbered engravings plus an unnumbered
  title page and an unnumbered engraved final page bearing
  Cavalieri's coat of arms.</note>

  <note>* See also general note *, p.</note>

  <inscrip>Una ex filiabus Niobes. In Palatio Magni Ducis
  Etr[uriae]</inscrip>

  <size>22 x 13.5 cm. (Engraving n.[17])</size>

  <ref>Ashby, p.150, note 5</ref>

  <note>(A) Cav III-IV, pl.17; March I-II, pl.17; G.D.de Rossi,
  unnumbered pl.</note>
</record>

<record>
  <num>C790</num>

  <subj>Roman Statuary</subj>

  <inscrip>[Antiquarum statuarum urbis Romae tertius et quartus
  liber]</inscrip>

  <engrv>[Giovanni Battista Cavalieri]</engrv>

  <city>[Rome]</city>

  <pub>[Giovanni Battista Cavalieri]?</pub>

  <date>[1594]</date>

  <ref>Ashby, pp.122-23 and 150-53.</ref>

  <ref>Cav III-IV</ref>

  <ref>For other references cf. notes to engravings C705 to C
  752</ref>

  <note>Part of a set of 100 numbered engravings plus an unnumbered
  title page and an unnumbered engraved final page bearing
  Cavalieri's coat of arms.</note>

  <note>* See also general note *, p.</note>

  <inscrip>Neptunus cum Tritone in aedibus Vall[ensibus]</inscrip>

  <size>22 x 13.5 cm. (Engraving n.[27])</size>

  <note>(A) Cav III-IV, pl.27; Marc I-II, pl.27.</note>
</record>

<record>
  <num>C791</num>

  <subj>Roman Statuary</subj>

  <inscrip>[Antiquarum statuarum urbis Romae tertius et quartus
  liber]</inscrip>

  <engrv>[Giovanni Battista Cavalieri]</engrv>

  <city>[Rome]</city>

  <pub>[Giovanni Battista Cavalieri]?</pub>

  <date>[1594]</date>

  <ref>Ashby, pp.122-23 and 150-53.</ref>

  <ref>Cav III-IV</ref>

  <ref>For other references cf. notes to engravings C705 to C
  752</ref>

  <note>Part of a set of 100 numbered engravings plus an unnumbered
  title page and an unnumbered engraved final page bearing
  Cavalieri's coat of arms.</note>

  <note>* See also general note *, p.</note>

  <inscrip>Mercurius in aedibus Farnesianis</inscrip>

  <size>22 x 13.5 cm. (Engraving n.[29])</size>

  <ref>Lowry, col.49b.</ref>

  <note>(A) Cav III-IV, pl.29.</note>
</record>

<record>
  <num>C792</num>

  <subj>Roman Statuary</subj>

  <inscrip>[Antiquarum statuarum urbis Romae tertius et quartus
  liber]</inscrip>

  <engrv>[Giovanni Battista Cavalieri]</engrv>

  <city>[Rome]</city>

  <pub>[Giovanni Battista Cavalieri]?</pub>

  <date>[1594]</date>

  <ref>Ashby, pp.122-23 and 150-53.</ref>

  <ref>Cav III-IV</ref>

  <ref>For other references cf. notes to engravings C705 to C
  752</ref>

  <note>Part of a set of 100 numbered engravings plus an unnumbered
  title page and an unnumbered engraved final page bearing
  Cavalieri's coat of arms.</note>

  <note>* See also general note *, p.</note>

  <inscrip>Venus Callipiga alieno usu et nomine pro leucopiga in
  palatio Farnesiorum</inscrip>

  <size>22 x 13.6 cm. (Engraving n.[66])</size>

  <ref>Ashby, p.152, note 2</ref>

  <ref>Lowry, col.49b and note 23</ref>

  <note>(A) Cav III-IV, pl.66; Marc I-II, pl.66; G.D. de Rossi,
  unnumbered pl.; Thom, pl.11 (reversed). A handwritten note in the
  lower section of the engraving reads: Edit. 1594. Cythereas
  posteritatem prospeciens in aedi. Fabii Baverii No.66.</note>
</record>

<record>
  <num>C793</num>

  <subj>Roman Statuary</subj>

  <inscrip>[Antiquarum statuarum urbis Romae tertius et quartus
  liber]</inscrip>

  <engrv>[Giovanni Battista Cavalieri]</engrv>

  <city>[Rome]</city>

  <pub>[Giovanni Battista Cavalieri]?</pub>

  <date>[1594]</date>

  <ref>Ashby, pp.122-23 and 150-53.</ref>

  <ref>Cav III-IV</ref>

  <ref>For other references cf. notes to engravings C705 to C
  752</ref>

  <note>Part of a set of 100 numbered engravings plus an unnumbered
  title page and an unnumbered engraved final page bearing
  Cavalieri's coat of arms.</note>

  <note>* See also general note *, p.</note>

  <inscrip>Venus Corollaria. In aedibus Farnesianis</inscrip>

  <size>22 x 13.5 cm. (Engraving n.[68])</size>

  <note>(A) Cav III-IV, pl.68; Marc I-II, pl.68; G.D. de Rossi,
  unnumbered pl. (B) Vac-van S, pl.28 (C 848 reversed).</note>
</record>

<record>
  <num>C794</num>

  <subj>Roman Statuary</subj>

  <inscrip>[Antiquarum statuarum urbis Romae tertius et quartus
  liber]</inscrip>

  <engrv>[Giovanni Battista Cavalieri]</engrv>

  <city>[Rome]</city>

  <pub>[Giovanni Battista Cavalieri]?</pub>

  <date>[1594]</date>

  <ref>Ashby, pp.122-23 and 150-53.</ref>

  <ref>Cav III-IV</ref>

  <ref>For other references cf. notes to engravings C705 to C
  752</ref>

  <note>Part of a set of 100 numbered engravings plus an unnumbered
  title page and an unnumbered engraved final page bearing
  Cavalieri's coat of arms.</note>

  <note>* See also general note *, p.</note>

  <inscrip>Silenus. In hortis Magni Ducis Etr[uriae]</inscrip>

  <size>13 x 22.2 cm. (Engraving n.[82])</size>

  <note>(A) Cav III-IV, pl.82; Marc I-II, pl.82; G.D. de Rossi,
  unnumbered pl. (cf. Ashby, p.153, note 2). (B) Per, pl.99.</note>
</record>

<record>
  <num>C795</num>

  <subj>Roman Statuary</subj>

  <inscrip>[Antiquarum statuarum urbis Romae tertius et quartus
  liber]</inscrip>

  <engrv>[Giovanni Battista Cavalieri]</engrv>

  <city>[Rome]</city>

  <pub>[Giovanni Battista Cavalieri]?</pub>

  <date>[1594]</date>

  <ref>Ashby, pp.122-23 and 150-53.</ref>

  <ref>Cav III-IV</ref>

  <ref>For other references cf. notes to engravings C705 to C
  752</ref>

  <note>Part of a set of 100 numbered engravings plus an unnumbered
  title page and an unnumbered engraved final page bearing
  Cavalieri's coat of arms.</note>

  <note>* See also general note *, p.</note>

  <inscrip>Imp. in hortis Magni Ducis Etruriae</inscrip>

  <size>22 x 13.6 cm. (Engraving n.[92])</size>

  <note>(A) Cav III-IV, pl.92; Marc I-II, pl.92; G.D. de Rossi,
  unnumbered pl.</note>
</record>

<record>
  <num>C796</num>

  <subj>Roman Statuary</subj>

  <inscrip>[Antiquarum statuarum urbis Romae tertius et quartus
  liber]</inscrip>

  <engrv>[Giovanni Battista Cavalieri]</engrv>

  <city>[Rome]</city>

  <pub>[Giovanni Battista Cavalieri]?</pub>

  <date>[1594]</date>

  <ref>Ashby, pp.122-23 and 150-53.</ref>

  <ref>Cav III-IV</ref>

  <ref>For other references cf. notes to engravings C705 to C
  752</ref>

  <note>Part of a set of 100 numbered engravings plus an unnumbered
  title page and an unnumbered engraved final page bearing
  Cavalieri's coat of arms.</note>

  <note>* See also general note *, p.</note>

  <inscrip>Libertorum manumittendorum icon. In aedibus Jac. Palutii
  Albertonii</inscrip>

  <size>22 x 14 cm. (Engraving n.[95])</size>

  <note>(A) Cav III-IV, pl.95; Marc I-II, pl.95; G.D. de Rossi,
  unnumbered pl.</note>
</record>

<record>
  <num>C797</num>

  <subj>Roman Statuary</subj>

  <inscrip>[Antiquarum statuarum urbis Romae tertius et quartus
  liber]</inscrip>

  <engrv>[Giovanni Battista Cavalieri]</engrv>

  <city>[Rome]</city>

  <pub>[Giovanni Battista Cavalieri]?</pub>

  <date>[1594]</date>

  <ref>Ashby, pp.122-23 and 150-53.</ref>

  <ref>Cav III-IV</ref>

  <ref>For other references cf. notes to engravings C705 to C
  752</ref>

  <note>Part of a set of 100 numbered engravings plus an unnumbered
  title page and an unnumbered engraved final page bearing
  Cavalieri's coat of arms.</note>

  <note>* See also general note *, p.</note>

  <inscrip>Cupidinis cogitabunis stantis statua</inscrip>

  <size>20.5 x 14 cm</size>

  <note>(Unnumbered plate. For its inclusion in Cav III-IV, see
  Lowry, cols.49b-50a.) (B) Vac-van S, pl.64 (C 885); Thom, pl.35
  (reversed).</note>
</record>

<record>
  <num>C798</num>

  <subj>Roman Statuary</subj>

  <inscrip>[Insigniores statuarum urbis Romae icones antiquitatis
  studiosis]</inscrip>

  <engrv>Anon. mainly after [Giovanni Battista Cavalieri]</engrv>

  <city>[Rome]</city>

  <pub>[N. van Aelst, or Giuseppe de Rossi, or Giovanni Domenico de
  Rossi]</pub>

  <date>[before 1605, or 1619, or 1645]</date>

  <ref>Ashby, pp.137-42</ref>

  <ref>146-49, cols.VII and VIII</ref>

  <ref>156-57</ref>

  <ref>A-B p.317, n.3153</ref>

  <ref>Cf. also references to engravings C 705 to C 752</ref>

  <note>Part of a set which consists of either 100 mostly
  unnumbered engravings plus a title page or of 140 mostly
  unnumbered engravings plus two title pages, depending on the
  edition.</note>

  <note>* See also general note *, p.</note>

  <inscrip>Semele ibidem</inscrip>

  <size>20 x 13.2 cm</size>

  <note>(A) Cav I, pl.6 (C 710 reversed); Cav(P), pl.6.</note>
</record>

<record>
  <num>C799</num>

  <subj>Roman Statuary</subj>

  <inscrip>[Insigniores statuarum urbis Romae icones antiquitatis
  studiosis]</inscrip>

  <engrv>Anon. mainly after [Giovanni Battista Cavalieri]</engrv>

  <city>[Rome]</city>

  <pub>[N. van Aelst, or Giuseppe de Rossi, or Giovanni Domenico de
  Rossi]</pub>

  <date>[before 1605, or 1619, or 1645]</date>

  <ref>Ashby, pp.137-42</ref>

  <ref>146-49, cols.VII and VIII</ref>

  <ref>156-57</ref>

  <ref>A-B p.317, n.3153</ref>

  <ref>Cf. also references to engravings C 705 to C 752</ref>

  <note>Part of a set which consists of either 100 mostly
  unnumbered engravings plus a title page or of 140 mostly
  unnumbered engravings plus two title pages, depending on the
  edition.</note>

  <note>* See also general note *, p.</note>

  <inscrip>Spei statua ibidem</inscrip>

  <size>20 x 13 cm</size>

  <note>(A) Cav I, pl.11 (C 715); Cav(P), pl.11.</note>
</record>

<record>
  <num>C800</num>

  <subj>Roman Statuary</subj>

  <inscrip>[Insigniores statuarum urbis Romae icones antiquitatis
  studiosis]</inscrip>

  <engrv>Anon. mainly after [Giovanni Battista Cavalieri]</engrv>

  <city>[Rome]</city>

  <pub>[N. van Aelst, or Giuseppe de Rossi, or Giovanni Domenico de
  Rossi]</pub>

  <date>[before 1605, or 1619, or 1645]</date>

  <ref>Ashby, pp.137-42</ref>

  <ref>146-49, cols.VII and VIII</ref>

  <ref>156-57</ref>

  <ref>A-B p.317, n.3153</ref>

  <ref>Cf. also references to engravings C 705 to C 752</ref>

  <note>Part of a set which consists of either 100 mostly
  unnumbered engravings plus a title page or of 140 mostly
  unnumbered engravings plus two title pages, depending on the
  edition.</note>

  <note>* See also general note *, p.</note>

  <inscrip>Parthorum rex captivus ibidem. Card. Farnesii</inscrip>

  <size>20.5 x 13 cm</size>

  <note>(A) Cav I, pl.14 (C 718); Cav(P), pl.14. Note should be
  taken of the addition of the location in the text of the
  inscription.</note>
</record>

<record>
  <num>C801</num>

  <subj>Roman Statuary</subj>

  <inscrip>[Insigniores statuarum urbis Romae icones antiquitatis
  studiosis]</inscrip>

  <engrv>Anon. mainly after [Giovanni Battista Cavalieri]</engrv>

  <city>[Rome]</city>

  <pub>[N. van Aelst, or Giuseppe de Rossi, or Giovanni Domenico de
  Rossi]</pub>

  <date>[before 1605, or 1619, or 1645]</date>

  <ref>Ashby, pp.137-42</ref>

  <ref>146-49, cols.VII and VIII</ref>

  <ref>156-57</ref>

  <ref>A-B p.317, n.3153</ref>

  <ref>Cf. also references to engravings C 705 to C 752</ref>

  <note>Part of a set which consists of either 100 mostly
  unnumbered engravings plus a title page or of 140 mostly
  unnumbered engravings plus two title pages, depending on the
  edition.</note>

  <note>* See also general note *, p.</note>

  <inscrip>Psiche ibidem</inscrip>

  <size>20.5 x 13 cm</size>

  <note>(A) Cav I, pl.24 (C 728).</note>
</record>

<record>
  <num>C802</num>

  <subj>Roman Statuary</subj>

  <inscrip>[Insigniores statuarum urbis Romae icones antiquitatis
  studiosis]</inscrip>

  <engrv>Anon. mainly after [Giovanni Battista Cavalieri]</engrv>

  <city>[Rome]</city>

  <pub>[N. van Aelst, or Giuseppe de Rossi, or Giovanni Domenico de
  Rossi]</pub>

  <date>[before 1605, or 1619, or 1645]</date>

  <ref>Ashby, pp.137-42</ref>

  <ref>146-49, cols.VII and VIII</ref>

  <ref>156-57</ref>

  <ref>A-B p.317, n.3153</ref>

  <ref>Cf. also references to engravings C 705 to C 752</ref>

  <note>Part of a set which consists of either 100 mostly
  unnumbered engravings plus a title page or of 140 mostly
  unnumbered engravings plus two title pages, depending on the
  edition.</note>

  <note>* See also general note *, p.</note>

  <inscrip>Hermaphroditus ex indice lapide Romae in aedibus
  Cardinalis Farnesii</inscrip>

  <size>22.6 x 13.5 cm</size>

  <note>(A) Cav I-II, pl.37; Vac-van S, pl.25 (C 845); engraving
  published in 1552 by Antonio Lafreri (A 95).</note>
</record>

<record>
  <num>C803</num>

  <subj>Roman Statuary</subj>

  <inscrip>[Insigniores statuarum urbis Romae icones antiquitatis
  studiosis]</inscrip>

  <engrv>Anon. mainly after [Giovanni Battista Cavalieri]</engrv>

  <city>[Rome]</city>

  <pub>[N. van Aelst, or Giuseppe de Rossi, or Giovanni Domenico de
  Rossi]</pub>

  <date>[before 1605, or 1619, or 1645]</date>

  <ref>Ashby, pp.137-42</ref>

  <ref>146-49, cols.VII and VIII</ref>

  <ref>156-57</ref>

  <ref>A-B p.317, n.3153</ref>

  <ref>Cf. also references to engravings C 705 to C 752</ref>

  <note>Part of a set which consists of either 100 mostly
  unnumbered engravings plus a title page or of 140 mostly
  unnumbered engravings plus two title pages, depending on the
  edition.</note>

  <note>* See also general note *, p.</note>

  <inscrip>Simulacrum deae incertae e marmore sculptum in villa
  Julii III. Pont. Max. Romae</inscrip>

  <size>22.5 x 13 cm</size>

  <note>(A) Cav I-II, pl.64.</note>
</record>

<record>
  <num>C804</num>

  <subj>Roman Statuary</subj>

  <inscrip>[Insigniores statuarum urbis Romae icones antiquitatis
  studiosis]</inscrip>

  <engrv>Anon. mainly after [Giovanni Battista Cavalieri]</engrv>

  <city>[Rome]</city>

  <pub>[N. van Aelst, or Giuseppe de Rossi, or Giovanni Domenico de
  Rossi]</pub>

  <date>[before 1605, or 1619, or 1645]</date>

  <ref>Ashby, pp.137-42</ref>

  <ref>146-49, cols.VII and VIII</ref>

  <ref>156-57</ref>

  <ref>A-B p.317, n.3153</ref>

  <ref>Cf. also references to engravings C 705 to C 752</ref>

  <note>Part of a set which consists of either 100 mostly
  unnumbered engravings plus a title page or of 140 mostly
  unnumbered engravings plus two title pages, depending on the
  edition.</note>

  <note>* See also general note *, p.</note>

  <inscrip>Marcus Aurelius Antoninus Augustus in
  Capitolio</inscrip>

  <size>19.2 x 12.5 cm</size>

  <note>(A) Cav I, pl.42; Cav(P), pl.42; Cav I-II, pl.68. (B)
  Vac-van S, pl.6 (C 826); Per, pl.11-12.</note>
</record>

<record>
  <num>C805</num>

  <subj>Roman Statuary</subj>

  <inscrip>[Insigniores statuarum urbis Romae icones antiquitatis
  studiosis]</inscrip>

  <engrv>Anon. mainly after [Giovanni Battista Cavalieri]</engrv>

  <city>[Rome]</city>

  <pub>[N. van Aelst, or Giuseppe de Rossi, or Giovanni Domenico de
  Rossi]</pub>

  <date>[before 1605, or 1619, or 1645]</date>

  <ref>Ashby, pp.137-42</ref>

  <ref>146-49, cols.VII and VIII</ref>

  <ref>156-57</ref>

  <ref>A-B p.317, n.3153</ref>

  <ref>Cf. also references to engravings C 705 to C 752</ref>

  <note>Part of a set which consists of either 100 mostly
  unnumbered engravings plus a title page or of 140 mostly
  unnumbered engravings plus two title pages, depending on the
  edition.</note>

  <note>* See also general note *, p.</note>

  <inscrip>Antiqua statua Tygridis fluvii marmorea, quam
  recentiores statuarii Tiberi accomodarunt in Capitolio</inscrip>

  <size>20 x 13 cm</size>

  <note>(A) Cav I, pl.43; Cav(P), pl.43; Cav I-II, pl.69. This
  plate should not be confused with one representing the same
  subject and which Ashby, p.156, lists as number 13.</note>
</record>

<record>
  <num>C806</num>

  <subj>Roman Statuary</subj>

  <inscrip>[Insigniores statuarum urbis Romae icones antiquitatis
  studiosis]</inscrip>

  <engrv>Anon. mainly after [Giovanni Battista Cavalieri]</engrv>

  <city>[Rome]</city>

  <pub>[N. van Aelst, or Giuseppe de Rossi, or Giovanni Domenico de
  Rossi]</pub>

  <date>[before 1605, or 1619, or 1645]</date>

  <ref>Ashby, pp.137-42</ref>

  <ref>146-49, cols.VII and VIII</ref>

  <ref>156-57</ref>

  <ref>A-B p.317, n.3153</ref>

  <ref>Cf. also references to engravings C 705 to C 752</ref>

  <note>Part of a set which consists of either 100 mostly
  unnumbered engravings plus a title page or of 140 mostly
  unnumbered engravings plus two title pages, depending on the
  edition.</note>

  <note>* See also general note *, p.</note>

  <inscrip>Augusti simulacrum e marmore Romae in
  Capitolio</inscrip>

  <size>23.2 x 13.5 cm</size>

  <note>(A) Cav I-II, pl.71; Ferr, pl.25 (engraved by Jac. Ruphon).
  (B) Per, pl.10.</note>
</record>

<record>
  <num>C807</num>

  <subj>Roman Statuary</subj>

  <inscrip>[Insigniores statuarum urbis Romae icones antiquitatis
  studiosis]</inscrip>

  <engrv>Anon. mainly after [Giovanni Battista Cavalieri]</engrv>

  <city>[Rome]</city>

  <pub>[N. van Aelst, or Giuseppe de Rossi, or Giovanni Domenico de
  Rossi]</pub>

  <date>[before 1605, or 1619, or 1645]</date>

  <ref>Ashby, pp.137-42</ref>

  <ref>146-49, cols.VII and VIII</ref>

  <ref>156-57</ref>

  <ref>A-B p.317, n.3153</ref>

  <ref>Cf. also references to engravings C 705 to C 752</ref>

  <note>Part of a set which consists of either 100 mostly
  unnumbered engravings plus a title page or of 140 mostly
  unnumbered engravings plus two title pages, depending on the
  edition.</note>

  <note>* See also general note *, p.</note>

  <inscrip>Simulacrum aeneum mira arte elaboratum Romae in
  Capitolio</inscrip>

  <size>23.5 x 13.5 cm</size>

  <note>(A) Cav I-II, pl.74. (B) Vac-van S, pl.13 (C 833); Thom
  (1618), pl.[42] (C 913); Thom, pl.42; Per, pl.42; engraving
  executed by Diana Ghisi (A 114).</note>
</record>

<record>
  <num>C808</num>

  <subj>Roman Statuary</subj>

  <inscrip>[Insigniores statuarum urbis Romae icones antiquitatis
  studiosis]</inscrip>

  <engrv>Anon. mainly after [Giovanni Battista Cavalieri]</engrv>

  <city>[Rome]</city>

  <pub>[N. van Aelst, or Giuseppe de Rossi, or Giovanni Domenico de
  Rossi]</pub>

  <date>[before 1605, or 1619, or 1645]</date>

  <ref>Ashby, pp.137-42</ref>

  <ref>146-49, cols.VII and VIII</ref>

  <ref>156-57</ref>

  <ref>A-B p.317, n.3153</ref>

  <ref>Cf. also references to engravings C 705 to C 752</ref>

  <note>Part of a set which consists of either 100 mostly
  unnumbered engravings plus a title page or of 140 mostly
  unnumbered engravings plus two title pages, depending on the
  edition.</note>

  <note>* See also general note *, p.</note>

  <inscrip>Sabina alia ibidem</inscrip>

  <size>20 x 13 cm</size>

  <note>(A) Cav I, pl.50 (C 751); Cav(P), pl.50; Cav I-II,
  pl.82.</note>
</record>

<record>
  <num>C809</num>

  <subj>Roman Statuary</subj>

  <inscrip>[Insigniores statuarum urbis Romae icones antiquitatis
  studiosis]</inscrip>

  <engrv>Anon. mainly after [Giovanni Battista Cavalieri]</engrv>

  <city>[Rome]</city>

  <pub>[N. van Aelst, or Giuseppe de Rossi, or Giovanni Domenico de
  Rossi]</pub>

  <date>[before 1605, or 1619, or 1645]</date>

  <ref>Ashby, pp.137-42</ref>

  <ref>146-49, cols.VII and VIII</ref>

  <ref>156-57</ref>

  <ref>A-B p.317, n.3153</ref>

  <ref>Cf. also references to engravings C 705 to C 752</ref>

  <note>Part of a set which consists of either 100 mostly
  unnumbered engravings plus a title page or of 140 mostly
  unnumbered engravings plus two title pages, depending on the
  edition.</note>

  <note>* See also general note *, p.</note>

  <inscrip>Marsyae signum e marmore mira arte factum in Viridario
  magni Ducis Etruriae</inscrip>

  <size>22 x 13.5 cm</size>

  <ref>Ashby, p.149, note 5</ref>

  <note>(A) Cav I-II, pl.85. (B) Vac-van S, pl.69 (C 889);
  Thom(1618), pl.[29] (C 911); Thom, pl.29; Per, pl.18b.</note>
</record>

<record>
  <num>C810</num>

  <subj>Roman Statuary</subj>

  <inscrip>[Insigniores statuarum urbis Romae icones antiquitatis
  studiosis]</inscrip>

  <engrv>Anon. mainly after [Giovanni Battista Cavalieri]</engrv>

  <city>[Rome]</city>

  <pub>[N. van Aelst, or Giuseppe de Rossi, or Giovanni Domenico de
  Rossi]</pub>

  <date>[before 1605, or 1619, or 1645]</date>

  <ref>Ashby, pp.137-42</ref>

  <ref>146-49, cols.VII and VIII</ref>

  <ref>156-57</ref>

  <ref>A-B p.317, n.3153</ref>

  <ref>Cf. also references to engravings C 705 to C 752</ref>

  <note>Part of a set which consists of either 100 mostly
  unnumbered engravings plus a title page or of 140 mostly
  unnumbered engravings plus two title pages, depending on the
  edition.</note>

  <note>* See also general note *, p.</note>

  <inscrip>Statua incognita in aedibus Hieronimi de Cupis prope
  templum S. Mariae, de anima</inscrip>

  <size>19.5 x 13 cm</size>

  <ref>Ashby, p.149, note 10</ref>

  <note>(A) Cav I-II, pl.91.</note>
</record>

<record>
  <num>C811</num>

  <subj>Roman Statuary</subj>

  <inscrip>[Insigniores statuarum urbis Romae icones antiquitatis
  studiosis]</inscrip>

  <engrv>Anon. mainly after [Giovanni Battista Cavalieri]</engrv>

  <city>[Rome]</city>

  <pub>[N. van Aelst, or Giuseppe de Rossi, or Giovanni Domenico de
  Rossi]</pub>

  <date>[before 1605, or 1619, or 1645]</date>

  <ref>Ashby, pp.137-42</ref>

  <ref>146-49, cols.VII and VIII</ref>

  <ref>156-57</ref>

  <ref>A-B p.317, n.3153</ref>

  <ref>Cf. also references to engravings C 705 to C 752</ref>

  <note>Part of a set which consists of either 100 mostly
  unnumbered engravings plus a title page or of 140 mostly
  unnumbered engravings plus two title pages, depending on the
  edition.</note>

  <note>* See also general note *, p.</note>

  <inscrip>Simulacrum incognitum in villa Margueritae de Austria
  Romae</inscrip>

  <size>20 x 12 cm</size>

  <ref>Lowry, col.49a</ref>

  <note>(A) Cav I-II, pl.97.</note>
</record>

<record>
  <num>C812</num>

  <subj>Roman Statuary</subj>

  <inscrip>[Insigniores statuarum urbis Romae icones antiquitatis
  studiosis]</inscrip>

  <engrv>Anon. mainly after [Giovanni Battista Cavalieri]</engrv>

  <city>[Rome]</city>

  <pub>[N. van Aelst, or Giuseppe de Rossi, or Giovanni Domenico de
  Rossi]</pub>

  <date>[before 1605, or 1619, or 1645]</date>

  <ref>Ashby, pp.137-42</ref>

  <ref>146-49, cols.VII and VIII</ref>

  <ref>156-57</ref>

  <ref>A-B p.317, n.3153</ref>

  <ref>Cf. also references to engravings C 705 to C 752</ref>

  <note>Part of a set which consists of either 100 mostly
  unnumbered engravings plus a title page or of 140 mostly
  unnumbered engravings plus two title pages, depending on the
  edition.</note>

  <note>* See also general note *, p.</note>

  <inscrip>Nymphae marmorea in horto Carpensi</inscrip>

  <size>20 x 13 cm</size>

  <ref>Ashby, p.156, pl.n.15</ref>
</record>

<record>
  <num>C813</num>

  <subj>Roman Statuary</subj>

  <inscrip>[Insigniores statuarum urbis Romae icones antiquitatis
  studiosis]</inscrip>

  <engrv>Anon. mainly after [Giovanni Battista Cavalieri]</engrv>

  <city>[Rome]</city>

  <pub>[N. van Aelst, or Giuseppe de Rossi, or Giovanni Domenico de
  Rossi]</pub>

  <date>[before 1605, or 1619, or 1645]</date>

  <ref>Ashby, pp.137-42</ref>

  <ref>146-49, cols.VII and VIII</ref>

  <ref>156-57</ref>

  <ref>A-B p.317, n.3153</ref>

  <ref>Cf. also references to engravings C 705 to C 752</ref>

  <note>Part of a set which consists of either 100 mostly
  unnumbered engravings plus a title page or of 140 mostly
  unnumbered engravings plus two title pages, depending on the
  edition.</note>

  <note>* See also general note *, p.</note>

  <inscrip>Thalia e marmore in hortis Car. Carpen</inscrip>

  <size>22.5 x 13 cm</size>

  <ref>Ashby, p.156, n.16 and note 9</ref>
</record>

<record>
  <num>C814</num>

  <subj>Roman Statuary</subj>

  <inscrip>[Insigniores statuarum urbis Romae icones antiquitatis
  studiosis]</inscrip>

  <engrv>Anon. mainly after [Giovanni Battista Cavalieri]</engrv>

  <city>[Rome]</city>

  <pub>[N. van Aelst, or Giuseppe de Rossi, or Giovanni Domenico de
  Rossi]</pub>

  <date>[before 1605, or 1619, or 1645]</date>

  <ref>Ashby, pp.137-42</ref>

  <ref>146-49, cols.VII and VIII</ref>

  <ref>156-57</ref>

  <ref>A-B p.317, n.3153</ref>

  <ref>Cf. also references to engravings C 705 to C 752</ref>

  <note>Part of a set which consists of either 100 mostly
  unnumbered engravings plus a title page or of 140 mostly
  unnumbered engravings plus two title pages, depending on the
  edition.</note>

  <note>* See also general note *, p.</note>

  <inscrip>Cerrere statua marmorea in horti Car. Ferrarie</inscrip>

  <size>21 x 12.5 cm</size>

  <ref>Ashby, p.157, pl.n.25 and note 1</ref>
</record>

<record>
  <num>C815</num>

  <subj>Roman Statuary</subj>

  <inscrip>[Insigniores statuarum urbis Romae icones antiquitatis
  studiosis]</inscrip>

  <engrv>Anon. mainly after [Giovanni Battista Cavalieri]</engrv>

  <city>[Rome]</city>

  <pub>[N. van Aelst, or Giuseppe de Rossi, or Giovanni Domenico de
  Rossi]</pub>

  <date>[before 1605, or 1619, or 1645]</date>

  <ref>Ashby, pp.137-42</ref>

  <ref>146-49, cols.VII and VIII</ref>

  <ref>156-57</ref>

  <ref>A-B p.317, n.3153</ref>

  <ref>Cf. also references to engravings C 705 to C 752</ref>

  <note>Part of a set which consists of either 100 mostly
  unnumbered engravings plus a title page or of 140 mostly
  unnumbered engravings plus two title pages, depending on the
  edition.</note>

  <note>* See also general note *, p.</note>

  <inscrip>Cerrere marmorea in horti Car. Ferrarie</inscrip>

  <size>20.5 x 13 cm</size>

  <ref>Ashby, p.157, pl.n.26 and note 2</ref>
</record>

<record>
  <num>C816</num>

  <subj>Roman Statuary</subj>

  <inscrip>[Insigniores statuarum urbis Romae icones antiquitatis
  studiosis]</inscrip>

  <engrv>Anon. mainly after [Giovanni Battista Cavalieri]</engrv>

  <city>[Rome]</city>

  <pub>[N. van Aelst, or Giuseppe de Rossi, or Giovanni Domenico de
  Rossi]</pub>

  <date>[before 1605, or 1619, or 1645]</date>

  <ref>Ashby, pp.137-42</ref>

  <ref>146-49, cols.VII and VIII</ref>

  <ref>156-57</ref>

  <ref>A-B p.317, n.3153</ref>

  <ref>Cf. also references to engravings C 705 to C 752</ref>

  <note>Part of a set which consists of either 100 mostly
  unnumbered engravings plus a title page or of 140 mostly
  unnumbered engravings plus two title pages, depending on the
  edition.</note>

  <note>* See also general note *, p.</note>

  <inscrip>Leda in aedibus Cardinalis Burghesii</inscrip>

  <size>20.5 x 14.2 cm</size>

  <ref>Ashby, p.157, pl.n.33 and note 8 and p.150, notes 9-10</ref>

  <note>(B) Cav III-IV, pl.25 (reversed); Thom, pl.13. This plate
  does not occur in G.D. de Rossi.</note>
</record>

<record>
  <num>C817</num>

  <subj>Roman Statuary</subj>

  <inscrip>[Antiquarum statuarum urbis Romae. Liber
  tertius]</inscrip>

  <engrv>Anon. after [Giovanni Battista Cavalieri]</engrv>

  <city>[Rome]</city>

  <pub>[Giacomo Marcucci]</pub>

  <date>[1623]</date>

  <ref>Ashby, pp.131-34 and 146-49, col.V. Cf. also the notes to
  engravings C 705 to C 752</ref>

  <note>Part of a set of 40 numbered plates including the title
  page.</note>

  <note>* See also general note *, p.</note>

  <inscrip>Signum marmoreum deae incertae in Vaticano
  viridario</inscrip>

  <size>21.8 x 12.6 cm. (Engraving n.15)</size>

  <note>(A) Cav I-II, pl.7; G.D. de Rossi, pl.15.</note>
</record>

<record>
  <num>C818</num>

  <subj>Roman Statuary</subj>

  <inscrip>[Antiquarum statuarum urbis Romae. Liber
  tertius]</inscrip>

  <engrv>Anon. after [Giovanni Battista Cavalieri]</engrv>

  <city>[Rome]</city>

  <pub>[Giacomo Marcucci]</pub>

  <date>[1623]</date>

  <ref>Ashby, pp.131-34 and 146-49, col.V. Cf. also the notes to
  engravings C 705 to C 752</ref>

  <note>Part of a set of 40 numbered plates including the title
  page.</note>

  <note>* See also general note *, p.</note>

  <inscrip>Alexandri magni miles, vulgo Pasquinus eum saucium
  detinens, ante aedes Alphonsi Caraffae Car. Neapolitani</inscrip>

  <size>20 x 13 cm. (Engraving n.19)</size>

  <ref>Ashby, p.149, note 11</ref>

  <note>(A) Cav I, pl.52; Cav(P), pl.52; Cav I-II, pl.92. (B)
  Vac-van S, pl.80 (C 901 and C 902).</note>
</record>

<record>
  <num>C819</num>

  <subj>Roman Statuary</subj>

  <inscrip>[Antiquarum statuarum urbis Romae. Liber
  tertius]</inscrip>

  <engrv>Anon. after [Giovanni Battista Cavalieri]</engrv>

  <city>[Rome]</city>

  <pub>[Giacomo Marcucci]</pub>

  <date>[1623]</date>

  <ref>Ashby, pp.131-34 and 146-49, col.V. Cf. also the notes to
  engravings C 705 to C 752</ref>

  <note>Part of a set of 40 numbered plates including the title
  page.</note>

  <note>* See also general note *, p.</note>

  <inscrip>Mnemosine altera ibidem</inscrip>

  <size>20.2 x 13.5 cm. (Engraving n.21)</size>

  <note>(A) Cav I, pl.26 (C 730); Cav(P), pl.26; Cav I-II, pl.55;
  G.D. de Rossi, pl.21.</note>
</record>

<record>
  <num>C820</num>

  <subj>Roman Statuary</subj>

  <inscrip>[Antiquarum statuarum urbis Romae. Liber
  tertius]</inscrip>

  <engrv>Anon. after [Giovanni Battista Cavalieri]</engrv>

  <city>[Rome]</city>

  <pub>[Giacomo Marcucci]</pub>

  <date>[1623]</date>

  <ref>Ashby, pp.131-34 and 146-49, col.V. Cf. also the notes to
  engravings C 705 to C 752</ref>

  <note>Part of a set of 40 numbered plates including the title
  page.</note>

  <note>* See also general note *, p.</note>

  <inscrip>Hygia e marmore ibidem</inscrip>

  <size>20 x 12.5 cm. (Engraving n.34)</size>

  <note>(A) Cav I, pl.35 (C 739); Cav(P), pl.35; Cav I-II, pl.44;
  G.D. de Rossi, pl.34.</note>
</record>

<record>
  <num>C821</num>

  <subj>Roman Statuary</subj>

  <inscrip>Antiquarum statuarum urbis Romae, quae in publicis
  privatisque locis visuntur icones</inscrip>

  <engrv>[Orazio de Santis, Cherubino Alberti et al. after Giovanni
  Battista Cavalieri et al.]</engrv>

  <city>Rome</city>

  <pub>[Andrea and Michelangelo della Vaccaria] (though signed by
  Lorenzo della Vaccaria) or [Goert van Schaych]</pub>

  <date>[ca. 1614] (though dated 1584) or [1621]</date>

  <ref>Ashby, pp.123-29 and 154-55</ref>

  <ref>NaKL v.16, p.506, n.18 (attributes the whole set to Orazio
  de Santis and Cherubino Alberti)</ref>

  <ref>A-B p.317, n.3155</ref>

  <ref>Cf. also the references for engravings C 705 to C 752</ref>

  <note>Part of a set of 80 engravings which were numbered for the
  first time in the 1621 van Schaych edition. The engravings
  included in our collection apparently come from an undetermined
  number of different Vaccaria-van Schaych editions. Missing in
  this set is plate number 30, a statue of Minerva copied from Cav
  I-II, pl.38 (C 768); two different proofs of numbers 45, 78, and
  80 of the set are included in our collection.</note>

  <note>* See also general note *, p.</note>

  <inscrip>Antiquitatum statuarum urbis Romae...icones</inscrip>

  <size>21.1 x 15 cm. (Engraving n. [1]: title page signed by L.
  Vaccari and dated 1584)</size>
</record>

<record>
  <num>C822</num>

  <subj>Roman Statuary</subj>

  <inscrip>Antiquarum statuarum urbis Romae, quae in publicis
  privatisque locis visuntur icones</inscrip>

  <engrv>[Orazio de Santis, Cherubino Alberti et al. after Giovanni
  Battista Cavalieri et al.]</engrv>

  <city>Rome</city>

  <pub>[Andrea and Michelangelo della Vaccaria] (though signed by
  Lorenzo della Vaccaria) or [Goert van Schaych]</pub>

  <date>[ca. 1614] (though dated 1584) or [1621]</date>

  <ref>Ashby, pp.123-29 and 154-55</ref>

  <ref>NaKL v.16, p.506, n.18 (attributes the whole set to Orazio
  de Santis and Cherubino Alberti)</ref>

  <ref>A-B p.317, n.3155</ref>

  <ref>Cf. also the references for engravings C 705 to C 752</ref>

  <note>Part of a set of 80 engravings which were numbered for the
  first time in the 1621 van Schaych edition. The engravings
  included in our collection apparently come from an undetermined
  number of different Vaccaria-van Schaych editions. Missing in
  this set is plate number 30, a statue of Minerva copied from Cav
  I-II, pl.38 (C 768); two different proofs of numbers 45, 78, and
  80 of the set are included in our collection.</note>

  <note>* See also general note *, p.</note>

  <inscrip>Hercules egregie factus ex aere, et inauratus, in
  Capitolio</inscrip>

  <size>22 x 13 cm. (Engraving n.2)</size>

  <note>(A) Engraving executed by Diana Ghisi (Hu 119a; Qu
  182).</note>

  <note>(B) Cav I-II, pl.75.</note>
</record>

<record>
  <num>C823</num>

  <subj>Roman Statuary</subj>

  <inscrip>Antiquarum statuarum urbis Romae, quae in publicis
  privatisque locis visuntur icones</inscrip>

  <engrv>[Orazio de Santis, Cherubino Alberti et al. after Giovanni
  Battista Cavalieri et al.]</engrv>

  <city>Rome</city>

  <pub>[Andrea and Michelangelo della Vaccaria] (though signed by
  Lorenzo della Vaccaria) or [Goert van Schaych]</pub>

  <date>[ca. 1614] (though dated 1584) or [1621]</date>

  <ref>Ashby, pp.123-29 and 154-55</ref>

  <ref>NaKL v.16, p.506, n.18 (attributes the whole set to Orazio
  de Santis and Cherubino Alberti)</ref>

  <ref>A-B p.317, n.3155</ref>

  <ref>Cf. also the references for engravings C 705 to C 752</ref>

  <note>Part of a set of 80 engravings which were numbered for the
  first time in the 1621 van Schaych edition. The engravings
  included in our collection apparently come from an undetermined
  number of different Vaccaria-van Schaych editions. Missing in
  this set is plate number 30, a statue of Minerva copied from Cav
  I-II, pl.38 (C 768); two different proofs of numbers 45, 78, and
  80 of the set are included in our collection.</note>

  <note>* See also general note *, p.</note>

  <inscrip>Cimbrico reportata Romae in via Exquilina apud aedes S.
  ti Eusebii extant</inscrip>

  <size>23.5 x 15 cm. (Engraving n.3)</size>

  <ref>Ashby, p.154, note 1</ref>

  <note>(B) Cav I-II, pl.100 (C 785).</note>
</record>

<record>
  <num>C824</num>

  <subj>Roman Statuary</subj>

  <inscrip>Antiquarum statuarum urbis Romae, quae in publicis
  privatisque locis visuntur icones</inscrip>

  <engrv>[Orazio de Santis, Cherubino Alberti et al. after Giovanni
  Battista Cavalieri et al.]</engrv>

  <city>Rome</city>

  <pub>[Andrea and Michelangelo della Vaccaria] (though signed by
  Lorenzo della Vaccaria) or [Goert van Schaych]</pub>

  <date>[ca. 1614] (though dated 1584) or [1621]</date>

  <ref>Ashby, pp.123-29 and 154-55</ref>

  <ref>NaKL v.16, p.506, n.18 (attributes the whole set to Orazio
  de Santis and Cherubino Alberti)</ref>

  <ref>A-B p.317, n.3155</ref>

  <ref>Cf. also the references for engravings C 705 to C 752</ref>

  <note>Part of a set of 80 engravings which were numbered for the
  first time in the 1621 van Schaych edition. The engravings
  included in our collection apparently come from an undetermined
  number of different Vaccaria-van Schaych editions. Missing in
  this set is plate number 30, a statue of Minerva copied from Cav
  I-II, pl.38 (C 768); two different proofs of numbers 45, 78, and
  80 of the set are included in our collection.</note>

  <note>* See also general note *, p.</note>

  <inscrip>Trophaea marmorea ut aliqui existimant C. Marii a
  bello</inscrip>

  <size>23.5 x 15 cm. (Engraving n.4)</size>

  <note>(B) Cav I-II, pl.99 (C 784).</note>
</record>

<record>
  <num>C825</num>

  <subj>Roman Statuary</subj>

  <inscrip>Antiquarum statuarum urbis Romae, quae in publicis
  privatisque locis visuntur icones</inscrip>

  <engrv>[Orazio de Santis, Cherubino Alberti et al. after Giovanni
  Battista Cavalieri et al.]</engrv>

  <city>Rome</city>

  <pub>[Andrea and Michelangelo della Vaccaria] (though signed by
  Lorenzo della Vaccaria) or [Goert van Schaych]</pub>

  <date>[ca. 1614] (though dated 1584) or [1621]</date>

  <ref>Ashby, pp.123-29 and 154-55</ref>

  <ref>NaKL v.16, p.506, n.18 (attributes the whole set to Orazio
  de Santis and Cherubino Alberti)</ref>

  <ref>A-B p.317, n.3155</ref>

  <ref>Cf. also the references for engravings C 705 to C 752</ref>

  <note>Part of a set of 80 engravings which were numbered for the
  first time in the 1621 van Schaych edition. The engravings
  included in our collection apparently come from an undetermined
  number of different Vaccaria-van Schaych editions. Missing in
  this set is plate number 30, a statue of Minerva copied from Cav
  I-II, pl.38 (C 768); two different proofs of numbers 45, 78, and
  80 of the set are included in our collection.</note>

  <note>* See also general note *, p.</note>

  <inscrip>Q. Cirtius in Capitolio</inscrip>

  <size>22 x 15.5 cm. (Engraving n.5)</size>

  <note>(A) Cav III-IV, pl.5.</note>
</record>

<record>
  <num>C826</num>

  <subj>Roman Statuary</subj>

  <inscrip>Antiquarum statuarum urbis Romae, quae in publicis
  privatisque locis visuntur icones</inscrip>

  <engrv>[Orazio de Santis, Cherubino Alberti et al. after Giovanni
  Battista Cavalieri et al.]</engrv>

  <city>Rome</city>

  <pub>[Andrea and Michelangelo della Vaccaria] (though signed by
  Lorenzo della Vaccaria) or [Goert van Schaych]</pub>

  <date>[ca. 1614] (though dated 1584) or [1621]</date>

  <ref>Ashby, pp.123-29 and 154-55</ref>

  <ref>NaKL v.16, p.506, n.18 (attributes the whole set to Orazio
  de Santis and Cherubino Alberti)</ref>

  <ref>A-B p.317, n.3155</ref>

  <ref>Cf. also the references for engravings C 705 to C 752</ref>

  <note>Part of a set of 80 engravings which were numbered for the
  first time in the 1621 van Schaych edition. The engravings
  included in our collection apparently come from an undetermined
  number of different Vaccaria-van Schaych editions. Missing in
  this set is plate number 30, a statue of Minerva copied from Cav
  I-II, pl.38 (C 768); two different proofs of numbers 45, 78, and
  80 of the set are included in our collection.</note>

  <note>* See also general note *, p.</note>

  <inscrip>Marcus Aurelius Antoninus Augustus Romae in
  Capitolio</inscrip>

  <size>22 x 13 cm. (Engraving n.6)</size>

  <ref>Ashby, p.154, note 2</ref>

  <note>(A) Engraving executed by Cornelis Bos (A 135 and B 348);
  Bois (1600), unnumbered pl. between two plates numbered 15. (B)
  Cav I-II, pl.68 (C 804); Per, pl.11-12.</note>
</record>

<record>
  <num>C827</num>

  <subj>Roman Statuary</subj>

  <inscrip>Antiquarum statuarum urbis Romae, quae in publicis
  privatisque locis visuntur icones</inscrip>

  <engrv>[Orazio de Santis, Cherubino Alberti et al. after Giovanni
  Battista Cavalieri et al.]</engrv>

  <city>Rome</city>

  <pub>[Andrea and Michelangelo della Vaccaria] (though signed by
  Lorenzo della Vaccaria) or [Goert van Schaych]</pub>

  <date>[ca. 1614] (though dated 1584) or [1621]</date>

  <ref>Ashby, pp.123-29 and 154-55</ref>

  <ref>NaKL v.16, p.506, n.18 (attributes the whole set to Orazio
  de Santis and Cherubino Alberti)</ref>

  <ref>A-B p.317, n.3155</ref>

  <ref>Cf. also the references for engravings C 705 to C 752</ref>

  <note>Part of a set of 80 engravings which were numbered for the
  first time in the 1621 van Schaych edition. The engravings
  included in our collection apparently come from an undetermined
  number of different Vaccaria-van Schaych editions. Missing in
  this set is plate number 30, a statue of Minerva copied from Cav
  I-II, pl.38 (C 768); two different proofs of numbers 45, 78, and
  80 of the set are included in our collection.</note>

  <note>* See also general note *, p.</note>

  <inscrip>Urania musa in Capitolio</inscrip>

  <size>22.2 x 13.2 cm. (Engraving n.7)</size>
</record>

<record>
  <num>C828</num>

  <subj>Roman Statuary</subj>

  <inscrip>Antiquarum statuarum urbis Romae, quae in publicis
  privatisque locis visuntur icones</inscrip>

  <engrv>[Orazio de Santis, Cherubino Alberti et al. after Giovanni
  Battista Cavalieri et al.]</engrv>

  <city>Rome</city>

  <pub>[Andrea and Michelangelo della Vaccaria] (though signed by
  Lorenzo della Vaccaria) or [Goert van Schaych]</pub>

  <date>[ca. 1614] (though dated 1584) or [1621]</date>

  <ref>Ashby, pp.123-29 and 154-55</ref>

  <ref>NaKL v.16, p.506, n.18 (attributes the whole set to Orazio
  de Santis and Cherubino Alberti)</ref>

  <ref>A-B p.317, n.3155</ref>

  <ref>Cf. also the references for engravings C 705 to C 752</ref>

  <note>Part of a set of 80 engravings which were numbered for the
  first time in the 1621 van Schaych edition. The engravings
  included in our collection apparently come from an undetermined
  number of different Vaccaria-van Schaych editions. Missing in
  this set is plate number 30, a statue of Minerva copied from Cav
  I-II, pl.38 (C 768); two different proofs of numbers 45, 78, and
  80 of the set are included in our collection.</note>

  <note>* See also general note *, p.</note>

  <inscrip>Musa representans Comediam in Capitolio</inscrip>

  <size>22 x 13.2 cm. (Engraving n.8)</size>
</record>

<record>
  <num>C829</num>

  <subj>Roman Statuary</subj>

  <inscrip>Antiquarum statuarum urbis Romae, quae in publicis
  privatisque locis visuntur icones</inscrip>

  <engrv>[Orazio de Santis, Cherubino Alberti et al. after Giovanni
  Battista Cavalieri et al.]</engrv>

  <city>Rome</city>

  <pub>[Andrea and Michelangelo della Vaccaria] (though signed by
  Lorenzo della Vaccaria) or [Goert van Schaych]</pub>

  <date>[ca. 1614] (though dated 1584) or [1621]</date>

  <ref>Ashby, pp.123-29 and 154-55</ref>

  <ref>NaKL v.16, p.506, n.18 (attributes the whole set to Orazio
  de Santis and Cherubino Alberti)</ref>

  <ref>A-B p.317, n.3155</ref>

  <ref>Cf. also the references for engravings C 705 to C 752</ref>

  <note>Part of a set of 80 engravings which were numbered for the
  first time in the 1621 van Schaych edition. The engravings
  included in our collection apparently come from an undetermined
  number of different Vaccaria-van Schaych editions. Missing in
  this set is plate number 30, a statue of Minerva copied from Cav
  I-II, pl.38 (C 768); two different proofs of numbers 45, 78, and
  80 of the set are included in our collection.</note>

  <note>* See also general note *, p.</note>

  <inscrip>Julii Caesaris marmoreum simulacrum Romae in
  Capitolio</inscrip>

  <size>22.5 x 13 cm. (Engraving n.9)</size>

  <note>(A) Cav I-II, pl.72. (B) Per, pl.9.</note>
</record>

<record>
  <num>C830</num>

  <subj>Roman Statuary</subj>

  <inscrip>Antiquarum statuarum urbis Romae, quae in publicis
  privatisque locis visuntur icones</inscrip>

  <engrv>[Orazio de Santis, Cherubino Alberti et al. after Giovanni
  Battista Cavalieri et al.]</engrv>

  <city>Rome</city>

  <pub>[Andrea and Michelangelo della Vaccaria] (though signed by
  Lorenzo della Vaccaria) or [Goert van Schaych]</pub>

  <date>[ca. 1614] (though dated 1584) or [1621]</date>

  <ref>Ashby, pp.123-29 and 154-55</ref>

  <ref>NaKL v.16, p.506, n.18 (attributes the whole set to Orazio
  de Santis and Cherubino Alberti)</ref>

  <ref>A-B p.317, n.3155</ref>

  <ref>Cf. also the references for engravings C 705 to C 752</ref>

  <note>Part of a set of 80 engravings which were numbered for the
  first time in the 1621 van Schaych edition. The engravings
  included in our collection apparently come from an undetermined
  number of different Vaccaria-van Schaych editions. Missing in
  this set is plate number 30, a statue of Minerva copied from Cav
  I-II, pl.38 (C 768); two different proofs of numbers 45, 78, and
  80 of the set are included in our collection.</note>

  <note>* See also general note *, p.</note>

  <inscrip>Augusti marmoreum simulacrum Romae in
  Capitolio</inscrip>

  <size>22 x 13.2 cm. (Engraving n.10)</size>

  <note>(A) Cav I-II, pl.71 (C 806). (B) Per, pl.10.</note>
</record>

<record>
  <num>C831</num>

  <subj>Roman Statuary</subj>

  <inscrip>Antiquarum statuarum urbis Romae, quae in publicis
  privatisque locis visuntur icones</inscrip>

  <engrv>[Orazio de Santis, Cherubino Alberti et al. after Giovanni
  Battista Cavalieri et al.]</engrv>

  <city>Rome</city>

  <pub>[Andrea and Michelangelo della Vaccaria] (though signed by
  Lorenzo della Vaccaria) or [Goert van Schaych]</pub>

  <date>[ca. 1614] (though dated 1584) or [1621]</date>

  <ref>Ashby, pp.123-29 and 154-55</ref>

  <ref>NaKL v.16, p.506, n.18 (attributes the whole set to Orazio
  de Santis and Cherubino Alberti)</ref>

  <ref>A-B p.317, n.3155</ref>

  <ref>Cf. also the references for engravings C 705 to C 752</ref>

  <note>Part of a set of 80 engravings which were numbered for the
  first time in the 1621 van Schaych edition. The engravings
  included in our collection apparently come from an undetermined
  number of different Vaccaria-van Schaych editions. Missing in
  this set is plate number 30, a statue of Minerva copied from Cav
  I-II, pl.38 (C 768); two different proofs of numbers 45, 78, and
  80 of the set are included in our collection.</note>

  <note>* See also general note *, p.</note>

  <inscrip>Jovis in Capitolii fastigio statis marmores
  statua</inscrip>

  <size>21.5 x 13 cm. (Engraving n.[11])</size>

  <ref>Lowry, col.50a</ref>

  <note>Ashby, p.154, p1.n.11, affirms hat it was copied from Cav
  I-II, p1.76; comparison of these two plates, however, shows that
  they are only identical in subject.</note>
</record>

<record>
  <num>C832</num>

  <subj>Roman Statuary</subj>

  <inscrip>Antiquarum statuarum urbis Romae, quae in publicis
  privatisque locis visuntur icones</inscrip>

  <engrv>[Orazio de Santis, Cherubino Alberti et al. after Giovanni
  Battista Cavalieri et al.]</engrv>

  <city>Rome</city>

  <pub>[Andrea and Michelangelo della Vaccaria] (though signed by
  Lorenzo della Vaccaria) or [Goert van Schaych]</pub>

  <date>[ca. 1614] (though dated 1584) or [1621]</date>

  <ref>Ashby, pp.123-29 and 154-55</ref>

  <ref>NaKL v.16, p.506, n.18 (attributes the whole set to Orazio
  de Santis and Cherubino Alberti)</ref>

  <ref>A-B p.317, n.3155</ref>

  <ref>Cf. also the references for engravings C 705 to C 752</ref>

  <note>Part of a set of 80 engravings which were numbered for the
  first time in the 1621 van Schaych edition. The engravings
  included in our collection apparently come from an undetermined
  number of different Vaccaria-van Schaych editions. Missing in
  this set is plate number 30, a statue of Minerva copied from Cav
  I-II, pl.38 (C 768); two different proofs of numbers 45, 78, and
  80 of the set are included in our collection.</note>

  <note>* See also general note *, p.</note>

  <inscrip>Genii simulacrum in Capitolio</inscrip>

  <size>22.2 x 13.2 cm. (Engraving n.12; signed by Orazio
  Aquilano)</size>

  <ref>Ashby, p.154, note 3</ref>
</record>

<record>
  <num>C833</num>

  <subj>Roman Statuary</subj>

  <inscrip>Antiquarum statuarum urbis Romae, quae in publicis
  privatisque locis visuntur icones</inscrip>

  <engrv>[Orazio de Santis, Cherubino Alberti et al. after Giovanni
  Battista Cavalieri et al.]</engrv>

  <city>Rome</city>

  <pub>[Andrea and Michelangelo della Vaccaria] (though signed by
  Lorenzo della Vaccaria) or [Goert van Schaych]</pub>

  <date>[ca. 1614] (though dated 1584) or [1621]</date>

  <ref>Ashby, pp.123-29 and 154-55</ref>

  <ref>NaKL v.16, p.506, n.18 (attributes the whole set to Orazio
  de Santis and Cherubino Alberti)</ref>

  <ref>A-B p.317, n.3155</ref>

  <ref>Cf. also the references for engravings C 705 to C 752</ref>

  <note>Part of a set of 80 engravings which were numbered for the
  first time in the 1621 van Schaych edition. The engravings
  included in our collection apparently come from an undetermined
  number of different Vaccaria-van Schaych editions. Missing in
  this set is plate number 30, a statue of Minerva copied from Cav
  I-II, pl.38 (C 768); two different proofs of numbers 45, 78, and
  80 of the set are included in our collection.</note>

  <note>* See also general note *, p.</note>

  <inscrip>Simulacrum aeneum Romae in Capitolio</inscrip>

  <size>22.2 x 13.2 cm. (Engraving n.13)</size>

  <note>(A) Engraving executed by Cornelis Cort or Diana Ghisi (A
  114); Thom (1618), pl.[42]; Thom, pl.42 (C 913); Bois (1603),
  pl.[31]; Bois (1681), pl. facing p.34. (B) Cav I-II, pl.74 (C
  807); Per, pl.42.</note>
</record>

<record>
  <num>C834</num>

  <subj>Roman Statuary</subj>

  <inscrip>Antiquarum statuarum urbis Romae, quae in publicis
  privatisque locis visuntur icones</inscrip>

  <engrv>[Orazio de Santis, Cherubino Alberti et al. after Giovanni
  Battista Cavalieri et al.]</engrv>

  <city>Rome</city>

  <pub>[Andrea and Michelangelo della Vaccaria] (though signed by
  Lorenzo della Vaccaria) or [Goert van Schaych]</pub>

  <date>[ca. 1614] (though dated 1584) or [1621]</date>

  <ref>Ashby, pp.123-29 and 154-55</ref>

  <ref>NaKL v.16, p.506, n.18 (attributes the whole set to Orazio
  de Santis and Cherubino Alberti)</ref>

  <ref>A-B p.317, n.3155</ref>

  <ref>Cf. also the references for engravings C 705 to C 752</ref>

  <note>Part of a set of 80 engravings which were numbered for the
  first time in the 1621 van Schaych edition. The engravings
  included in our collection apparently come from an undetermined
  number of different Vaccaria-van Schaych editions. Missing in
  this set is plate number 30, a statue of Minerva copied from Cav
  I-II, pl.38 (C 768); two different proofs of numbers 45, 78, and
  80 of the set are included in our collection.</note>

  <note>* See also general note *, p.</note>

  <inscrip>Pueri piscanti effigies Romae in Capitolio</inscrip>

  <size>22.5 x 13.5 cm. (Engraving n.14)</size>

  <note>(A) Engraving published by A. Lafreri in 1567 (A 105). (B)
  Cav III-IV, pl.60 (reversed).</note>
</record>

<record>
  <num>C835</num>

  <subj>Roman Statuary</subj>

  <inscrip>Antiquarum statuarum urbis Romae, quae in publicis
  privatisque locis visuntur icones</inscrip>

  <engrv>[Orazio de Santis, Cherubino Alberti et al. after Giovanni
  Battista Cavalieri et al.]</engrv>

  <city>Rome</city>

  <pub>[Andrea and Michelangelo della Vaccaria] (though signed by
  Lorenzo della Vaccaria) or [Goert van Schaych]</pub>

  <date>[ca. 1614] (though dated 1584) or [1621]</date>

  <ref>Ashby, pp.123-29 and 154-55</ref>

  <ref>NaKL v.16, p.506, n.18 (attributes the whole set to Orazio
  de Santis and Cherubino Alberti)</ref>

  <ref>A-B p.317, n.3155</ref>

  <ref>Cf. also the references for engravings C 705 to C 752</ref>

  <note>Part of a set of 80 engravings which were numbered for the
  first time in the 1621 van Schaych edition. The engravings
  included in our collection apparently come from an undetermined
  number of different Vaccaria-van Schaych editions. Missing in
  this set is plate number 30, a statue of Minerva copied from Cav
  I-II, pl.38 (C 768); two different proofs of numbers 45, 78, and
  80 of the set are included in our collection.</note>

  <note>* See also general note *, p.</note>

  <inscrip>Lupae Romulum et Remum lactantis imago Romae in
  Capitolio</inscrip>

  <size>13.2 x 22.2 cm. (Engraving n.15)</size>

  <note>(A) Engraving published by A. Lafreri in 1552 (B
  347).</note>
</record>

<record>
  <num>C836</num>

  <subj>Roman Statuary</subj>

  <inscrip>Antiquarum statuarum urbis Romae, quae in publicis
  privatisque locis visuntur icones</inscrip>

  <engrv>[Orazio de Santis, Cherubino Alberti et al. after Giovanni
  Battista Cavalieri et al.]</engrv>

  <city>Rome</city>

  <pub>[Andrea and Michelangelo della Vaccaria] (though signed by
  Lorenzo della Vaccaria) or [Goert van Schaych]</pub>

  <date>[ca. 1614] (though dated 1584) or [1621]</date>

  <ref>Ashby, pp.123-29 and 154-55</ref>

  <ref>NaKL v.16, p.506, n.18 (attributes the whole set to Orazio
  de Santis and Cherubino Alberti)</ref>

  <ref>A-B p.317, n.3155</ref>

  <ref>Cf. also the references for engravings C 705 to C 752</ref>

  <note>Part of a set of 80 engravings which were numbered for the
  first time in the 1621 van Schaych edition. The engravings
  included in our collection apparently come from an undetermined
  number of different Vaccaria-van Schaych editions. Missing in
  this set is plate number 30, a statue of Minerva copied from Cav
  I-II, pl.38 (C 768); two different proofs of numbers 45, 78, and
  80 of the set are included in our collection.</note>

  <note>* See also general note *, p.</note>

  <inscrip>Herculis pueri simulacrum Romaae</inscrip>

  <size>22.2 x 13 cm. (Engraving n.16)</size>
</record>

<record>
  <num>C837</num>

  <subj>Roman Statuary</subj>

  <inscrip>Antiquarum statuarum urbis Romae, quae in publicis
  privatisque locis visuntur icones</inscrip>

  <engrv>[Orazio de Santis, Cherubino Alberti et al. after Giovanni
  Battista Cavalieri et al.]</engrv>

  <city>Rome</city>

  <pub>[Andrea and Michelangelo della Vaccaria] (though signed by
  Lorenzo della Vaccaria) or [Goert van Schaych]</pub>

  <date>[ca. 1614] (though dated 1584) or [1621]</date>

  <ref>Ashby, pp.123-29 and 154-55</ref>

  <ref>NaKL v.16, p.506, n.18 (attributes the whole set to Orazio
  de Santis and Cherubino Alberti)</ref>

  <ref>A-B p.317, n.3155</ref>

  <ref>Cf. also the references for engravings C 705 to C 752</ref>

  <note>Part of a set of 80 engravings which were numbered for the
  first time in the 1621 van Schaych edition. The engravings
  included in our collection apparently come from an undetermined
  number of different Vaccaria-van Schaych editions. Missing in
  this set is plate number 30, a statue of Minerva copied from Cav
  I-II, pl.38 (C 768); two different proofs of numbers 45, 78, and
  80 of the set are included in our collection.</note>

  <note>* See also general note *, p.</note>

  <inscrip>Bucephalus et Alexander Magnus opus Praxiteles Romae in
  Quirinali monte</inscrip>

  <size>22.2 x 13.5 cm. (Engraving n.17)</size>

  <note>(A) Cav I, pl.40 (C 744); Cav I-II, pl.90; Bois (1603),
  pl.17. (B) Per, pl.23-24; engraving published by Lafreri in 1546
  (A 89).</note>
</record>

<record>
  <num>C838</num>

  <subj>Roman Statuary</subj>

  <inscrip>Antiquarum statuarum urbis Romae, quae in publicis
  privatisque locis visuntur icones</inscrip>

  <engrv>[Orazio de Santis, Cherubino Alberti et al. after Giovanni
  Battista Cavalieri et al.]</engrv>

  <city>Rome</city>

  <pub>[Andrea and Michelangelo della Vaccaria] (though signed by
  Lorenzo della Vaccaria) or [Goert van Schaych]</pub>

  <date>[ca. 1614] (though dated 1584) or [1621]</date>

  <ref>Ashby, pp.123-29 and 154-55</ref>

  <ref>NaKL v.16, p.506, n.18 (attributes the whole set to Orazio
  de Santis and Cherubino Alberti)</ref>

  <ref>A-B p.317, n.3155</ref>

  <ref>Cf. also the references for engravings C 705 to C 752</ref>

  <note>Part of a set of 80 engravings which were numbered for the
  first time in the 1621 van Schaych edition. The engravings
  included in our collection apparently come from an undetermined
  number of different Vaccaria-van Schaych editions. Missing in
  this set is plate number 30, a statue of Minerva copied from Cav
  I-II, pl.38 (C 768); two different proofs of numbers 45, 78, and
  80 of the set are included in our collection.</note>

  <note>* See also general note *, p.</note>

  <inscrip>Bucephalus et Alexander Magnus opus Fydie Romae in
  Quirinali monte</inscrip>

  <size>22 x 13 cm. (Engraving n.18)</size>

  <note>(A) Cav I, pl.41 (C 745); Cav I-II, pl.89; Bois (1603),
  pl.17. (B) Per, pl.22,25; engraving published by Lafreri in 1546
  (A 89).</note>
</record>

<record>
  <num>C839</num>

  <subj>Roman Statuary</subj>

  <inscrip>Antiquarum statuarum urbis Romae, quae in publicis
  privatisque locis visuntur icones</inscrip>

  <engrv>[Orazio de Santis, Cherubino Alberti et al. after Giovanni
  Battista Cavalieri et al.]</engrv>

  <city>Rome</city>

  <pub>[Andrea and Michelangelo della Vaccaria] (though signed by
  Lorenzo della Vaccaria) or [Goert van Schaych]</pub>

  <date>[ca. 1614] (though dated 1584) or [1621]</date>

  <ref>Ashby, pp.123-29 and 154-55</ref>

  <ref>NaKL v.16, p.506, n.18 (attributes the whole set to Orazio
  de Santis and Cherubino Alberti)</ref>

  <ref>A-B p.317, n.3155</ref>

  <ref>Cf. also the references for engravings C 705 to C 752</ref>

  <note>Part of a set of 80 engravings which were numbered for the
  first time in the 1621 van Schaych edition. The engravings
  included in our collection apparently come from an undetermined
  number of different Vaccaria-van Schaych editions. Missing in
  this set is plate number 30, a statue of Minerva copied from Cav
  I-II, pl.38 (C 768); two different proofs of numbers 45, 78, and
  80 of the set are included in our collection.</note>

  <note>* See also general note *, p.</note>

  <inscrip>Equitis contra Amosonem pugnantis effigies in aedibus
  Farnesianis</inscrip>

  <size>22.2 x 13.5 cm. (Engraving n.19)</size>
</record>

<record>
  <num>C840</num>

  <subj>Roman Statuary</subj>

  <inscrip>Antiquarum statuarum urbis Romae, quae in publicis
  privatisque locis visuntur icones</inscrip>

  <engrv>[Orazio de Santis, Cherubino Alberti et al. after Giovanni
  Battista Cavalieri et al.]</engrv>

  <city>Rome</city>

  <pub>[Andrea and Michelangelo della Vaccaria] (though signed by
  Lorenzo della Vaccaria) or [Goert van Schaych]</pub>

  <date>[ca. 1614] (though dated 1584) or [1621]</date>

  <ref>Ashby, pp.123-29 and 154-55</ref>

  <ref>NaKL v.16, p.506, n.18 (attributes the whole set to Orazio
  de Santis and Cherubino Alberti)</ref>

  <ref>A-B p.317, n.3155</ref>

  <ref>Cf. also the references for engravings C 705 to C 752</ref>

  <note>Part of a set of 80 engravings which were numbered for the
  first time in the 1621 van Schaych edition. The engravings
  included in our collection apparently come from an undetermined
  number of different Vaccaria-van Schaych editions. Missing in
  this set is plate number 30, a statue of Minerva copied from Cav
  I-II, pl.38 (C 768); two different proofs of numbers 45, 78, and
  80 of the set are included in our collection.</note>

  <note>* See also general note *, p.</note>

  <inscrip>Amasonis pugnantis effigies in aedibus
  Farnesianis</inscrip>

  <size>22.2 x 13.2 cm. (Engraving n.20)</size>
</record>

<record>
  <num>C841</num>

  <subj>Roman Statuary</subj>

  <inscrip>Antiquarum statuarum urbis Romae, quae in publicis
  privatisque locis visuntur icones</inscrip>

  <engrv>[Orazio de Santis, Cherubino Alberti et al. after Giovanni
  Battista Cavalieri et al.]</engrv>

  <city>Rome</city>

  <pub>[Andrea and Michelangelo della Vaccaria] (though signed by
  Lorenzo della Vaccaria) or [Goert van Schaych]</pub>

  <date>[ca. 1614] (though dated 1584) or [1621]</date>

  <ref>Ashby, pp.123-29 and 154-55</ref>

  <ref>NaKL v.16, p.506, n.18 (attributes the whole set to Orazio
  de Santis and Cherubino Alberti)</ref>

  <ref>A-B p.317, n.3155</ref>

  <ref>Cf. also the references for engravings C 705 to C 752</ref>

  <note>Part of a set of 80 engravings which were numbered for the
  first time in the 1621 van Schaych edition. The engravings
  included in our collection apparently come from an undetermined
  number of different Vaccaria-van Schaych editions. Missing in
  this set is plate number 30, a statue of Minerva copied from Cav
  I-II, pl.38 (C 768); two different proofs of numbers 45, 78, and
  80 of the set are included in our collection.</note>

  <note>* See also general note *, p.</note>

  <inscrip>Dirces, a Zeto et Amphione vindictam matris, tauri
  cornib. alligatae, marmoreum stupendi operis simulachrum, in
  aedibus Farnesianis, Romae</inscrip>

  <size>22.2 x 13.2 cm. (Engraving n.21)</size>

  <note>(A) Engraving executed by Diana Ghisi (A 111; reversed?);
  Thom, pl.50; van Aelst (before 1619) (cf. Ashby, p.157, pl.32 and
  n.7); Cav III-IV, pl.3 (C 786; reversed); Per, pl.100.</note>
</record>

<record>
  <num>C842</num>

  <subj>Roman Statuary</subj>

  <inscrip>Antiquarum statuarum urbis Romae, quae in publicis
  privatisque locis visuntur icones</inscrip>

  <engrv>[Orazio de Santis, Cherubino Alberti et al. after Giovanni
  Battista Cavalieri et al.]</engrv>

  <city>Rome</city>

  <pub>[Andrea and Michelangelo della Vaccaria] (though signed by
  Lorenzo della Vaccaria) or [Goert van Schaych]</pub>

  <date>[ca. 1614] (though dated 1584) or [1621]</date>

  <ref>Ashby, pp.123-29 and 154-55</ref>

  <ref>NaKL v.16, p.506, n.18 (attributes the whole set to Orazio
  de Santis and Cherubino Alberti)</ref>

  <ref>A-B p.317, n.3155</ref>

  <ref>Cf. also the references for engravings C 705 to C 752</ref>

  <note>Part of a set of 80 engravings which were numbered for the
  first time in the 1621 van Schaych edition. The engravings
  included in our collection apparently come from an undetermined
  number of different Vaccaria-van Schaych editions. Missing in
  this set is plate number 30, a statue of Minerva copied from Cav
  I-II, pl.38 (C 768); two different proofs of numbers 45, 78, and
  80 of the set are included in our collection.</note>

  <note>* See also general note *, p.</note>

  <inscrip>Mercurii mulierem amplexantis statua in aedibus
  Farnesianis</inscrip>

  <size>22.2 x 13.2 cm. (Engraving n.22)</size>

  <note>(B) Cav III-IV, pl.30.</note>
</record>

<record>
  <num>C843</num>

  <subj>Roman Statuary</subj>

  <inscrip>Antiquarum statuarum urbis Romae, quae in publicis
  privatisque locis visuntur icones</inscrip>

  <engrv>[Orazio de Santis, Cherubino Alberti et al. after Giovanni
  Battista Cavalieri et al.]</engrv>

  <city>Rome</city>

  <pub>[Andrea and Michelangelo della Vaccaria] (though signed by
  Lorenzo della Vaccaria) or [Goert van Schaych]</pub>

  <date>[ca. 1614] (though dated 1584) or [1621]</date>

  <ref>Ashby, pp.123-29 and 154-55</ref>

  <ref>NaKL v.16, p.506, n.18 (attributes the whole set to Orazio
  de Santis and Cherubino Alberti)</ref>

  <ref>A-B p.317, n.3155</ref>

  <ref>Cf. also the references for engravings C 705 to C 752</ref>

  <note>Part of a set of 80 engravings which were numbered for the
  first time in the 1621 van Schaych edition. The engravings
  included in our collection apparently come from an undetermined
  number of different Vaccaria-van Schaych editions. Missing in
  this set is plate number 30, a statue of Minerva copied from Cav
  I-II, pl.38 (C 768); two different proofs of numbers 45, 78, and
  80 of the set are included in our collection.</note>

  <note>* See also general note *, p.</note>

  <inscrip>Parthorum rex captivus Romae in aedibus
  Farnesianis</inscrip>

  <size>22 x 12.7 cm. (Engraving n.23)</size>

  <note>(A) Cav I-II, pl.30. (B) Cav I, pl.14 (C 718).</note>
</record>

<record>
  <num>C844</num>

  <subj>Roman Statuary</subj>

  <inscrip>Antiquarum statuarum urbis Romae, quae in publicis
  privatisque locis visuntur icones</inscrip>

  <engrv>[Orazio de Santis, Cherubino Alberti et al. after Giovanni
  Battista Cavalieri et al.]</engrv>

  <city>Rome</city>

  <pub>[Andrea and Michelangelo della Vaccaria] (though signed by
  Lorenzo della Vaccaria) or [Goert van Schaych]</pub>

  <date>[ca. 1614] (though dated 1584) or [1621]</date>

  <ref>Ashby, pp.123-29 and 154-55</ref>

  <ref>NaKL v.16, p.506, n.18 (attributes the whole set to Orazio
  de Santis and Cherubino Alberti)</ref>

  <ref>A-B p.317, n.3155</ref>

  <ref>Cf. also the references for engravings C 705 to C 752</ref>

  <note>Part of a set of 80 engravings which were numbered for the
  first time in the 1621 van Schaych edition. The engravings
  included in our collection apparently come from an undetermined
  number of different Vaccaria-van Schaych editions. Missing in
  this set is plate number 30, a statue of Minerva copied from Cav
  I-II, pl.38 (C 768); two different proofs of numbers 45, 78, and
  80 of the set are included in our collection.</note>

  <note>* See also general note *, p.</note>

  <inscrip>Armenia rex captivis Romae in aedibus
  Farnesianis</inscrip>

  <size>22.5 x 13 cm. (Engraving n.24)</size>

  <note>(A) Cav I-II, pl.31. (B) Cav I, pl.15 (C 719); Bis,
  pl.75.</note>
</record>

<record>
  <num>C845</num>

  <subj>Roman Statuary</subj>

  <inscrip>Antiquarum statuarum urbis Romae, quae in publicis
  privatisque locis visuntur icones</inscrip>

  <engrv>[Orazio de Santis, Cherubino Alberti et al. after Giovanni
  Battista Cavalieri et al.]</engrv>

  <city>Rome</city>

  <pub>[Andrea and Michelangelo della Vaccaria] (though signed by
  Lorenzo della Vaccaria) or [Goert van Schaych]</pub>

  <date>[ca. 1614] (though dated 1584) or [1621]</date>

  <ref>Ashby, pp.123-29 and 154-55</ref>

  <ref>NaKL v.16, p.506, n.18 (attributes the whole set to Orazio
  de Santis and Cherubino Alberti)</ref>

  <ref>A-B p.317, n.3155</ref>

  <ref>Cf. also the references for engravings C 705 to C 752</ref>

  <note>Part of a set of 80 engravings which were numbered for the
  first time in the 1621 van Schaych edition. The engravings
  included in our collection apparently come from an undetermined
  number of different Vaccaria-van Schaych editions. Missing in
  this set is plate number 30, a statue of Minerva copied from Cav
  I-II, pl.38 (C 768); two different proofs of numbers 45, 78, and
  80 of the set are included in our collection.</note>

  <note>* See also general note *, p.</note>

  <inscrip>Hermaphroditus ex indice lapide Romae in aedibus
  Farnesianis</inscrip>

  <size>22 x 13 cm. (Engraving n.[25])</size>

  <note>(A) Engraving published by Lafreri in 1552 (A 95;
  reversed); Cav I-II, pl.37 (C 802).</note>
</record>

<record>
  <num>C846</num>

  <subj>Roman Statuary</subj>

  <inscrip>Antiquarum statuarum urbis Romae, quae in publicis
  privatisque locis visuntur icones</inscrip>

  <engrv>[Orazio de Santis, Cherubino Alberti et al. after Giovanni
  Battista Cavalieri et al.]</engrv>

  <city>Rome</city>

  <pub>[Andrea and Michelangelo della Vaccaria] (though signed by
  Lorenzo della Vaccaria) or [Goert van Schaych]</pub>

  <date>[ca. 1614] (though dated 1584) or [1621]</date>

  <ref>Ashby, pp.123-29 and 154-55</ref>

  <ref>NaKL v.16, p.506, n.18 (attributes the whole set to Orazio
  de Santis and Cherubino Alberti)</ref>

  <ref>A-B p.317, n.3155</ref>

  <ref>Cf. also the references for engravings C 705 to C 752</ref>

  <note>Part of a set of 80 engravings which were numbered for the
  first time in the 1621 van Schaych edition. The engravings
  included in our collection apparently come from an undetermined
  number of different Vaccaria-van Schaych editions. Missing in
  this set is plate number 30, a statue of Minerva copied from Cav
  I-II, pl.38 (C 768); two different proofs of numbers 45, 78, and
  80 of the set are included in our collection.</note>

  <note>* See also general note *, p.</note>

  <inscrip>Apollo opus Timantidis in aedibus Farnesianis</inscrip>

  <size>22.2 x 13.5 cm. (Engraving n.26)</size>

  <note>(A) Cav III-IV, pl.34.</note>
</record>

<record>
  <num>C847</num>

  <subj>Roman Statuary</subj>

  <inscrip>Antiquarum statuarum urbis Romae, quae in publicis
  privatisque locis visuntur icones</inscrip>

  <engrv>[Orazio de Santis, Cherubino Alberti et al. after Giovanni
  Battista Cavalieri et al.]</engrv>

  <city>Rome</city>

  <pub>[Andrea and Michelangelo della Vaccaria] (though signed by
  Lorenzo della Vaccaria) or [Goert van Schaych]</pub>

  <date>[ca. 1614] (though dated 1584) or [1621]</date>

  <ref>Ashby, pp.123-29 and 154-55</ref>

  <ref>NaKL v.16, p.506, n.18 (attributes the whole set to Orazio
  de Santis and Cherubino Alberti)</ref>

  <ref>A-B p.317, n.3155</ref>

  <ref>Cf. also the references for engravings C 705 to C 752</ref>

  <note>Part of a set of 80 engravings which were numbered for the
  first time in the 1621 van Schaych edition. The engravings
  included in our collection apparently come from an undetermined
  number of different Vaccaria-van Schaych editions. Missing in
  this set is plate number 30, a statue of Minerva copied from Cav
  I-II, pl.38 (C 768); two different proofs of numbers 45, 78, and
  80 of the set are included in our collection.</note>

  <note>* See also general note *, p.</note>

  <inscrip>Flora in aedibus Card. Farnesii</inscrip>

  <size>22.2 x 13.5 cm. (Engraving n.27)</size>

  <ref>Ashby, p.154, notes 4-5</ref>

  <note>(B) Cav I, pl.12 (C 716). Ashby, p.154, pl.27, col.IV,
  states that this plate was copied from the one by
  Cavalieri.</note>
</record>

<record>
  <num>C848</num>

  <subj>Roman Statuary</subj>

  <inscrip>Antiquarum statuarum urbis Romae, quae in publicis
  privatisque locis visuntur icones</inscrip>

  <engrv>[Orazio de Santis, Cherubino Alberti et al. after Giovanni
  Battista Cavalieri et al.]</engrv>

  <city>Rome</city>

  <pub>[Andrea and Michelangelo della Vaccaria] (though signed by
  Lorenzo della Vaccaria) or [Goert van Schaych]</pub>

  <date>[ca. 1614] (though dated 1584) or [1621]</date>

  <ref>Ashby, pp.123-29 and 154-55</ref>

  <ref>NaKL v.16, p.506, n.18 (attributes the whole set to Orazio
  de Santis and Cherubino Alberti)</ref>

  <ref>A-B p.317, n.3155</ref>

  <ref>Cf. also the references for engravings C 705 to C 752</ref>

  <note>Part of a set of 80 engravings which were numbered for the
  first time in the 1621 van Schaych edition. The engravings
  included in our collection apparently come from an undetermined
  number of different Vaccaria-van Schaych editions. Missing in
  this set is plate number 30, a statue of Minerva copied from Cav
  I-II, pl.38 (C 768); two different proofs of numbers 45, 78, and
  80 of the set are included in our collection.</note>

  <note>* See also general note *, p.</note>

  <inscrip>Venus in aedibus Card. Farnesii</inscrip>

  <size>22 x 13 cm. (Engraving n.28)</size>

  <ref>Ashby, p.154, note 4</ref>

  <note>(B) Cav III-IV, pl.68 (C 793; reversed).</note>
</record>

<record>
  <num>C849</num>

  <subj>Roman Statuary</subj>

  <inscrip>Antiquarum statuarum urbis Romae, quae in publicis
  privatisque locis visuntur icones</inscrip>

  <engrv>[Orazio de Santis, Cherubino Alberti et al. after Giovanni
  Battista Cavalieri et al.]</engrv>

  <city>Rome</city>

  <pub>[Andrea and Michelangelo della Vaccaria] (though signed by
  Lorenzo della Vaccaria) or [Goert van Schaych]</pub>

  <date>[ca. 1614] (though dated 1584) or [1621]</date>

  <ref>Ashby, pp.123-29 and 154-55</ref>

  <ref>NaKL v.16, p.506, n.18 (attributes the whole set to Orazio
  de Santis and Cherubino Alberti)</ref>

  <ref>A-B p.317, n.3155</ref>

  <ref>Cf. also the references for engravings C 705 to C 752</ref>

  <note>Part of a set of 80 engravings which were numbered for the
  first time in the 1621 van Schaych edition. The engravings
  included in our collection apparently come from an undetermined
  number of different Vaccaria-van Schaych editions. Missing in
  this set is plate number 30, a statue of Minerva copied from Cav
  I-II, pl.38 (C 768); two different proofs of numbers 45, 78, and
  80 of the set are included in our collection.</note>

  <note>* See also general note *, p.</note>

  <inscrip>Herculis simulacrum in aedibus Farnesianis</inscrip>

  <size>22.2 x 13 cm. (Engraving n.29; signed by Hor.
  Aquilanus)</size>

  <ref>Ashby, p.154, note 6</ref>

  <note>(B) Cav I, pl.9 (C 713); Cav I-II, pl.27; Thom, pl.50; Per,
  pl.2-4; Bis, pl.8-11.</note>
</record>

<record>
  <num>C850</num>

  <subj>Roman Statuary</subj>

  <inscrip>Antiquarum statuarum urbis Romae, quae in publicis
  privatisque locis visuntur icones</inscrip>

  <engrv>[Orazio de Santis, Cherubino Alberti et al. after Giovanni
  Battista Cavalieri et al.]</engrv>

  <city>Rome</city>

  <pub>[Andrea and Michelangelo della Vaccaria] (though signed by
  Lorenzo della Vaccaria) or [Goert van Schaych]</pub>

  <date>[ca. 1614] (though dated 1584) or [1621]</date>

  <ref>Ashby, pp.123-29 and 154-55</ref>

  <ref>NaKL v.16, p.506, n.18 (attributes the whole set to Orazio
  de Santis and Cherubino Alberti)</ref>

  <ref>A-B p.317, n.3155</ref>

  <ref>Cf. also the references for engravings C 705 to C 752</ref>

  <note>Part of a set of 80 engravings which were numbered for the
  first time in the 1621 van Schaych edition. The engravings
  included in our collection apparently come from an undetermined
  number of different Vaccaria-van Schaych editions. Missing in
  this set is plate number 30, a statue of Minerva copied from Cav
  I-II, pl.38 (C 768); two different proofs of numbers 45, 78, and
  80 of the set are included in our collection.</note>

  <note>* See also general note *, p.</note>

  <inscrip>Gladiatoris imago in aedibus Farnesianis Romae</inscrip>

  <size>22 x 13 cm. (Engraving n.[31])</size>

  <note>(B) Cav I, pl.10 (C 714); Cav I-II, pl.28.</note>
</record>

<record>
  <num>C851</num>

  <subj>Roman Statuary</subj>

  <inscrip>Antiquarum statuarum urbis Romae, quae in publicis
  privatisque locis visuntur icones</inscrip>

  <engrv>[Orazio de Santis, Cherubino Alberti et al. after Giovanni
  Battista Cavalieri et al.]</engrv>

  <city>Rome</city>

  <pub>[Andrea and Michelangelo della Vaccaria] (though signed by
  Lorenzo della Vaccaria) or [Goert van Schaych]</pub>

  <date>[ca. 1614] (though dated 1584) or [1621]</date>

  <ref>Ashby, pp.123-29 and 154-55</ref>

  <ref>NaKL v.16, p.506, n.18 (attributes the whole set to Orazio
  de Santis and Cherubino Alberti)</ref>

  <ref>A-B p.317, n.3155</ref>

  <ref>Cf. also the references for engravings C 705 to C 752</ref>

  <note>Part of a set of 80 engravings which were numbered for the
  first time in the 1621 van Schaych edition. The engravings
  included in our collection apparently come from an undetermined
  number of different Vaccaria-van Schaych editions. Missing in
  this set is plate number 30, a statue of Minerva copied from Cav
  I-II, pl.38 (C 768); two different proofs of numbers 45, 78, and
  80 of the set are included in our collection.</note>

  <note>* See also general note *, p.</note>

  <inscrip>Commodo Imperatoris effigies in habitu gladiatoris in
  aedibus Farnesianis Romae</inscrip>

  <size>22.5 x 13.2 cm. (Engraving n.32)</size>

  <note>(A) Engraving executed by Cornelis Cort (A 106); Thom
  (1618), pl.[25] (C 910); Thom, pl.25; Bois (1603), pl.[32]; Bois
  (1681), pl. facing p.24. (B) Cav I, pl.8 (C 712); Cav I-II,
  pl.29; Per, pl.13 (back view).</note>
</record>

<record>
  <num>C852</num>

  <subj>Roman Statuary</subj>

  <inscrip>Antiquarum statuarum urbis Romae, quae in publicis
  privatisque locis visuntur icones</inscrip>

  <engrv>[Orazio de Santis, Cherubino Alberti et al. after Giovanni
  Battista Cavalieri et al.]</engrv>

  <city>Rome</city>

  <pub>[Andrea and Michelangelo della Vaccaria] (though signed by
  Lorenzo della Vaccaria) or [Goert van Schaych]</pub>

  <date>[ca. 1614] (though dated 1584) or [1621]</date>

  <ref>Ashby, pp.123-29 and 154-55</ref>

  <ref>NaKL v.16, p.506, n.18 (attributes the whole set to Orazio
  de Santis and Cherubino Alberti)</ref>

  <ref>A-B p.317, n.3155</ref>

  <ref>Cf. also the references for engravings C 705 to C 752</ref>

  <note>Part of a set of 80 engravings which were numbered for the
  first time in the 1621 van Schaych edition. The engravings
  included in our collection apparently come from an undetermined
  number of different Vaccaria-van Schaych editions. Missing in
  this set is plate number 30, a statue of Minerva copied from Cav
  I-II, pl.38 (C 768); two different proofs of numbers 45, 78, and
  80 of the set are included in our collection.</note>

  <note>* See also general note *, p.</note>

  <inscrip>Flora Deae signum Romae in aedibus Farnesianis</inscrip>

  <size>22.2 x 13 cm. (Engraving n.33)</size>

  <ref>Ashby, p.154, note 7</ref>

  <note>(A) Cav I-II, pl.33.</note>
</record>

<record>
  <num>C853</num>

  <subj>Roman Statuary</subj>

  <inscrip>Antiquarum statuarum urbis Romae, quae in publicis
  privatisque locis visuntur icones</inscrip>

  <engrv>[Orazio de Santis, Cherubino Alberti et al. after Giovanni
  Battista Cavalieri et al.]</engrv>

  <city>Rome</city>

  <pub>[Andrea and Michelangelo della Vaccaria] (though signed by
  Lorenzo della Vaccaria) or [Goert van Schaych]</pub>

  <date>[ca. 1614] (though dated 1584) or [1621]</date>

  <ref>Ashby, pp.123-29 and 154-55</ref>

  <ref>NaKL v.16, p.506, n.18 (attributes the whole set to Orazio
  de Santis and Cherubino Alberti)</ref>

  <ref>A-B p.317, n.3155</ref>

  <ref>Cf. also the references for engravings C 705 to C 752</ref>

  <note>Part of a set of 80 engravings which were numbered for the
  first time in the 1621 van Schaych edition. The engravings
  included in our collection apparently come from an undetermined
  number of different Vaccaria-van Schaych editions. Missing in
  this set is plate number 30, a statue of Minerva copied from Cav
  I-II, pl.38 (C 768); two different proofs of numbers 45, 78, and
  80 of the set are included in our collection.</note>

  <note>* See also general note *, p.</note>

  <inscrip>Diana in aedibus Farnesianis</inscrip>

  <size>22.5 x 13 cm. (Engraving n.34)</size>

  <note>(A) Cav III-IV, pl.21.</note>
</record>

<record>
  <num>C854</num>

  <subj>Roman Statuary</subj>

  <inscrip>Antiquarum statuarum urbis Romae, quae in publicis
  privatisque locis visuntur icones</inscrip>

  <engrv>[Orazio de Santis, Cherubino Alberti et al. after Giovanni
  Battista Cavalieri et al.]</engrv>

  <city>Rome</city>

  <pub>[Andrea and Michelangelo della Vaccaria] (though signed by
  Lorenzo della Vaccaria) or [Goert van Schaych]</pub>

  <date>[ca. 1614] (though dated 1584) or [1621]</date>

  <ref>Ashby, pp.123-29 and 154-55</ref>

  <ref>NaKL v.16, p.506, n.18 (attributes the whole set to Orazio
  de Santis and Cherubino Alberti)</ref>

  <ref>A-B p.317, n.3155</ref>

  <ref>Cf. also the references for engravings C 705 to C 752</ref>

  <note>Part of a set of 80 engravings which were numbered for the
  first time in the 1621 van Schaych edition. The engravings
  included in our collection apparently come from an undetermined
  number of different Vaccaria-van Schaych editions. Missing in
  this set is plate number 30, a statue of Minerva copied from Cav
  I-II, pl.38 (C 768); two different proofs of numbers 45, 78, and
  80 of the set are included in our collection.</note>

  <note>* See also general note *, p.</note>

  <subj>[Equestrian statue]</subj>

  <inscrip>In aedibus Card. Farnesii</inscrip>

  <size>22.2 x 13 cm. (Engraving n.35)</size>

  <ref>Ashby, p.154, note 8</ref>
</record>

<record>
  <num>C855</num>

  <subj>Roman Statuary</subj>

  <inscrip>Antiquarum statuarum urbis Romae, quae in publicis
  privatisque locis visuntur icones</inscrip>

  <engrv>[Orazio de Santis, Cherubino Alberti et al. after Giovanni
  Battista Cavalieri et al.]</engrv>

  <city>Rome</city>

  <pub>[Andrea and Michelangelo della Vaccaria] (though signed by
  Lorenzo della Vaccaria) or [Goert van Schaych]</pub>

  <date>[ca. 1614] (though dated 1584) or [1621]</date>

  <ref>Ashby, pp.123-29 and 154-55</ref>

  <ref>NaKL v.16, p.506, n.18 (attributes the whole set to Orazio
  de Santis and Cherubino Alberti)</ref>

  <ref>A-B p.317, n.3155</ref>

  <ref>Cf. also the references for engravings C 705 to C 752</ref>

  <note>Part of a set of 80 engravings which were numbered for the
  first time in the 1621 van Schaych edition. The engravings
  included in our collection apparently come from an undetermined
  number of different Vaccaria-van Schaych editions. Missing in
  this set is plate number 30, a statue of Minerva copied from Cav
  I-II, pl.38 (C 768); two different proofs of numbers 45, 78, and
  80 of the set are included in our collection.</note>

  <note>* See also general note *, p.</note>

  <inscrip>Romae Colosus celebris cur Dacia capta sub est Romae in
  hortis Caesiis.</inscrip>

  <size>2.2 x 13.2 cm. (Engraving n.36)</size>

  <note>(A) Cav I-II, pl.19. (B) Cav I, pl.1 (C 705).</note>
</record>

<record>
  <num>C856</num>

  <subj>Roman Statuary</subj>

  <inscrip>Antiquarum statuarum urbis Romae, quae in publicis
  privatisque locis visuntur icones</inscrip>

  <engrv>[Orazio de Santis, Cherubino Alberti et al. after Giovanni
  Battista Cavalieri et al.]</engrv>

  <city>Rome</city>

  <pub>[Andrea and Michelangelo della Vaccaria] (though signed by
  Lorenzo della Vaccaria) or [Goert van Schaych]</pub>

  <date>[ca. 1614] (though dated 1584) or [1621]</date>

  <ref>Ashby, pp.123-29 and 154-55</ref>

  <ref>NaKL v.16, p.506, n.18 (attributes the whole set to Orazio
  de Santis and Cherubino Alberti)</ref>

  <ref>A-B p.317, n.3155</ref>

  <ref>Cf. also the references for engravings C 705 to C 752</ref>

  <note>Part of a set of 80 engravings which were numbered for the
  first time in the 1621 van Schaych edition. The engravings
  included in our collection apparently come from an undetermined
  number of different Vaccaria-van Schaych editions. Missing in
  this set is plate number 30, a statue of Minerva copied from Cav
  I-II, pl.38 (C 768); two different proofs of numbers 45, 78, and
  80 of the set are included in our collection.</note>

  <note>* See also general note *, p.</note>

  <inscrip>Satiri signum puerum docentis Romae in aedibus
  Cesiis</inscrip>

  <size>22.2 x 13.5 cm. (Engraving n.[37])</size>

  <note>(A) Cav I-II, pl.22.</note>
</record>

<record>
  <num>C857</num>

  <subj>Roman Statuary</subj>

  <inscrip>Antiquarum statuarum urbis Romae, quae in publicis
  privatisque locis visuntur icones</inscrip>

  <engrv>[Orazio de Santis, Cherubino Alberti et al. after Giovanni
  Battista Cavalieri et al.]</engrv>

  <city>Rome</city>

  <pub>[Andrea and Michelangelo della Vaccaria] (though signed by
  Lorenzo della Vaccaria) or [Goert van Schaych]</pub>

  <date>[ca. 1614] (though dated 1584) or [1621]</date>

  <ref>Ashby, pp.123-29 and 154-55</ref>

  <ref>NaKL v.16, p.506, n.18 (attributes the whole set to Orazio
  de Santis and Cherubino Alberti)</ref>

  <ref>A-B p.317, n.3155</ref>

  <ref>Cf. also the references for engravings C 705 to C 752</ref>

  <note>Part of a set of 80 engravings which were numbered for the
  first time in the 1621 van Schaych edition. The engravings
  included in our collection apparently come from an undetermined
  number of different Vaccaria-van Schaych editions. Missing in
  this set is plate number 30, a statue of Minerva copied from Cav
  I-II, pl.38 (C 768); two different proofs of numbers 45, 78, and
  80 of the set are included in our collection.</note>

  <note>* See also general note *, p.</note>

  <inscrip>Satiri signum puerum docantis Romae in aedibus
  Farnesii</inscrip>

  <size>22.5 x 13.4 cm. (Engraving n.[38])</size>

  <note>(B) Cav III-IV, pl.81 (reversed).</note>
</record>

<record>
  <num>C858</num>

  <subj>Roman Statuary</subj>

  <inscrip>Antiquarum statuarum urbis Romae, quae in publicis
  privatisque locis visuntur icones</inscrip>

  <engrv>[Orazio de Santis, Cherubino Alberti et al. after Giovanni
  Battista Cavalieri et al.]</engrv>

  <city>Rome</city>

  <pub>[Andrea and Michelangelo della Vaccaria] (though signed by
  Lorenzo della Vaccaria) or [Goert van Schaych]</pub>

  <date>[ca. 1614] (though dated 1584) or [1621]</date>

  <ref>Ashby, pp.123-29 and 154-55</ref>

  <ref>NaKL v.16, p.506, n.18 (attributes the whole set to Orazio
  de Santis and Cherubino Alberti)</ref>

  <ref>A-B p.317, n.3155</ref>

  <ref>Cf. also the references for engravings C 705 to C 752</ref>

  <note>Part of a set of 80 engravings which were numbered for the
  first time in the 1621 van Schaych edition. The engravings
  included in our collection apparently come from an undetermined
  number of different Vaccaria-van Schaych editions. Missing in
  this set is plate number 30, a statue of Minerva copied from Cav
  I-II, pl.38 (C 768); two different proofs of numbers 45, 78, and
  80 of the set are included in our collection.</note>

  <note>* See also general note *, p.</note>

  <inscrip>Parthorum rex captivis e nigro lapide Romae in aedibus
  Caesiis</inscrip>

  <size>22.2 x 13.5 cm. (Engraving n.[39])</size>

  <note>(A) Cav I-II, pl.21. (B) Cav I, pl.3 (C 707).</note>
</record>

<record>
  <num>C859</num>

  <subj>Roman Statuary</subj>

  <inscrip>Antiquarum statuarum urbis Romae, quae in publicis
  privatisque locis visuntur icones</inscrip>

  <engrv>[Orazio de Santis, Cherubino Alberti et al. after Giovanni
  Battista Cavalieri et al.]</engrv>

  <city>Rome</city>

  <pub>[Andrea and Michelangelo della Vaccaria] (though signed by
  Lorenzo della Vaccaria) or [Goert van Schaych]</pub>

  <date>[ca. 1614] (though dated 1584) or [1621]</date>

  <ref>Ashby, pp.123-29 and 154-55</ref>

  <ref>NaKL v.16, p.506, n.18 (attributes the whole set to Orazio
  de Santis and Cherubino Alberti)</ref>

  <ref>A-B p.317, n.3155</ref>

  <ref>Cf. also the references for engravings C 705 to C 752</ref>

  <note>Part of a set of 80 engravings which were numbered for the
  first time in the 1621 van Schaych edition. The engravings
  included in our collection apparently come from an undetermined
  number of different Vaccaria-van Schaych editions. Missing in
  this set is plate number 30, a statue of Minerva copied from Cav
  I-II, pl.38 (C 768); two different proofs of numbers 45, 78, and
  80 of the set are included in our collection.</note>

  <note>* See also general note *, p.</note>

  <inscrip>Parthorum rex captivis e nigro lapide Romae in aedibus
  Caesiis</inscrip>

  <size>22 x 13.5 cm. (Engraving n.[40])</size>

  <note>(A) Cav I-II, pl.20 (C 763). (B) Cav I, pl.2 (C
  706).</note>
</record>

<record>
  <num>C860</num>

  <subj>Roman Statuary</subj>

  <inscrip>Antiquarum statuarum urbis Romae, quae in publicis
  privatisque locis visuntur icones</inscrip>

  <engrv>[Orazio de Santis, Cherubino Alberti et al. after Giovanni
  Battista Cavalieri et al.]</engrv>

  <city>Rome</city>

  <pub>[Andrea and Michelangelo della Vaccaria] (though signed by
  Lorenzo della Vaccaria) or [Goert van Schaych]</pub>

  <date>[ca. 1614] (though dated 1584) or [1621]</date>

  <ref>Ashby, pp.123-29 and 154-55</ref>

  <ref>NaKL v.16, p.506, n.18 (attributes the whole set to Orazio
  de Santis and Cherubino Alberti)</ref>

  <ref>A-B p.317, n.3155</ref>

  <ref>Cf. also the references for engravings C 705 to C 752</ref>

  <note>Part of a set of 80 engravings which were numbered for the
  first time in the 1621 van Schaych edition. The engravings
  included in our collection apparently come from an undetermined
  number of different Vaccaria-van Schaych editions. Missing in
  this set is plate number 30, a statue of Minerva copied from Cav
  I-II, pl.38 (C 768); two different proofs of numbers 45, 78, and
  80 of the set are included in our collection.</note>

  <note>* See also general note *, p.</note>

  <inscrip>Apollinis imago in viridario Cardinalis de
  Medicis</inscrip>

  <size>22.2 x 13.2 cm. (Engraving n.41; signed by Cerubinus
  Albertus and dated 1577)</size>

  <ref>Ashby, p.155, note 1</ref>

  <note>(A) Thom (1618), pl.[23] (C 909); Thom, pl.23
  (reversed).</note>
</record>

<record>
  <num>C861</num>

  <subj>Roman Statuary</subj>

  <inscrip>Antiquarum statuarum urbis Romae, quae in publicis
  privatisque locis visuntur icones</inscrip>

  <engrv>[Orazio de Santis, Cherubino Alberti et al. after Giovanni
  Battista Cavalieri et al.]</engrv>

  <city>Rome</city>

  <pub>[Andrea and Michelangelo della Vaccaria] (though signed by
  Lorenzo della Vaccaria) or [Goert van Schaych]</pub>

  <date>[ca. 1614] (though dated 1584) or [1621]</date>

  <ref>Ashby, pp.123-29 and 154-55</ref>

  <ref>NaKL v.16, p.506, n.18 (attributes the whole set to Orazio
  de Santis and Cherubino Alberti)</ref>

  <ref>A-B p.317, n.3155</ref>

  <ref>Cf. also the references for engravings C 705 to C 752</ref>

  <note>Part of a set of 80 engravings which were numbered for the
  first time in the 1621 van Schaych edition. The engravings
  included in our collection apparently come from an undetermined
  number of different Vaccaria-van Schaych editions. Missing in
  this set is plate number 30, a statue of Minerva copied from Cav
  I-II, pl.38 (C 768); two different proofs of numbers 45, 78, and
  80 of the set are included in our collection.</note>

  <note>* See also general note *, p.</note>

  <inscrip>Apollinis imago in viridario Cardinalis de
  Medicis</inscrip>

  <size>22.2 x 13 cm. (Engraving n.42)</size>
</record>

<record>
  <num>C862</num>

  <subj>Roman Statuary</subj>

  <inscrip>Antiquarum statuarum urbis Romae, quae in publicis
  privatisque locis visuntur icones</inscrip>

  <engrv>[Orazio de Santis, Cherubino Alberti et al. after Giovanni
  Battista Cavalieri et al.]</engrv>

  <city>Rome</city>

  <pub>[Andrea and Michelangelo della Vaccaria] (though signed by
  Lorenzo della Vaccaria) or [Goert van Schaych]</pub>

  <date>[ca. 1614] (though dated 1584) or [1621]</date>

  <ref>Ashby, pp.123-29 and 154-55</ref>

  <ref>NaKL v.16, p.506, n.18 (attributes the whole set to Orazio
  de Santis and Cherubino Alberti)</ref>

  <ref>A-B p.317, n.3155</ref>

  <ref>Cf. also the references for engravings C 705 to C 752</ref>

  <note>Part of a set of 80 engravings which were numbered for the
  first time in the 1621 van Schaych edition. The engravings
  included in our collection apparently come from an undetermined
  number of different Vaccaria-van Schaych editions. Missing in
  this set is plate number 30, a statue of Minerva copied from Cav
  I-II, pl.38 (C 768); two different proofs of numbers 45, 78, and
  80 of the set are included in our collection.</note>

  <note>* See also general note *, p.</note>

  <inscrip>Filius Niobes in Palatio Magni Ducis Etruriae</inscrip>

  <size>22.1 x 13.1 cm. (Engraving n.43)</size>

  <note>(A) Cav III-IV, pl.14. (B) Per, pl.34; Bis, pl.6.</note>
</record>

<record>
  <num>C863</num>

  <subj>Roman Statuary</subj>

  <inscrip>Antiquarum statuarum urbis Romae, quae in publicis
  privatisque locis visuntur icones</inscrip>

  <engrv>[Orazio de Santis, Cherubino Alberti et al. after Giovanni
  Battista Cavalieri et al.]</engrv>

  <city>Rome</city>

  <pub>[Andrea and Michelangelo della Vaccaria] (though signed by
  Lorenzo della Vaccaria) or [Goert van Schaych]</pub>

  <date>[ca. 1614] (though dated 1584) or [1621]</date>

  <ref>Ashby, pp.123-29 and 154-55</ref>

  <ref>NaKL v.16, p.506, n.18 (attributes the whole set to Orazio
  de Santis and Cherubino Alberti)</ref>

  <ref>A-B p.317, n.3155</ref>

  <ref>Cf. also the references for engravings C 705 to C 752</ref>

  <note>Part of a set of 80 engravings which were numbered for the
  first time in the 1621 van Schaych edition. The engravings
  included in our collection apparently come from an undetermined
  number of different Vaccaria-van Schaych editions. Missing in
  this set is plate number 30, a statue of Minerva copied from Cav
  I-II, pl.38 (C 768); two different proofs of numbers 45, 78, and
  80 of the set are included in our collection.</note>

  <note>* See also general note *, p.</note>

  <inscrip>Niobes cum filia. In hortu Ducis Etruriae in colle
  Pincio</inscrip>

  <size>22.1 x 13.1 cm. (Engraving n.44)</size>

  <note>(A) Cav III-IV, pl.9. (B) Per, pl.57.</note>
</record>

<record>
  <num>C864</num>

  <subj>Roman Statuary</subj>

  <inscrip>Antiquarum statuarum urbis Romae, quae in publicis
  privatisque locis visuntur icones</inscrip>

  <engrv>[Orazio de Santis, Cherubino Alberti et al. after Giovanni
  Battista Cavalieri et al.]</engrv>

  <city>Rome</city>

  <pub>[Andrea and Michelangelo della Vaccaria] (though signed by
  Lorenzo della Vaccaria) or [Goert van Schaych]</pub>

  <date>[ca. 1614] (though dated 1584) or [1621]</date>

  <ref>Ashby, pp.123-29 and 154-55</ref>

  <ref>NaKL v.16, p.506, n.18 (attributes the whole set to Orazio
  de Santis and Cherubino Alberti)</ref>

  <ref>A-B p.317, n.3155</ref>

  <ref>Cf. also the references for engravings C 705 to C 752</ref>

  <note>Part of a set of 80 engravings which were numbered for the
  first time in the 1621 van Schaych edition. The engravings
  included in our collection apparently come from an undetermined
  number of different Vaccaria-van Schaych editions. Missing in
  this set is plate number 30, a statue of Minerva copied from Cav
  I-II, pl.38 (C 768); two different proofs of numbers 45, 78, and
  80 of the set are included in our collection.</note>

  <note>* See also general note *, p.</note>

  <inscrip>Ganimedis figura in viridario Cardinalis de
  Medicis</inscrip>

  <size>21 x 12.5 cm. (Engraving n.45)</size>

  <note>(B) Per, pl.50.</note>
</record>

<record>
  <num>C865</num>

  <subj>Roman Statuary</subj>

  <inscrip>Antiquarum statuarum urbis Romae, quae in publicis
  privatisque locis visuntur icones</inscrip>

  <engrv>[Orazio de Santis, Cherubino Alberti et al. after Giovanni
  Battista Cavalieri et al.]</engrv>

  <city>Rome</city>

  <pub>[Andrea and Michelangelo della Vaccaria] (though signed by
  Lorenzo della Vaccaria) or [Goert van Schaych]</pub>

  <date>[ca. 1614] (though dated 1584) or [1621]</date>

  <ref>Ashby, pp.123-29 and 154-55</ref>

  <ref>NaKL v.16, p.506, n.18 (attributes the whole set to Orazio
  de Santis and Cherubino Alberti)</ref>

  <ref>A-B p.317, n.3155</ref>

  <ref>Cf. also the references for engravings C 705 to C 752</ref>

  <note>Part of a set of 80 engravings which were numbered for the
  first time in the 1621 van Schaych edition. The engravings
  included in our collection apparently come from an undetermined
  number of different Vaccaria-van Schaych editions. Missing in
  this set is plate number 30, a statue of Minerva copied from Cav
  I-II, pl.38 (C 768); two different proofs of numbers 45, 78, and
  80 of the set are included in our collection.</note>

  <note>* See also general note *, p.</note>

  <inscrip>Ganimedis in viridario Magnis Ducis Etrurie</inscrip>

  <size>21 x 12.5 cm. (Engraving n.[45])</size>

  <ref>Lowry, col.50a</ref>

  <note>A duplicate of C 864 with a slight variation in the
  inscription. It lacks the lined background of the Vaccaria-van
  Schaych set. Lowry suggests that it may come from a later
  Vaccaria-van Schaych edition; Ashby, p.156, pl.21, lists it as
  part of the van Aelst edition.</note>
</record>

<record>
  <num>C866</num>

  <subj>Roman Statuary</subj>

  <inscrip>Antiquarum statuarum urbis Romae, quae in publicis
  privatisque locis visuntur icones</inscrip>

  <engrv>[Orazio de Santis, Cherubino Alberti et al. after Giovanni
  Battista Cavalieri et al.]</engrv>

  <city>Rome</city>

  <pub>[Andrea and Michelangelo della Vaccaria] (though signed by
  Lorenzo della Vaccaria) or [Goert van Schaych]</pub>

  <date>[ca. 1614] (though dated 1584) or [1621]</date>

  <ref>Ashby, pp.123-29 and 154-55</ref>

  <ref>NaKL v.16, p.506, n.18 (attributes the whole set to Orazio
  de Santis and Cherubino Alberti)</ref>

  <ref>A-B p.317, n.3155</ref>

  <ref>Cf. also the references for engravings C 705 to C 752</ref>

  <note>Part of a set of 80 engravings which were numbered for the
  first time in the 1621 van Schaych edition. The engravings
  included in our collection apparently come from an undetermined
  number of different Vaccaria-van Schaych editions. Missing in
  this set is plate number 30, a statue of Minerva copied from Cav
  I-II, pl.38 (C 768); two different proofs of numbers 45, 78, and
  80 of the set are included in our collection.</note>

  <note>* See also general note *, p.</note>

  <inscrip>Cupido in aedibus Magnis Ducis Etruriae</inscrip>

  <size>22 x 13.2 cm. (Engraving n.46)</size>

  <ref>Ashby, p.155, note 2</ref>
</record>

<record>
  <num>C867</num>

  <subj>Roman Statuary</subj>

  <inscrip>Antiquarum statuarum urbis Romae, quae in publicis
  privatisque locis visuntur icones</inscrip>

  <engrv>[Orazio de Santis, Cherubino Alberti et al. after Giovanni
  Battista Cavalieri et al.]</engrv>

  <city>Rome</city>

  <pub>[Andrea and Michelangelo della Vaccaria] (though signed by
  Lorenzo della Vaccaria) or [Goert van Schaych]</pub>

  <date>[ca. 1614] (though dated 1584) or [1621]</date>

  <ref>Ashby, pp.123-29 and 154-55</ref>

  <ref>NaKL v.16, p.506, n.18 (attributes the whole set to Orazio
  de Santis and Cherubino Alberti)</ref>

  <ref>A-B p.317, n.3155</ref>

  <ref>Cf. also the references for engravings C 705 to C 752</ref>

  <note>Part of a set of 80 engravings which were numbered for the
  first time in the 1621 van Schaych edition. The engravings
  included in our collection apparently come from an undetermined
  number of different Vaccaria-van Schaych editions. Missing in
  this set is plate number 30, a statue of Minerva copied from Cav
  I-II, pl.38 (C 768); two different proofs of numbers 45, 78, and
  80 of the set are included in our collection.</note>

  <note>* See also general note *, p.</note>

  <inscrip>Ninfae cuiusdam dormientis simulacrum in viridario
  Vaticano Romae quidam propter serpentem Cleopatre imaginem
  putant</inscrip>

  <size>22.2 x 13.2 cm. (Engraving n.47)</size>

  <note>(A) Cav I-II, pl.6. (B) Per, pl.88; Bis, pl.35; cf. also
  engraving C 947.</note>
</record>

<record>
  <num>C868</num>

  <subj>Roman Statuary</subj>

  <inscrip>Antiquarum statuarum urbis Romae, quae in publicis
  privatisque locis visuntur icones</inscrip>

  <engrv>[Orazio de Santis, Cherubino Alberti et al. after Giovanni
  Battista Cavalieri et al.]</engrv>

  <city>Rome</city>

  <pub>[Andrea and Michelangelo della Vaccaria] (though signed by
  Lorenzo della Vaccaria) or [Goert van Schaych]</pub>

  <date>[ca. 1614] (though dated 1584) or [1621]</date>

  <ref>Ashby, pp.123-29 and 154-55</ref>

  <ref>NaKL v.16, p.506, n.18 (attributes the whole set to Orazio
  de Santis and Cherubino Alberti)</ref>

  <ref>A-B p.317, n.3155</ref>

  <ref>Cf. also the references for engravings C 705 to C 752</ref>

  <note>Part of a set of 80 engravings which were numbered for the
  first time in the 1621 van Schaych edition. The engravings
  included in our collection apparently come from an undetermined
  number of different Vaccaria-van Schaych editions. Missing in
  this set is plate number 30, a statue of Minerva copied from Cav
  I-II, pl.38 (C 768); two different proofs of numbers 45, 78, and
  80 of the set are included in our collection.</note>

  <note>* See also general note *, p.</note>

  <inscrip>Lacoontis signum e marmore mira arte factum in
  pontificio viridario Romae non quale a Virgilio ac Plinio sed
  cuiusmodi a graecis poetis describitur</inscrip>

  <size>22 x 13.5 cm. (Engraving n.[48])</size>

  <note>(A) Engraving executed by P. Perret in 1581 (NaKL v.12,
  p.265, n.17); engraving included in the van Aelst edition (Ashby,
  p.157, pl.31 and note 6); Thom, unnumbered pl. following pl.50.
  (B) Engraving executed by Jacques Granthomme and included in Bois
  (1603), pl.[22] and in Bois (1681), pl. facing p.10 (for
  Granthomme cf. L-A v.1, p.453, n.29); Per, pl.1.</note>
</record>

<record>
  <num>C869</num>

  <subj>Roman Statuary</subj>

  <inscrip>Antiquarum statuarum urbis Romae, quae in publicis
  privatisque locis visuntur icones</inscrip>

  <engrv>[Orazio de Santis, Cherubino Alberti et al. after Giovanni
  Battista Cavalieri et al.]</engrv>

  <city>Rome</city>

  <pub>[Andrea and Michelangelo della Vaccaria] (though signed by
  Lorenzo della Vaccaria) or [Goert van Schaych]</pub>

  <date>[ca. 1614] (though dated 1584) or [1621]</date>

  <ref>Ashby, pp.123-29 and 154-55</ref>

  <ref>NaKL v.16, p.506, n.18 (attributes the whole set to Orazio
  de Santis and Cherubino Alberti)</ref>

  <ref>A-B p.317, n.3155</ref>

  <ref>Cf. also the references for engravings C 705 to C 752</ref>

  <note>Part of a set of 80 engravings which were numbered for the
  first time in the 1621 van Schaych edition. The engravings
  included in our collection apparently come from an undetermined
  number of different Vaccaria-van Schaych editions. Missing in
  this set is plate number 30, a statue of Minerva copied from Cav
  I-II, pl.38 (C 768); two different proofs of numbers 45, 78, and
  80 of the set are included in our collection.</note>

  <note>* See also general note *, p.</note>

  <inscrip>Tiberis fluvii simulacrum Romae in Vaticano</inscrip>

  <size>13 x 22 cm. (Engraving n.49; signed by Cherubinus Albertus
  and dated 1577)</size>

  <ref>Ashby, p.155, note 3</ref>

  <note>(A) Engraving executed by N. Beatrizet (A 108); Thom, pl.40
  (reversed). (B) Cav I-II, pl.2; Per, pl.96.</note>
</record>

<record>
  <num>C870</num>

  <subj>Roman Statuary</subj>

  <inscrip>Antiquarum statuarum urbis Romae, quae in publicis
  privatisque locis visuntur icones</inscrip>

  <engrv>[Orazio de Santis, Cherubino Alberti et al. after Giovanni
  Battista Cavalieri et al.]</engrv>

  <city>Rome</city>

  <pub>[Andrea and Michelangelo della Vaccaria] (though signed by
  Lorenzo della Vaccaria) or [Goert van Schaych]</pub>

  <date>[ca. 1614] (though dated 1584) or [1621]</date>

  <ref>Ashby, pp.123-29 and 154-55</ref>

  <ref>NaKL v.16, p.506, n.18 (attributes the whole set to Orazio
  de Santis and Cherubino Alberti)</ref>

  <ref>A-B p.317, n.3155</ref>

  <ref>Cf. also the references for engravings C 705 to C 752</ref>

  <note>Part of a set of 80 engravings which were numbered for the
  first time in the 1621 van Schaych edition. The engravings
  included in our collection apparently come from an undetermined
  number of different Vaccaria-van Schaych editions. Missing in
  this set is plate number 30, a statue of Minerva copied from Cav
  I-II, pl.38 (C 768); two different proofs of numbers 45, 78, and
  80 of the set are included in our collection.</note>

  <note>* See also general note *, p.</note>

  <inscrip>Nili fluvii imago Romae in Vaticano</inscrip>

  <size>13.2 x 22.2 cm. (Engraving n.50)</size>

  <note>(A) Engraving executed by N. Beatrizet (A 109). (B) Cav
  I-II, pl.3 (C 753); Per, pl.97.</note>
</record>

<record>
  <num>C871</num>

  <subj>Roman Statuary</subj>

  <inscrip>Antiquarum statuarum urbis Romae, quae in publicis
  privatisque locis visuntur icones</inscrip>

  <engrv>[Orazio de Santis, Cherubino Alberti et al. after Giovanni
  Battista Cavalieri et al.]</engrv>

  <city>Rome</city>

  <pub>[Andrea and Michelangelo della Vaccaria] (though signed by
  Lorenzo della Vaccaria) or [Goert van Schaych]</pub>

  <date>[ca. 1614] (though dated 1584) or [1621]</date>

  <ref>Ashby, pp.123-29 and 154-55</ref>

  <ref>NaKL v.16, p.506, n.18 (attributes the whole set to Orazio
  de Santis and Cherubino Alberti)</ref>

  <ref>A-B p.317, n.3155</ref>

  <ref>Cf. also the references for engravings C 705 to C 752</ref>

  <note>Part of a set of 80 engravings which were numbered for the
  first time in the 1621 van Schaych edition. The engravings
  included in our collection apparently come from an undetermined
  number of different Vaccaria-van Schaych editions. Missing in
  this set is plate number 30, a statue of Minerva copied from Cav
  I-II, pl.38 (C 768); two different proofs of numbers 45, 78, and
  80 of the set are included in our collection.</note>

  <note>* See also general note *, p.</note>

  <inscrip>Oceani effigies Romae in viridario Cesarinorum</inscrip>

  <size>13.2 x 22.2 cm. (Engraving n.51)</size>

  <note>(A) Engraving executed by N. Beatrizet (A 125). (B) Cav
  I-II, pl.93.</note>
</record>

<record>
  <num>C872</num>

  <subj>Roman Statuary</subj>

  <inscrip>Antiquarum statuarum urbis Romae, quae in publicis
  privatisque locis visuntur icones</inscrip>

  <engrv>[Orazio de Santis, Cherubino Alberti et al. after Giovanni
  Battista Cavalieri et al.]</engrv>

  <city>Rome</city>

  <pub>[Andrea and Michelangelo della Vaccaria] (though signed by
  Lorenzo della Vaccaria) or [Goert van Schaych]</pub>

  <date>[ca. 1614] (though dated 1584) or [1621]</date>

  <ref>Ashby, pp.123-29 and 154-55</ref>

  <ref>NaKL v.16, p.506, n.18 (attributes the whole set to Orazio
  de Santis and Cherubino Alberti)</ref>

  <ref>A-B p.317, n.3155</ref>

  <ref>Cf. also the references for engravings C 705 to C 752</ref>

  <note>Part of a set of 80 engravings which were numbered for the
  first time in the 1621 van Schaych edition. The engravings
  included in our collection apparently come from an undetermined
  number of different Vaccaria-van Schaych editions. Missing in
  this set is plate number 30, a statue of Minerva copied from Cav
  I-II, pl.38 (C 768); two different proofs of numbers 45, 78, and
  80 of the set are included in our collection.</note>

  <note>* See also general note *, p.</note>

  <inscrip>Aeneum Sileni iacentis simulacrum veteri vasi pro
  operculo impositum</inscrip>

  <size>13 x 22.2 cm. (Engraving n.52)</size>

  <note>(A) Thom, pl.42 (reversed).</note>
</record>

<record>
  <num>C873</num>

  <subj>Roman Statuary</subj>

  <inscrip>Antiquarum statuarum urbis Romae, quae in publicis
  privatisque locis visuntur icones</inscrip>

  <engrv>[Orazio de Santis, Cherubino Alberti et al. after Giovanni
  Battista Cavalieri et al.]</engrv>

  <city>Rome</city>

  <pub>[Andrea and Michelangelo della Vaccaria] (though signed by
  Lorenzo della Vaccaria) or [Goert van Schaych]</pub>

  <date>[ca. 1614] (though dated 1584) or [1621]</date>

  <ref>Ashby, pp.123-29 and 154-55</ref>

  <ref>NaKL v.16, p.506, n.18 (attributes the whole set to Orazio
  de Santis and Cherubino Alberti)</ref>

  <ref>A-B p.317, n.3155</ref>

  <ref>Cf. also the references for engravings C 705 to C 752</ref>

  <note>Part of a set of 80 engravings which were numbered for the
  first time in the 1621 van Schaych edition. The engravings
  included in our collection apparently come from an undetermined
  number of different Vaccaria-van Schaych editions. Missing in
  this set is plate number 30, a statue of Minerva copied from Cav
  I-II, pl.38 (C 768); two different proofs of numbers 45, 78, and
  80 of the set are included in our collection.</note>

  <note>* See also general note *, p.</note>

  <inscrip>Milo aliis Antinous Romae in Vaticano</inscrip>

  <size>22 x 13 cm. (Engraving n.[53])</size>

  <note>(A) Engraving executed by P. Perret (cf. Hu 121a)? (B) Cav
  I-II, pl.5 (C 755); Per, pl.53; Bis, pl.12-15.</note>
</record>

<record>
  <num>C874</num>

  <subj>Roman Statuary</subj>

  <inscrip>Antiquarum statuarum urbis Romae, quae in publicis
  privatisque locis visuntur icones</inscrip>

  <engrv>[Orazio de Santis, Cherubino Alberti et al. after Giovanni
  Battista Cavalieri et al.]</engrv>

  <city>Rome</city>

  <pub>[Andrea and Michelangelo della Vaccaria] (though signed by
  Lorenzo della Vaccaria) or [Goert van Schaych]</pub>

  <date>[ca. 1614] (though dated 1584) or [1621]</date>

  <ref>Ashby, pp.123-29 and 154-55</ref>

  <ref>NaKL v.16, p.506, n.18 (attributes the whole set to Orazio
  de Santis and Cherubino Alberti)</ref>

  <ref>A-B p.317, n.3155</ref>

  <ref>Cf. also the references for engravings C 705 to C 752</ref>

  <note>Part of a set of 80 engravings which were numbered for the
  first time in the 1621 van Schaych edition. The engravings
  included in our collection apparently come from an undetermined
  number of different Vaccaria-van Schaych editions. Missing in
  this set is plate number 30, a statue of Minerva copied from Cav
  I-II, pl.38 (C 768); two different proofs of numbers 45, 78, and
  80 of the set are included in our collection.</note>

  <note>* See also general note *, p.</note>

  <inscrip>Haec Apollinis statua ex marmore sculpta est in palatii
  Pontificis ea parte quae vulgo dicitur Belvedere</inscrip>

  <size>22.2 x 13.2 cm. (Engraving n.54)</size>

  <note>(B) Engraving published by A. Lafreri in 1552 (A 96); Cav
  I-II, pl.4 (C 754; reversed); Per, pl.30-31; Bis, pl.4-5.</note>
</record>

<record>
  <num>C875</num>

  <subj>Roman Statuary</subj>

  <inscrip>Antiquarum statuarum urbis Romae, quae in publicis
  privatisque locis visuntur icones</inscrip>

  <engrv>[Orazio de Santis, Cherubino Alberti et al. after Giovanni
  Battista Cavalieri et al.]</engrv>

  <city>Rome</city>

  <pub>[Andrea and Michelangelo della Vaccaria] (though signed by
  Lorenzo della Vaccaria) or [Goert van Schaych]</pub>

  <date>[ca. 1614] (though dated 1584) or [1621]</date>

  <ref>Ashby, pp.123-29 and 154-55</ref>

  <ref>NaKL v.16, p.506, n.18 (attributes the whole set to Orazio
  de Santis and Cherubino Alberti)</ref>

  <ref>A-B p.317, n.3155</ref>

  <ref>Cf. also the references for engravings C 705 to C 752</ref>

  <note>Part of a set of 80 engravings which were numbered for the
  first time in the 1621 van Schaych edition. The engravings
  included in our collection apparently come from an undetermined
  number of different Vaccaria-van Schaych editions. Missing in
  this set is plate number 30, a statue of Minerva copied from Cav
  I-II, pl.38 (C 768); two different proofs of numbers 45, 78, and
  80 of the set are included in our collection.</note>

  <note>* See also general note *, p.</note>

  <inscrip>Commodus Imperator. In viridario Summi
  Pontificis</inscrip>

  <size>22 x 13 cm. (Engraving n.[55])</size>

  <note>(A) Engraving executed by Jacob Bos (A 94); Thom, pl.7. (B)
  Per, pl.5 (reversed).</note>
</record>

<record>
  <num>C876</num>

  <subj>Roman Statuary</subj>

  <inscrip>Antiquarum statuarum urbis Romae, quae in publicis
  privatisque locis visuntur icones</inscrip>

  <engrv>[Orazio de Santis, Cherubino Alberti et al. after Giovanni
  Battista Cavalieri et al.]</engrv>

  <city>Rome</city>

  <pub>[Andrea and Michelangelo della Vaccaria] (though signed by
  Lorenzo della Vaccaria) or [Goert van Schaych]</pub>

  <date>[ca. 1614] (though dated 1584) or [1621]</date>

  <ref>Ashby, pp.123-29 and 154-55</ref>

  <ref>NaKL v.16, p.506, n.18 (attributes the whole set to Orazio
  de Santis and Cherubino Alberti)</ref>

  <ref>A-B p.317, n.3155</ref>

  <ref>Cf. also the references for engravings C 705 to C 752</ref>

  <note>Part of a set of 80 engravings which were numbered for the
  first time in the 1621 van Schaych edition. The engravings
  included in our collection apparently come from an undetermined
  number of different Vaccaria-van Schaych editions. Missing in
  this set is plate number 30, a statue of Minerva copied from Cav
  I-II, pl.38 (C 768); two different proofs of numbers 45, 78, and
  80 of the set are included in our collection.</note>

  <note>* See also general note *, p.</note>

  <inscrip>Mercurii statua marmorea, apud Alexandrum de Grandi, ad
  radices montis Pintii</inscrip>

  <size>22.2 x 13.2 cm. (Engraving n.56)</size>
</record>

<record>
  <num>C877</num>

  <subj>Roman Statuary</subj>

  <inscrip>Antiquarum statuarum urbis Romae, quae in publicis
  privatisque locis visuntur icones</inscrip>

  <engrv>[Orazio de Santis, Cherubino Alberti et al. after Giovanni
  Battista Cavalieri et al.]</engrv>

  <city>Rome</city>

  <pub>[Andrea and Michelangelo della Vaccaria] (though signed by
  Lorenzo della Vaccaria) or [Goert van Schaych]</pub>

  <date>[ca. 1614] (though dated 1584) or [1621]</date>

  <ref>Ashby, pp.123-29 and 154-55</ref>

  <ref>NaKL v.16, p.506, n.18 (attributes the whole set to Orazio
  de Santis and Cherubino Alberti)</ref>

  <ref>A-B p.317, n.3155</ref>

  <ref>Cf. also the references for engravings C 705 to C 752</ref>

  <note>Part of a set of 80 engravings which were numbered for the
  first time in the 1621 van Schaych edition. The engravings
  included in our collection apparently come from an undetermined
  number of different Vaccaria-van Schaych editions. Missing in
  this set is plate number 30, a statue of Minerva copied from Cav
  I-II, pl.38 (C 768); two different proofs of numbers 45, 78, and
  80 of the set are included in our collection.</note>

  <note>* See also general note *, p.</note>

  <inscrip>Bacchi statua in viridario Cesarinorum</inscrip>

  <size>22.2 x 13.2 cm. (Engraving n.57)</size>

  <ref>Ashby, p.155, note 4</ref>
</record>

<record>
  <num>C878</num>

  <subj>Roman Statuary</subj>

  <inscrip>Antiquarum statuarum urbis Romae, quae in publicis
  privatisque locis visuntur icones</inscrip>

  <engrv>[Orazio de Santis, Cherubino Alberti et al. after Giovanni
  Battista Cavalieri et al.]</engrv>

  <city>Rome</city>

  <pub>[Andrea and Michelangelo della Vaccaria] (though signed by
  Lorenzo della Vaccaria) or [Goert van Schaych]</pub>

  <date>[ca. 1614] (though dated 1584) or [1621]</date>

  <ref>Ashby, pp.123-29 and 154-55</ref>

  <ref>NaKL v.16, p.506, n.18 (attributes the whole set to Orazio
  de Santis and Cherubino Alberti)</ref>

  <ref>A-B p.317, n.3155</ref>

  <ref>Cf. also the references for engravings C 705 to C 752</ref>

  <note>Part of a set of 80 engravings which were numbered for the
  first time in the 1621 van Schaych edition. The engravings
  included in our collection apparently come from an undetermined
  number of different Vaccaria-van Schaych editions. Missing in
  this set is plate number 30, a statue of Minerva copied from Cav
  I-II, pl.38 (C 768); two different proofs of numbers 45, 78, and
  80 of the set are included in our collection.</note>

  <note>* See also general note *, p.</note>

  <inscrip>Eros Venus Anteros. In hortis Ferrariensibus</inscrip>

  <size>22.2 x 13 cm. (Engraving n.58)</size>

  <note>(A) Cav I, pl.38 (C 742); Cav I-II, pl.51.</note>
</record>

<record>
  <num>C879</num>

  <subj>Roman Statuary</subj>

  <inscrip>Antiquarum statuarum urbis Romae, quae in publicis
  privatisque locis visuntur icones</inscrip>

  <engrv>[Orazio de Santis, Cherubino Alberti et al. after Giovanni
  Battista Cavalieri et al.]</engrv>

  <city>Rome</city>

  <pub>[Andrea and Michelangelo della Vaccaria] (though signed by
  Lorenzo della Vaccaria) or [Goert van Schaych]</pub>

  <date>[ca. 1614] (though dated 1584) or [1621]</date>

  <ref>Ashby, pp.123-29 and 154-55</ref>

  <ref>NaKL v.16, p.506, n.18 (attributes the whole set to Orazio
  de Santis and Cherubino Alberti)</ref>

  <ref>A-B p.317, n.3155</ref>

  <ref>Cf. also the references for engravings C 705 to C 752</ref>

  <note>Part of a set of 80 engravings which were numbered for the
  first time in the 1621 van Schaych edition. The engravings
  included in our collection apparently come from an undetermined
  number of different Vaccaria-van Schaych editions. Missing in
  this set is plate number 30, a statue of Minerva copied from Cav
  I-II, pl.38 (C 768); two different proofs of numbers 45, 78, and
  80 of the set are included in our collection.</note>

  <note>* See also general note *, p.</note>

  <inscrip>Adonidis statua integerrima in aedibus Episcopi
  Aquinatis Romae</inscrip>

  <size>22.2 x 13 cm. (Engraving n.59)</size>

  <note>(A) Engraving published by A. Lafreri in 1555 (A 99); Cav
  I-II, pl.95. (B) Per, pl.51-52.</note>
</record>

<record>
  <num>C880</num>

  <subj>Roman Statuary</subj>

  <inscrip>Antiquarum statuarum urbis Romae, quae in publicis
  privatisque locis visuntur icones</inscrip>

  <engrv>[Orazio de Santis, Cherubino Alberti et al. after Giovanni
  Battista Cavalieri et al.]</engrv>

  <city>Rome</city>

  <pub>[Andrea and Michelangelo della Vaccaria] (though signed by
  Lorenzo della Vaccaria) or [Goert van Schaych]</pub>

  <date>[ca. 1614] (though dated 1584) or [1621]</date>

  <ref>Ashby, pp.123-29 and 154-55</ref>

  <ref>NaKL v.16, p.506, n.18 (attributes the whole set to Orazio
  de Santis and Cherubino Alberti)</ref>

  <ref>A-B p.317, n.3155</ref>

  <ref>Cf. also the references for engravings C 705 to C 752</ref>

  <note>Part of a set of 80 engravings which were numbered for the
  first time in the 1621 van Schaych edition. The engravings
  included in our collection apparently come from an undetermined
  number of different Vaccaria-van Schaych editions. Missing in
  this set is plate number 30, a statue of Minerva copied from Cav
  I-II, pl.38 (C 768); two different proofs of numbers 45, 78, and
  80 of the set are included in our collection.</note>

  <note>* See also general note *, p.</note>

  <inscrip>Bellona marmorea in hortis Cardinalis
  Ferrariae</inscrip>

  <size>22.2 x 13.2 cm. (Engraving n.60)</size>

  <note>(A) Cav I-II, pl.60. (B) Cav I, pl.23 (C 727); Bis,
  pl.96.</note>
</record>

<record>
  <num>C881</num>

  <subj>Roman Statuary</subj>

  <inscrip>Antiquarum statuarum urbis Romae, quae in publicis
  privatisque locis visuntur icones</inscrip>

  <engrv>[Orazio de Santis, Cherubino Alberti et al. after Giovanni
  Battista Cavalieri et al.]</engrv>

  <city>Rome</city>

  <pub>[Andrea and Michelangelo della Vaccaria] (though signed by
  Lorenzo della Vaccaria) or [Goert van Schaych]</pub>

  <date>[ca. 1614] (though dated 1584) or [1621]</date>

  <ref>Ashby, pp.123-29 and 154-55</ref>

  <ref>NaKL v.16, p.506, n.18 (attributes the whole set to Orazio
  de Santis and Cherubino Alberti)</ref>

  <ref>A-B p.317, n.3155</ref>

  <ref>Cf. also the references for engravings C 705 to C 752</ref>

  <note>Part of a set of 80 engravings which were numbered for the
  first time in the 1621 van Schaych edition. The engravings
  included in our collection apparently come from an undetermined
  number of different Vaccaria-van Schaych editions. Missing in
  this set is plate number 30, a statue of Minerva copied from Cav
  I-II, pl.38 (C 768); two different proofs of numbers 45, 78, and
  80 of the set are included in our collection.</note>

  <note>* See also general note *, p.</note>

  <inscrip>Pastoris signum marmoreum Romae in villa Julii III.
  Pont. Max</inscrip>

  <size>22 x 13.1 cm. (Engraving n.61)</size>

  <note>(A) Cav I-II, pl.62.</note>
</record>

<record>
  <num>C882</num>

  <subj>Roman Statuary</subj>

  <inscrip>Antiquarum statuarum urbis Romae, quae in publicis
  privatisque locis visuntur icones</inscrip>

  <engrv>[Orazio de Santis, Cherubino Alberti et al. after Giovanni
  Battista Cavalieri et al.]</engrv>

  <city>Rome</city>

  <pub>[Andrea and Michelangelo della Vaccaria] (though signed by
  Lorenzo della Vaccaria) or [Goert van Schaych]</pub>

  <date>[ca. 1614] (though dated 1584) or [1621]</date>

  <ref>Ashby, pp.123-29 and 154-55</ref>

  <ref>NaKL v.16, p.506, n.18 (attributes the whole set to Orazio
  de Santis and Cherubino Alberti)</ref>

  <ref>A-B p.317, n.3155</ref>

  <ref>Cf. also the references for engravings C 705 to C 752</ref>

  <note>Part of a set of 80 engravings which were numbered for the
  first time in the 1621 van Schaych edition. The engravings
  included in our collection apparently come from an undetermined
  number of different Vaccaria-van Schaych editions. Missing in
  this set is plate number 30, a statue of Minerva copied from Cav
  I-II, pl.38 (C 768); two different proofs of numbers 45, 78, and
  80 of the set are included in our collection.</note>

  <note>* See also general note *, p.</note>

  <inscrip>Cereris simulacrum in villa Julis III. Pont.
  Max</inscrip>

  <size>22.2 x 12.6 cm. (Engraving n.62)</size>

  <note>(A) Cav I-II, pl.67 (C 799).</note>
</record>

<record>
  <num>C883</num>

  <subj>Roman Statuary</subj>

  <inscrip>Antiquarum statuarum urbis Romae, quae in publicis
  privatisque locis visuntur icones</inscrip>

  <engrv>[Orazio de Santis, Cherubino Alberti et al. after Giovanni
  Battista Cavalieri et al.]</engrv>

  <city>Rome</city>

  <pub>[Andrea and Michelangelo della Vaccaria] (though signed by
  Lorenzo della Vaccaria) or [Goert van Schaych]</pub>

  <date>[ca. 1614] (though dated 1584) or [1621]</date>

  <ref>Ashby, pp.123-29 and 154-55</ref>

  <ref>NaKL v.16, p.506, n.18 (attributes the whole set to Orazio
  de Santis and Cherubino Alberti)</ref>

  <ref>A-B p.317, n.3155</ref>

  <ref>Cf. also the references for engravings C 705 to C 752</ref>

  <note>Part of a set of 80 engravings which were numbered for the
  first time in the 1621 van Schaych edition. The engravings
  included in our collection apparently come from an undetermined
  number of different Vaccaria-van Schaych editions. Missing in
  this set is plate number 30, a statue of Minerva copied from Cav
  I-II, pl.38 (C 768); two different proofs of numbers 45, 78, and
  80 of the set are included in our collection.</note>

  <note>* See also general note *, p.</note>

  <inscrip>Cupido puber in aedibus Io. Baptistae Luragi</inscrip>

  <size>22.2 x 13.2 cm. (Engraving n.63)</size>

  <note>(A) Cav III-IV, pl.61; Thom, pl.45 (reversed).</note>
</record>

<record>
  <num>C884</num>

  <subj>Roman Statuary</subj>

  <inscrip>Antiquarum statuarum urbis Romae, quae in publicis
  privatisque locis visuntur icones</inscrip>

  <engrv>[Orazio de Santis, Cherubino Alberti et al. after Giovanni
  Battista Cavalieri et al.]</engrv>

  <city>Rome</city>

  <pub>[Andrea and Michelangelo della Vaccaria] (though signed by
  Lorenzo della Vaccaria) or [Goert van Schaych]</pub>

  <date>[ca. 1614] (though dated 1584) or [1621]</date>

  <ref>Ashby, pp.123-29 and 154-55</ref>

  <ref>NaKL v.16, p.506, n.18 (attributes the whole set to Orazio
  de Santis and Cherubino Alberti)</ref>

  <ref>A-B p.317, n.3155</ref>

  <ref>Cf. also the references for engravings C 705 to C 752</ref>

  <note>Part of a set of 80 engravings which were numbered for the
  first time in the 1621 van Schaych edition. The engravings
  included in our collection apparently come from an undetermined
  number of different Vaccaria-van Schaych editions. Missing in
  this set is plate number 30, a statue of Minerva copied from Cav
  I-II, pl.38 (C 768); two different proofs of numbers 45, 78, and
  80 of the set are included in our collection.</note>

  <note>* See also general note *, p.</note>

  <inscrip>Cupidinis cogitabundi stantis statua apud nobilem
  quendem</inscrip>

  <size>22.2 x 13.4 cm. (Engraving n.64)</size>

  <ref>Lowry, cols.49b-50a</ref>

  <note>(A) Thom, pl.35 (reversed).</note>
</record>

<record>
  <num>C885</num>

  <subj>Roman Statuary</subj>

  <inscrip>Antiquarum statuarum urbis Romae, quae in publicis
  privatisque locis visuntur icones</inscrip>

  <engrv>[Orazio de Santis, Cherubino Alberti et al. after Giovanni
  Battista Cavalieri et al.]</engrv>

  <city>Rome</city>

  <pub>[Andrea and Michelangelo della Vaccaria] (though signed by
  Lorenzo della Vaccaria) or [Goert van Schaych]</pub>

  <date>[ca. 1614] (though dated 1584) or [1621]</date>

  <ref>Ashby, pp.123-29 and 154-55</ref>

  <ref>NaKL v.16, p.506, n.18 (attributes the whole set to Orazio
  de Santis and Cherubino Alberti)</ref>

  <ref>A-B p.317, n.3155</ref>

  <ref>Cf. also the references for engravings C 705 to C 752</ref>

  <note>Part of a set of 80 engravings which were numbered for the
  first time in the 1621 van Schaych edition. The engravings
  included in our collection apparently come from an undetermined
  number of different Vaccaria-van Schaych editions. Missing in
  this set is plate number 30, a statue of Minerva copied from Cav
  I-II, pl.38 (C 768); two different proofs of numbers 45, 78, and
  80 of the set are included in our collection.</note>

  <note>* See also general note *, p.</note>

  <inscrip>Veneris et Cupidinis statua marmorea Romae in aedibus
  cuiusdam mercatoris Florentinis in banchis</inscrip>

  <size>22 x 13 cm. (Engraving n.65; signed by [Domenico]
  Vit[i])</size>

  <ref>Ashby, p.125, note 4 and p.155, note 5</ref>

  <ref>NaKL v.23, p.211, n.12</ref>

  <note>(A) Engraving published in the van Aelst edition (cf.
  Ashby, p.157, pl.34 and note 9; reversed). (B) Cav III-IV, pl.70
  (reversed).</note>
</record>

<record>
  <num>C886</num>

  <subj>Roman Statuary</subj>

  <inscrip>Antiquarum statuarum urbis Romae, quae in publicis
  privatisque locis visuntur icones</inscrip>

  <engrv>[Orazio de Santis, Cherubino Alberti et al. after Giovanni
  Battista Cavalieri et al.]</engrv>

  <city>Rome</city>

  <pub>[Andrea and Michelangelo della Vaccaria] (though signed by
  Lorenzo della Vaccaria) or [Goert van Schaych]</pub>

  <date>[ca. 1614] (though dated 1584) or [1621]</date>

  <ref>Ashby, pp.123-29 and 154-55</ref>

  <ref>NaKL v.16, p.506, n.18 (attributes the whole set to Orazio
  de Santis and Cherubino Alberti)</ref>

  <ref>A-B p.317, n.3155</ref>

  <ref>Cf. also the references for engravings C 705 to C 752</ref>

  <note>Part of a set of 80 engravings which were numbered for the
  first time in the 1621 van Schaych edition. The engravings
  included in our collection apparently come from an undetermined
  number of different Vaccaria-van Schaych editions. Missing in
  this set is plate number 30, a statue of Minerva copied from Cav
  I-II, pl.38 (C 768); two different proofs of numbers 45, 78, and
  80 of the set are included in our collection.</note>

  <note>* See also general note *, p.</note>

  <inscrip>Priapi effigies in aedibus D. Alexandri de
  Grandis</inscrip>

  <size>22 x 13 cm. (Engraving n.66)</size>
</record>

<record>
  <num>C887</num>

  <subj>Roman Statuary</subj>

  <inscrip>Antiquarum statuarum urbis Romae, quae in publicis
  privatisque locis visuntur icones</inscrip>

  <engrv>[Orazio de Santis, Cherubino Alberti et al. after Giovanni
  Battista Cavalieri et al.]</engrv>

  <city>Rome</city>

  <pub>[Andrea and Michelangelo della Vaccaria] (though signed by
  Lorenzo della Vaccaria) or [Goert van Schaych]</pub>

  <date>[ca. 1614] (though dated 1584) or [1621]</date>

  <ref>Ashby, pp.123-29 and 154-55</ref>

  <ref>NaKL v.16, p.506, n.18 (attributes the whole set to Orazio
  de Santis and Cherubino Alberti)</ref>

  <ref>A-B p.317, n.3155</ref>

  <ref>Cf. also the references for engravings C 705 to C 752</ref>

  <note>Part of a set of 80 engravings which were numbered for the
  first time in the 1621 van Schaych edition. The engravings
  included in our collection apparently come from an undetermined
  number of different Vaccaria-van Schaych editions. Missing in
  this set is plate number 30, a statue of Minerva copied from Cav
  I-II, pl.38 (C 768); two different proofs of numbers 45, 78, and
  80 of the set are included in our collection.</note>

  <note>* See also general note *, p.</note>

  <inscrip>Herculis cum leone colluitantis effigies Romae in
  aedibus Vallensibus</inscrip>

  <size>22.2 x 13 cm. (Engraving n.67)</size>

  <note>9A) Engraving published in the van Aelst edition (cf.
  Ashby, p.156, pl.3 and note 2). (B) Cav III-IV, pl.41.</note>
</record>

<record>
  <num>C888</num>

  <subj>Roman Statuary</subj>

  <inscrip>Antiquarum statuarum urbis Romae, quae in publicis
  privatisque locis visuntur icones</inscrip>

  <engrv>[Orazio de Santis, Cherubino Alberti et al. after Giovanni
  Battista Cavalieri et al.]</engrv>

  <city>Rome</city>

  <pub>[Andrea and Michelangelo della Vaccaria] (though signed by
  Lorenzo della Vaccaria) or [Goert van Schaych]</pub>

  <date>[ca. 1614] (though dated 1584) or [1621]</date>

  <ref>Ashby, pp.123-29 and 154-55</ref>

  <ref>NaKL v.16, p.506, n.18 (attributes the whole set to Orazio
  de Santis and Cherubino Alberti)</ref>

  <ref>A-B p.317, n.3155</ref>

  <ref>Cf. also the references for engravings C 705 to C 752</ref>

  <note>Part of a set of 80 engravings which were numbered for the
  first time in the 1621 van Schaych edition. The engravings
  included in our collection apparently come from an undetermined
  number of different Vaccaria-van Schaych editions. Missing in
  this set is plate number 30, a statue of Minerva copied from Cav
  I-II, pl.38 (C 768); two different proofs of numbers 45, 78, and
  80 of the set are included in our collection.</note>

  <note>* See also general note *, p.</note>

  <inscrip>[Archer]. Regii. 1579</inscrip>

  <size>22.5 x 13.8 cm. (Engraving n.68)</size>

  <ref>Ashby, p.124, note 2</ref>
</record>

<record>
  <num>C889</num>

  <subj>Roman Statuary</subj>

  <inscrip>Antiquarum statuarum urbis Romae, quae in publicis
  privatisque locis visuntur icones</inscrip>

  <engrv>[Orazio de Santis, Cherubino Alberti et al. after Giovanni
  Battista Cavalieri et al.]</engrv>

  <city>Rome</city>

  <pub>[Andrea and Michelangelo della Vaccaria] (though signed by
  Lorenzo della Vaccaria) or [Goert van Schaych]</pub>

  <date>[ca. 1614] (though dated 1584) or [1621]</date>

  <ref>Ashby, pp.123-29 and 154-55</ref>

  <ref>NaKL v.16, p.506, n.18 (attributes the whole set to Orazio
  de Santis and Cherubino Alberti)</ref>

  <ref>A-B p.317, n.3155</ref>

  <ref>Cf. also the references for engravings C 705 to C 752</ref>

  <note>Part of a set of 80 engravings which were numbered for the
  first time in the 1621 van Schaych edition. The engravings
  included in our collection apparently come from an undetermined
  number of different Vaccaria-van Schaych editions. Missing in
  this set is plate number 30, a statue of Minerva copied from Cav
  I-II, pl.38 (C 768); two different proofs of numbers 45, 78, and
  80 of the set are included in our collection.</note>

  <note>* See also general note *, p.</note>

  <inscrip>Marsiae simulacrum Romae in aedibus
  Vallensibus</inscrip>

  <size>22.2 x 13.2 cm. (Engraving n.69; signed by Cherub[ino]
  Albert[i] and dated 1578)</size>

  <ref>Ashby, p.125, note 2 and p.155, note 7</ref>

  <note>(A) Thom (1618), pl.[29] (C 911); Thom, pl.29 (reversed).
  (B) Cav I-II, pl.85 (C 809); Per, pl.18b.</note>
</record>

<record>
  <num>C890</num>

  <subj>Roman Statuary</subj>

  <inscrip>Antiquarum statuarum urbis Romae, quae in publicis
  privatisque locis visuntur icones</inscrip>

  <engrv>[Orazio de Santis, Cherubino Alberti et al. after Giovanni
  Battista Cavalieri et al.]</engrv>

  <city>Rome</city>

  <pub>[Andrea and Michelangelo della Vaccaria] (though signed by
  Lorenzo della Vaccaria) or [Goert van Schaych]</pub>

  <date>[ca. 1614] (though dated 1584) or [1621]</date>

  <ref>Ashby, pp.123-29 and 154-55</ref>

  <ref>NaKL v.16, p.506, n.18 (attributes the whole set to Orazio
  de Santis and Cherubino Alberti)</ref>

  <ref>A-B p.317, n.3155</ref>

  <ref>Cf. also the references for engravings C 705 to C 752</ref>

  <note>Part of a set of 80 engravings which were numbered for the
  first time in the 1621 van Schaych edition. The engravings
  included in our collection apparently come from an undetermined
  number of different Vaccaria-van Schaych editions. Missing in
  this set is plate number 30, a statue of Minerva copied from Cav
  I-II, pl.38 (C 768); two different proofs of numbers 45, 78, and
  80 of the set are included in our collection.</note>

  <note>* See also general note *, p.</note>

  <inscrip>Satyri effigies Romae in aedibus Vallensibus</inscrip>

  <size>22.4 x 13.4 cm. (Engraving n.70)</size>

  <note>(A) Cav I-II, pl.87 (C 782); Per, pl.19.</note>
</record>

<record>
  <num>C891</num>

  <subj>Roman Statuary</subj>

  <inscrip>Antiquarum statuarum urbis Romae, quae in publicis
  privatisque locis visuntur icones</inscrip>

  <engrv>[Orazio de Santis, Cherubino Alberti et al. after Giovanni
  Battista Cavalieri et al.]</engrv>

  <city>Rome</city>

  <pub>[Andrea and Michelangelo della Vaccaria] (though signed by
  Lorenzo della Vaccaria) or [Goert van Schaych]</pub>

  <date>[ca. 1614] (though dated 1584) or [1621]</date>

  <ref>Ashby, pp.123-29 and 154-55</ref>

  <ref>NaKL v.16, p.506, n.18 (attributes the whole set to Orazio
  de Santis and Cherubino Alberti)</ref>

  <ref>A-B p.317, n.3155</ref>

  <ref>Cf. also the references for engravings C 705 to C 752</ref>

  <note>Part of a set of 80 engravings which were numbered for the
  first time in the 1621 van Schaych edition. The engravings
  included in our collection apparently come from an undetermined
  number of different Vaccaria-van Schaych editions. Missing in
  this set is plate number 30, a statue of Minerva copied from Cav
  I-II, pl.38 (C 768); two different proofs of numbers 45, 78, and
  80 of the set are included in our collection.</note>

  <note>* See also general note *, p.</note>

  <inscrip>Bacchae signum marmoreum Romae in aedibus
  Vallensibus</inscrip>

  <size>22.2 x 13 cm. (Engraving n.71)</size>

  <note>(A) Cav I-II, pl.86.</note>
</record>

<record>
  <num>C892</num>

  <subj>Roman Statuary</subj>

  <inscrip>Antiquarum statuarum urbis Romae, quae in publicis
  privatisque locis visuntur icones</inscrip>

  <engrv>[Orazio de Santis, Cherubino Alberti et al. after Giovanni
  Battista Cavalieri et al.]</engrv>

  <city>Rome</city>

  <pub>[Andrea and Michelangelo della Vaccaria] (though signed by
  Lorenzo della Vaccaria) or [Goert van Schaych]</pub>

  <date>[ca. 1614] (though dated 1584) or [1621]</date>

  <ref>Ashby, pp.123-29 and 154-55</ref>

  <ref>NaKL v.16, p.506, n.18 (attributes the whole set to Orazio
  de Santis and Cherubino Alberti)</ref>

  <ref>A-B p.317, n.3155</ref>

  <ref>Cf. also the references for engravings C 705 to C 752</ref>

  <note>Part of a set of 80 engravings which were numbered for the
  first time in the 1621 van Schaych edition. The engravings
  included in our collection apparently come from an undetermined
  number of different Vaccaria-van Schaych editions. Missing in
  this set is plate number 30, a statue of Minerva copied from Cav
  I-II, pl.38 (C 768); two different proofs of numbers 45, 78, and
  80 of the set are included in our collection.</note>

  <note>* See also general note *, p.</note>

  <inscrip>Bacchus e marmore in area aedium Vallensium</inscrip>

  <size>22.2 x 13.2 cm. (Engraving n.72)</size>

  <note>(A) Thom, pl.31.</note>
</record>

<record>
  <num>C893</num>

  <subj>Roman Statuary</subj>

  <inscrip>Antiquarum statuarum urbis Romae, quae in publicis
  privatisque locis visuntur icones</inscrip>

  <engrv>[Orazio de Santis, Cherubino Alberti et al. after Giovanni
  Battista Cavalieri et al.]</engrv>

  <city>Rome</city>

  <pub>[Andrea and Michelangelo della Vaccaria] (though signed by
  Lorenzo della Vaccaria) or [Goert van Schaych]</pub>

  <date>[ca. 1614] (though dated 1584) or [1621]</date>

  <ref>Ashby, pp.123-29 and 154-55</ref>

  <ref>NaKL v.16, p.506, n.18 (attributes the whole set to Orazio
  de Santis and Cherubino Alberti)</ref>

  <ref>A-B p.317, n.3155</ref>

  <ref>Cf. also the references for engravings C 705 to C 752</ref>

  <note>Part of a set of 80 engravings which were numbered for the
  first time in the 1621 van Schaych edition. The engravings
  included in our collection apparently come from an undetermined
  number of different Vaccaria-van Schaych editions. Missing in
  this set is plate number 30, a statue of Minerva copied from Cav
  I-II, pl.38 (C 768); two different proofs of numbers 45, 78, and
  80 of the set are included in our collection.</note>

  <note>* See also general note *, p.</note>

  <inscrip>Commodi Imperatoris gladiatoris habitum gestantis
  imago</inscrip>

  <size>22.2 x 13 cm. (Engraving n.73)</size>

  <note>(A) Engraving executed by P. Perret (A 112).</note>
</record>

<record>
  <num>C894</num>

  <subj>Roman Statuary</subj>

  <inscrip>Antiquarum statuarum urbis Romae, quae in publicis
  privatisque locis visuntur icones</inscrip>

  <engrv>[Orazio de Santis, Cherubino Alberti et al. after Giovanni
  Battista Cavalieri et al.]</engrv>

  <city>Rome</city>

  <pub>[Andrea and Michelangelo della Vaccaria] (though signed by
  Lorenzo della Vaccaria) or [Goert van Schaych]</pub>

  <date>[ca. 1614] (though dated 1584) or [1621]</date>

  <ref>Ashby, pp.123-29 and 154-55</ref>

  <ref>NaKL v.16, p.506, n.18 (attributes the whole set to Orazio
  de Santis and Cherubino Alberti)</ref>

  <ref>A-B p.317, n.3155</ref>

  <ref>Cf. also the references for engravings C 705 to C 752</ref>

  <note>Part of a set of 80 engravings which were numbered for the
  first time in the 1621 van Schaych edition. The engravings
  included in our collection apparently come from an undetermined
  number of different Vaccaria-van Schaych editions. Missing in
  this set is plate number 30, a statue of Minerva copied from Cav
  I-II, pl.38 (C 768); two different proofs of numbers 45, 78, and
  80 of the set are included in our collection.</note>

  <note>* See also general note *, p.</note>

  <inscrip>Traiani Imperatoris statua in aedibus de Capite
  ferri</inscrip>

  <size>22.4 x 13.2 cm. (Engraving n.[74])</size>

  <note>(B) Cav III-IV, pl.89.</note>
</record>

<record>
  <num>C895</num>

  <subj>Roman Statuary</subj>

  <inscrip>Antiquarum statuarum urbis Romae, quae in publicis
  privatisque locis visuntur icones</inscrip>

  <engrv>[Orazio de Santis, Cherubino Alberti et al. after Giovanni
  Battista Cavalieri et al.]</engrv>

  <city>Rome</city>

  <pub>[Andrea and Michelangelo della Vaccaria] (though signed by
  Lorenzo della Vaccaria) or [Goert van Schaych]</pub>

  <date>[ca. 1614] (though dated 1584) or [1621]</date>

  <ref>Ashby, pp.123-29 and 154-55</ref>

  <ref>NaKL v.16, p.506, n.18 (attributes the whole set to Orazio
  de Santis and Cherubino Alberti)</ref>

  <ref>A-B p.317, n.3155</ref>

  <ref>Cf. also the references for engravings C 705 to C 752</ref>

  <note>Part of a set of 80 engravings which were numbered for the
  first time in the 1621 van Schaych edition. The engravings
  included in our collection apparently come from an undetermined
  number of different Vaccaria-van Schaych editions. Missing in
  this set is plate number 30, a statue of Minerva copied from Cav
  I-II, pl.38 (C 768); two different proofs of numbers 45, 78, and
  80 of the set are included in our collection.</note>

  <note>* See also general note *, p.</note>

  <inscrip>Faunus apud Card. Burghesium</inscrip>

  <size>22.2 x 13.2 cm. (Engraving n.[75])</size>

  <ref>Ashby, p.155, note 2</ref>

  <note>(A) Engraving published by A. Lafreri (cf. Qu 208)?; Thom,
  pl.26 (reversed). (B) Cav III-IV, pl.88.</note>
</record>

<record>
  <num>C896</num>

  <subj>Roman Statuary</subj>

  <inscrip>Antiquarum statuarum urbis Romae, quae in publicis
  privatisque locis visuntur icones</inscrip>

  <engrv>[Orazio de Santis, Cherubino Alberti et al. after Giovanni
  Battista Cavalieri et al.]</engrv>

  <city>Rome</city>

  <pub>[Andrea and Michelangelo della Vaccaria] (though signed by
  Lorenzo della Vaccaria) or [Goert van Schaych]</pub>

  <date>[ca. 1614] (though dated 1584) or [1621]</date>

  <ref>Ashby, pp.123-29 and 154-55</ref>

  <ref>NaKL v.16, p.506, n.18 (attributes the whole set to Orazio
  de Santis and Cherubino Alberti)</ref>

  <ref>A-B p.317, n.3155</ref>

  <ref>Cf. also the references for engravings C 705 to C 752</ref>

  <note>Part of a set of 80 engravings which were numbered for the
  first time in the 1621 van Schaych edition. The engravings
  included in our collection apparently come from an undetermined
  number of different Vaccaria-van Schaych editions. Missing in
  this set is plate number 30, a statue of Minerva copied from Cav
  I-II, pl.38 (C 768); two different proofs of numbers 45, 78, and
  80 of the set are included in our collection.</note>

  <note>* See also general note *, p.</note>

  <inscrip>Pyrrhi Regis marmoreum simulacrum Romae in aedibus
  Maximorum</inscrip>

  <size>22.5 x 13 cm. (Engraving n.76)</size>

  <note>(A) Engraving executed by Jacob Bos (A 138). (B) Cav I-II,
  pl.96.</note>
</record>

<record>
  <num>C897</num>

  <subj>Roman Statuary</subj>

  <inscrip>Antiquarum statuarum urbis Romae, quae in publicis
  privatisque locis visuntur icones</inscrip>

  <engrv>[Orazio de Santis, Cherubino Alberti et al. after Giovanni
  Battista Cavalieri et al.]</engrv>

  <city>Rome</city>

  <pub>[Andrea and Michelangelo della Vaccaria] (though signed by
  Lorenzo della Vaccaria) or [Goert van Schaych]</pub>

  <date>[ca. 1614] (though dated 1584) or [1621]</date>

  <ref>Ashby, pp.123-29 and 154-55</ref>

  <ref>NaKL v.16, p.506, n.18 (attributes the whole set to Orazio
  de Santis and Cherubino Alberti)</ref>

  <ref>A-B p.317, n.3155</ref>

  <ref>Cf. also the references for engravings C 705 to C 752</ref>

  <note>Part of a set of 80 engravings which were numbered for the
  first time in the 1621 van Schaych edition. The engravings
  included in our collection apparently come from an undetermined
  number of different Vaccaria-van Schaych editions. Missing in
  this set is plate number 30, a statue of Minerva copied from Cav
  I-II, pl.38 (C 768); two different proofs of numbers 45, 78, and
  80 of the set are included in our collection.</note>

  <note>* See also general note *, p.</note>

  <inscrip>Horatii imago in aedibus cuiusdam nobilis
  Romani</inscrip>

  <size>22.2 x 13.2 cm. (Engraving n.77)</size>
</record>

<record>
  <num>C898</num>

  <subj>Roman Statuary</subj>

  <inscrip>Antiquarum statuarum urbis Romae, quae in publicis
  privatisque locis visuntur icones</inscrip>

  <engrv>[Orazio de Santis, Cherubino Alberti et al. after Giovanni
  Battista Cavalieri et al.]</engrv>

  <city>Rome</city>

  <pub>[Andrea and Michelangelo della Vaccaria] (though signed by
  Lorenzo della Vaccaria) or [Goert van Schaych]</pub>

  <date>[ca. 1614] (though dated 1584) or [1621]</date>

  <ref>Ashby, pp.123-29 and 154-55</ref>

  <ref>NaKL v.16, p.506, n.18 (attributes the whole set to Orazio
  de Santis and Cherubino Alberti)</ref>

  <ref>A-B p.317, n.3155</ref>

  <ref>Cf. also the references for engravings C 705 to C 752</ref>

  <note>Part of a set of 80 engravings which were numbered for the
  first time in the 1621 van Schaych edition. The engravings
  included in our collection apparently come from an undetermined
  number of different Vaccaria-van Schaych editions. Missing in
  this set is plate number 30, a statue of Minerva copied from Cav
  I-II, pl.38 (C 768); two different proofs of numbers 45, 78, and
  80 of the set are included in our collection.</note>

  <note>* See also general note *, p.</note>

  <inscrip>Fauni imago in aedibus cuiusdam nobilis Romani</inscrip>

  <size>22.2 x 13.2 cm. (Engraving n.78)</size>

  <note>(A) Engraving published in the van aelst edition (cf.
  Ashby, p.156, pl.9).</note>
</record>

<record>
  <num>C899</num>

  <subj>Roman Statuary</subj>

  <inscrip>Antiquarum statuarum urbis Romae, quae in publicis
  privatisque locis visuntur icones</inscrip>

  <engrv>[Orazio de Santis, Cherubino Alberti et al. after Giovanni
  Battista Cavalieri et al.]</engrv>

  <city>Rome</city>

  <pub>[Andrea and Michelangelo della Vaccaria] (though signed by
  Lorenzo della Vaccaria) or [Goert van Schaych]</pub>

  <date>[ca. 1614] (though dated 1584) or [1621]</date>

  <ref>Ashby, pp.123-29 and 154-55</ref>

  <ref>NaKL v.16, p.506, n.18 (attributes the whole set to Orazio
  de Santis and Cherubino Alberti)</ref>

  <ref>A-B p.317, n.3155</ref>

  <ref>Cf. also the references for engravings C 705 to C 752</ref>

  <note>Part of a set of 80 engravings which were numbered for the
  first time in the 1621 van Schaych edition. The engravings
  included in our collection apparently come from an undetermined
  number of different Vaccaria-van Schaych editions. Missing in
  this set is plate number 30, a statue of Minerva copied from Cav
  I-II, pl.38 (C 768); two different proofs of numbers 45, 78, and
  80 of the set are included in our collection.</note>

  <note>* See also general note *, p.</note>

  <inscrip>Fauni imago</inscrip>

  <size>21.5 x 13 cm. (Engraving n.[78])</size>

  <ref>Lowry, col.50a</ref>

  <note>This engraving, a duplicate of C 898, lacks the lined
  background and has an incomplete inscription. According to Lowry,
  it is a proof before publication.</note>
</record>

<record>
  <num>C900</num>

  <subj>Roman Statuary</subj>

  <inscrip>Antiquarum statuarum urbis Romae, quae in publicis
  privatisque locis visuntur icones</inscrip>

  <engrv>[Orazio de Santis, Cherubino Alberti et al. after Giovanni
  Battista Cavalieri et al.]</engrv>

  <city>Rome</city>

  <pub>[Andrea and Michelangelo della Vaccaria] (though signed by
  Lorenzo della Vaccaria) or [Goert van Schaych]</pub>

  <date>[ca. 1614] (though dated 1584) or [1621]</date>

  <ref>Ashby, pp.123-29 and 154-55</ref>

  <ref>NaKL v.16, p.506, n.18 (attributes the whole set to Orazio
  de Santis and Cherubino Alberti)</ref>

  <ref>A-B p.317, n.3155</ref>

  <ref>Cf. also the references for engravings C 705 to C 752</ref>

  <note>Part of a set of 80 engravings which were numbered for the
  first time in the 1621 van Schaych edition. The engravings
  included in our collection apparently come from an undetermined
  number of different Vaccaria-van Schaych editions. Missing in
  this set is plate number 30, a statue of Minerva copied from Cav
  I-II, pl.38 (C 768); two different proofs of numbers 45, 78, and
  80 of the set are included in our collection.</note>

  <note>* See also general note *, p.</note>

  <inscrip>Jupiter panarius vulgo Marphorius in foro
  Boario</inscrip>

  <size>13.5 x 22.5 cm. (Engraving n.79)</size>

  <note>(A) Engraving attributed to N. Beatrizet (A 113; reversed).
  (B) Cav I, pl.51 (C 752); Cav I-II, pl.94 (C 783); engraving
  executed by Jacques Granthomme and included in Bois (1603),
  pl.[18] and in Bois (1681), third pl. facing p.32 (cf. L-A v.1,
  p.452, n.27).</note>
</record>

<record>
  <num>C901</num>

  <subj>Roman Statuary</subj>

  <inscrip>Antiquarum statuarum urbis Romae, quae in publicis
  privatisque locis visuntur icones</inscrip>

  <engrv>[Orazio de Santis, Cherubino Alberti et al. after Giovanni
  Battista Cavalieri et al.]</engrv>

  <city>Rome</city>

  <pub>[Andrea and Michelangelo della Vaccaria] (though signed by
  Lorenzo della Vaccaria) or [Goert van Schaych]</pub>

  <date>[ca. 1614] (though dated 1584) or [1621]</date>

  <ref>Ashby, pp.123-29 and 154-55</ref>

  <ref>NaKL v.16, p.506, n.18 (attributes the whole set to Orazio
  de Santis and Cherubino Alberti)</ref>

  <ref>A-B p.317, n.3155</ref>

  <ref>Cf. also the references for engravings C 705 to C 752</ref>

  <note>Part of a set of 80 engravings which were numbered for the
  first time in the 1621 van Schaych edition. The engravings
  included in our collection apparently come from an undetermined
  number of different Vaccaria-van Schaych editions. Missing in
  this set is plate number 30, a statue of Minerva copied from Cav
  I-II, pl.38 (C 768); two different proofs of numbers 45, 78, and
  80 of the set are included in our collection.</note>

  <note>* See also general note *, p.</note>

  <inscrip>Alexandri Magni miles, vulgo Pasquinus eum socium
  detinens. Ante aedes Sermonaetis Card. Romani</inscrip>

  <size>22 x 13 cm. (Engraving n.80)</size>

  <note>(B) Engraving published by A. Lafreri in 1550 (A 93); Cav
  I, pl.52; Cav I-II, pl.92 (C 818); engraving executed by Jacques
  Granthomme and included in Bois (1603), pl.[2]] and in Bois
  (1681), fifth pl. facing p.22 (L-A v.1, p.452, n.28). All of
  these engravings are in reverse of the Vaccaria-van Schaych one.
  Cf. also the note to the following engraving.</note>
</record>

<record>
  <num>C902</num>

  <subj>Roman Statuary</subj>

  <inscrip>Antiquarum statuarum urbis Romae, quae in publicis
  privatisque locis visuntur icones</inscrip>

  <engrv>[Orazio de Santis, Cherubino Alberti et al. after Giovanni
  Battista Cavalieri et al.]</engrv>

  <city>Rome</city>

  <pub>[Andrea and Michelangelo della Vaccaria] (though signed by
  Lorenzo della Vaccaria) or [Goert van Schaych]</pub>

  <date>[ca. 1614] (though dated 1584) or [1621]</date>

  <ref>Ashby, pp.123-29 and 154-55</ref>

  <ref>NaKL v.16, p.506, n.18 (attributes the whole set to Orazio
  de Santis and Cherubino Alberti)</ref>

  <ref>A-B p.317, n.3155</ref>

  <ref>Cf. also the references for engravings C 705 to C 752</ref>

  <note>Part of a set of 80 engravings which were numbered for the
  first time in the 1621 van Schaych edition. The engravings
  included in our collection apparently come from an undetermined
  number of different Vaccaria-van Schaych editions. Missing in
  this set is plate number 30, a statue of Minerva copied from Cav
  I-II, pl.38 (C 768); two different proofs of numbers 45, 78, and
  80 of the set are included in our collection.</note>

  <note>* See also general note *, p.</note>

  <inscrip>Alexandri Magni, vulgo Pasquinus eum socium detinens.
  Ante aedes Sermonaetis Card. Romani</inscrip>

  <size>22 x 13 cm. (Engraving n.[80])</size>

  <note>This engraving is a duplicate of C 901; it lacks, however,
  the various legends and the Orsini arms (cf. Ashby, p.129, note 1
  and Lowry, col.50b and note 29). The inscription of this statue
  in the Cavalieri editions, including the 1623 Marcucci one,
  locates it in front of the house of Cardinal Alfonso Caraffa
  (1540-1567), who was made a Cardinal on March 15, 1557 (cf. EC
  v.3, col.98a). In the inscription of the Vaccaria-van Schaych
  editions, this house had passed into the hands of a Cardinal of
  the Sermonetta branch which could mean any of the following
  members of the Caetani family who in hereditary succession were
  created Cardinals: Nicolo in 1538; Enrico in 1589; Bonfacio II in
  1606; Antonio II in 1621; and Luigi (d.1642), the last Cardinal
  of that family, in 1626 (cf. EI v.8, p.252). The engraving of
  this statue executed by Jacques Granthomme ca.1597 is without an
  inscription but bears on the pedestal what appears to be the
  Caraffa arms.</note>
</record>

<record>
  <num>C903</num>

  <subj>Roman Statuary</subj>

  <inscrip>[Antiquarum statuarum urbis Romae liber
  primus]</inscrip>

  <engrv>[Philippe Thomassin]</engrv>

  <city>[Rome]</city>

  <pub>[Philippe Thomassin]?</pub>

  <date>[1618]</date>

  <ref>Bruwaert, p.94, n.532-401</ref>

  <ref>A-B p.317, n.3151</ref>

  <ref>Thom. Cf. also the references listed for engravings C 705 to
  C 752</ref>

  <note>Part of a set of 50 unnumbered engravings including a title
  page. In the Thom-de Rossi edition, the plates are numbered from
  1 through 50, and are followed by two unnumbered plates of larger
  dimensions than the numbered ones; they represent, respectively,
  the "Farnese Bull" (for which cf. Vaccaria-van Schaych, pl.21=C
  841 in our collection, though with variants in the text of the
  inscription), and the "Laocoon" (cf. Vaccaria-van Schaych,
  pl.48=C 868 in our collection). The engraving numbers supplied in
  brackets in the entries listed below correspond to those of the
  Thom-de Rossi edition.</note>

  <note>* See also general note *, p.</note>

  <inscrip>Jupiter in aedibus Card. Burghesii</inscrip>

  <size>12.5 x 8 cm. (Engraving n.[2]; reversed)</size>

  <note>(B) Cav III-IV, pl.24.</note>
</record>

<record>
  <num>C904</num>

  <subj>Roman Statuary</subj>

  <inscrip>[Antiquarum statuarum urbis Romae liber
  primus]</inscrip>

  <engrv>[Philippe Thomassin]</engrv>

  <city>[Rome]</city>

  <pub>[Philippe Thomassin]?</pub>

  <date>[1618]</date>

  <ref>Bruwaert, p.94, n.532-401</ref>

  <ref>A-B p.317, n.3151</ref>

  <ref>Thom. Cf. also the references listed for engravings C 705 to
  C 752</ref>

  <note>Part of a set of 50 unnumbered engravings including a title
  page. In the Thom-de Rossi edition, the plates are numbered from
  1 through 50, and are followed by two unnumbered plates of alrger
  dimensions than the numbered ones; they represent, respectively,
  the "Farnese Bull" (for which cf. Vaccaria-van Schaych, pl.21=C
  841 in our collection, though with variants in the text of the
  inscription), and the "Laocoon" (cf. Vaccaria-van Schaych,
  pl.48=C 868 in our collection). The engraving numbers supplied in
  brackets in the entries listed below correspond to those of the
  Thom-de Rossi edition.</note>

  <note>* See also general note *, p.</note>

  <inscrip>Orpheus in aedibus Card. Burghesii</inscrip>

  <size>12.5 x 8 cm. (Engraving n.[5]; reversed)</size>
</record>

<record>
  <num>C905</num>

  <subj>Roman Statuary</subj>

  <inscrip>[Antiquarum statuarum urbis Romae liber
  primus]</inscrip>

  <engrv>[Philippe Thomassin]</engrv>

  <city>[Rome]</city>

  <pub>[Philippe Thomassin]?</pub>

  <date>[1618]</date>

  <ref>Bruwaert, p.94, n.532-401</ref>

  <ref>A-B p.317, n.3151</ref>

  <ref>Thom. Cf. also the references listed for engravings C 705 to
  C 752</ref>

  <note>Part of a set of 50 unnumbered engravings including a title
  page. In the Thom-de Rossi edition, the plates are numbered from
  1 through 50, and are followed by two unnumbered plates of alrger
  dimensions than the numbered ones; they represent, respectively,
  the "Farnese Bull" (for which cf. Vaccaria-van Schaych, pl.21=C
  841 in our collection, though with variants in the text of the
  inscription), and the "Laocoon" (cf. Vaccaria-van Schaych,
  pl.48=C 868 in our collection). The engraving numbers supplied in
  brackets in the entries listed below correspond to those of the
  Thom-de Rossi edition.</note>

  <note>* See also general note *, p.</note>

  <inscrip>Hercules in aedibus Card. Burghesii</inscrip>

  <size>12.5 x 8 cm. (Engraving n.[6]; reversed)</size>
</record>

<record>
  <num>C906</num>

  <subj>Roman Statuary</subj>

  <inscrip>[Antiquarum statuarum urbis Romae liber
  primus]</inscrip>

  <engrv>[Philippe Thomassin]</engrv>

  <city>[Rome]</city>

  <pub>[Philippe Thomassin]?</pub>

  <date>[1618]</date>

  <ref>Bruwaert, p.94, n.532-401</ref>

  <ref>A-B p.317, n.3151</ref>

  <ref>Thom. Cf. also the references listed for engravings C 705 to
  C 752</ref>

  <note>Part of a set of 50 unnumbered engravings including a title
  page. In the Thom-de Rossi edition, the plates are numbered from
  1 through 50, and are followed by two unnumbered plates of alrger
  dimensions than the numbered ones; they represent, respectively,
  the "Farnese Bull" (for which cf. Vaccaria-van Schaych, pl.21=C
  841 in our collection, though with variants in the text of the
  inscription), and the "Laocoon" (cf. Vaccaria-van Schaych,
  pl.48=C 868 in our collection). The engraving numbers supplied in
  brackets in the entries listed below correspond to those of the
  Thom-de Rossi edition.</note>

  <note>* See also general note *, p.</note>

  <inscrip>Esculapius in aedibus Burghesii</inscrip>

  <size>12.5 x 8.5 cm. (Engraving n.[9])</size>
</record>

<record>
  <num>C907</num>

  <subj>Roman Statuary</subj>

  <inscrip>[Antiquarum statuarum urbis Romae liber
  primus]</inscrip>

  <engrv>[Philippe Thomassin]</engrv>

  <city>[Rome]</city>

  <pub>[Philippe Thomassin]?</pub>

  <date>[1618]</date>

  <ref>Bruwaert, p.94, n.532-401</ref>

  <ref>A-B p.317, n.3151</ref>

  <ref>Thom. Cf. also the references listed for engravings C 705 to
  C 752</ref>

  <note>Part of a set of 50 unnumbered engravings including a title
  page. In the Thom-de Rossi edition, the plates are numbered from
  1 through 50, and are followed by two unnumbered plates of alrger
  dimensions than the numbered ones; they represent, respectively,
  the "Farnese Bull" (for which cf. Vaccaria-van Schaych, pl.21=C
  841 in our collection, though with variants in the text of the
  inscription), and the "Laocoon" (cf. Vaccaria-van Schaych,
  pl.48=C 868 in our collection). The engraving numbers supplied in
  brackets in the entries listed below correspond to those of the
  Thom-de Rossi edition.</note>

  <note>* See also general note *, p.</note>

  <inscrip>Satyrus in caedibus</inscrip>

  <size>12.5 x 8 cm. (Engraving n.[14]; reversed)</size>

  <note>(A) Cav III-IV, pl.78. The inscription in Thom, pl.14
  corrects the text from "caedibus" to "aedibus.".</note>
</record>

<record>
  <num>C908</num>

  <subj>Roman Statuary</subj>

  <inscrip>[Antiquarum statuarum urbis Romae liber
  primus]</inscrip>

  <engrv>[Philippe Thomassin]</engrv>

  <city>[Rome]</city>

  <pub>[Philippe Thomassin]?</pub>

  <date>[1618]</date>

  <ref>Bruwaert, p.94, n.532-401</ref>

  <ref>A-B p.317, n.3151</ref>

  <ref>Thom. Cf. also the references listed for engravings C 705 to
  C 752</ref>

  <note>Part of a set of 50 unnumbered engravings including a title
  page. In the Thom-de Rossi edition, the plates are numbered from
  1 through 50, and are followed by two unnumbered plates of alrger
  dimensions than the numbered ones; they represent, respectively,
  the "Farnese Bull" (for which cf. Vaccaria-van Schaych, pl.21=C
  841 in our collection, though with variants in the text of the
  inscription), and the "Laocoon" (cf. Vaccaria-van Schaych,
  pl.48=C 868 in our collection). The engraving numbers supplied in
  brackets in the entries listed below correspond to those of the
  Thom-de Rossi edition.</note>

  <note>* See also general note *, p.</note>

  <inscrip>Diana Trivia in aedibus</inscrip>

  <size>12.5 x 8 cm. (Engraving n.[15])</size>

  <note>(B) Cav III-IV, pl.20.</note>
</record>

<record>
  <num>C909</num>

  <subj>Roman Statuary</subj>

  <inscrip>[Antiquarum statuarum urbis Romae liber
  primus]</inscrip>

  <engrv>[Philippe Thomassin]</engrv>

  <city>[Rome]</city>

  <pub>[Philippe Thomassin]?</pub>

  <date>[1618]</date>

  <ref>Bruwaert, p.94, n.532-401</ref>

  <ref>A-B p.317, n.3151</ref>

  <ref>Thom. Cf. also the references listed for engravings C 705 to
  C 752</ref>

  <note>Part of a set of 50 unnumbered engravings including a title
  page. In the Thom-de Rossi edition, the plates are numbered from
  1 through 50, and are followed by two unnumbered plates of alrger
  dimensions than the numbered ones; they represent, respectively,
  the "Farnese Bull" (for which cf. Vaccaria-van Schaych, pl.21=C
  841 in our collection, though with variants in the text of the
  inscription), and the "Laocoon" (cf. Vaccaria-van Schaych,
  pl.48=C 868 in our collection). The engraving numbers supplied in
  brackets in the entries listed below correspond to those of the
  Thom-de Rossi edition.</note>

  <note>* See also general note *, p.</note>

  <inscrip>Apolinis in viridario Magni Ducis Etruriae</inscrip>

  <size>12.5 x 8 cm. (Engraving n.[23]; reversed)</size>

  <note>(A) Vac-van S, pl.41 (C 860); signed by Cherubino
  Alberti.</note>
</record>

<record>
  <num>C910</num>

  <subj>Roman Statuary</subj>

  <inscrip>[Antiquarum statuarum urbis Romae liber
  primus]</inscrip>

  <engrv>[Philippe Thomassin]</engrv>

  <city>[Rome]</city>

  <pub>[Philippe Thomassin]?</pub>

  <date>[1618]</date>

  <ref>Bruwaert, p.94, n.532-401</ref>

  <ref>A-B p.317, n.3151</ref>

  <ref>Thom. Cf. also the references listed for engravings C 705 to
  C 752</ref>

  <note>Part of a set of 50 unnumbered engravings including a title
  page. In the Thom-de Rossi edition, the plates are numbered from
  1 through 50, and are followed by two unnumbered plates of alrger
  dimensions than the numbered ones; they represent, respectively,
  the "Farnese Bull" (for which cf. Vaccaria-van Schaych, pl.21=C
  841 in our collection, though with variants in the text of the
  inscription), and the "Laocoon" (cf. Vaccaria-van Schaych,
  pl.48=C 868 in our collection). The engraving numbers supplied in
  brackets in the entries listed below correspond to those of the
  Thom-de Rossi edition.</note>

  <note>* See also general note *, p.</note>

  <inscrip>Comodus in aedibus Card. Farnesii</inscrip>

  <size>12.5 x 8 cm. (Engraving n.[25])</size>

  <note>(A) Engraving executed by Cornelis Cort (A 106); Vac-van S,
  pl.32 (C 851). (B) Per, pl.13 (back view).</note>
</record>

<record>
  <num>C911</num>

  <subj>Roman Statuary</subj>

  <inscrip>[Antiquarum statuarum urbis Romae liber
  primus]</inscrip>

  <engrv>[Philippe Thomassin]</engrv>

  <city>[Rome]</city>

  <pub>[Philippe Thomassin]?</pub>

  <date>[1618]</date>

  <ref>Bruwaert, p.94, n.532-401</ref>

  <ref>A-B p.317, n.3151</ref>

  <ref>Thom. Cf. also the references listed for engravings C 705 to
  C 752</ref>

  <note>Part of a set of 50 unnumbered engravings including a title
  page. In the Thom-de Rossi edition, the plates are numbered from
  1 through 50, and are followed by two unnumbered plates of alrger
  dimensions than the numbered ones; they represent, respectively,
  the "Farnese Bull" (for which cf. Vaccaria-van Schaych, pl.21=C
  841 in our collection, though with variants in the text of the
  inscription), and the "Laocoon" (cf. Vaccaria-van Schaych,
  pl.48=C 868 in our collection). The engraving numbers supplied in
  brackets in the entries listed below correspond to those of the
  Thom-de Rossi edition.</note>

  <note>* See also general note *, p.</note>

  <inscrip>Marsias apud nobilem quendem</inscrip>

  <size>12.5 x 8 cm. (Engraving n.[29]; reversed)</size>

  <note>(A) Vac-van S, pl.69 (C 889; singed by Cherubino Alberti).
  (B) Per, pl.18b.</note>
</record>

<record>
  <num>C912</num>

  <subj>Roman Statuary</subj>

  <inscrip>[Antiquarum statuarum urbis Romae liber
  primus]</inscrip>

  <engrv>[Philippe Thomassin]</engrv>

  <city>[Rome]</city>

  <pub>[Philippe Thomassin]?</pub>

  <date>[1618]</date>

  <ref>Bruwaert, p.94, n.532-401</ref>

  <ref>A-B p.317, n.3151</ref>

  <ref>Thom. Cf. also the references listed for engravings C 705 to
  C 752</ref>

  <note>Part of a set of 50 unnumbered engravings including a title
  page. In the Thom-de Rossi edition, the plates are numbered from
  1 through 50, and are followed by two unnumbered plates of alrger
  dimensions than the numbered ones; they represent, respectively,
  the "Farnese Bull" (for which cf. Vaccaria-van Schaych, pl.21=C
  841 in our collection, though with variants in the text of the
  inscription), and the "Laocoon" (cf. Vaccaria-van Schaych,
  pl.48=C 868 in our collection). The engraving numbers supplied in
  brackets in the entries listed below correspond to those of the
  Thom-de Rossi edition.</note>

  <note>* See also general note *, p.</note>

  <inscrip>Mars in Capitolio</inscrip>

  <size>12.5 x 8 cm. (Engraving n.[32]; reversed)</size>

  <note>(A) Cav III-IV, pl.32 (reversed).</note>
</record>

<record>
  <num>C913</num>

  <subj>Roman Statuary</subj>

  <inscrip>[Antiquarum statuarum urbis Romae liber
  primus]</inscrip>

  <engrv>[Philippe Thomassin]</engrv>

  <city>[Rome]</city>

  <pub>[Philippe Thomassin]?</pub>

  <date>[1618]</date>

  <ref>Bruwaert, p.94, n.532-401</ref>

  <ref>A-B p.317, n.3151</ref>

  <ref>Thom. Cf. also the references listed for engravings C 705 to
  C 752</ref>

  <note>Part of a set of 50 unnumbered engravings including a title
  page. In the Thom-de Rossi edition, the plates are numbered from
  1 through 50, and are followed by two unnumbered plates of alrger
  dimensions than the numbered ones; they represent, respectively,
  the "Farnese Bull" (for which cf. Vaccaria-van Schaych, pl.21=C
  841 in our collection, though with variants in the text of the
  inscription), and the "Laocoon" (cf. Vaccaria-van Schaych,
  pl.48=C 868 in our collection). The engraving numbers supplied in
  brackets in the entries listed below correspond to those of the
  Thom-de Rossi edition.</note>

  <note>* See also general note *, p.</note>

  <inscrip>Statua in Capitolio ex aere</inscrip>

  <size>12.5 x 8 cm. (Engraving n.[42])</size>

  <note>(A) Engraving executed by Cornelis Cort or Diana Ghisi (A
  114); Vac-van S, pl.13 (C 833). (B) Per, pl.42.</note>
</record>

<record>
  <num>C914</num>

  <subj>Roman Statuary</subj>

  <inscrip>[Antiquarum statuarum urbis Romae liber
  primus]</inscrip>

  <engrv>[Philippe Thomassin]</engrv>

  <city>[Rome]</city>

  <pub>[Philippe Thomassin]?</pub>

  <date>[1618]</date>

  <ref>Bruwaert, p.94, n.532-401</ref>

  <ref>A-B p.317, n.3151</ref>

  <ref>Thom. Cf. also the references listed for engravings C 705 to
  C 752</ref>

  <note>Part of a set of 50 unnumbered engravings including a title
  page. In the Thom-de Rossi edition, the plates are numbered from
  1 through 50, and are followed by two unnumbered plates of alrger
  dimensions than the numbered ones; they represent, respectively,
  the "Farnese Bull" (for which cf. Vaccaria-van Schaych, pl.21=C
  841 in our collection, though with variants in the text of the
  inscription), and the "Laocoon" (cf. Vaccaria-van Schaych,
  pl.48=C 868 in our collection). The engraving numbers supplied in
  brackets in the entries listed below correspond to those of the
  Thom-de Rossi edition.</note>

  <note>* See also general note *, p.</note>

  <inscrip>Apolo in aedibus Card. Burghesii</inscrip>

  <size>12.5 x 8 cm. (Engraving n.[48]; reversed)</size>
</record>

<record>
  <num>C915</num>

  <subj>Headless Draped Female Statues</subj>

  <inscrip>Delaohavo</inscrip>

  <size>14.7 cm</size>
</record>

<record>
  <num>C916</num>

  <subj>Headless Draped Female Statues</subj>

  <inscrip>A. Empovlio</inscrip>

  <size>15 x 8.5 cm</size>
</record>

<record>
  <num>C917</num>

  <subj>Headless Draped Female Statues</subj>

  <inscrip>Iulia</inscrip>

  <size>13 x 7 cm</size>
</record>

<record>
  <num>C918</num>

  <subj>Headless Draped Female Statues</subj>

  <inscrip>Martiu</inscrip>

  <size>14.7 x 6.5 cm</size>
</record>

<record>
  <num>C919</num>

  <subj>Headless Draped Female Statues</subj>

  <inscrip>Pallas</inscrip>

  <size>14.6 x 6.7 cm</size>
</record>

<record>
  <num>C920</num>

  <subj>Headless Draped Female Statues</subj>

  <inscrip>Pallas</inscrip>

  <size>16.5 x 6 cm</size>
</record>

<record>
  <num>C921</num>

  <subj>Headless Draped Female Statues</subj>

  <inscrip>Portia</inscrip>

  <size>15.2 x 6.8 cm</size>
</record>

<record>
  <num>C922</num>

  <subj>Headless Draped Female Statues</subj>

  <inscrip>Flunia</inscrip>

  <size>15 x 7 cm</size>
</record>

<record>
  <num>C923</num>

  <subj>Headless Draped Female Statues</subj>

  <inscrip>Spurnia</inscrip>

  <size>14.7 x 7 cm</size>
</record>

<record>
  <num>C924</num>

  <subj>Headless Draped Female Statues</subj>

  <inscrip>Sulpitia</inscrip>

  <size>15 x 7.4 cm</size>
</record>

<record>
  <num>C925</num>

  <subj>Headless Draped Female Statues</subj>

  <inscrip>Turia</inscrip>

  <size>13. 5 x 6 cm</size>
</record>

<record>
  <num>C926</num>

  <subj>Headless Draped Female Statues</subj>

  <inscrip>Turia</inscrip>

  <size>13.5 x 6 cm</size>
</record>

<record>
  <num>C927</num>

  <subj>Headless Draped Female Statues</subj>

  <inscrip>[Unnamed]</inscrip>

  <size>16 x 6 cm</size>
</record>

<record>
  <num>C928</num>

  <subj>Headless Draped Female Statues</subj>

  <inscrip>[Unnamed]</inscrip>

  <size>15.5 x 8.5 cm</size>
</record>

<record>
  <num>C929</num>

  <subj>Headless Draped Female Statues</subj>

  <inscrip>[Diana?]</inscrip>

  <size>14 x 8.2 cm</size>

  <note>The inscription has been partially trimmed off and is
  illegible.</note>
</record>

<record>
  <num>C930</num>

  <subj>Seated Headless Draped Female Statues</subj>

  <inscrip>Plaudilla Augus</inscrip>

  <size>14.8 x 10 cm</size>
</record>

<record>
  <num>C931</num>

  <subj>Seated Headless Draped Female Statues</subj>

  <inscrip>[Unnamed]</inscrip>

  <size>11 x 6.4 cm</size>
</record>

<record>
  <num>C932</num>

  <subj>Seated Headless Draped Female Statues</subj>

  <inscrip>[Unnamed]</inscrip>

  <size>12 x 7 cm</size>
</record>

<record>
  <num>C933</num>

  <subj>Seated Headless Draped Female Statues</subj>

  <inscrip>[Unnamed]</inscrip>

  <size>11.2 x 7 cm</size>
</record>

<record>
  <num>C934</num>

  <subj>Draped Female Statues</subj>

  <inscrip>Ceres</inscrip>

  <size>16 x 7.5 cm</size>
</record>

<record>
  <num>C935</num>

  <subj>Draped Female Statues</subj>

  <inscrip>T. Depusol</inscrip>

  <size>16 x 7.5 cm</size>
</record>

<record>
  <num>C936</num>

  <subj>Draped Female Statues</subj>

  <inscrip>T. Depusol</inscrip>

  <size>15.2 x 5 cm</size>
</record>

<record>
  <num>C937</num>

  <subj>Draped Female Statues</subj>

  <inscrip>T. Depusol</inscrip>

  <size>15 x 6.5 cm</size>
</record>

<record>
  <num>C938</num>

  <subj>Draped Female Statues</subj>

  <inscrip>T. Depusol</inscrip>

  <size>15 x 5.7 cm</size>
</record>

<record>
  <num>C939</num>

  <subj>Draped Female Statues</subj>

  <inscrip>[T. Depsuol?]</inscrip>

  <size>15 x 5.7 cm</size>

  <note>Text of the inscription is damaged.</note>
</record>

<record>
  <num>C940</num>

  <subj>Draped Female Statues</subj>

  <inscrip>Sulpitia</inscrip>

  <size>14.2 x 7.5 cm</size>
</record>

<record>
  <num>C941</num>

  <subj>Draped Female Statues</subj>

  <inscrip>Agrippina</inscrip>

  <size>12 x 7 cm</size>
</record>

<record>
  <num>C942</num>

  <subj>Draped Female Statues</subj>

  <inscrip>Calphurnia</inscrip>

  <size>14.2 x 7 cm</size>
</record>

<record>
  <num>C943</num>

  <subj>Draped Female Statues</subj>

  <inscrip>Aurelia Mater</inscrip>

  <size>16 x 8.2 cm</size>
</record>

<record>
  <num>C944</num>

  <subj>Draped Female Statues</subj>

  <inscrip>Livia Julia</inscrip>

  <size>15 x 8 cm</size>
</record>

<record>
  <num>C945</num>

  <subj>Draped Female Statues</subj>

  <inscrip>Lucretia</inscrip>

  <size>15 x 8 cm</size>
</record>

<record>
  <num>C946</num>

  <subj>Draped Female Statues</subj>

  <inscrip>Lucretia</inscrip>

  <size>14.3 x 7.3 cm</size>
</record>

<record>
  <num>C947</num>

  <subj>Draped Female Statues</subj>

  <inscrip>Cleopatra</inscrip>

  <size>8 x 15.5 cm</size>

  <ref>Reinach, v.1, p.559, pl.912 (reversed)</ref>

  <note>For other references cf. the note to engraving C 867</note>
</record>

<record>
  <num>C948</num>

  <subj>Draped Female Statues</subj>

  <inscrip>Veturia Ma. Corio</inscrip>

  <size>13.8 x 7.8 cm</size>
</record>

<record>
  <num>C949</num>

  <subj>Draped Female Statues</subj>

  <inscrip>Velunnia Ux. Corio</inscrip>

  <size>12.5 x 6.6 cm</size>
</record>

<record>
  <num>C950</num>

  <subj>Draped Female Statues</subj>

  <inscrip>Drusilla</inscrip>

  <size>12.6 x 7.6 cm</size>
</record>

<record>
  <num>C951</num>

  <subj>Draped Female Statues</subj>

  <inscrip>Iudith</inscrip>

  <size>13.5 x 8 cm</size>
</record>

<record>
  <num>C952</num>

  <subj>Mercury</subj>

  <inscrip>Mercurius</inscrip>

  <size>15.1 x 9 cm</size>
</record>

<record>
  <num>C953</num>

  <subj>Orelius</subj>

  <inscrip>Orelius</inscrip>

  <size>19 x 8.5 cm</size>

  <note>Engravings C 915 to C 953 could be the work of either one
  or two engravers. The writing of the inscriptions seems to
  indicate two different hands.</note>
</record>

<record>
  <num>C954</num>

  <subj>Draped Female Figure Holding A Spear (Minerva?)</subj>

  <size>16 x 8.5 cm</size>
</record>

<record>
  <num>C955</num>

  <subj>Antique Statue</subj>

  <engrv>[Antonio Fantuzzi]</engrv>

  <city>s.l.</city>

  <pub>s.n.</pub>

  <date>[probably between 1543 and 1545]</date>

  <size>21 x 10.5 cm</size>

  <ref>Zerner, pl.A.F. 89 and 90</ref>
</record>

<record>
  <num>C956</num>

  <subj>The Twelve Sibylls</subj>

  <city>[Rome]?</city>

  <pub>[s.n.]</pub>

  <date>[before 1572]</date>

  <ref>Vienna, p.56, n.663-674</ref>

  <ref>NaKL v.10, p.92, n.8-18 (lists only 11 of 12 plates)</ref>

  <note>Part of a set of 12 numbered engravings. Missing here is
  number 1 of the set: the "Sibylla Persica" (cf. Ba v.15, p.517,
  n.8). This same set was engraved in 1572 by the Master with the
  name Jesus Christ.</note>

  <inscrip>Florem germinabit radix sine spina. Sibylla
  Libyca</inscrip>

  <size>17.5 x 9.5 cm. (Engraving n.2)</size>
</record>

<record>
  <num>C957</num>

  <subj>The Twelve Sibylls</subj>

  <city>[Rome]?</city>

  <pub>[s.n.]</pub>

  <date>[before 1572]</date>

  <ref>Vienna, p.56, n.663-674</ref>

  <ref>NaKL v.10, p.92, n.8-18 (lists only 11 of 12 plates)</ref>

  <note>Part of a set of 12 numbered engravings. Missing here is
  number 1 of the set: the "Sibylla Persica" (cf. Ba v.15, p.517,
  n.8). This same set was engraved in 1572 by the Master with the
  name Jesus Christ.</note>

  <inscrip>Describetur in pace et veniet. Sibylla
  Delphica</inscrip>

  <size>17.5 x 9.5 cm. (Engraving n.3)</size>
</record>

<record>
  <num>C958</num>

  <subj>The Twelve Sibylls</subj>

  <city>[Rome]?</city>

  <pub>[s.n.]</pub>

  <date>[before 1572]</date>

  <ref>Vienna, p.56, n.663-674</ref>

  <ref>NaKL v.10, p.92, n.8-18 (lists only 11 of 12 plates)</ref>

  <note>Part of a set of 12 numbered engravings. Missing here is
  number 1 of the set: the "Sibylla Persica" (cf. Ba v.15, p.517,
  n.8). This same set was engraved in 1572 by the Master with the
  name Jesus Christ.</note>

  <inscrip>In stabulo cunas habebit rex. Sibylla Cumaea</inscrip>

  <size>17.5 x 9.5 cm. (Engraving n.4)</size>
</record>

<record>
  <num>C959</num>

  <subj>The Twelve Sibylls</subj>

  <city>[Rome]?</city>

  <pub>[s.n.]</pub>

  <date>[before 1572]</date>

  <ref>Vienna, p.56, n.663-674</ref>

  <ref>NaKL v.10, p.92, n.8-18 (lists only 11 of 12 plates)</ref>

  <note>Part of a set of 12 numbered engravings. Missing here is
  number 1 of the set: the "Sibylla Persica" (cf. Ba v.15, p.517,
  n.8). This same set was engraved in 1572 by the Master with the
  name Jesus Christ.</note>

  <inscrip>Audietur e finibus orbis, et adorabitur. Sibylla
  Erythaea</inscrip>

  <size>17.5 x 9.5 cm. (Engraving n.5)</size>
</record>

<record>
  <num>C960</num>

  <subj>The Twelve Sibylls</subj>

  <city>[Rome]?</city>

  <pub>[s.n.]</pub>

  <date>[before 1572]</date>

  <ref>Vienna, p.56, n.663-674</ref>

  <ref>NaKL v.10, p.92, n.8-18 (lists only 11 of 12 plates)</ref>

  <note>Part of a set of 12 numbered engravings. Missing here is
  number 1 of the set: the "Sibylla Persica" (cf. Ba v.15, p.517,
  n.8). This same set was engraved in 1572 by the Master with the
  name Jesus Christ.</note>

  <inscrip>Occidentur parvuli, et fugiet. Sibylla Samia</inscrip>

  <size>17.5 x 9.5 cm. (Engraving n.6)</size>
</record>

<record>
  <num>C961</num>

  <subj>The Twelve Sibylls</subj>

  <city>[Rome]?</city>

  <pub>[s.n.]</pub>

  <date>[before 1572]</date>

  <ref>Vienna, p.56, n.663-674</ref>

  <ref>NaKL v.10, p.92, n.8-18 (lists only 11 of 12 plates)</ref>

  <note>Part of a set of 12 numbered engravings. Missing here is
  number 1 of the set: the "Sibylla Persica" (cf. Ba v.15, p.517,
  n.8). This same set was engraved in 1572 by the Master with the
  name Jesus Christ.</note>

  <inscrip>Pretium facient, et insidiabuntur ei, Sibylla
  Cumana</inscrip>

  <size>17.5 x 9.5 cm. (Engraving n.7)</size>
</record>

<record>
  <num>C962</num>

  <subj>The Twelve Sibylls</subj>

  <city>[Rome]?</city>

  <pub>[s.n.]</pub>

  <date>[before 1572]</date>

  <ref>Vienna, p.56, n.663-674</ref>

  <ref>NaKL v.10, p.92, n.8-18 (lists only 11 of 12 plates)</ref>

  <note>Part of a set of 12 numbered engravings. Missing here is
  number 1 of the set: the "Sibylla Persica" (cf. Ba v.15, p.517,
  n.8). This same set was engraved in 1572 by the Master with the
  name Jesus Christ.</note>

  <inscrip>Deo impingent alapas. Sibylla Hellespontiaca</inscrip>

  <size>17.5 x 9.5 cm. (Engraving n.8)</size>
</record>

<record>
  <num>C963</num>

  <subj>The Twelve Sibylls</subj>

  <city>[Rome]?</city>

  <pub>[s.n.]</pub>

  <date>[before 1572]</date>

  <ref>Vienna, p.56, n.663-674</ref>

  <ref>NaKL v.10, p.92, n.8-18 (lists only 11 of 12 plates)</ref>

  <note>Part of a set of 12 numbered engravings. Missing here is
  number 1 of the set: the "Sibylla Persica" (cf. Ba v.15, p.517,
  n.8). This same set was engraved in 1572 by the Master with the
  name Jesus Christ.</note>

  <inscrip>Dabit in ververa dorsum. Sibylla Phrygia</inscrip>

  <size>17.5 x 9.5 cm. (Engraving n.9)</size>
</record>

<record>
  <num>C964</num>

  <subj>The Twelve Sibylls</subj>

  <city>[Rome]?</city>

  <pub>[s.n.]</pub>

  <date>[before 1572]</date>

  <ref>Vienna, p.56, n.663-674</ref>

  <ref>NaKL v.10, p.92, n.8-18 (lists only 11 of 12 plates)</ref>

  <note>Part of a set of 12 numbered engravings. Missing here is
  number 1 of the set: the "Sibylla Persica" (cf. Ba v.15, p.517,
  n.8). This same set was engraved in 1572 by the Master with the
  name Jesus Christ.</note>

  <inscrip>Spinis coronabitur, et illudentur. Sibylla
  Tyburtina</inscrip>

  <size>17.5 x 9.5 cm. (Engraving n.10)</size>
</record>

<record>
  <num>C965</num>

  <subj>The Twelve Sibylls</subj>

  <city>[Rome]?</city>

  <pub>[s.n.]</pub>

  <date>[before 1572]</date>

  <ref>Vienna, p.56, n.663-674</ref>

  <ref>NaKL v.10, p.92, n.8-18 (lists only 11 of 12 plates)</ref>

  <note>Part of a set of 12 numbered engravings. Missing here is
  number 1 of the set: the "Sibylla Persica" (cf. Ba v.15, p.517,
  n.8). This same set was engraved in 1572 by the Master with the
  name Jesus Christ.</note>

  <inscrip>Cruci damnabunt innocentum. Sibylla Epirotica</inscrip>

  <size>17.5 x 9.5 cm. (Engraving n.11)</size>
</record>

<record>
  <num>C966</num>

  <subj>The Twelve Sibylls</subj>

  <city>[Rome]?</city>

  <pub>[s.n.]</pub>

  <date>[before 1572]</date>

  <ref>Vienna, p.56, n.663-674</ref>

  <ref>NaKL v.10, p.92, n.8-18 (lists only 11 of 12 plates)</ref>

  <note>Part of a set of 12 numbered engravings. Missing here is
  number 1 of the set: the "Sibylla Persica" (cf. Ba v.15, p.517,
  n.8). This same set was engraved in 1572 by the Master with the
  name Jesus Christ.</note>

  <inscrip>Ab inferis regressus in lucem veniet. Sibylla
  Colophonia</inscrip>

  <size>17.5 x 9.5 cm. (Engraving n.12)</size>

  <ref>Pas v.6, p.156, n.19</ref>
</record>

<record>
  <num>C967</num>

  <subj>Two Sibylls</subj>

  <inscrip>Duae Sybillae Romae extra Portam S. Angeli....</inscrip>

  <engrv>Hendrick Goltzius after Polidoro da Caravaggio</engrv>

  <city>[Rome]</city>

  <pub>[s.n.]</pub>

  <date>[ca.1580 (?)]</date>

  <size>24.5 x 16 cm</size>

  <ref>Hol v.8, p.102</ref>

  <ref>NaKL v.6, p.14</ref>

  <ref>Hirschmann, p.132, n.304</ref>
</record>

<record>
  <num>C968</num>

  <subj>Statues Of Famous Women Of Roman Antiquity</subj>

  <engrv>Philip [and/or Theodore] Galle</engrv>

  <city>[Antwerp]</city>

  <pub>Philip [and/or Theodore] Galle</pub>

  <date>[probably before 1612]</date>

  <note>Possibly a complete set of six numbered engravings. It may
  be related to either the entry listed in Hol v.7, p.86, n.390-95
  (engraved by Theodore Galle) and/or to the one listed on p.44 of
  the same volume, n.14-19, engraved by Pieter Jalhea Furnius
  (Dufour); both sets were engraved after J. Stradanus (van
  Straet). Furnius' set was published by Hieronymus Cock in 1573.
  Plate n.1 of our set (C 968) is signed by Philip Galle; the
  others are unsigned.</note>

  <inscrip>Amalthaea Iovis nutrix</inscrip>

  <size>18.5 x 8.4 cm. (Engraving n.1)</size>
</record>

<record>
  <num>C969</num>

  <subj>Statues Of Famous Women Of Roman Antiquity</subj>

  <engrv>Philip [and/or Theodore] Galle</engrv>

  <city>[Antwerp]</city>

  <pub>Philip [and/or Theodore] Galle</pub>

  <date>[probably before 1612]</date>

  <note>Possibly a complete set of six numbered engravings. It may
  be related to either the entry listed in Hol v.7, p.86, n.390-95
  (engraved by Theodore Galle) and/or to the one listed on p.44 of
  the same volume, n.14-19, engraved by Pieter Jalhea Furnius
  (Dufour); both sets were engraved after J. Stradanus (van
  Straet). Furnius' set was published by Hieronymus Cock in 1573.
  Plate n.1 of our set (C 968) is signed by Philip Galle; the
  others are unsigned.</note>

  <inscrip>Veturia Romana</inscrip>

  <size>18.6 x 8.5 cm. (Engraving n.2)</size>
</record>

<record>
  <num>C970</num>

  <subj>Statues Of Famous Women Of Roman Antiquity</subj>

  <engrv>Philip [and/or Theodore] Galle</engrv>

  <city>[Antwerp]</city>

  <pub>Philip [and/or Theodore] Galle</pub>

  <date>[probably before 1612]</date>

  <note>Possibly a complete set of six numbered engravings. It may
  be related to either the entry listed in Hol v.7, p.86, n.390-95
  (engraved by Theodore Galle) and/or to the one listed on p.44 of
  the same volume, n.14-19, engraved by Pieter Jalhea Furnius
  (Dufour); both sets were engraved after J. Stradanus (van
  Straet). Furnius' set was published by Hieronymus Cock in 1573.
  Plate n.1 of our set (C 968) is signed by Philip Galle; the
  others are unsigned.</note>

  <inscrip>Virginia Volumni uxor</inscrip>

  <size>18.5 x 8.5 cm. (Engraving n.3)</size>
</record>

<record>
  <num>C971</num>

  <subj>Statues Of Famous Women Of Roman Antiquity</subj>

  <engrv>Philip [and/or Theodore] Galle</engrv>

  <city>[Antwerp]</city>

  <pub>Philip [and/or Theodore] Galle</pub>

  <date>[probably before 1612]</date>

  <note>Possibly a complete set of six numbered engravings. It may
  be related to either the entry listed in Hol v.7, p.86, n.390-95
  (engraved by Theodore Galle) and/or to the one listed on p.44 of
  the same volume, n.14-19, engraved by Pieter Jalhea Furnius
  (Dufour); both sets were engraved after J. Stradanus (van
  Straet). Furnius' set was published by Hieronymus Cock in 1573.
  Plate n.1 of our set (C 968) is signed by Philip Galle; the
  others are unsigned.</note>

  <inscrip>Martia Varronia</inscrip>

  <size>19 x 9 cm. (Engraving n.4)</size>
</record>

<record>
  <num>C972</num>

  <subj>Statues Of Famous Women Of Roman Antiquity</subj>

  <engrv>Philip [and/or Theodore] Galle</engrv>

  <city>[Antwerp]</city>

  <pub>Philip [and/or Theodore] Galle</pub>

  <date>[probably before 1612]</date>

  <note>Possibly a complete set of six numbered engravings. It may
  be related to either the entry listed in Hol v.7, p.86, n.390-95
  (engraved by Theodore Galle) and/or to the one listed on p.44 of
  the same volume, n.14-19, engraved by Pieter Jalhea Furnius
  (Dufour); both sets were engraved after J. Stradanus (van
  Straet). Furnius' set was published by Hieronymus Cock in 1573.
  Plate n.1 of our set (C 968) is signed by Philip Galle; the
  others are unsigned.</note>

  <inscrip>Sofonisba</inscrip>

  <size>18.5 x 9 cm. (Engraving n.5)</size>
</record>

<record>
  <num>C973</num>

  <subj>Statues Of Famous Women Of Roman Antiquity</subj>

  <engrv>Philip [and/or Theodore] Galle</engrv>

  <city>[Antwerp]</city>

  <pub>Philip [and/or Theodore] Galle</pub>

  <date>[probably before 1612]</date>

  <note>Possibly a complete set of six numbered engravings. It may
  be related to either the entry listed in Hol v.7, p.86, n.390-95
  (engraved by Theodore Galle) and/or to the one listed on p.44 of
  the same volume, n.14-19, engraved by Pieter Jalhea Furnius
  (Dufour); both sets were engraved after J. Stradanus (van
  Straet). Furnius' set was published by Hieronymus Cock in 1573.
  Plate n.1 of our set (C 968) is signed by Philip Galle; the
  others are unsigned.</note>

  <inscrip>Antonia M. Antonii F</inscrip>

  <size>18.3 x 9 cm. (Engraving n.6)</size>
</record>

<record>
  <num>C974</num>

  <subj>Ancient Female Statue</subj>

  <inscrip>In aedib. Card. de Valle</inscrip>

  <engrv>Aenea Vico (monogram)</engrv>

  <city>Rome</city>

  <pub>Antonio Slalmanca (monogram)</pub>

  <date>[1541]</date>

  <size>27 x 11 cm</size>

  <ref>NaKL v.22, p.521, n.43</ref>

  <ref>Mon v.2, p.669, n.15</ref>

  <note>Part of either a set of three (NaKL v.22, p.521, n.42-44)
  or four engravings (Mon v.2, p.669, n.14-17) depicting ancient
  statuary of the de Valle palace in Rome.</note>
</record>

<record>
  <num>C975</num>

  <subj>Designs Of Sheathed Termes And Statues</subj>

  <engrv>Agostino Veneziano (monogram)</engrv>

  <city>[Rome]</city>

  <pub>Antonio Salamanca</pub>

  <date>1536</date>

  <size>20 x 12 cm</size>

  <ref>Ba v.14, p.229, n.304</ref>

  <ref>NaKL v.11, p.162, n.77-80d</ref>

  <note>Number 12 at lower right. According to Ba v.14, p.229,
  n.301-04; NaKL v.11, p.162, n.77-80; and Pas v.6, p.58, n.69-72,
  this set consists of four engravings. Hu v.3, p.11, n.26-37,
  however, mentions twelve.</note>
</record>

<record>
  <num>C976</num>

  <subj>Michelangelo's Christ In Santa Maria Sopra Minerva</subj>

  <engrv>Joan Biskop (Johannes Episcopius) (monogram) after Jacob
  Matham</engrv>

  <city>[Amsterdam]</city>

  <pub>[N. Visscher]</pub>

  <date>[1671]</date>

  <size>23 x 11 cm</size>

  <ref>BM v.20, col.1119 s.v. Bisschop</ref>

  <ref>Brunet, v.2, col.1020 s.v. Episcopius</ref>

  <ref>Biskop, 
  <uln>Paradigmata</uln>

  , pl.16</ref>

  <note>Plate number 16 of a set of 57 numbered engravings plus an
  unnumbered title page. The two editions of the Paradigmata listed
  in NaKL v.1, p.531; T-B v.10, p.581; and Hol v.2, p.44, which
  mention 102 and 113 plates for these two editions, seem to be
  inaccurately described; the entry in BM does not indicate number
  of plates. Plate number 16 of the Paradigmata can also be found
  added as an appendix (with 25 other plates of the Paradigmata) to
  the edition of the Icones which was bound with the Ars pictoria
  of Alexander Browne (London, 1675). For an engraving of this same
  subject executed by N. Beatrizet cf. L-A v.1, p.78 and
  Goldscheider, pl.VIIg plus the note on p.207.</note>
</record>

<record>
  <num>C977</num>

  <subj>Roman Statuary</subj>

  <inscrip>[Signorum veterum icones]</inscrip>

  <engrv>Joan Biskop (Johannes Episcopius) (monogram)</engrv>

  <city>s.l.</city>

  <pub>s.n.</pub>

  <date>[after 1665]</date>

  <ref>BN v.13, col.632</ref>

  <ref>Brunet, v.3, col.401</ref>

  <ref>Biskop, 
  <uln>Paradigmata</uln>
  </ref>

  <ref>Biskop, 
  <uln>Icones</uln>
  </ref>

  <note>Part of a set of 100 numbered plates plus an unnumbered
  title page. For the edition of the Icones included in the
  Paradigmata cf. the note to engraving C 976; the Icones bound
  with Perrier's Segmenta occurs only in the Rome, 1638 edition and
  not in the Rome-Paris, 1638 edition (cf. BM v.187, cols. 193-94
  s.v. Perrier). The copy bound with Browne's Ars pictoria is the
  only one which possesses a half-title page, which reads Signorum
  icones semi-centuria altera, as well as a table of contents and
  two dedicatory letters; in this latter edition, however, most of
  the plates of the Icones do not bear Biskop's monogram.</note>

  <inscrip>[Leda in villa Burghesia Pinciana adspectu
  triplici]</inscrip>

  <size>21.7 x 8 cm. (Engraving n.28)</size>

  <note>The inscription extends to the next two engravings in the
  set (C 978 and C 979).</note>
</record>

<record>
  <num>C978</num>

  <subj>Roman Statuary</subj>

  <inscrip>[Signorum veterum icones]</inscrip>

  <engrv>Joan Biskop (Johannes Episcopius) (monogram)</engrv>

  <city>s.l.</city>

  <pub>s.n.</pub>

  <date>[after 1665]</date>

  <ref>BN v.13, col.632</ref>

  <ref>Brunet, v.3, col.401</ref>

  <ref>Biskop, 
  <uln>Paradigmata</uln>
  </ref>

  <ref>Biskop, 
  <uln>Icones</uln>
  </ref>

  <note>Part of a set of 100 numbered plates plus an unnumbered
  title page. For the edition of the Icones included in the
  Paradigmata cf. the note to engraving C 976; the Icones bound
  with Perrier's Segmenta occurs only in the Rome, 1638 edition and
  not in the Rome-Paris, 1638 edition (cf. BM v.187, cols. 193-94
  s.v. Perrier). The copy bound with Browne's Ars pictoria is the
  only one which possesses a half-title page, which reads Signorum
  icones semi-centuria altera, as well as a table of contents and
  two dedicatory letters; in this latter edition, however, most of
  the plates of the Icones do not bear Biskop's monogram.</note>

  <size>2 x 8 cm. (Engraving n.29)</size>
</record>

<record>
  <num>C979</num>

  <subj>Roman Statuary</subj>

  <inscrip>[Signorum veterum icones]</inscrip>

  <engrv>Joan Biskop (Johannes Episcopius) (monogram)</engrv>

  <city>s.l.</city>

  <pub>s.n.</pub>

  <date>[after 1665]</date>

  <ref>BN v.13, col.632</ref>

  <ref>Brunet, v.3, col.401</ref>

  <ref>Biskop, 
  <uln>Paradigmata</uln>
  </ref>

  <ref>Biskop, 
  <uln>Icones</uln>
  </ref>

  <note>Part of a set of 100 numbered plates plus an unnumbered
  title page. For the edition of the Icones included in the
  Paradigmata cf. the note to engraving C 976; the Icones bound
  with Perrier's Segmenta occurs only in the Rome, 1638 edition and
  not in the Rome-Paris, 1638 edition (cf. BM v.187, cols. 193-94
  s.v. Perrier). The copy bound with Browne's Ars pictoria is the
  only one which possesses a half-title page, which reads Signorum
  icones semi-centuria altera, as well as a table of contents and
  two dedicatory letters; in this latter edition, however, most of
  the plates of the Icones do not bear Biskop's monogram.</note>

  <size>1.5 x 8.3 cm. (Engraving n.30)</size>
</record>

<record>
  <num>C980</num>

  <subj>Roman Statuary</subj>

  <inscrip>[Signorum veterum icones]</inscrip>

  <engrv>Joan Biskop (Johannes Episcopius) (monogram)</engrv>

  <city>s.l.</city>

  <pub>s.n.</pub>

  <date>[after 1665]</date>

  <ref>BN v.13, col.632</ref>

  <ref>Brunet, v.3, col.401.</ref>

  <ref>Biskop, 
  <uln>Paradigmata</uln>
  </ref>

  <ref>Biskop, 
  <uln>Icones</uln>
  </ref>

  <note>Part of a set of 100 numbered plates plus an unnumbered
  title page. For the edition of the Icones included in the
  Paradigmata cf. the note to engraving C 976; the Icones bound
  with Perrier's Segmenta occurs only in the Rome, 1638 edition and
  not in the Rome-Paris, 1638 edition (cf. BM v.187, cols. 193-94
  s.v. Perrier). The copy bound with Browne's Ars pictoria is the
  only one which possesses a half-title page, which reads Signorum
  icones semi-centuria altera, as well as a table of contents and
  two dedicatory letters; in this latter edition, however, most of
  the plates of the Icones do not bear Biskop's monogram.</note>

  <inscrip>[Flora in hortis Matthaeorum gemino adspectu]</inscrip>

  <size>20.5 x 10.2 cm. (Engraving n.39)</size>

  <note>The companion plate referred to in the text of the
  inscription, number 38 of the set, is not included in this
  collection.</note>
</record>

<record>
  <num>C981</num>

  <subj>Roman Statuary</subj>

  <inscrip>[Signorum veterum icones]</inscrip>

  <engrv>Joan Biskop (Johannes Episcopius) (monogram)</engrv>

  <city>s.l.</city>

  <pub>s.n.</pub>

  <date>[after 1665]</date>

  <ref>BN v.13, col.632</ref>

  <ref>Brunet, v.3, col.401</ref>

  <ref>Biskop, 
  <uln>Paradigmata</uln>
  </ref>

  <ref>Biskop, 
  <uln>Icones</uln>
  </ref>

  <note>Part of a set of 100 numbered plates plus an unnumbered
  title page. For the edition of the Icones included in the
  Paradigmata cf. the note to engraving C 976; the Icones bound
  with Perrier's Segmenta occurs only in the Rome, 1638 edition and
  not in the Rome-Paris, 1638 edition (cf. BM v.187, cols. 193-94
  s.v. Perrier). The copy bound with Browne's Ars pictoria is the
  only one which possesses a half-title page, which reads Signorum
  icones semi-centuria altera, as well as a table of contents and
  two dedicatory letters; in this latter edition, however, most of
  the plates of the Icones do not bear Biskop's monogram.</note>

  <inscrip>[Sabina, vel ut alii volunt, Veturia Marii Coriolani
  mater in hortis Mediceis]</inscrip>

  <size>24 x 9.5 cm. (Engraving n.43)</size>
</record>

<record>
  <num>C982</num>

  <subj>Roman Statuary</subj>

  <inscrip>[Signorum veterum icones]</inscrip>

  <engrv>Anon. after [Joan Biskop]</engrv>

  <city>s.l.</city>

  <pub>s.n.</pub>

  <date>[after 1665]</date>

  <note>See also the references to engravings C 977 to C 981</note>

  <note>Part of a set of numbered engravings which seems to
  represent a much abbreviated German version of or after Biskop's
  Icones. The engravings in the German edition are reversed. The
  Latin inscription for engraving C 985 was taken from the Icones
  edition bound with Browne's Ars pictoria. See also the notes to
  engravings C 976 and C 977 to C 981.</note>

  <inscrip>[Musa Urania fuf dem Capitolio]</inscrip>

  <size>23 x 9 cm. (Engraving n.13)</size>

  <ref>Biskop, 
  <uln>Icones</uln>

  , pl.31</ref>
</record>

<record>
  <num>C983</num>

  <subj>Roman Statuary</subj>

  <inscrip>[Signorum veterum icones]</inscrip>

  <engrv>Anon. after [Joan Biskop]</engrv>

  <city>s.l.</city>

  <pub>s.n.</pub>

  <date>[after 1665]</date>

  <note>See also the references to engravings C 977 to C 981</note>

  <note>Part of a set of numbered engravings which seems to
  represent a much abbreviated German version of or after Biskop's
  Icones. The engravings in the German edition are reversed. The
  Latin inscription for engraving C 985 was taken from the Icones
  edition bound with Browne's Ars pictoria. See also the notes to
  engravings C 976 and C 977 to C 981.</note>

  <inscrip>[Die Tocheter Niobes in der Flucht]</inscrip>

  <size>22.7 x 8.8 cm. (Engraving n.14)</size>

  <ref>Biskop, 
  <uln>Icones</uln>

  , pl.33</ref>
</record>

<record>
  <num>C984</num>

  <subj>Roman Statuary</subj>

  <inscrip>[Signorum veterum icones]</inscrip>

  <engrv>Anon. after [Joan Biskop]</engrv>

  <city>s.l.</city>

  <pub>s.n.</pub>

  <date>[after 1665]</date>

  <note>See also the references to engravings C 977 to C 981</note>

  <note>Part of a set of numbered engravings which seems to
  represent a much abbreviated German version of or after Biskop's
  Icones. The engravings in the German edition are reversed. The
  Latin inscription for engraving C 985 was taken from the Icones
  edition bound with Browne's Ars pictoria. See also the notes to
  engravings C 976 and C 977 to C 981.</note>

  <inscrip>[Vestalische Jungfrau in dem garten des Abbten
  Peretti]</inscrip>

  <size>21.3 x 10.7 cm. (Engraving n.15)</size>

  <ref>Biskop, 
  <uln>Icones</uln>

  , pl.34</ref>
</record>

<record>
  <num>C985</num>

  <subj>Roman Statuary</subj>

  <inscrip>[Signorum veterum icones]</inscrip>

  <engrv>Anon. after [Joan Biskop]</engrv>

  <city>s.l.</city>

  <pub>s.n.</pub>

  <date>[after 1665]</date>

  <note>See also the references to engravings C 977 to C 981</note>

  <note>Part of a set of numbered engravings which seems to
  represent a much abbreviated German version of or after Biskop's
  Icones. The engravings in the German edition are reversed. The
  Latin inscription for engraving C 985 was taken from the Icones
  edition bound with Browne's Ars pictoria. See also the notes to
  engravings C 976 and C 977 to C 981.</note>

  <inscrip>[Hippolytae Amazonis statua brachiis trunca olim in
  aedibus Caesiania]</inscrip>

  <size>22 x 8.8 cm. (Engraving n.18)</size>

  <ref>Biskop, 
  <uln>Icones</uln>

  , pl.37</ref>
</record>

<record>
  <num>C986</num>

  <subj>Roman Statuary</subj>

  <inscrip>[Signorum veterum icones]</inscrip>

  <engrv>Anon. after [Joan Biskop]</engrv>

  <city>s.l.</city>

  <pub>s.n.</pub>

  <date>[after 1665]</date>

  <note>See also the references to engravings C 977 to C 981</note>

  <note>Part of a set of numbered engravings which seems to
  represent a much abbreviated German version of or after Biskop's
  Icones. The engravings in the German edition are reversed. The
  Latin inscription for engraving C 985 was taken from the Icones
  edition bound with Browne's Ars pictoria. See also the notes to
  engravings C 976 and C 977 to C 981.</note>

  <inscrip>[Eine Flora in dem Garten der Herrn Matthei]</inscrip>

  <size>22.5 x 12.6 cm. (Engraving n.19)</size>

  <ref>Biskop, 
  <uln>Icones</uln>

  , pl.38</ref>
</record>

<record>
  <num>C987</num>

  <subj>Roman Statuary</subj>

  <inscrip>[Signorum veterum icones]</inscrip>

  <engrv>Anon. after [Joan Biskop]</engrv>

  <city>s.l.</city>

  <pub>s.n.</pub>

  <date>[after 1665]</date>

  <note>See also the references to engravings C 977 to C 981</note>

  <note>Part of a set of numbered engravings which seems to
  represent a much abbreviated German version of or after Biskop's
  Icones. The engravings in the German edition are reversed. The
  Latin inscription for engraving C 985 was taken from the Icones
  edition bound with Browne's Ars pictoria. See also the notes to
  engravings C 976 and C 977 to C 981.</note>

  <inscrip>Florae im Pallast der Herrn Farnesi</inscrip>

  <size>23.3 x 8.6 cm. (Engraving n.20)</size>

  <ref>Biskop, 
  <uln>Icones</uln>

  , pl.40</ref>
</record>

<record>
  <num>C988</num>

  <subj>Roman Statuary</subj>

  <inscrip>[Signorum veterum icones]</inscrip>

  <engrv>Anon. after [Joan Biskop]</engrv>

  <city>s.l.</city>

  <pub>s.n.</pub>

  <date>[after 1665]</date>

  <note>See also the references to engravings C 977 to C 981</note>

  <note>Part of a set of numbered engravings which seems to
  represent a much abbreviated German version of or after Biskop's
  Icones. The engravings in the German edition are reversed. The
  Latin inscription for engraving C 985 was taken from the Icones
  edition bound with Browne's Ars pictoria. See also the notes to
  engravings C 976 and C 977 to C 981.</note>

  <inscrip>Sibylla oder Sabina der Herrn Medices</inscrip>

  <size>23 x 8.7 cm. (Engraving n.23)</size>

  <ref>Biskop, 
  <uln>Icones</uln>

  , pl.44</ref>
</record>

<record>
  <num>C989</num>

  <subj>Shepherd Holding A Flute</subj>

  <engrv>[School of Marcantonio Raimondi?]</engrv>

  <city>s.l.</city>

  <pub>s.n.</pub>

  <date>s.a.</date>

  <size>25.5 x 13 cm</size>
</record>

<record>
  <num>C990</num>

  <subj>Statue Of A Priest And Priestess Of Isis (?)</subj>

  <engrv>[School of Marcantonio Raimondi]</engrv>

  <city>s.l.</city>

  <pub>s.n.</pub>

  <date>s.a.</date>

  <size>25 x 16.5 cm</size>

  <ref>Pas v.6, p.92, n.150</ref>
</record>

<record>
  <num>C991</num>

  <subj>Tomb Of M. Aur. F. Secundinus</subj>

  <inscrip>In palatio Cardinalis Medichini Tybure Romam
  adportatum</inscrip>

  <engrv>[Theodore de Bry]</engrv>

  <city>[Frankfort]</city>

  <pub>[Theodore de Bry]</pub>

  <date>[1598]</date>

  <size>22.5 x 16.5 cm</size>

  <ref>Gruter, 
  <uln>Corpus</uln>

  , p.531, n.10</ref>

  <note>This is plate number 97 in a set of 96 plates numbered from
  53 to 149 (number 125 is always missing). They are from part 4 of
  Boissard's Topographia (cf. Brunet, v.1, col.1069; L-A v.2,
  p.244, n.8). This fourth part still bears the 1598 publication
  date although it is from the second edition published at
  Frankfort in 1627. No later editions of part 4 are
  recorded.</note>
</record>

<record>
  <num>D992</num>

  <subj>Map Of Rome</subj>

  <inscrip>Novissima et acuratissima delineatio Romae veteris et
  novae, in viatorem usum et commoditatem</inscrip>

  <engrv>Anon. after [Giovanni Baptista Falda]</engrv>

  <city>Leyden</city>

  <pub>Petrus van der Aa</pub>

  <date>[1700-21]</date>

  <size>55.5 x 60 cm</size>

  <ref>Frutaz, v.1, pp.221-22, 224 and v.3, pianta 158, tav.357-63
  and pianta 161, tav.377.</ref>

  <ref>Graevius, 
  <uln>Thes.</uln>

  , v.4, pl. following 
  <uln>Praefatio</uln>
  </ref>
</record>

<record>
  <num>D993</num>

  <subj>Roman Triumphal Procession</subj>

  <inscrip>Quemadmodum magna tes illi Romani Imperatores de aliqua
  provincia regione populisve excissis et debellatis ac de regibus
  victis et captis Romae teiumpharunt</inscrip>

  <engrv>Antonius de Tempestis</engrv>

  <city>Rome</city>

  <pub>Gaspar de Albertis</pub>

  <date>1603</date>

  <size>55.7 x 78.5 cm</size>

  <ref>NaKL v.20, p.333, n.618</ref>

  <note>This engraving consists of two sheets which were glued
  together. Its subject matter is identical with that represented
  in engravings B 336 to B 346 of our collection, and in an
  engraving which faces cols.1347-48 in Graevius, Thes.,
  v.9.</note>
</record>

<record>
  <num>D994</num>

  <subj>Capitolium</subj>

  <inscrip>Vera antiqui Capitolio descriptio</inscrip>

  <city>[Rome]</city>

  <pub>apud eredes Claudii Duchetti</pub>

  <date>1591</date>

  <size>50 x 96.5 cm</size>

  <ref>Qu 17 (with a 1592 publication date)</ref>

  <note>This engraving consists of three numbered sheets which were
  glued together. The name of Antonio Salamanca, who apparently had
  published them at an earlier date separately (he is listed in Qu
  as engraver), and the inscription Vera antiqui Capitolio
  descriptio have been scraped away from plates 1 and 3.</note>
</record>
</records>
